<?xml version="1.0" encoding="UTF-8"?>
<robot generator="Robot 3.1.2 (Python 3.7.5 on linux)" generated="20191216 20:14:44.914" rpa="false">
<suite id="s1" name="Tests" source="/home/orest.shkhumov/Criteria_test/tests.robot">
<test id="s1-t1" name="TestsCriteia">
<kw name="Creare Criteria" library="keywords">
<kw name="Data For Criteria" library="data.init_data">
<assign>
<var>${data}</var>
</assign>
<msg timestamp="20191216 20:14:45.143" level="INFO">${data} = Munch({'name': 'Name', 'nameEng': 'Name eng', 'classification': Munch({'id': '92350000-9', 'scheme': 'ДК021', 'description': 'Послуги гральних закладів і тоталізаторів'}), 'additionalClassification': ...</msg>
<status status="PASS" starttime="20191216 20:14:45.143" endtime="20191216 20:14:45.143"></status>
</kw>
<kw name="Create Criteria" library="client.criteria_client.ClientCriteria">
<arguments>
<arg>${RESOURCE}</arg>
<arg>${data}</arg>
</arguments>
<assign>
<var>${response}</var>
</assign>
<msg timestamp="20191216 20:14:45.193" level="INFO">${response} = &lt;Response [201]&gt;</msg>
<status status="PASS" starttime="20191216 20:14:45.143" endtime="20191216 20:14:45.194"></status>
</kw>
<status status="PASS" starttime="20191216 20:14:45.142" endtime="20191216 20:14:45.194"></status>
</kw>
<status status="PASS" starttime="20191216 20:14:45.142" endtime="20191216 20:14:45.195" critical="yes"></status>
</test>
<status status="PASS" starttime="20191216 20:14:44.915" endtime="20191216 20:14:45.195"></status>
</suite>
<statistics>
<total>
<stat pass="1" fail="0">Critical Tests</stat>
<stat pass="1" fail="0">All Tests</stat>
</total>
<tag>
</tag>
<suite>
<stat pass="1" fail="0" id="s1" name="Tests">Tests</stat>
</suite>
</statistics>
<errors>
</errors>
</robot>
