<?xml version="1.0" encoding="UTF-8"?>
<robot generator="Robot 3.1.2 (Python 3.7.5 on linux)" generated="20191223 20:19:09.047" rpa="false">
<suite id="s1" name="Tests" source="/home/orest.shkhumov/Criteria_test/tests.robot">
<kw name="Підготувати клієнт для користувача" library="keywords_api" type="setup">
<kw name="Load Data From" library="service_keywords">
<doc>We assume that 'external_params' is a a valid json if passed</doc>
<arguments>
<arg>users.yaml</arg>
</arguments>
<assign>
<var>${USERS}</var>
</assign>
<msg timestamp="20191223 20:19:09.570" level="INFO">${USERS} = Munch({'users': Munch({'admin': Munch({'api_key': 'adminpassword', 'user_name': 'admin'}), 'user': Munch({'api_key': 'userpassword', 'user_name': 'user'})})})</msg>
<status status="PASS" starttime="20191223 20:19:09.567" endtime="20191223 20:19:09.570"></status>
</kw>
<kw name="${username} IN [ @{USED_ROLES} ]" type="for">
<kw name="${username} = admin" type="foritem">
<kw name="Prepare Api Wrapper" library="client.client_helper">
<arguments>
<arg>${USERS.users.${username}.user_name}</arg>
<arg>${USERS.users.${username}.api_key}</arg>
<arg>${API_HOST_URL}</arg>
<arg>${API_VERSION}</arg>
</arguments>
<assign>
<var>${api_wraper}</var>
</assign>
<msg timestamp="20191223 20:19:09.571" level="INFO">${api_wraper} = &lt;client.client_helper.StableClient object at 0x7f305dabcc50&gt;</msg>
<status status="PASS" starttime="20191223 20:19:09.570" endtime="20191223 20:19:09.571"></status>
</kw>
<kw name="Set To Dictionary" library="Collections">
<doc>Adds the given ``key_value_pairs`` and ``items`` to the ``dictionary``.</doc>
<arguments>
<arg>${USERS.users.${username}}</arg>
<arg>client=${api_wraper}</arg>
</arguments>
<status status="PASS" starttime="20191223 20:19:09.571" endtime="20191223 20:19:09.572"></status>
</kw>
<status status="PASS" starttime="20191223 20:19:09.570" endtime="20191223 20:19:09.572"></status>
</kw>
<kw name="${username} = user" type="foritem">
<kw name="Prepare Api Wrapper" library="client.client_helper">
<arguments>
<arg>${USERS.users.${username}.user_name}</arg>
<arg>${USERS.users.${username}.api_key}</arg>
<arg>${API_HOST_URL}</arg>
<arg>${API_VERSION}</arg>
</arguments>
<assign>
<var>${api_wraper}</var>
</assign>
<msg timestamp="20191223 20:19:09.573" level="INFO">${api_wraper} = &lt;client.client_helper.StableClient object at 0x7f305dabcfd0&gt;</msg>
<status status="PASS" starttime="20191223 20:19:09.572" endtime="20191223 20:19:09.573"></status>
</kw>
<kw name="Set To Dictionary" library="Collections">
<doc>Adds the given ``key_value_pairs`` and ``items`` to the ``dictionary``.</doc>
<arguments>
<arg>${USERS.users.${username}}</arg>
<arg>client=${api_wraper}</arg>
</arguments>
<status status="PASS" starttime="20191223 20:19:09.573" endtime="20191223 20:19:09.574"></status>
</kw>
<status status="PASS" starttime="20191223 20:19:09.572" endtime="20191223 20:19:09.574"></status>
</kw>
<status status="PASS" starttime="20191223 20:19:09.570" endtime="20191223 20:19:09.574"></status>
</kw>
<kw name="Set Suite Variable" library="BuiltIn">
<doc>Makes a variable available everywhere within the scope of the current suite.</doc>
<arguments>
<arg>${USERS}</arg>
</arguments>
<msg timestamp="20191223 20:19:09.575" level="INFO">${USERS} = Munch({'users': Munch({'admin': Munch({'api_key': 'adminpassword', 'user_name': 'admin', 'client': &lt;client.client_helper.StableClient object at 0x7f305dabcc50&gt;}), 'user': Munch({'api_key': 'userpasswo...</msg>
<status status="PASS" starttime="20191223 20:19:09.574" endtime="20191223 20:19:09.575"></status>
</kw>
<status status="PASS" starttime="20191223 20:19:09.567" endtime="20191223 20:19:09.575"></status>
</kw>
<test id="s1-t1" name="Тест створити критерію">
<kw name="Можливість cтворити критерію" library="base_keywords">
<arguments>
<arg>admin</arg>
</arguments>
<kw name="Піготувати дані для критерії" library="keywords_data">
<assign>
<var>${CRITERIA_DATA}</var>
</assign>
<kw name="Data For Criteria" library="data.init_data">
<assign>
<var>${CRITERIA_DATA}</var>
</assign>
<msg timestamp="20191223 20:19:09.577" level="INFO">${CRITERIA_DATA} = Munch({'name': 'Tester2', 'nameEng': 'Name eng', 'classification': Munch({'id': '92350000-9', 'scheme': 'ДК021', 'description': 'Послуги гральних закладів і тоталізаторів'}), 'additionalClassification...</msg>
<status status="PASS" starttime="20191223 20:19:09.577" endtime="20191223 20:19:09.577"></status>
</kw>
<kw name="Log" library="BuiltIn">
<doc>Logs the given message with the given level.</doc>
<arguments>
<arg>${CRITERIA_DATA}</arg>
</arguments>
<msg timestamp="20191223 20:19:09.578" level="INFO">Munch({'name': 'Tester2', 'nameEng': 'Name eng', 'classification': Munch({'id': '92350000-9', 'scheme': 'ДК021', 'description': 'Послуги гральних закладів і тоталізаторів'}), 'additionalClassification': Munch({'id': '03114100-4', 'scheme': 'ДК021', 'description': 'Солома'}), 'minValue': '11.0', 'maxValue': '22.0', 'dataType': 'number', 'unit': Munch({'name': 'millilitre of water', 'code': 'WW'})})</msg>
<status status="PASS" starttime="20191223 20:19:09.577" endtime="20191223 20:19:09.578"></status>
</kw>
<msg timestamp="20191223 20:19:09.578" level="INFO">${CRITERIA_DATA} = Munch({'name': 'Tester2', 'nameEng': 'Name eng', 'classification': Munch({'id': '92350000-9', 'scheme': 'ДК021', 'description': 'Послуги гральних закладів і тоталізаторів'}), 'additionalClassification...</msg>
<status status="PASS" starttime="20191223 20:19:09.576" endtime="20191223 20:19:09.578"></status>
</kw>
<kw name="Set Suite Variable" library="BuiltIn">
<doc>Makes a variable available everywhere within the scope of the current suite.</doc>
<arguments>
<arg>${CRITERIA_DATA}</arg>
</arguments>
<msg timestamp="20191223 20:19:09.579" level="INFO">${CRITERIA_DATA} = Munch({'name': 'Tester2', 'nameEng': 'Name eng', 'classification': Munch({'id': '92350000-9', 'scheme': 'ДК021', 'description': 'Послуги гральних закладів і тоталізаторів'}), 'additionalClassification...</msg>
<status status="PASS" starttime="20191223 20:19:09.578" endtime="20191223 20:19:09.579"></status>
</kw>
<kw name="Створити критерію" library="keywords_api">
<arguments>
<arg>${CRITERIA_DATA}</arg>
<arg>${user_name}</arg>
</arguments>
<assign>
<var>${RESPONSE}</var>
</assign>
<kw name="Call Method" library="BuiltIn">
<doc>Calls the named method of the given object with the provided arguments.</doc>
<arguments>
<arg>${USERS.users.${username}.client}</arg>
<arg>create_criteria</arg>
<arg>${RESOURCE}</arg>
<arg>${DATA}</arg>
</arguments>
<assign>
<var>${RESPONSE}</var>
</assign>
<msg timestamp="20191223 20:19:09.634" level="INFO">${RESPONSE} = Munch({'id': '5606da1f87384714a77e14415f91203f', 'name': 'Tester2', 'nameEng': 'Name eng', 'minValue': 11.0, 'maxValue': 22.0, 'dataType': 'number', 'status': 'active', 'classification': Munch({'descr...</msg>
<status status="PASS" starttime="20191223 20:19:09.580" endtime="20191223 20:19:09.634"></status>
</kw>
<kw name="Log" library="BuiltIn">
<doc>Logs the given message with the given level.</doc>
<arguments>
<arg>${RESPONSE}</arg>
</arguments>
<msg timestamp="20191223 20:19:09.635" level="INFO">Munch({'id': '5606da1f87384714a77e14415f91203f', 'name': 'Tester2', 'nameEng': 'Name eng', 'minValue': 11.0, 'maxValue': 22.0, 'dataType': 'number', 'status': 'active', 'classification': Munch({'description': 'Послуги гральних закладів і тоталізаторів', 'scheme': 'ДК021', 'id': '92350000-9'}), 'additionalClassification': Munch({'description': 'Солома', 'id': '03114100-4', 'scheme': 'ДК021'}), 'unit': Munch({'name': 'millilitre of water', 'code': 'WW'}), 'dateModified': '2019-12-23T18:19:09.618027Z'})</msg>
<status status="PASS" starttime="20191223 20:19:09.634" endtime="20191223 20:19:09.635"></status>
</kw>
<kw name="Log Variables" library="BuiltIn">
<doc>Logs all variables in the current scope with given log level.</doc>
<msg timestamp="20191223 20:19:09.638" level="INFO">${/} = /</msg>
<msg timestamp="20191223 20:19:09.638" level="INFO">${:} = :</msg>
<msg timestamp="20191223 20:19:09.638" level="INFO">${\n} = 
</msg>
<msg timestamp="20191223 20:19:09.638" level="INFO">${API_HOST_URL} = http://localhost:8000</msg>
<msg timestamp="20191223 20:19:09.638" level="INFO">${API_VERSION} = 0</msg>
<msg timestamp="20191223 20:19:09.639" level="INFO">&amp;{CRITERIA_DATA} = { name=Tester2 | nameEng=Name eng | classification=Munch({'id': '92350000-9', 'scheme': 'ДК021', 'description': 'Послуги гральних закладів і тоталізаторів'}) | additionalClassification=Munch({'id': '03114100-4', 'scheme': 'ДК021', 'description': 'Солома'}) | minValue=11.0 | maxValue=22.0 | dataType=number | unit=Munch({'name': 'millilitre of water', 'code': 'WW'}) }</msg>
<msg timestamp="20191223 20:19:09.639" level="INFO">&amp;{DATA} = { name=Tester2 | nameEng=Name eng | classification=Munch({'id': '92350000-9', 'scheme': 'ДК021', 'description': 'Послуги гральних закладів і тоталізаторів'}) | additionalClassification=Munch({'id': '03114100-4', 'scheme': 'ДК021', 'description': 'Солома'}) | minValue=11.0 | maxValue=22.0 | dataType=number | unit=Munch({'name': 'millilitre of water', 'code': 'WW'}) }</msg>
<msg timestamp="20191223 20:19:09.639" level="INFO">${DEBUG_FILE} = NONE</msg>
<msg timestamp="20191223 20:19:09.639" level="INFO">${EXECDIR} = /home/orest.shkhumov/Criteria_test</msg>
<msg timestamp="20191223 20:19:09.639" level="INFO">${False} = False</msg>
<msg timestamp="20191223 20:19:09.639" level="INFO">${LOG_FILE} = /home/orest.shkhumov/Criteria_test/log.html</msg>
<msg timestamp="20191223 20:19:09.639" level="INFO">${LOG_LEVEL} = INFO</msg>
<msg timestamp="20191223 20:19:09.639" level="INFO">${None} = None</msg>
<msg timestamp="20191223 20:19:09.640" level="INFO">${null} = None</msg>
<msg timestamp="20191223 20:19:09.640" level="INFO">${OUTPUT_DIR} = /home/orest.shkhumov/Criteria_test</msg>
<msg timestamp="20191223 20:19:09.640" level="INFO">${OUTPUT_FILE} = /home/orest.shkhumov/Criteria_test/output.xml</msg>
<msg timestamp="20191223 20:19:09.640" level="INFO">${PASSWORD} = adminpassword</msg>
<msg timestamp="20191223 20:19:09.640" level="INFO">${PREV_TEST_MESSAGE} = </msg>
<msg timestamp="20191223 20:19:09.640" level="INFO">${PREV_TEST_NAME} = </msg>
<msg timestamp="20191223 20:19:09.640" level="INFO">${PREV_TEST_STATUS} = </msg>
<msg timestamp="20191223 20:19:09.640" level="INFO">${REPORT_FILE} = /home/orest.shkhumov/Criteria_test/report.html</msg>
<msg timestamp="20191223 20:19:09.640" level="INFO">${RESOURCE} = criteria</msg>
<msg timestamp="20191223 20:19:09.641" level="INFO">&amp;{RESPONSE} = { id=5606da1f87384714a77e14415f91203f | name=Tester2 | nameEng=Name eng | minValue=11.0 | maxValue=22.0 | dataType=number | status=active | classification=Munch({'description': 'Послуги гральних закладів і тоталізаторів', 'scheme': 'ДК021', 'id': '92350000-9'}) | additionalClassification=Munch({'description': 'Солома', 'id': '03114100-4', 'scheme': 'ДК021'}) | unit=Munch({'name': 'millilitre of water', 'code': 'WW'}) | dateModified=2019-12-23T18:19:09.618027Z }</msg>
<msg timestamp="20191223 20:19:09.641" level="INFO">${SPACE} =  </msg>
<msg timestamp="20191223 20:19:09.641" level="INFO">${SUITE_DOCUMENTATION} = </msg>
<msg timestamp="20191223 20:19:09.641" level="INFO">&amp;{SUITE_METADATA} = { }</msg>
<msg timestamp="20191223 20:19:09.641" level="INFO">${SUITE_NAME} = Tests</msg>
<msg timestamp="20191223 20:19:09.641" level="INFO">${SUITE_SOURCE} = /home/orest.shkhumov/Criteria_test/tests.robot</msg>
<msg timestamp="20191223 20:19:09.641" level="INFO">${TEMPDIR} = /tmp</msg>
<msg timestamp="20191223 20:19:09.641" level="INFO">${TEST_DOCUMENTATION} = </msg>
<msg timestamp="20191223 20:19:09.641" level="INFO">${TEST_NAME} = Тест створити критерію</msg>
<msg timestamp="20191223 20:19:09.641" level="INFO">@{TEST_TAGS} = [ ]</msg>
<msg timestamp="20191223 20:19:09.641" level="INFO">${True} = True</msg>
<msg timestamp="20191223 20:19:09.641" level="INFO">@{USED_ROLES} = [ admin | user ]</msg>
<msg timestamp="20191223 20:19:09.641" level="INFO">${USERNAME} = admin</msg>
<msg timestamp="20191223 20:19:09.642" level="INFO">&amp;{USERS} = { users=Munch({'admin': Munch({'api_key': 'adminpassword', 'user_name': 'admin', 'client': &lt;client.client_helper.StableClient object at 0x7f305dabcc50&gt;}), 'user': Munch({'api_key': 'userpassword', 'user_name': 'user', 'client': &lt;client.client_helper.StableClient object at 0x7f305dabcfd0&gt;})}) }</msg>
<msg timestamp="20191223 20:19:09.642" level="INFO">${USERS_FILE} = data</msg>
<status status="PASS" starttime="20191223 20:19:09.636" endtime="20191223 20:19:09.642"></status>
</kw>
<msg timestamp="20191223 20:19:09.642" level="INFO">${RESPONSE} = 5606da1f87384714a77e14415f91203f</msg>
<status status="PASS" starttime="20191223 20:19:09.579" endtime="20191223 20:19:09.642"></status>
</kw>
<kw name="Set Suite Variable" library="BuiltIn">
<doc>Makes a variable available everywhere within the scope of the current suite.</doc>
<arguments>
<arg>${ID_CRITERIA}</arg>
<arg>${RESPONSE}</arg>
</arguments>
<msg timestamp="20191223 20:19:09.644" level="INFO">${ID_CRITERIA} = 5606da1f87384714a77e14415f91203f</msg>
<status status="PASS" starttime="20191223 20:19:09.643" endtime="20191223 20:19:09.644"></status>
</kw>
<kw name="Set Suite Variable" library="BuiltIn">
<doc>Makes a variable available everywhere within the scope of the current suite.</doc>
<arguments>
<arg>${RESPONSE}</arg>
</arguments>
<msg timestamp="20191223 20:19:09.644" level="INFO">${RESPONSE} = 5606da1f87384714a77e14415f91203f</msg>
<status status="PASS" starttime="20191223 20:19:09.644" endtime="20191223 20:19:09.645"></status>
</kw>
<status status="PASS" starttime="20191223 20:19:09.576" endtime="20191223 20:19:09.645"></status>
</kw>
<kw name="Перевірити створену критерію" library="base_keywords">
<arguments>
<arg>admin</arg>
</arguments>
<kw name="Можливість переглядати критерію" library="base_keywords">
<arguments>
<arg>${user_name}</arg>
</arguments>
<assign>
<var>${get_criteria}</var>
</assign>
<kw name="Переглядати критерію" library="keywords_api">
<arguments>
<arg>${ID_CRITERIA}</arg>
<arg>${user_name}</arg>
</arguments>
<assign>
<var>${GET_RESPONSE_ID}</var>
</assign>
<kw name="Call Method" library="BuiltIn">
<doc>Calls the named method of the given object with the provided arguments.</doc>
<arguments>
<arg>${USERS.users.${username}.client}</arg>
<arg>get_criteria</arg>
<arg>${RESOURCE}</arg>
<arg>${ID}</arg>
</arguments>
<assign>
<var>${RESPONSE}</var>
</assign>
<msg timestamp="20191223 20:19:09.690" level="INFO">${RESPONSE} = Munch({'id': '5606da1f87384714a77e14415f91203f', 'name': 'Tester2', 'nameEng': 'Name eng', 'minValue': '11.0', 'maxValue': '22.0', 'dataType': 'number', 'dateModified': '2019-12-23T18:19:09.618027Z', ...</msg>
<status status="PASS" starttime="20191223 20:19:09.646" endtime="20191223 20:19:09.690"></status>
</kw>
<kw name="Log" library="BuiltIn">
<doc>Logs the given message with the given level.</doc>
<arguments>
<arg>${RESPONSE}</arg>
</arguments>
<msg timestamp="20191223 20:19:09.691" level="INFO">Munch({'id': '5606da1f87384714a77e14415f91203f', 'name': 'Tester2', 'nameEng': 'Name eng', 'minValue': '11.0', 'maxValue': '22.0', 'dataType': 'number', 'dateModified': '2019-12-23T18:19:09.618027Z', 'status': 'active', 'classification': Munch({'description': 'Послуги гральних закладів і тоталізаторів', 'scheme': 'ДК021', 'id': '92350000-9'}), 'additionalClassification': Munch({'description': 'Солома', 'id': '03114100-4', 'scheme': 'ДК021'}), 'unit': Munch({'name': 'millilitre of water', 'code': 'WW'})})</msg>
<status status="PASS" starttime="20191223 20:19:09.691" endtime="20191223 20:19:09.692"></status>
</kw>
<kw name="Log Variables" library="BuiltIn">
<doc>Logs all variables in the current scope with given log level.</doc>
<msg timestamp="20191223 20:19:09.693" level="INFO">${/} = /</msg>
<msg timestamp="20191223 20:19:09.693" level="INFO">${:} = :</msg>
<msg timestamp="20191223 20:19:09.693" level="INFO">${\n} = 
</msg>
<msg timestamp="20191223 20:19:09.693" level="INFO">${API_HOST_URL} = http://localhost:8000</msg>
<msg timestamp="20191223 20:19:09.693" level="INFO">${API_VERSION} = 0</msg>
<msg timestamp="20191223 20:19:09.693" level="INFO">&amp;{CRITERIA_DATA} = { name=Tester2 | nameEng=Name eng | classification=Munch({'id': '92350000-9', 'scheme': 'ДК021', 'description': 'Послуги гральних закладів і тоталізаторів'}) | additionalClassification=Munch({'id': '03114100-4', 'scheme': 'ДК021', 'description': 'Солома'}) | minValue=11.0 | maxValue=22.0 | dataType=number | unit=Munch({'name': 'millilitre of water', 'code': 'WW'}) }</msg>
<msg timestamp="20191223 20:19:09.694" level="INFO">${DEBUG_FILE} = NONE</msg>
<msg timestamp="20191223 20:19:09.694" level="INFO">${EXECDIR} = /home/orest.shkhumov/Criteria_test</msg>
<msg timestamp="20191223 20:19:09.694" level="INFO">${False} = False</msg>
<msg timestamp="20191223 20:19:09.694" level="INFO">${ID} = 5606da1f87384714a77e14415f91203f</msg>
<msg timestamp="20191223 20:19:09.694" level="INFO">${ID_CRITERIA} = 5606da1f87384714a77e14415f91203f</msg>
<msg timestamp="20191223 20:19:09.694" level="INFO">${LOG_FILE} = /home/orest.shkhumov/Criteria_test/log.html</msg>
<msg timestamp="20191223 20:19:09.694" level="INFO">${LOG_LEVEL} = INFO</msg>
<msg timestamp="20191223 20:19:09.694" level="INFO">${None} = None</msg>
<msg timestamp="20191223 20:19:09.695" level="INFO">${null} = None</msg>
<msg timestamp="20191223 20:19:09.695" level="INFO">${OUTPUT_DIR} = /home/orest.shkhumov/Criteria_test</msg>
<msg timestamp="20191223 20:19:09.695" level="INFO">${OUTPUT_FILE} = /home/orest.shkhumov/Criteria_test/output.xml</msg>
<msg timestamp="20191223 20:19:09.695" level="INFO">${PASSWORD} = adminpassword</msg>
<msg timestamp="20191223 20:19:09.695" level="INFO">${PREV_TEST_MESSAGE} = </msg>
<msg timestamp="20191223 20:19:09.695" level="INFO">${PREV_TEST_NAME} = </msg>
<msg timestamp="20191223 20:19:09.695" level="INFO">${PREV_TEST_STATUS} = </msg>
<msg timestamp="20191223 20:19:09.695" level="INFO">${REPORT_FILE} = /home/orest.shkhumov/Criteria_test/report.html</msg>
<msg timestamp="20191223 20:19:09.695" level="INFO">${RESOURCE} = criteria</msg>
<msg timestamp="20191223 20:19:09.695" level="INFO">&amp;{RESPONSE} = { id=5606da1f87384714a77e14415f91203f | name=Tester2 | nameEng=Name eng | minValue=11.0 | maxValue=22.0 | dataType=number | dateModified=2019-12-23T18:19:09.618027Z | status=active | classification=Munch({'description': 'Послуги гральних закладів і тоталізаторів', 'scheme': 'ДК021', 'id': '92350000-9'}) | additionalClassification=Munch({'description': 'Солома', 'id': '03114100-4', 'scheme': 'ДК021'}) | unit=Munch({'name': 'millilitre of water', 'code': 'WW'}) }</msg>
<msg timestamp="20191223 20:19:09.696" level="INFO">${SPACE} =  </msg>
<msg timestamp="20191223 20:19:09.696" level="INFO">${SUITE_DOCUMENTATION} = </msg>
<msg timestamp="20191223 20:19:09.696" level="INFO">&amp;{SUITE_METADATA} = { }</msg>
<msg timestamp="20191223 20:19:09.696" level="INFO">${SUITE_NAME} = Tests</msg>
<msg timestamp="20191223 20:19:09.696" level="INFO">${SUITE_SOURCE} = /home/orest.shkhumov/Criteria_test/tests.robot</msg>
<msg timestamp="20191223 20:19:09.696" level="INFO">${TEMPDIR} = /tmp</msg>
<msg timestamp="20191223 20:19:09.696" level="INFO">${TEST_DOCUMENTATION} = </msg>
<msg timestamp="20191223 20:19:09.696" level="INFO">${TEST_NAME} = Тест створити критерію</msg>
<msg timestamp="20191223 20:19:09.696" level="INFO">@{TEST_TAGS} = [ ]</msg>
<msg timestamp="20191223 20:19:09.696" level="INFO">${True} = True</msg>
<msg timestamp="20191223 20:19:09.696" level="INFO">@{USED_ROLES} = [ admin | user ]</msg>
<msg timestamp="20191223 20:19:09.696" level="INFO">${USERNAME} = admin</msg>
<msg timestamp="20191223 20:19:09.696" level="INFO">&amp;{USERS} = { users=Munch({'admin': Munch({'api_key': 'adminpassword', 'user_name': 'admin', 'client': &lt;client.client_helper.StableClient object at 0x7f305dabcc50&gt;}), 'user': Munch({'api_key': 'userpassword', 'user_name': 'user', 'client': &lt;client.client_helper.StableClient object at 0x7f305dabcfd0&gt;})}) }</msg>
<msg timestamp="20191223 20:19:09.697" level="INFO">${USERS_FILE} = data</msg>
<status status="PASS" starttime="20191223 20:19:09.692" endtime="20191223 20:19:09.697"></status>
</kw>
<msg timestamp="20191223 20:19:09.697" level="INFO">${GET_RESPONSE_ID} = Munch({'id': '5606da1f87384714a77e14415f91203f', 'name': 'Tester2', 'nameEng': 'Name eng', 'minValue': '11.0', 'maxValue': '22.0', 'dataType': 'number', 'dateModified': '2019-12-23T18:19:09.618027Z', ...</msg>
<status status="PASS" starttime="20191223 20:19:09.646" endtime="20191223 20:19:09.697"></status>
</kw>
<kw name="Log" library="BuiltIn">
<doc>Logs the given message with the given level.</doc>
<arguments>
<arg>${GET_RESPONSE_ID}</arg>
</arguments>
<msg timestamp="20191223 20:19:09.698" level="INFO">Munch({'id': '5606da1f87384714a77e14415f91203f', 'name': 'Tester2', 'nameEng': 'Name eng', 'minValue': '11.0', 'maxValue': '22.0', 'dataType': 'number', 'dateModified': '2019-12-23T18:19:09.618027Z', 'status': 'active', 'classification': Munch({'description': 'Послуги гральних закладів і тоталізаторів', 'scheme': 'ДК021', 'id': '92350000-9'}), 'additionalClassification': Munch({'description': 'Солома', 'id': '03114100-4', 'scheme': 'ДК021'}), 'unit': Munch({'name': 'millilitre of water', 'code': 'WW'})})</msg>
<status status="PASS" starttime="20191223 20:19:09.697" endtime="20191223 20:19:09.698"></status>
</kw>
<kw name="Log Variables" library="BuiltIn">
<doc>Logs all variables in the current scope with given log level.</doc>
<msg timestamp="20191223 20:19:09.700" level="INFO">${/} = /</msg>
<msg timestamp="20191223 20:19:09.700" level="INFO">${:} = :</msg>
<msg timestamp="20191223 20:19:09.700" level="INFO">${\n} = 
</msg>
<msg timestamp="20191223 20:19:09.700" level="INFO">${API_HOST_URL} = http://localhost:8000</msg>
<msg timestamp="20191223 20:19:09.700" level="INFO">${API_VERSION} = 0</msg>
<msg timestamp="20191223 20:19:09.700" level="INFO">&amp;{CRITERIA_DATA} = { name=Tester2 | nameEng=Name eng | classification=Munch({'id': '92350000-9', 'scheme': 'ДК021', 'description': 'Послуги гральних закладів і тоталізаторів'}) | additionalClassification=Munch({'id': '03114100-4', 'scheme': 'ДК021', 'description': 'Солома'}) | minValue=11.0 | maxValue=22.0 | dataType=number | unit=Munch({'name': 'millilitre of water', 'code': 'WW'}) }</msg>
<msg timestamp="20191223 20:19:09.700" level="INFO">${DEBUG_FILE} = NONE</msg>
<msg timestamp="20191223 20:19:09.700" level="INFO">${EXECDIR} = /home/orest.shkhumov/Criteria_test</msg>
<msg timestamp="20191223 20:19:09.700" level="INFO">${False} = False</msg>
<msg timestamp="20191223 20:19:09.701" level="INFO">&amp;{GET_RESPONSE_ID} = { id=5606da1f87384714a77e14415f91203f | name=Tester2 | nameEng=Name eng | minValue=11.0 | maxValue=22.0 | dataType=number | dateModified=2019-12-23T18:19:09.618027Z | status=active | classification=Munch({'description': 'Послуги гральних закладів і тоталізаторів', 'scheme': 'ДК021', 'id': '92350000-9'}) | additionalClassification=Munch({'description': 'Солома', 'id': '03114100-4', 'scheme': 'ДК021'}) | unit=Munch({'name': 'millilitre of water', 'code': 'WW'}) }</msg>
<msg timestamp="20191223 20:19:09.701" level="INFO">${ID_CRITERIA} = 5606da1f87384714a77e14415f91203f</msg>
<msg timestamp="20191223 20:19:09.701" level="INFO">${LOG_FILE} = /home/orest.shkhumov/Criteria_test/log.html</msg>
<msg timestamp="20191223 20:19:09.701" level="INFO">${LOG_LEVEL} = INFO</msg>
<msg timestamp="20191223 20:19:09.701" level="INFO">${None} = None</msg>
<msg timestamp="20191223 20:19:09.701" level="INFO">${null} = None</msg>
<msg timestamp="20191223 20:19:09.701" level="INFO">${OUTPUT_DIR} = /home/orest.shkhumov/Criteria_test</msg>
<msg timestamp="20191223 20:19:09.701" level="INFO">${OUTPUT_FILE} = /home/orest.shkhumov/Criteria_test/output.xml</msg>
<msg timestamp="20191223 20:19:09.701" level="INFO">${PASSWORD} = adminpassword</msg>
<msg timestamp="20191223 20:19:09.702" level="INFO">${PREV_TEST_MESSAGE} = </msg>
<msg timestamp="20191223 20:19:09.702" level="INFO">${PREV_TEST_NAME} = </msg>
<msg timestamp="20191223 20:19:09.702" level="INFO">${PREV_TEST_STATUS} = </msg>
<msg timestamp="20191223 20:19:09.702" level="INFO">${REPORT_FILE} = /home/orest.shkhumov/Criteria_test/report.html</msg>
<msg timestamp="20191223 20:19:09.702" level="INFO">${RESOURCE} = criteria</msg>
<msg timestamp="20191223 20:19:09.702" level="INFO">${RESPONSE} = 5606da1f87384714a77e14415f91203f</msg>
<msg timestamp="20191223 20:19:09.702" level="INFO">${SPACE} =  </msg>
<msg timestamp="20191223 20:19:09.702" level="INFO">${SUITE_DOCUMENTATION} = </msg>
<msg timestamp="20191223 20:19:09.702" level="INFO">&amp;{SUITE_METADATA} = { }</msg>
<msg timestamp="20191223 20:19:09.702" level="INFO">${SUITE_NAME} = Tests</msg>
<msg timestamp="20191223 20:19:09.703" level="INFO">${SUITE_SOURCE} = /home/orest.shkhumov/Criteria_test/tests.robot</msg>
<msg timestamp="20191223 20:19:09.703" level="INFO">${TEMPDIR} = /tmp</msg>
<msg timestamp="20191223 20:19:09.703" level="INFO">${TEST_DOCUMENTATION} = </msg>
<msg timestamp="20191223 20:19:09.703" level="INFO">${TEST_NAME} = Тест створити критерію</msg>
<msg timestamp="20191223 20:19:09.703" level="INFO">@{TEST_TAGS} = [ ]</msg>
<msg timestamp="20191223 20:19:09.703" level="INFO">${True} = True</msg>
<msg timestamp="20191223 20:19:09.703" level="INFO">@{USED_ROLES} = [ admin | user ]</msg>
<msg timestamp="20191223 20:19:09.703" level="INFO">${USERNAME} = admin</msg>
<msg timestamp="20191223 20:19:09.704" level="INFO">&amp;{USERS} = { users=Munch({'admin': Munch({'api_key': 'adminpassword', 'user_name': 'admin', 'client': &lt;client.client_helper.StableClient object at 0x7f305dabcc50&gt;}), 'user': Munch({'api_key': 'userpassword', 'user_name': 'user', 'client': &lt;client.client_helper.StableClient object at 0x7f305dabcfd0&gt;})}) }</msg>
<msg timestamp="20191223 20:19:09.704" level="INFO">${USERS_FILE} = data</msg>
<status status="PASS" starttime="20191223 20:19:09.698" endtime="20191223 20:19:09.704"></status>
</kw>
<msg timestamp="20191223 20:19:09.705" level="INFO">${get_criteria} = Munch({'id': '5606da1f87384714a77e14415f91203f', 'name': 'Tester2', 'nameEng': 'Name eng', 'minValue': '11.0', 'maxValue': '22.0', 'dataType': 'number', 'dateModified': '2019-12-23T18:19:09.618027Z', ...</msg>
<status status="PASS" starttime="20191223 20:19:09.645" endtime="20191223 20:19:09.705"></status>
</kw>
<kw name="Порівняти дані критерії" library="base_keywords">
<arguments>
<arg>${get_criteria}</arg>
<arg>${CRITERIA_DATA}</arg>
</arguments>
<kw name="Log" library="BuiltIn">
<doc>Logs the given message with the given level.</doc>
<arguments>
<arg>${actual_resul}</arg>
</arguments>
<msg timestamp="20191223 20:19:09.707" level="INFO">Munch({'id': '5606da1f87384714a77e14415f91203f', 'name': 'Tester2', 'nameEng': 'Name eng', 'minValue': '11.0', 'maxValue': '22.0', 'dataType': 'number', 'dateModified': '2019-12-23T18:19:09.618027Z', 'status': 'active', 'classification': Munch({'description': 'Послуги гральних закладів і тоталізаторів', 'scheme': 'ДК021', 'id': '92350000-9'}), 'additionalClassification': Munch({'description': 'Солома', 'id': '03114100-4', 'scheme': 'ДК021'}), 'unit': Munch({'name': 'millilitre of water', 'code': 'WW'})})</msg>
<status status="PASS" starttime="20191223 20:19:09.706" endtime="20191223 20:19:09.707"></status>
</kw>
<kw name="Log" library="BuiltIn">
<doc>Logs the given message with the given level.</doc>
<arguments>
<arg>${expected_result}</arg>
</arguments>
<msg timestamp="20191223 20:19:09.708" level="INFO">Munch({'name': 'Tester2', 'nameEng': 'Name eng', 'classification': Munch({'id': '92350000-9', 'scheme': 'ДК021', 'description': 'Послуги гральних закладів і тоталізаторів'}), 'additionalClassification': Munch({'id': '03114100-4', 'scheme': 'ДК021', 'description': 'Солома'}), 'minValue': '11.0', 'maxValue': '22.0', 'dataType': 'number', 'unit': Munch({'name': 'millilitre of water', 'code': 'WW'})})</msg>
<status status="PASS" starttime="20191223 20:19:09.707" endtime="20191223 20:19:09.708"></status>
</kw>
<kw name="Remove From Dictionary" library="Collections">
<doc>Removes the given ``keys`` from the ``dictionary``.</doc>
<arguments>
<arg>${actual_resul}</arg>
<arg>id</arg>
</arguments>
<msg timestamp="20191223 20:19:09.709" level="INFO">Removed item with key 'id' and value '5606da1f87384714a77e14415f91203f'.</msg>
<status status="PASS" starttime="20191223 20:19:09.708" endtime="20191223 20:19:09.709"></status>
</kw>
<kw name="Remove From Dictionary" library="Collections">
<doc>Removes the given ``keys`` from the ``dictionary``.</doc>
<arguments>
<arg>${actual_resul}</arg>
<arg>status</arg>
</arguments>
<msg timestamp="20191223 20:19:09.709" level="INFO">Removed item with key 'status' and value 'active'.</msg>
<status status="PASS" starttime="20191223 20:19:09.709" endtime="20191223 20:19:09.709"></status>
</kw>
<kw name="Remove From Dictionary" library="Collections">
<doc>Removes the given ``keys`` from the ``dictionary``.</doc>
<arguments>
<arg>${actual_resul}</arg>
<arg>dateModified</arg>
</arguments>
<msg timestamp="20191223 20:19:09.710" level="INFO">Removed item with key 'dateModified' and value '2019-12-23T18:19:09.618027Z'.</msg>
<status status="PASS" starttime="20191223 20:19:09.709" endtime="20191223 20:19:09.710"></status>
</kw>
<kw name="Dictionaries Should Be Equal" library="Collections">
<doc>Fails if the given dictionaries are not equal.</doc>
<arguments>
<arg>${actual_resul}</arg>
<arg>${expected_result}</arg>
<arg>msg=Objects are not equal</arg>
</arguments>
<status status="PASS" starttime="20191223 20:19:09.710" endtime="20191223 20:19:09.710"></status>
</kw>
<status status="PASS" starttime="20191223 20:19:09.705" endtime="20191223 20:19:09.711"></status>
</kw>
<status status="PASS" starttime="20191223 20:19:09.645" endtime="20191223 20:19:09.711"></status>
</kw>
<kw name="Перевірити створену критерію" library="base_keywords">
<arguments>
<arg>user</arg>
</arguments>
<kw name="Можливість переглядати критерію" library="base_keywords">
<arguments>
<arg>${user_name}</arg>
</arguments>
<assign>
<var>${get_criteria}</var>
</assign>
<kw name="Переглядати критерію" library="keywords_api">
<arguments>
<arg>${ID_CRITERIA}</arg>
<arg>${user_name}</arg>
</arguments>
<assign>
<var>${GET_RESPONSE_ID}</var>
</assign>
<kw name="Call Method" library="BuiltIn">
<doc>Calls the named method of the given object with the provided arguments.</doc>
<arguments>
<arg>${USERS.users.${username}.client}</arg>
<arg>get_criteria</arg>
<arg>${RESOURCE}</arg>
<arg>${ID}</arg>
</arguments>
<assign>
<var>${RESPONSE}</var>
</assign>
<msg timestamp="20191223 20:19:09.743" level="INFO">${RESPONSE} = Munch({'id': '5606da1f87384714a77e14415f91203f', 'name': 'Tester2', 'nameEng': 'Name eng', 'minValue': '11.0', 'maxValue': '22.0', 'dataType': 'number', 'dateModified': '2019-12-23T18:19:09.618027Z', ...</msg>
<status status="PASS" starttime="20191223 20:19:09.712" endtime="20191223 20:19:09.743"></status>
</kw>
<kw name="Log" library="BuiltIn">
<doc>Logs the given message with the given level.</doc>
<arguments>
<arg>${RESPONSE}</arg>
</arguments>
<msg timestamp="20191223 20:19:09.744" level="INFO">Munch({'id': '5606da1f87384714a77e14415f91203f', 'name': 'Tester2', 'nameEng': 'Name eng', 'minValue': '11.0', 'maxValue': '22.0', 'dataType': 'number', 'dateModified': '2019-12-23T18:19:09.618027Z', 'status': 'active', 'classification': Munch({'description': 'Послуги гральних закладів і тоталізаторів', 'scheme': 'ДК021', 'id': '92350000-9'}), 'additionalClassification': Munch({'description': 'Солома', 'id': '03114100-4', 'scheme': 'ДК021'}), 'unit': Munch({'name': 'millilitre of water', 'code': 'WW'})})</msg>
<status status="PASS" starttime="20191223 20:19:09.744" endtime="20191223 20:19:09.744"></status>
</kw>
<kw name="Log Variables" library="BuiltIn">
<doc>Logs all variables in the current scope with given log level.</doc>
<msg timestamp="20191223 20:19:09.745" level="INFO">${/} = /</msg>
<msg timestamp="20191223 20:19:09.745" level="INFO">${:} = :</msg>
<msg timestamp="20191223 20:19:09.746" level="INFO">${\n} = 
</msg>
<msg timestamp="20191223 20:19:09.746" level="INFO">${API_HOST_URL} = http://localhost:8000</msg>
<msg timestamp="20191223 20:19:09.746" level="INFO">${API_VERSION} = 0</msg>
<msg timestamp="20191223 20:19:09.746" level="INFO">&amp;{CRITERIA_DATA} = { name=Tester2 | nameEng=Name eng | classification=Munch({'id': '92350000-9', 'scheme': 'ДК021', 'description': 'Послуги гральних закладів і тоталізаторів'}) | additionalClassification=Munch({'id': '03114100-4', 'scheme': 'ДК021', 'description': 'Солома'}) | minValue=11.0 | maxValue=22.0 | dataType=number | unit=Munch({'name': 'millilitre of water', 'code': 'WW'}) }</msg>
<msg timestamp="20191223 20:19:09.746" level="INFO">${DEBUG_FILE} = NONE</msg>
<msg timestamp="20191223 20:19:09.746" level="INFO">${EXECDIR} = /home/orest.shkhumov/Criteria_test</msg>
<msg timestamp="20191223 20:19:09.746" level="INFO">${False} = False</msg>
<msg timestamp="20191223 20:19:09.746" level="INFO">${ID} = 5606da1f87384714a77e14415f91203f</msg>
<msg timestamp="20191223 20:19:09.746" level="INFO">${ID_CRITERIA} = 5606da1f87384714a77e14415f91203f</msg>
<msg timestamp="20191223 20:19:09.746" level="INFO">${LOG_FILE} = /home/orest.shkhumov/Criteria_test/log.html</msg>
<msg timestamp="20191223 20:19:09.746" level="INFO">${LOG_LEVEL} = INFO</msg>
<msg timestamp="20191223 20:19:09.746" level="INFO">${None} = None</msg>
<msg timestamp="20191223 20:19:09.746" level="INFO">${null} = None</msg>
<msg timestamp="20191223 20:19:09.746" level="INFO">${OUTPUT_DIR} = /home/orest.shkhumov/Criteria_test</msg>
<msg timestamp="20191223 20:19:09.746" level="INFO">${OUTPUT_FILE} = /home/orest.shkhumov/Criteria_test/output.xml</msg>
<msg timestamp="20191223 20:19:09.747" level="INFO">${PASSWORD} = adminpassword</msg>
<msg timestamp="20191223 20:19:09.747" level="INFO">${PREV_TEST_MESSAGE} = </msg>
<msg timestamp="20191223 20:19:09.747" level="INFO">${PREV_TEST_NAME} = </msg>
<msg timestamp="20191223 20:19:09.747" level="INFO">${PREV_TEST_STATUS} = </msg>
<msg timestamp="20191223 20:19:09.747" level="INFO">${REPORT_FILE} = /home/orest.shkhumov/Criteria_test/report.html</msg>
<msg timestamp="20191223 20:19:09.747" level="INFO">${RESOURCE} = criteria</msg>
<msg timestamp="20191223 20:19:09.747" level="INFO">&amp;{RESPONSE} = { id=5606da1f87384714a77e14415f91203f | name=Tester2 | nameEng=Name eng | minValue=11.0 | maxValue=22.0 | dataType=number | dateModified=2019-12-23T18:19:09.618027Z | status=active | classification=Munch({'description': 'Послуги гральних закладів і тоталізаторів', 'scheme': 'ДК021', 'id': '92350000-9'}) | additionalClassification=Munch({'description': 'Солома', 'id': '03114100-4', 'scheme': 'ДК021'}) | unit=Munch({'name': 'millilitre of water', 'code': 'WW'}) }</msg>
<msg timestamp="20191223 20:19:09.747" level="INFO">${SPACE} =  </msg>
<msg timestamp="20191223 20:19:09.747" level="INFO">${SUITE_DOCUMENTATION} = </msg>
<msg timestamp="20191223 20:19:09.747" level="INFO">&amp;{SUITE_METADATA} = { }</msg>
<msg timestamp="20191223 20:19:09.747" level="INFO">${SUITE_NAME} = Tests</msg>
<msg timestamp="20191223 20:19:09.747" level="INFO">${SUITE_SOURCE} = /home/orest.shkhumov/Criteria_test/tests.robot</msg>
<msg timestamp="20191223 20:19:09.747" level="INFO">${TEMPDIR} = /tmp</msg>
<msg timestamp="20191223 20:19:09.747" level="INFO">${TEST_DOCUMENTATION} = </msg>
<msg timestamp="20191223 20:19:09.747" level="INFO">${TEST_NAME} = Тест створити критерію</msg>
<msg timestamp="20191223 20:19:09.748" level="INFO">@{TEST_TAGS} = [ ]</msg>
<msg timestamp="20191223 20:19:09.748" level="INFO">${True} = True</msg>
<msg timestamp="20191223 20:19:09.748" level="INFO">@{USED_ROLES} = [ admin | user ]</msg>
<msg timestamp="20191223 20:19:09.748" level="INFO">${USERNAME} = user</msg>
<msg timestamp="20191223 20:19:09.748" level="INFO">&amp;{USERS} = { users=Munch({'admin': Munch({'api_key': 'adminpassword', 'user_name': 'admin', 'client': &lt;client.client_helper.StableClient object at 0x7f305dabcc50&gt;}), 'user': Munch({'api_key': 'userpassword', 'user_name': 'user', 'client': &lt;client.client_helper.StableClient object at 0x7f305dabcfd0&gt;})}) }</msg>
<msg timestamp="20191223 20:19:09.748" level="INFO">${USERS_FILE} = data</msg>
<status status="PASS" starttime="20191223 20:19:09.745" endtime="20191223 20:19:09.748"></status>
</kw>
<msg timestamp="20191223 20:19:09.749" level="INFO">${GET_RESPONSE_ID} = Munch({'id': '5606da1f87384714a77e14415f91203f', 'name': 'Tester2', 'nameEng': 'Name eng', 'minValue': '11.0', 'maxValue': '22.0', 'dataType': 'number', 'dateModified': '2019-12-23T18:19:09.618027Z', ...</msg>
<status status="PASS" starttime="20191223 20:19:09.712" endtime="20191223 20:19:09.749"></status>
</kw>
<kw name="Log" library="BuiltIn">
<doc>Logs the given message with the given level.</doc>
<arguments>
<arg>${GET_RESPONSE_ID}</arg>
</arguments>
<msg timestamp="20191223 20:19:09.750" level="INFO">Munch({'id': '5606da1f87384714a77e14415f91203f', 'name': 'Tester2', 'nameEng': 'Name eng', 'minValue': '11.0', 'maxValue': '22.0', 'dataType': 'number', 'dateModified': '2019-12-23T18:19:09.618027Z', 'status': 'active', 'classification': Munch({'description': 'Послуги гральних закладів і тоталізаторів', 'scheme': 'ДК021', 'id': '92350000-9'}), 'additionalClassification': Munch({'description': 'Солома', 'id': '03114100-4', 'scheme': 'ДК021'}), 'unit': Munch({'name': 'millilitre of water', 'code': 'WW'})})</msg>
<status status="PASS" starttime="20191223 20:19:09.749" endtime="20191223 20:19:09.750"></status>
</kw>
<kw name="Log Variables" library="BuiltIn">
<doc>Logs all variables in the current scope with given log level.</doc>
<msg timestamp="20191223 20:19:09.751" level="INFO">${/} = /</msg>
<msg timestamp="20191223 20:19:09.751" level="INFO">${:} = :</msg>
<msg timestamp="20191223 20:19:09.751" level="INFO">${\n} = 
</msg>
<msg timestamp="20191223 20:19:09.752" level="INFO">${API_HOST_URL} = http://localhost:8000</msg>
<msg timestamp="20191223 20:19:09.752" level="INFO">${API_VERSION} = 0</msg>
<msg timestamp="20191223 20:19:09.752" level="INFO">&amp;{CRITERIA_DATA} = { name=Tester2 | nameEng=Name eng | classification=Munch({'id': '92350000-9', 'scheme': 'ДК021', 'description': 'Послуги гральних закладів і тоталізаторів'}) | additionalClassification=Munch({'id': '03114100-4', 'scheme': 'ДК021', 'description': 'Солома'}) | minValue=11.0 | maxValue=22.0 | dataType=number | unit=Munch({'name': 'millilitre of water', 'code': 'WW'}) }</msg>
<msg timestamp="20191223 20:19:09.752" level="INFO">${DEBUG_FILE} = NONE</msg>
<msg timestamp="20191223 20:19:09.752" level="INFO">${EXECDIR} = /home/orest.shkhumov/Criteria_test</msg>
<msg timestamp="20191223 20:19:09.752" level="INFO">${False} = False</msg>
<msg timestamp="20191223 20:19:09.752" level="INFO">&amp;{GET_RESPONSE_ID} = { id=5606da1f87384714a77e14415f91203f | name=Tester2 | nameEng=Name eng | minValue=11.0 | maxValue=22.0 | dataType=number | dateModified=2019-12-23T18:19:09.618027Z | status=active | classification=Munch({'description': 'Послуги гральних закладів і тоталізаторів', 'scheme': 'ДК021', 'id': '92350000-9'}) | additionalClassification=Munch({'description': 'Солома', 'id': '03114100-4', 'scheme': 'ДК021'}) | unit=Munch({'name': 'millilitre of water', 'code': 'WW'}) }</msg>
<msg timestamp="20191223 20:19:09.752" level="INFO">${ID_CRITERIA} = 5606da1f87384714a77e14415f91203f</msg>
<msg timestamp="20191223 20:19:09.752" level="INFO">${LOG_FILE} = /home/orest.shkhumov/Criteria_test/log.html</msg>
<msg timestamp="20191223 20:19:09.752" level="INFO">${LOG_LEVEL} = INFO</msg>
<msg timestamp="20191223 20:19:09.753" level="INFO">${None} = None</msg>
<msg timestamp="20191223 20:19:09.753" level="INFO">${null} = None</msg>
<msg timestamp="20191223 20:19:09.753" level="INFO">${OUTPUT_DIR} = /home/orest.shkhumov/Criteria_test</msg>
<msg timestamp="20191223 20:19:09.753" level="INFO">${OUTPUT_FILE} = /home/orest.shkhumov/Criteria_test/output.xml</msg>
<msg timestamp="20191223 20:19:09.753" level="INFO">${PASSWORD} = adminpassword</msg>
<msg timestamp="20191223 20:19:09.753" level="INFO">${PREV_TEST_MESSAGE} = </msg>
<msg timestamp="20191223 20:19:09.753" level="INFO">${PREV_TEST_NAME} = </msg>
<msg timestamp="20191223 20:19:09.753" level="INFO">${PREV_TEST_STATUS} = </msg>
<msg timestamp="20191223 20:19:09.753" level="INFO">${REPORT_FILE} = /home/orest.shkhumov/Criteria_test/report.html</msg>
<msg timestamp="20191223 20:19:09.753" level="INFO">${RESOURCE} = criteria</msg>
<msg timestamp="20191223 20:19:09.753" level="INFO">${RESPONSE} = 5606da1f87384714a77e14415f91203f</msg>
<msg timestamp="20191223 20:19:09.753" level="INFO">${SPACE} =  </msg>
<msg timestamp="20191223 20:19:09.753" level="INFO">${SUITE_DOCUMENTATION} = </msg>
<msg timestamp="20191223 20:19:09.753" level="INFO">&amp;{SUITE_METADATA} = { }</msg>
<msg timestamp="20191223 20:19:09.753" level="INFO">${SUITE_NAME} = Tests</msg>
<msg timestamp="20191223 20:19:09.753" level="INFO">${SUITE_SOURCE} = /home/orest.shkhumov/Criteria_test/tests.robot</msg>
<msg timestamp="20191223 20:19:09.754" level="INFO">${TEMPDIR} = /tmp</msg>
<msg timestamp="20191223 20:19:09.754" level="INFO">${TEST_DOCUMENTATION} = </msg>
<msg timestamp="20191223 20:19:09.754" level="INFO">${TEST_NAME} = Тест створити критерію</msg>
<msg timestamp="20191223 20:19:09.754" level="INFO">@{TEST_TAGS} = [ ]</msg>
<msg timestamp="20191223 20:19:09.754" level="INFO">${True} = True</msg>
<msg timestamp="20191223 20:19:09.754" level="INFO">@{USED_ROLES} = [ admin | user ]</msg>
<msg timestamp="20191223 20:19:09.754" level="INFO">${USERNAME} = user</msg>
<msg timestamp="20191223 20:19:09.754" level="INFO">&amp;{USERS} = { users=Munch({'admin': Munch({'api_key': 'adminpassword', 'user_name': 'admin', 'client': &lt;client.client_helper.StableClient object at 0x7f305dabcc50&gt;}), 'user': Munch({'api_key': 'userpassword', 'user_name': 'user', 'client': &lt;client.client_helper.StableClient object at 0x7f305dabcfd0&gt;})}) }</msg>
<msg timestamp="20191223 20:19:09.754" level="INFO">${USERS_FILE} = data</msg>
<status status="PASS" starttime="20191223 20:19:09.751" endtime="20191223 20:19:09.754"></status>
</kw>
<msg timestamp="20191223 20:19:09.754" level="INFO">${get_criteria} = Munch({'id': '5606da1f87384714a77e14415f91203f', 'name': 'Tester2', 'nameEng': 'Name eng', 'minValue': '11.0', 'maxValue': '22.0', 'dataType': 'number', 'dateModified': '2019-12-23T18:19:09.618027Z', ...</msg>
<status status="PASS" starttime="20191223 20:19:09.711" endtime="20191223 20:19:09.754"></status>
</kw>
<kw name="Порівняти дані критерії" library="base_keywords">
<arguments>
<arg>${get_criteria}</arg>
<arg>${CRITERIA_DATA}</arg>
</arguments>
<kw name="Log" library="BuiltIn">
<doc>Logs the given message with the given level.</doc>
<arguments>
<arg>${actual_resul}</arg>
</arguments>
<msg timestamp="20191223 20:19:09.756" level="INFO">Munch({'id': '5606da1f87384714a77e14415f91203f', 'name': 'Tester2', 'nameEng': 'Name eng', 'minValue': '11.0', 'maxValue': '22.0', 'dataType': 'number', 'dateModified': '2019-12-23T18:19:09.618027Z', 'status': 'active', 'classification': Munch({'description': 'Послуги гральних закладів і тоталізаторів', 'scheme': 'ДК021', 'id': '92350000-9'}), 'additionalClassification': Munch({'description': 'Солома', 'id': '03114100-4', 'scheme': 'ДК021'}), 'unit': Munch({'name': 'millilitre of water', 'code': 'WW'})})</msg>
<status status="PASS" starttime="20191223 20:19:09.755" endtime="20191223 20:19:09.756"></status>
</kw>
<kw name="Log" library="BuiltIn">
<doc>Logs the given message with the given level.</doc>
<arguments>
<arg>${expected_result}</arg>
</arguments>
<msg timestamp="20191223 20:19:09.756" level="INFO">Munch({'name': 'Tester2', 'nameEng': 'Name eng', 'classification': Munch({'id': '92350000-9', 'scheme': 'ДК021', 'description': 'Послуги гральних закладів і тоталізаторів'}), 'additionalClassification': Munch({'id': '03114100-4', 'scheme': 'ДК021', 'description': 'Солома'}), 'minValue': '11.0', 'maxValue': '22.0', 'dataType': 'number', 'unit': Munch({'name': 'millilitre of water', 'code': 'WW'})})</msg>
<status status="PASS" starttime="20191223 20:19:09.756" endtime="20191223 20:19:09.756"></status>
</kw>
<kw name="Remove From Dictionary" library="Collections">
<doc>Removes the given ``keys`` from the ``dictionary``.</doc>
<arguments>
<arg>${actual_resul}</arg>
<arg>id</arg>
</arguments>
<msg timestamp="20191223 20:19:09.757" level="INFO">Removed item with key 'id' and value '5606da1f87384714a77e14415f91203f'.</msg>
<status status="PASS" starttime="20191223 20:19:09.757" endtime="20191223 20:19:09.757"></status>
</kw>
<kw name="Remove From Dictionary" library="Collections">
<doc>Removes the given ``keys`` from the ``dictionary``.</doc>
<arguments>
<arg>${actual_resul}</arg>
<arg>status</arg>
</arguments>
<msg timestamp="20191223 20:19:09.758" level="INFO">Removed item with key 'status' and value 'active'.</msg>
<status status="PASS" starttime="20191223 20:19:09.757" endtime="20191223 20:19:09.758"></status>
</kw>
<kw name="Remove From Dictionary" library="Collections">
<doc>Removes the given ``keys`` from the ``dictionary``.</doc>
<arguments>
<arg>${actual_resul}</arg>
<arg>dateModified</arg>
</arguments>
<msg timestamp="20191223 20:19:09.758" level="INFO">Removed item with key 'dateModified' and value '2019-12-23T18:19:09.618027Z'.</msg>
<status status="PASS" starttime="20191223 20:19:09.758" endtime="20191223 20:19:09.759"></status>
</kw>
<kw name="Dictionaries Should Be Equal" library="Collections">
<doc>Fails if the given dictionaries are not equal.</doc>
<arguments>
<arg>${actual_resul}</arg>
<arg>${expected_result}</arg>
<arg>msg=Objects are not equal</arg>
</arguments>
<status status="PASS" starttime="20191223 20:19:09.759" endtime="20191223 20:19:09.760"></status>
</kw>
<status status="PASS" starttime="20191223 20:19:09.755" endtime="20191223 20:19:09.760"></status>
</kw>
<status status="PASS" starttime="20191223 20:19:09.711" endtime="20191223 20:19:09.760"></status>
</kw>
<status status="PASS" starttime="20191223 20:19:09.575" endtime="20191223 20:19:09.761" critical="yes"></status>
</test>
<test id="s1-t2" name="Тест редагувати критерію">
<kw name="Можливість змінити критерію" library="base_keywords">
<arguments>
<arg>admin</arg>
</arguments>
<kw name="Підготувати дані для редагування" library="keywords_data">
<assign>
<var>${EDIT_DATA}</var>
</assign>
<kw name="Data For Edit" library="data.init_data">
<assign>
<var>${EDIT_DATA}</var>
</assign>
<msg timestamp="20191223 20:19:09.765" level="INFO">${EDIT_DATA} = Munch({'name': 'Test', 'nameEng': 'Test eng', 'minValue': '10.0', 'maxValue': '23.0', 'status': 'active'})</msg>
<status status="PASS" starttime="20191223 20:19:09.765" endtime="20191223 20:19:09.765"></status>
</kw>
<kw name="Log" library="BuiltIn">
<doc>Logs the given message with the given level.</doc>
<arguments>
<arg>${EDIT_DATA}</arg>
</arguments>
<msg timestamp="20191223 20:19:09.766" level="INFO">Munch({'name': 'Test', 'nameEng': 'Test eng', 'minValue': '10.0', 'maxValue': '23.0', 'status': 'active'})</msg>
<status status="PASS" starttime="20191223 20:19:09.766" endtime="20191223 20:19:09.766"></status>
</kw>
<msg timestamp="20191223 20:19:09.767" level="INFO">${EDIT_DATA} = Munch({'name': 'Test', 'nameEng': 'Test eng', 'minValue': '10.0', 'maxValue': '23.0', 'status': 'active'})</msg>
<status status="PASS" starttime="20191223 20:19:09.764" endtime="20191223 20:19:09.767"></status>
</kw>
<kw name="Set Suite Variable" library="BuiltIn">
<doc>Makes a variable available everywhere within the scope of the current suite.</doc>
<arguments>
<arg>${EDIT_DATA}</arg>
</arguments>
<msg timestamp="20191223 20:19:09.767" level="INFO">${EDIT_DATA} = Munch({'name': 'Test', 'nameEng': 'Test eng', 'minValue': '10.0', 'maxValue': '23.0', 'status': 'active'})</msg>
<status status="PASS" starttime="20191223 20:19:09.767" endtime="20191223 20:19:09.767"></status>
</kw>
<kw name="Змінити критерію" library="keywords_api">
<arguments>
<arg>${ID_CRITERIA}</arg>
<arg>${EDIT_DATA}</arg>
<arg>${user_name}</arg>
</arguments>
<assign>
<var>${PATCH_RESPONSE}</var>
</assign>
<kw name="Call Method" library="BuiltIn">
<doc>Calls the named method of the given object with the provided arguments.</doc>
<arguments>
<arg>${USERS.users.${username}.client}</arg>
<arg>update_criteria</arg>
<arg>${ID}</arg>
<arg>${RESOURCE}</arg>
<arg>${EDIT_DATA}</arg>
</arguments>
<assign>
<var>${RESPONSE}</var>
</assign>
<msg timestamp="20191223 20:19:09.798" level="INFO">${RESPONSE} = Munch({'minValue': 10.0, 'maxValue': 23.0, 'name': 'Test', 'nameEng': 'Test eng', 'status': 'active'})</msg>
<status status="PASS" starttime="20191223 20:19:09.768" endtime="20191223 20:19:09.798"></status>
</kw>
<kw name="Log" library="BuiltIn">
<doc>Logs the given message with the given level.</doc>
<arguments>
<arg>${RESPONSE}</arg>
</arguments>
<msg timestamp="20191223 20:19:09.799" level="INFO">Munch({'minValue': 10.0, 'maxValue': 23.0, 'name': 'Test', 'nameEng': 'Test eng', 'status': 'active'})</msg>
<status status="PASS" starttime="20191223 20:19:09.799" endtime="20191223 20:19:09.799"></status>
</kw>
<kw name="Log Variables" library="BuiltIn">
<doc>Logs all variables in the current scope with given log level.</doc>
<msg timestamp="20191223 20:19:09.801" level="INFO">${/} = /</msg>
<msg timestamp="20191223 20:19:09.801" level="INFO">${:} = :</msg>
<msg timestamp="20191223 20:19:09.801" level="INFO">${\n} = 
</msg>
<msg timestamp="20191223 20:19:09.801" level="INFO">${API_HOST_URL} = http://localhost:8000</msg>
<msg timestamp="20191223 20:19:09.801" level="INFO">${API_VERSION} = 0</msg>
<msg timestamp="20191223 20:19:09.801" level="INFO">&amp;{CRITERIA_DATA} = { name=Tester2 | nameEng=Name eng | classification=Munch({'id': '92350000-9', 'scheme': 'ДК021', 'description': 'Послуги гральних закладів і тоталізаторів'}) | additionalClassification=Munch({'id': '03114100-4', 'scheme': 'ДК021', 'description': 'Солома'}) | minValue=11.0 | maxValue=22.0 | dataType=number | unit=Munch({'name': 'millilitre of water', 'code': 'WW'}) }</msg>
<msg timestamp="20191223 20:19:09.801" level="INFO">${DEBUG_FILE} = NONE</msg>
<msg timestamp="20191223 20:19:09.801" level="INFO">&amp;{EDIT_DATA} = { name=Test | nameEng=Test eng | minValue=10.0 | maxValue=23.0 | status=active }</msg>
<msg timestamp="20191223 20:19:09.801" level="INFO">${EXECDIR} = /home/orest.shkhumov/Criteria_test</msg>
<msg timestamp="20191223 20:19:09.801" level="INFO">${False} = False</msg>
<msg timestamp="20191223 20:19:09.801" level="INFO">${ID} = 5606da1f87384714a77e14415f91203f</msg>
<msg timestamp="20191223 20:19:09.802" level="INFO">${ID_CRITERIA} = 5606da1f87384714a77e14415f91203f</msg>
<msg timestamp="20191223 20:19:09.802" level="INFO">${LOG_FILE} = /home/orest.shkhumov/Criteria_test/log.html</msg>
<msg timestamp="20191223 20:19:09.802" level="INFO">${LOG_LEVEL} = INFO</msg>
<msg timestamp="20191223 20:19:09.802" level="INFO">${None} = None</msg>
<msg timestamp="20191223 20:19:09.802" level="INFO">${null} = None</msg>
<msg timestamp="20191223 20:19:09.802" level="INFO">${OUTPUT_DIR} = /home/orest.shkhumov/Criteria_test</msg>
<msg timestamp="20191223 20:19:09.802" level="INFO">${OUTPUT_FILE} = /home/orest.shkhumov/Criteria_test/output.xml</msg>
<msg timestamp="20191223 20:19:09.802" level="INFO">${PASSWORD} = adminpassword</msg>
<msg timestamp="20191223 20:19:09.802" level="INFO">${PREV_TEST_MESSAGE} = </msg>
<msg timestamp="20191223 20:19:09.802" level="INFO">${PREV_TEST_NAME} = Тест створити критерію</msg>
<msg timestamp="20191223 20:19:09.802" level="INFO">${PREV_TEST_STATUS} = PASS</msg>
<msg timestamp="20191223 20:19:09.803" level="INFO">${REPORT_FILE} = /home/orest.shkhumov/Criteria_test/report.html</msg>
<msg timestamp="20191223 20:19:09.803" level="INFO">${RESOURCE} = criteria</msg>
<msg timestamp="20191223 20:19:09.803" level="INFO">&amp;{RESPONSE} = { minValue=10.0 | maxValue=23.0 | name=Test | nameEng=Test eng | status=active }</msg>
<msg timestamp="20191223 20:19:09.803" level="INFO">${SPACE} =  </msg>
<msg timestamp="20191223 20:19:09.803" level="INFO">${SUITE_DOCUMENTATION} = </msg>
<msg timestamp="20191223 20:19:09.803" level="INFO">&amp;{SUITE_METADATA} = { }</msg>
<msg timestamp="20191223 20:19:09.803" level="INFO">${SUITE_NAME} = Tests</msg>
<msg timestamp="20191223 20:19:09.803" level="INFO">${SUITE_SOURCE} = /home/orest.shkhumov/Criteria_test/tests.robot</msg>
<msg timestamp="20191223 20:19:09.803" level="INFO">${TEMPDIR} = /tmp</msg>
<msg timestamp="20191223 20:19:09.803" level="INFO">${TEST_DOCUMENTATION} = </msg>
<msg timestamp="20191223 20:19:09.803" level="INFO">${TEST_NAME} = Тест редагувати критерію</msg>
<msg timestamp="20191223 20:19:09.803" level="INFO">@{TEST_TAGS} = [ ]</msg>
<msg timestamp="20191223 20:19:09.803" level="INFO">${True} = True</msg>
<msg timestamp="20191223 20:19:09.803" level="INFO">@{USED_ROLES} = [ admin | user ]</msg>
<msg timestamp="20191223 20:19:09.804" level="INFO">${USERNAME} = admin</msg>
<msg timestamp="20191223 20:19:09.804" level="INFO">&amp;{USERS} = { users=Munch({'admin': Munch({'api_key': 'adminpassword', 'user_name': 'admin', 'client': &lt;client.client_helper.StableClient object at 0x7f305dabcc50&gt;}), 'user': Munch({'api_key': 'userpassword', 'user_name': 'user', 'client': &lt;client.client_helper.StableClient object at 0x7f305dabcfd0&gt;})}) }</msg>
<msg timestamp="20191223 20:19:09.804" level="INFO">${USERS_FILE} = data</msg>
<status status="PASS" starttime="20191223 20:19:09.800" endtime="20191223 20:19:09.804"></status>
</kw>
<msg timestamp="20191223 20:19:09.804" level="INFO">${PATCH_RESPONSE} = Munch({'minValue': 10.0, 'maxValue': 23.0, 'name': 'Test', 'nameEng': 'Test eng', 'status': 'active'})</msg>
<status status="PASS" starttime="20191223 20:19:09.768" endtime="20191223 20:19:09.804"></status>
</kw>
<kw name="Log" library="BuiltIn">
<doc>Logs the given message with the given level.</doc>
<arguments>
<arg>${PATCH_RESPONSE}</arg>
</arguments>
<msg timestamp="20191223 20:19:09.805" level="INFO">Munch({'minValue': 10.0, 'maxValue': 23.0, 'name': 'Test', 'nameEng': 'Test eng', 'status': 'active'})</msg>
<status status="PASS" starttime="20191223 20:19:09.805" endtime="20191223 20:19:09.805"></status>
</kw>
<kw name="Set Suite Variable" library="BuiltIn">
<doc>Makes a variable available everywhere within the scope of the current suite.</doc>
<arguments>
<arg>${PATCH_RESPONSE}</arg>
</arguments>
<msg timestamp="20191223 20:19:09.806" level="INFO">${PATCH_RESPONSE} = Munch({'minValue': 10.0, 'maxValue': 23.0, 'name': 'Test', 'nameEng': 'Test eng', 'status': 'active'})</msg>
<status status="PASS" starttime="20191223 20:19:09.805" endtime="20191223 20:19:09.806"></status>
</kw>
<status status="PASS" starttime="20191223 20:19:09.763" endtime="20191223 20:19:09.806"></status>
</kw>
<kw name="Перевірити редагування критерії" library="base_keywords">
<arguments>
<arg>admin</arg>
</arguments>
<kw name="Можливість переглядати критерію" library="base_keywords">
<arguments>
<arg>${user_name}</arg>
</arguments>
<assign>
<var>${get_criteria}</var>
</assign>
<kw name="Переглядати критерію" library="keywords_api">
<arguments>
<arg>${ID_CRITERIA}</arg>
<arg>${user_name}</arg>
</arguments>
<assign>
<var>${GET_RESPONSE_ID}</var>
</assign>
<kw name="Call Method" library="BuiltIn">
<doc>Calls the named method of the given object with the provided arguments.</doc>
<arguments>
<arg>${USERS.users.${username}.client}</arg>
<arg>get_criteria</arg>
<arg>${RESOURCE}</arg>
<arg>${ID}</arg>
</arguments>
<assign>
<var>${RESPONSE}</var>
</assign>
<msg timestamp="20191223 20:19:09.849" level="INFO">${RESPONSE} = Munch({'id': '5606da1f87384714a77e14415f91203f', 'name': 'Test', 'nameEng': 'Test eng', 'minValue': '10.0', 'maxValue': '23.0', 'dataType': 'number', 'dateModified': '2019-12-23T18:19:09.787337Z', 'st...</msg>
<status status="PASS" starttime="20191223 20:19:09.808" endtime="20191223 20:19:09.850"></status>
</kw>
<kw name="Log" library="BuiltIn">
<doc>Logs the given message with the given level.</doc>
<arguments>
<arg>${RESPONSE}</arg>
</arguments>
<msg timestamp="20191223 20:19:09.850" level="INFO">Munch({'id': '5606da1f87384714a77e14415f91203f', 'name': 'Test', 'nameEng': 'Test eng', 'minValue': '10.0', 'maxValue': '23.0', 'dataType': 'number', 'dateModified': '2019-12-23T18:19:09.787337Z', 'status': 'active', 'classification': Munch({'description': 'Послуги гральних закладів і тоталізаторів', 'scheme': 'ДК021', 'id': '92350000-9'}), 'additionalClassification': Munch({'description': 'Солома', 'id': '03114100-4', 'scheme': 'ДК021'}), 'unit': Munch({'name': 'millilitre of water', 'code': 'WW'})})</msg>
<status status="PASS" starttime="20191223 20:19:09.850" endtime="20191223 20:19:09.850"></status>
</kw>
<kw name="Log Variables" library="BuiltIn">
<doc>Logs all variables in the current scope with given log level.</doc>
<msg timestamp="20191223 20:19:09.852" level="INFO">${/} = /</msg>
<msg timestamp="20191223 20:19:09.852" level="INFO">${:} = :</msg>
<msg timestamp="20191223 20:19:09.852" level="INFO">${\n} = 
</msg>
<msg timestamp="20191223 20:19:09.852" level="INFO">${API_HOST_URL} = http://localhost:8000</msg>
<msg timestamp="20191223 20:19:09.852" level="INFO">${API_VERSION} = 0</msg>
<msg timestamp="20191223 20:19:09.853" level="INFO">&amp;{CRITERIA_DATA} = { name=Tester2 | nameEng=Name eng | classification=Munch({'id': '92350000-9', 'scheme': 'ДК021', 'description': 'Послуги гральних закладів і тоталізаторів'}) | additionalClassification=Munch({'id': '03114100-4', 'scheme': 'ДК021', 'description': 'Солома'}) | minValue=11.0 | maxValue=22.0 | dataType=number | unit=Munch({'name': 'millilitre of water', 'code': 'WW'}) }</msg>
<msg timestamp="20191223 20:19:09.853" level="INFO">${DEBUG_FILE} = NONE</msg>
<msg timestamp="20191223 20:19:09.853" level="INFO">&amp;{EDIT_DATA} = { name=Test | nameEng=Test eng | minValue=10.0 | maxValue=23.0 | status=active }</msg>
<msg timestamp="20191223 20:19:09.853" level="INFO">${EXECDIR} = /home/orest.shkhumov/Criteria_test</msg>
<msg timestamp="20191223 20:19:09.853" level="INFO">${False} = False</msg>
<msg timestamp="20191223 20:19:09.853" level="INFO">${ID} = 5606da1f87384714a77e14415f91203f</msg>
<msg timestamp="20191223 20:19:09.853" level="INFO">${ID_CRITERIA} = 5606da1f87384714a77e14415f91203f</msg>
<msg timestamp="20191223 20:19:09.853" level="INFO">${LOG_FILE} = /home/orest.shkhumov/Criteria_test/log.html</msg>
<msg timestamp="20191223 20:19:09.853" level="INFO">${LOG_LEVEL} = INFO</msg>
<msg timestamp="20191223 20:19:09.853" level="INFO">${None} = None</msg>
<msg timestamp="20191223 20:19:09.853" level="INFO">${null} = None</msg>
<msg timestamp="20191223 20:19:09.854" level="INFO">${OUTPUT_DIR} = /home/orest.shkhumov/Criteria_test</msg>
<msg timestamp="20191223 20:19:09.854" level="INFO">${OUTPUT_FILE} = /home/orest.shkhumov/Criteria_test/output.xml</msg>
<msg timestamp="20191223 20:19:09.854" level="INFO">${PASSWORD} = adminpassword</msg>
<msg timestamp="20191223 20:19:09.854" level="INFO">&amp;{PATCH_RESPONSE} = { minValue=10.0 | maxValue=23.0 | name=Test | nameEng=Test eng | status=active }</msg>
<msg timestamp="20191223 20:19:09.854" level="INFO">${PREV_TEST_MESSAGE} = </msg>
<msg timestamp="20191223 20:19:09.854" level="INFO">${PREV_TEST_NAME} = Тест створити критерію</msg>
<msg timestamp="20191223 20:19:09.854" level="INFO">${PREV_TEST_STATUS} = PASS</msg>
<msg timestamp="20191223 20:19:09.854" level="INFO">${REPORT_FILE} = /home/orest.shkhumov/Criteria_test/report.html</msg>
<msg timestamp="20191223 20:19:09.854" level="INFO">${RESOURCE} = criteria</msg>
<msg timestamp="20191223 20:19:09.855" level="INFO">&amp;{RESPONSE} = { id=5606da1f87384714a77e14415f91203f | name=Test | nameEng=Test eng | minValue=10.0 | maxValue=23.0 | dataType=number | dateModified=2019-12-23T18:19:09.787337Z | status=active | classification=Munch({'description': 'Послуги гральних закладів і тоталізаторів', 'scheme': 'ДК021', 'id': '92350000-9'}) | additionalClassification=Munch({'description': 'Солома', 'id': '03114100-4', 'scheme': 'ДК021'}) | unit=Munch({'name': 'millilitre of water', 'code': 'WW'}) }</msg>
<msg timestamp="20191223 20:19:09.855" level="INFO">${SPACE} =  </msg>
<msg timestamp="20191223 20:19:09.855" level="INFO">${SUITE_DOCUMENTATION} = </msg>
<msg timestamp="20191223 20:19:09.855" level="INFO">&amp;{SUITE_METADATA} = { }</msg>
<msg timestamp="20191223 20:19:09.855" level="INFO">${SUITE_NAME} = Tests</msg>
<msg timestamp="20191223 20:19:09.855" level="INFO">${SUITE_SOURCE} = /home/orest.shkhumov/Criteria_test/tests.robot</msg>
<msg timestamp="20191223 20:19:09.855" level="INFO">${TEMPDIR} = /tmp</msg>
<msg timestamp="20191223 20:19:09.855" level="INFO">${TEST_DOCUMENTATION} = </msg>
<msg timestamp="20191223 20:19:09.855" level="INFO">${TEST_NAME} = Тест редагувати критерію</msg>
<msg timestamp="20191223 20:19:09.855" level="INFO">@{TEST_TAGS} = [ ]</msg>
<msg timestamp="20191223 20:19:09.855" level="INFO">${True} = True</msg>
<msg timestamp="20191223 20:19:09.855" level="INFO">@{USED_ROLES} = [ admin | user ]</msg>
<msg timestamp="20191223 20:19:09.855" level="INFO">${USERNAME} = admin</msg>
<msg timestamp="20191223 20:19:09.855" level="INFO">&amp;{USERS} = { users=Munch({'admin': Munch({'api_key': 'adminpassword', 'user_name': 'admin', 'client': &lt;client.client_helper.StableClient object at 0x7f305dabcc50&gt;}), 'user': Munch({'api_key': 'userpassword', 'user_name': 'user', 'client': &lt;client.client_helper.StableClient object at 0x7f305dabcfd0&gt;})}) }</msg>
<msg timestamp="20191223 20:19:09.856" level="INFO">${USERS_FILE} = data</msg>
<status status="PASS" starttime="20191223 20:19:09.851" endtime="20191223 20:19:09.856"></status>
</kw>
<msg timestamp="20191223 20:19:09.856" level="INFO">${GET_RESPONSE_ID} = Munch({'id': '5606da1f87384714a77e14415f91203f', 'name': 'Test', 'nameEng': 'Test eng', 'minValue': '10.0', 'maxValue': '23.0', 'dataType': 'number', 'dateModified': '2019-12-23T18:19:09.787337Z', 'st...</msg>
<status status="PASS" starttime="20191223 20:19:09.807" endtime="20191223 20:19:09.856"></status>
</kw>
<kw name="Log" library="BuiltIn">
<doc>Logs the given message with the given level.</doc>
<arguments>
<arg>${GET_RESPONSE_ID}</arg>
</arguments>
<msg timestamp="20191223 20:19:09.857" level="INFO">Munch({'id': '5606da1f87384714a77e14415f91203f', 'name': 'Test', 'nameEng': 'Test eng', 'minValue': '10.0', 'maxValue': '23.0', 'dataType': 'number', 'dateModified': '2019-12-23T18:19:09.787337Z', 'status': 'active', 'classification': Munch({'description': 'Послуги гральних закладів і тоталізаторів', 'scheme': 'ДК021', 'id': '92350000-9'}), 'additionalClassification': Munch({'description': 'Солома', 'id': '03114100-4', 'scheme': 'ДК021'}), 'unit': Munch({'name': 'millilitre of water', 'code': 'WW'})})</msg>
<status status="PASS" starttime="20191223 20:19:09.856" endtime="20191223 20:19:09.857"></status>
</kw>
<kw name="Log Variables" library="BuiltIn">
<doc>Logs all variables in the current scope with given log level.</doc>
<msg timestamp="20191223 20:19:09.859" level="INFO">${/} = /</msg>
<msg timestamp="20191223 20:19:09.859" level="INFO">${:} = :</msg>
<msg timestamp="20191223 20:19:09.859" level="INFO">${\n} = 
</msg>
<msg timestamp="20191223 20:19:09.859" level="INFO">${API_HOST_URL} = http://localhost:8000</msg>
<msg timestamp="20191223 20:19:09.859" level="INFO">${API_VERSION} = 0</msg>
<msg timestamp="20191223 20:19:09.859" level="INFO">&amp;{CRITERIA_DATA} = { name=Tester2 | nameEng=Name eng | classification=Munch({'id': '92350000-9', 'scheme': 'ДК021', 'description': 'Послуги гральних закладів і тоталізаторів'}) | additionalClassification=Munch({'id': '03114100-4', 'scheme': 'ДК021', 'description': 'Солома'}) | minValue=11.0 | maxValue=22.0 | dataType=number | unit=Munch({'name': 'millilitre of water', 'code': 'WW'}) }</msg>
<msg timestamp="20191223 20:19:09.860" level="INFO">${DEBUG_FILE} = NONE</msg>
<msg timestamp="20191223 20:19:09.860" level="INFO">&amp;{EDIT_DATA} = { name=Test | nameEng=Test eng | minValue=10.0 | maxValue=23.0 | status=active }</msg>
<msg timestamp="20191223 20:19:09.860" level="INFO">${EXECDIR} = /home/orest.shkhumov/Criteria_test</msg>
<msg timestamp="20191223 20:19:09.860" level="INFO">${False} = False</msg>
<msg timestamp="20191223 20:19:09.860" level="INFO">&amp;{GET_RESPONSE_ID} = { id=5606da1f87384714a77e14415f91203f | name=Test | nameEng=Test eng | minValue=10.0 | maxValue=23.0 | dataType=number | dateModified=2019-12-23T18:19:09.787337Z | status=active | classification=Munch({'description': 'Послуги гральних закладів і тоталізаторів', 'scheme': 'ДК021', 'id': '92350000-9'}) | additionalClassification=Munch({'description': 'Солома', 'id': '03114100-4', 'scheme': 'ДК021'}) | unit=Munch({'name': 'millilitre of water', 'code': 'WW'}) }</msg>
<msg timestamp="20191223 20:19:09.860" level="INFO">${ID_CRITERIA} = 5606da1f87384714a77e14415f91203f</msg>
<msg timestamp="20191223 20:19:09.861" level="INFO">${LOG_FILE} = /home/orest.shkhumov/Criteria_test/log.html</msg>
<msg timestamp="20191223 20:19:09.861" level="INFO">${LOG_LEVEL} = INFO</msg>
<msg timestamp="20191223 20:19:09.861" level="INFO">${None} = None</msg>
<msg timestamp="20191223 20:19:09.861" level="INFO">${null} = None</msg>
<msg timestamp="20191223 20:19:09.861" level="INFO">${OUTPUT_DIR} = /home/orest.shkhumov/Criteria_test</msg>
<msg timestamp="20191223 20:19:09.861" level="INFO">${OUTPUT_FILE} = /home/orest.shkhumov/Criteria_test/output.xml</msg>
<msg timestamp="20191223 20:19:09.861" level="INFO">${PASSWORD} = adminpassword</msg>
<msg timestamp="20191223 20:19:09.861" level="INFO">&amp;{PATCH_RESPONSE} = { minValue=10.0 | maxValue=23.0 | name=Test | nameEng=Test eng | status=active }</msg>
<msg timestamp="20191223 20:19:09.861" level="INFO">${PREV_TEST_MESSAGE} = </msg>
<msg timestamp="20191223 20:19:09.861" level="INFO">${PREV_TEST_NAME} = Тест створити критерію</msg>
<msg timestamp="20191223 20:19:09.861" level="INFO">${PREV_TEST_STATUS} = PASS</msg>
<msg timestamp="20191223 20:19:09.861" level="INFO">${REPORT_FILE} = /home/orest.shkhumov/Criteria_test/report.html</msg>
<msg timestamp="20191223 20:19:09.862" level="INFO">${RESOURCE} = criteria</msg>
<msg timestamp="20191223 20:19:09.862" level="INFO">${RESPONSE} = 5606da1f87384714a77e14415f91203f</msg>
<msg timestamp="20191223 20:19:09.862" level="INFO">${SPACE} =  </msg>
<msg timestamp="20191223 20:19:09.862" level="INFO">${SUITE_DOCUMENTATION} = </msg>
<msg timestamp="20191223 20:19:09.862" level="INFO">&amp;{SUITE_METADATA} = { }</msg>
<msg timestamp="20191223 20:19:09.862" level="INFO">${SUITE_NAME} = Tests</msg>
<msg timestamp="20191223 20:19:09.862" level="INFO">${SUITE_SOURCE} = /home/orest.shkhumov/Criteria_test/tests.robot</msg>
<msg timestamp="20191223 20:19:09.862" level="INFO">${TEMPDIR} = /tmp</msg>
<msg timestamp="20191223 20:19:09.862" level="INFO">${TEST_DOCUMENTATION} = </msg>
<msg timestamp="20191223 20:19:09.862" level="INFO">${TEST_NAME} = Тест редагувати критерію</msg>
<msg timestamp="20191223 20:19:09.862" level="INFO">@{TEST_TAGS} = [ ]</msg>
<msg timestamp="20191223 20:19:09.862" level="INFO">${True} = True</msg>
<msg timestamp="20191223 20:19:09.862" level="INFO">@{USED_ROLES} = [ admin | user ]</msg>
<msg timestamp="20191223 20:19:09.863" level="INFO">${USERNAME} = admin</msg>
<msg timestamp="20191223 20:19:09.863" level="INFO">&amp;{USERS} = { users=Munch({'admin': Munch({'api_key': 'adminpassword', 'user_name': 'admin', 'client': &lt;client.client_helper.StableClient object at 0x7f305dabcc50&gt;}), 'user': Munch({'api_key': 'userpassword', 'user_name': 'user', 'client': &lt;client.client_helper.StableClient object at 0x7f305dabcfd0&gt;})}) }</msg>
<msg timestamp="20191223 20:19:09.863" level="INFO">${USERS_FILE} = data</msg>
<status status="PASS" starttime="20191223 20:19:09.858" endtime="20191223 20:19:09.863"></status>
</kw>
<msg timestamp="20191223 20:19:09.864" level="INFO">${get_criteria} = Munch({'id': '5606da1f87384714a77e14415f91203f', 'name': 'Test', 'nameEng': 'Test eng', 'minValue': '10.0', 'maxValue': '23.0', 'dataType': 'number', 'dateModified': '2019-12-23T18:19:09.787337Z', 'st...</msg>
<status status="PASS" starttime="20191223 20:19:09.807" endtime="20191223 20:19:09.864"></status>
</kw>
<kw name="Порівнняти редаговані дані" library="base_keywords">
<arguments>
<arg>${get_criteria}</arg>
<arg>${EDIT_DATA}</arg>
</arguments>
<kw name="Log" library="BuiltIn">
<doc>Logs the given message with the given level.</doc>
<arguments>
<arg>${actual_resul}</arg>
</arguments>
<msg timestamp="20191223 20:19:09.865" level="INFO">Munch({'id': '5606da1f87384714a77e14415f91203f', 'name': 'Test', 'nameEng': 'Test eng', 'minValue': '10.0', 'maxValue': '23.0', 'dataType': 'number', 'dateModified': '2019-12-23T18:19:09.787337Z', 'status': 'active', 'classification': Munch({'description': 'Послуги гральних закладів і тоталізаторів', 'scheme': 'ДК021', 'id': '92350000-9'}), 'additionalClassification': Munch({'description': 'Солома', 'id': '03114100-4', 'scheme': 'ДК021'}), 'unit': Munch({'name': 'millilitre of water', 'code': 'WW'})})</msg>
<status status="PASS" starttime="20191223 20:19:09.865" endtime="20191223 20:19:09.865"></status>
</kw>
<kw name="Log" library="BuiltIn">
<doc>Logs the given message with the given level.</doc>
<arguments>
<arg>${expected_result}</arg>
</arguments>
<msg timestamp="20191223 20:19:09.866" level="INFO">Munch({'name': 'Test', 'nameEng': 'Test eng', 'minValue': '10.0', 'maxValue': '23.0', 'status': 'active'})</msg>
<status status="PASS" starttime="20191223 20:19:09.866" endtime="20191223 20:19:09.866"></status>
</kw>
<kw name="Should Be Equal" library="BuiltIn">
<doc>Fails if the given objects are unequal.</doc>
<arguments>
<arg>${actual_resul.name}</arg>
<arg>${expected_result.name}</arg>
<arg>msg=Objects NAME are not equal</arg>
</arguments>
<status status="PASS" starttime="20191223 20:19:09.866" endtime="20191223 20:19:09.867"></status>
</kw>
<kw name="Should Be Equal" library="BuiltIn">
<doc>Fails if the given objects are unequal.</doc>
<arguments>
<arg>${actual_resul.nameEng}</arg>
<arg>${expected_result.nameEng}</arg>
<arg>msg=Objects NAME_ENG are not equal</arg>
</arguments>
<status status="PASS" starttime="20191223 20:19:09.867" endtime="20191223 20:19:09.868"></status>
</kw>
<kw name="Should Be Equal" library="BuiltIn">
<doc>Fails if the given objects are unequal.</doc>
<arguments>
<arg>${actual_resul.minValue}</arg>
<arg>${expected_result.minValue}</arg>
<arg>msg=Objects MIN_VALUE are not equal</arg>
</arguments>
<status status="PASS" starttime="20191223 20:19:09.868" endtime="20191223 20:19:09.868"></status>
</kw>
<kw name="Should Be Equal" library="BuiltIn">
<doc>Fails if the given objects are unequal.</doc>
<arguments>
<arg>${actual_resul.maxValue}</arg>
<arg>${expected_result.maxValue}</arg>
<arg>msg=Objects MAX_VALUE are not equal</arg>
</arguments>
<status status="PASS" starttime="20191223 20:19:09.869" endtime="20191223 20:19:09.869"></status>
</kw>
<kw name="Should Be Equal" library="BuiltIn">
<doc>Fails if the given objects are unequal.</doc>
<arguments>
<arg>${actual_resul.status}</arg>
<arg>${expected_result.status}</arg>
<arg>msg=Objects STATUS are not equal</arg>
</arguments>
<status status="PASS" starttime="20191223 20:19:09.869" endtime="20191223 20:19:09.870"></status>
</kw>
<status status="PASS" starttime="20191223 20:19:09.864" endtime="20191223 20:19:09.870"></status>
</kw>
<status status="PASS" starttime="20191223 20:19:09.806" endtime="20191223 20:19:09.870"></status>
</kw>
<kw name="Перевірити редагування критерії" library="base_keywords">
<arguments>
<arg>user</arg>
</arguments>
<kw name="Можливість переглядати критерію" library="base_keywords">
<arguments>
<arg>${user_name}</arg>
</arguments>
<assign>
<var>${get_criteria}</var>
</assign>
<kw name="Переглядати критерію" library="keywords_api">
<arguments>
<arg>${ID_CRITERIA}</arg>
<arg>${user_name}</arg>
</arguments>
<assign>
<var>${GET_RESPONSE_ID}</var>
</assign>
<kw name="Call Method" library="BuiltIn">
<doc>Calls the named method of the given object with the provided arguments.</doc>
<arguments>
<arg>${USERS.users.${username}.client}</arg>
<arg>get_criteria</arg>
<arg>${RESOURCE}</arg>
<arg>${ID}</arg>
</arguments>
<assign>
<var>${RESPONSE}</var>
</assign>
<msg timestamp="20191223 20:19:09.904" level="INFO">${RESPONSE} = Munch({'id': '5606da1f87384714a77e14415f91203f', 'name': 'Test', 'nameEng': 'Test eng', 'minValue': '10.0', 'maxValue': '23.0', 'dataType': 'number', 'dateModified': '2019-12-23T18:19:09.787337Z', 'st...</msg>
<status status="PASS" starttime="20191223 20:19:09.872" endtime="20191223 20:19:09.904"></status>
</kw>
<kw name="Log" library="BuiltIn">
<doc>Logs the given message with the given level.</doc>
<arguments>
<arg>${RESPONSE}</arg>
</arguments>
<msg timestamp="20191223 20:19:09.904" level="INFO">Munch({'id': '5606da1f87384714a77e14415f91203f', 'name': 'Test', 'nameEng': 'Test eng', 'minValue': '10.0', 'maxValue': '23.0', 'dataType': 'number', 'dateModified': '2019-12-23T18:19:09.787337Z', 'status': 'active', 'classification': Munch({'description': 'Послуги гральних закладів і тоталізаторів', 'scheme': 'ДК021', 'id': '92350000-9'}), 'additionalClassification': Munch({'description': 'Солома', 'id': '03114100-4', 'scheme': 'ДК021'}), 'unit': Munch({'name': 'millilitre of water', 'code': 'WW'})})</msg>
<status status="PASS" starttime="20191223 20:19:09.904" endtime="20191223 20:19:09.905"></status>
</kw>
<kw name="Log Variables" library="BuiltIn">
<doc>Logs all variables in the current scope with given log level.</doc>
<msg timestamp="20191223 20:19:09.906" level="INFO">${/} = /</msg>
<msg timestamp="20191223 20:19:09.906" level="INFO">${:} = :</msg>
<msg timestamp="20191223 20:19:09.906" level="INFO">${\n} = 
</msg>
<msg timestamp="20191223 20:19:09.906" level="INFO">${API_HOST_URL} = http://localhost:8000</msg>
<msg timestamp="20191223 20:19:09.906" level="INFO">${API_VERSION} = 0</msg>
<msg timestamp="20191223 20:19:09.906" level="INFO">&amp;{CRITERIA_DATA} = { name=Tester2 | nameEng=Name eng | classification=Munch({'id': '92350000-9', 'scheme': 'ДК021', 'description': 'Послуги гральних закладів і тоталізаторів'}) | additionalClassification=Munch({'id': '03114100-4', 'scheme': 'ДК021', 'description': 'Солома'}) | minValue=11.0 | maxValue=22.0 | dataType=number | unit=Munch({'name': 'millilitre of water', 'code': 'WW'}) }</msg>
<msg timestamp="20191223 20:19:09.906" level="INFO">${DEBUG_FILE} = NONE</msg>
<msg timestamp="20191223 20:19:09.906" level="INFO">&amp;{EDIT_DATA} = { name=Test | nameEng=Test eng | minValue=10.0 | maxValue=23.0 | status=active }</msg>
<msg timestamp="20191223 20:19:09.906" level="INFO">${EXECDIR} = /home/orest.shkhumov/Criteria_test</msg>
<msg timestamp="20191223 20:19:09.906" level="INFO">${False} = False</msg>
<msg timestamp="20191223 20:19:09.907" level="INFO">${ID} = 5606da1f87384714a77e14415f91203f</msg>
<msg timestamp="20191223 20:19:09.907" level="INFO">${ID_CRITERIA} = 5606da1f87384714a77e14415f91203f</msg>
<msg timestamp="20191223 20:19:09.907" level="INFO">${LOG_FILE} = /home/orest.shkhumov/Criteria_test/log.html</msg>
<msg timestamp="20191223 20:19:09.907" level="INFO">${LOG_LEVEL} = INFO</msg>
<msg timestamp="20191223 20:19:09.907" level="INFO">${None} = None</msg>
<msg timestamp="20191223 20:19:09.907" level="INFO">${null} = None</msg>
<msg timestamp="20191223 20:19:09.907" level="INFO">${OUTPUT_DIR} = /home/orest.shkhumov/Criteria_test</msg>
<msg timestamp="20191223 20:19:09.907" level="INFO">${OUTPUT_FILE} = /home/orest.shkhumov/Criteria_test/output.xml</msg>
<msg timestamp="20191223 20:19:09.907" level="INFO">${PASSWORD} = adminpassword</msg>
<msg timestamp="20191223 20:19:09.907" level="INFO">&amp;{PATCH_RESPONSE} = { minValue=10.0 | maxValue=23.0 | name=Test | nameEng=Test eng | status=active }</msg>
<msg timestamp="20191223 20:19:09.907" level="INFO">${PREV_TEST_MESSAGE} = </msg>
<msg timestamp="20191223 20:19:09.907" level="INFO">${PREV_TEST_NAME} = Тест створити критерію</msg>
<msg timestamp="20191223 20:19:09.907" level="INFO">${PREV_TEST_STATUS} = PASS</msg>
<msg timestamp="20191223 20:19:09.907" level="INFO">${REPORT_FILE} = /home/orest.shkhumov/Criteria_test/report.html</msg>
<msg timestamp="20191223 20:19:09.908" level="INFO">${RESOURCE} = criteria</msg>
<msg timestamp="20191223 20:19:09.908" level="INFO">&amp;{RESPONSE} = { id=5606da1f87384714a77e14415f91203f | name=Test | nameEng=Test eng | minValue=10.0 | maxValue=23.0 | dataType=number | dateModified=2019-12-23T18:19:09.787337Z | status=active | classification=Munch({'description': 'Послуги гральних закладів і тоталізаторів', 'scheme': 'ДК021', 'id': '92350000-9'}) | additionalClassification=Munch({'description': 'Солома', 'id': '03114100-4', 'scheme': 'ДК021'}) | unit=Munch({'name': 'millilitre of water', 'code': 'WW'}) }</msg>
<msg timestamp="20191223 20:19:09.908" level="INFO">${SPACE} =  </msg>
<msg timestamp="20191223 20:19:09.908" level="INFO">${SUITE_DOCUMENTATION} = </msg>
<msg timestamp="20191223 20:19:09.908" level="INFO">&amp;{SUITE_METADATA} = { }</msg>
<msg timestamp="20191223 20:19:09.908" level="INFO">${SUITE_NAME} = Tests</msg>
<msg timestamp="20191223 20:19:09.908" level="INFO">${SUITE_SOURCE} = /home/orest.shkhumov/Criteria_test/tests.robot</msg>
<msg timestamp="20191223 20:19:09.908" level="INFO">${TEMPDIR} = /tmp</msg>
<msg timestamp="20191223 20:19:09.908" level="INFO">${TEST_DOCUMENTATION} = </msg>
<msg timestamp="20191223 20:19:09.908" level="INFO">${TEST_NAME} = Тест редагувати критерію</msg>
<msg timestamp="20191223 20:19:09.908" level="INFO">@{TEST_TAGS} = [ ]</msg>
<msg timestamp="20191223 20:19:09.908" level="INFO">${True} = True</msg>
<msg timestamp="20191223 20:19:09.908" level="INFO">@{USED_ROLES} = [ admin | user ]</msg>
<msg timestamp="20191223 20:19:09.908" level="INFO">${USERNAME} = user</msg>
<msg timestamp="20191223 20:19:09.909" level="INFO">&amp;{USERS} = { users=Munch({'admin': Munch({'api_key': 'adminpassword', 'user_name': 'admin', 'client': &lt;client.client_helper.StableClient object at 0x7f305dabcc50&gt;}), 'user': Munch({'api_key': 'userpassword', 'user_name': 'user', 'client': &lt;client.client_helper.StableClient object at 0x7f305dabcfd0&gt;})}) }</msg>
<msg timestamp="20191223 20:19:09.909" level="INFO">${USERS_FILE} = data</msg>
<status status="PASS" starttime="20191223 20:19:09.905" endtime="20191223 20:19:09.909"></status>
</kw>
<msg timestamp="20191223 20:19:09.910" level="INFO">${GET_RESPONSE_ID} = Munch({'id': '5606da1f87384714a77e14415f91203f', 'name': 'Test', 'nameEng': 'Test eng', 'minValue': '10.0', 'maxValue': '23.0', 'dataType': 'number', 'dateModified': '2019-12-23T18:19:09.787337Z', 'st...</msg>
<status status="PASS" starttime="20191223 20:19:09.871" endtime="20191223 20:19:09.910"></status>
</kw>
<kw name="Log" library="BuiltIn">
<doc>Logs the given message with the given level.</doc>
<arguments>
<arg>${GET_RESPONSE_ID}</arg>
</arguments>
[...]
<msg timestamp="20191223 20:19:10.972" level="INFO">${TEMPDIR} = /tmp</msg>
<msg timestamp="20191223 20:19:10.972" level="INFO">${TEST_DOCUMENTATION} = </msg>
<msg timestamp="20191223 20:19:10.972" level="INFO">${TEST_NAME} = Тест перевірити кількість критерій</msg>
<msg timestamp="20191223 20:19:10.972" level="INFO">@{TEST_TAGS} = [ ]</msg>
<msg timestamp="20191223 20:19:10.972" level="INFO">${True} = True</msg>
<msg timestamp="20191223 20:19:10.972" level="INFO">@{USED_ROLES} = [ admin | user ]</msg>
<msg timestamp="20191223 20:19:10.972" level="INFO">${USERNAME} = user</msg>
<msg timestamp="20191223 20:19:10.973" level="INFO">&amp;{USERS} = { users=Munch({'admin': Munch({'api_key': 'adminpassword', 'user_name': 'admin', 'client': &lt;client.client_helper.StableClient object at 0x7f305dabcc50&gt;}), 'user': Munch({'api_key': 'userpassword', 'user_name': 'user', 'client': &lt;client.client_helper.StableClient object at 0x7f305dabcfd0&gt;})}) }</msg>
<msg timestamp="20191223 20:19:10.973" level="INFO">${USERS_FILE} = data</msg>
<status status="PASS" starttime="20191223 20:19:10.968" endtime="20191223 20:19:10.973"></status>
</kw>
<msg timestamp="20191223 20:19:10.974" level="INFO">${get_griteries} = Munch({'count': 227, 'next': 'http://localhost:8000/api/0/criteria/?limit=100&amp;offset=100', 'previous': None, 'results': [Munch({'id': '5606da1f87384714a77e14415f91203f', 'name': 'Test', 'classificatio...</msg>
<status status="PASS" starttime="20191223 20:19:10.632" endtime="20191223 20:19:10.974"></status>
</kw>
<kw name="Звірити всі критерії з підрахунком" library="base_keywords">
<arguments>
<arg>${get_griteries}</arg>
</arguments>
<kw name="Get Variable Value" library="BuiltIn">
<doc>Returns variable value or ``default`` if the variable does not exist.</doc>
<arguments>
<arg>${actual_result.count}</arg>
</arguments>
<assign>
<var>${expected}</var>
</assign>
<msg timestamp="20191223 20:19:10.976" level="INFO">${expected} = 227</msg>
<status status="PASS" starttime="20191223 20:19:10.975" endtime="20191223 20:19:10.976"></status>
</kw>
<kw name="Get Length" library="BuiltIn">
<doc>Returns and logs the length of the given item as an integer.</doc>
<arguments>
<arg>${actual_result.results}</arg>
</arguments>
<assign>
<var>${actual}</var>
</assign>
<msg timestamp="20191223 20:19:10.976" level="INFO">Length is 100</msg>
<msg timestamp="20191223 20:19:10.976" level="INFO">${actual} = 100</msg>
<status status="PASS" starttime="20191223 20:19:10.976" endtime="20191223 20:19:10.976"></status>
</kw>
<kw name="Log" library="BuiltIn">
<doc>Logs the given message with the given level.</doc>
<arguments>
<arg>${actual}</arg>
</arguments>
<msg timestamp="20191223 20:19:10.977" level="INFO">100</msg>
<status status="PASS" starttime="20191223 20:19:10.976" endtime="20191223 20:19:10.977"></status>
</kw>
<kw name="Should Be Equal" library="BuiltIn">
<doc>Fails if the given objects are unequal.</doc>
<arguments>
<arg>${actual}</arg>
<arg>${actual}</arg>
</arguments>
<status status="PASS" starttime="20191223 20:19:10.977" endtime="20191223 20:19:10.977"></status>
</kw>
<status status="PASS" starttime="20191223 20:19:10.974" endtime="20191223 20:19:10.977"></status>
</kw>
<status status="PASS" starttime="20191223 20:19:10.632" endtime="20191223 20:19:10.978"></status>
</kw>
<status status="PASS" starttime="20191223 20:19:09.925" endtime="20191223 20:19:10.978" critical="yes"></status>
</test>
<test id="s1-t4" name="Тест видалення критерії">
<kw name="Можливість видаляти критерію" library="base_keywords">
<arguments>
<arg>admin</arg>
</arguments>
<kw name="Видаляти критерію" library="keywords_api">
<arguments>
<arg>${ID_CRITERIA}</arg>
<arg>${user_name}</arg>
</arguments>
<assign>
<var>${RESPONSE}</var>
</assign>
<kw name="Call Method" library="BuiltIn">
<doc>Calls the named method of the given object with the provided arguments.</doc>
<arguments>
<arg>${USERS.users.${username}.client}</arg>
<arg>delete_criteria</arg>
<arg>${ID}</arg>
<arg>${RESOURCE}</arg>
</arguments>
<assign>
<var>${RESPONSE}</var>
</assign>
<msg timestamp="20191223 20:19:11.016" level="INFO">${RESPONSE} = 204</msg>
<status status="PASS" starttime="20191223 20:19:10.980" endtime="20191223 20:19:11.016"></status>
</kw>
<kw name="Log" library="BuiltIn">
<doc>Logs the given message with the given level.</doc>
<arguments>
<arg>${RESPONSE}</arg>
</arguments>
<msg timestamp="20191223 20:19:11.017" level="INFO">204</msg>
<status status="PASS" starttime="20191223 20:19:11.017" endtime="20191223 20:19:11.017"></status>
</kw>
<kw name="Log Variables" library="BuiltIn">
<doc>Logs all variables in the current scope with given log level.</doc>
<msg timestamp="20191223 20:19:11.019" level="INFO">${/} = /</msg>
<msg timestamp="20191223 20:19:11.019" level="INFO">${:} = :</msg>
<msg timestamp="20191223 20:19:11.019" level="INFO">${\n} = 
</msg>
<msg timestamp="20191223 20:19:11.019" level="INFO">${API_HOST_URL} = http://localhost:8000</msg>
<msg timestamp="20191223 20:19:11.020" level="INFO">${API_VERSION} = 0</msg>
<msg timestamp="20191223 20:19:11.020" level="INFO">&amp;{CRITERIA_DATA} = { name=Tester2 | nameEng=Name eng | classification=Munch({'id': '92350000-9', 'scheme': 'ДК021', 'description': 'Послуги гральних закладів і тоталізаторів'}) | additionalClassification=Munch({'id': '03114100-4', 'scheme': 'ДК021', 'description': 'Солома'}) | minValue=11.0 | maxValue=22.0 | dataType=number | unit=Munch({'name': 'millilitre of water', 'code': 'WW'}) }</msg>
<msg timestamp="20191223 20:19:11.020" level="INFO">${DEBUG_FILE} = NONE</msg>
<msg timestamp="20191223 20:19:11.020" level="INFO">&amp;{EDIT_DATA} = { name=Test | nameEng=Test eng | minValue=10.0 | maxValue=23.0 | status=active }</msg>
<msg timestamp="20191223 20:19:11.020" level="INFO">${EXECDIR} = /home/orest.shkhumov/Criteria_test</msg>
<msg timestamp="20191223 20:19:11.020" level="INFO">${False} = False</msg>
<msg timestamp="20191223 20:19:11.020" level="INFO">${ID} = 5606da1f87384714a77e14415f91203f</msg>
<msg timestamp="20191223 20:19:11.020" level="INFO">${ID_CRITERIA} = 5606da1f87384714a77e14415f91203f</msg>
<msg timestamp="20191223 20:19:11.021" level="INFO">${LOG_FILE} = /home/orest.shkhumov/Criteria_test/log.html</msg>
<msg timestamp="20191223 20:19:11.021" level="INFO">${LOG_LEVEL} = INFO</msg>
<msg timestamp="20191223 20:19:11.021" level="INFO">${None} = None</msg>
<msg timestamp="20191223 20:19:11.021" level="INFO">${null} = None</msg>
<msg timestamp="20191223 20:19:11.021" level="INFO">${OUTPUT_DIR} = /home/orest.shkhumov/Criteria_test</msg>
<msg timestamp="20191223 20:19:11.021" level="INFO">${OUTPUT_FILE} = /home/orest.shkhumov/Criteria_test/output.xml</msg>
<msg timestamp="20191223 20:19:11.021" level="INFO">${PASSWORD} = adminpassword</msg>
<msg timestamp="20191223 20:19:11.021" level="INFO">&amp;{PATCH_RESPONSE} = { minValue=10.0 | maxValue=23.0 | name=Test | nameEng=Test eng | status=active }</msg>
<msg timestamp="20191223 20:19:11.021" level="INFO">${PREV_TEST_MESSAGE} = </msg>
<msg timestamp="20191223 20:19:11.021" level="INFO">${PREV_TEST_NAME} = Тест перевірити кількість критерій</msg>
<msg timestamp="20191223 20:19:11.022" level="INFO">${PREV_TEST_STATUS} = PASS</msg>
<msg timestamp="20191223 20:19:11.022" level="INFO">${REPORT_FILE} = /home/orest.shkhumov/Criteria_test/report.html</msg>
<msg timestamp="20191223 20:19:11.022" level="INFO">${RESOURCE} = criteria</msg>
<msg timestamp="20191223 20:19:11.022" level="INFO">${RESPONSE} = 204</msg>
<msg timestamp="20191223 20:19:11.022" level="INFO">${SPACE} =  </msg>
<msg timestamp="20191223 20:19:11.022" level="INFO">${SUITE_DOCUMENTATION} = </msg>
<msg timestamp="20191223 20:19:11.022" level="INFO">&amp;{SUITE_METADATA} = { }</msg>
<msg timestamp="20191223 20:19:11.022" level="INFO">${SUITE_NAME} = Tests</msg>
<msg timestamp="20191223 20:19:11.022" level="INFO">${SUITE_SOURCE} = /home/orest.shkhumov/Criteria_test/tests.robot</msg>
<msg timestamp="20191223 20:19:11.022" level="INFO">${TEMPDIR} = /tmp</msg>
<msg timestamp="20191223 20:19:11.023" level="INFO">${TEST_DOCUMENTATION} = </msg>
<msg timestamp="20191223 20:19:11.023" level="INFO">${TEST_NAME} = Тест видалення критерії</msg>
<msg timestamp="20191223 20:19:11.023" level="INFO">@{TEST_TAGS} = [ ]</msg>
<msg timestamp="20191223 20:19:11.023" level="INFO">${True} = True</msg>
<msg timestamp="20191223 20:19:11.023" level="INFO">@{USED_ROLES} = [ admin | user ]</msg>
<msg timestamp="20191223 20:19:11.023" level="INFO">${USERNAME} = admin</msg>
<msg timestamp="20191223 20:19:11.023" level="INFO">&amp;{USERS} = { users=Munch({'admin': Munch({'api_key': 'adminpassword', 'user_name': 'admin', 'client': &lt;client.client_helper.StableClient object at 0x7f305dabcc50&gt;}), 'user': Munch({'api_key': 'userpassword', 'user_name': 'user', 'client': &lt;client.client_helper.StableClient object at 0x7f305dabcfd0&gt;})}) }</msg>
<msg timestamp="20191223 20:19:11.023" level="INFO">${USERS_FILE} = data</msg>
<status status="PASS" starttime="20191223 20:19:11.018" endtime="20191223 20:19:11.023"></status>
</kw>
<msg timestamp="20191223 20:19:11.024" level="INFO">${RESPONSE} = 204</msg>
<status status="PASS" starttime="20191223 20:19:10.979" endtime="20191223 20:19:11.024"></status>
</kw>
<kw name="Log" library="BuiltIn">
<doc>Logs the given message with the given level.</doc>
<arguments>
<arg>${RESPONSE}</arg>
</arguments>
<msg timestamp="20191223 20:19:11.024" level="INFO">204</msg>
<status status="PASS" starttime="20191223 20:19:11.024" endtime="20191223 20:19:11.024"></status>
</kw>
<kw name="Log Variables" library="BuiltIn">
<doc>Logs all variables in the current scope with given log level.</doc>
<msg timestamp="20191223 20:19:11.026" level="INFO">${/} = /</msg>
<msg timestamp="20191223 20:19:11.026" level="INFO">${:} = :</msg>
<msg timestamp="20191223 20:19:11.026" level="INFO">${\n} = 
</msg>
<msg timestamp="20191223 20:19:11.026" level="INFO">${API_HOST_URL} = http://localhost:8000</msg>
<msg timestamp="20191223 20:19:11.026" level="INFO">${API_VERSION} = 0</msg>
<msg timestamp="20191223 20:19:11.026" level="INFO">&amp;{CRITERIA_DATA} = { name=Tester2 | nameEng=Name eng | classification=Munch({'id': '92350000-9', 'scheme': 'ДК021', 'description': 'Послуги гральних закладів і тоталізаторів'}) | additionalClassification=Munch({'id': '03114100-4', 'scheme': 'ДК021', 'description': 'Солома'}) | minValue=11.0 | maxValue=22.0 | dataType=number | unit=Munch({'name': 'millilitre of water', 'code': 'WW'}) }</msg>
<msg timestamp="20191223 20:19:11.026" level="INFO">${DEBUG_FILE} = NONE</msg>
<msg timestamp="20191223 20:19:11.026" level="INFO">&amp;{EDIT_DATA} = { name=Test | nameEng=Test eng | minValue=10.0 | maxValue=23.0 | status=active }</msg>
<msg timestamp="20191223 20:19:11.026" level="INFO">${EXECDIR} = /home/orest.shkhumov/Criteria_test</msg>
<msg timestamp="20191223 20:19:11.026" level="INFO">${False} = False</msg>
<msg timestamp="20191223 20:19:11.026" level="INFO">${ID_CRITERIA} = 5606da1f87384714a77e14415f91203f</msg>
<msg timestamp="20191223 20:19:11.027" level="INFO">${LOG_FILE} = /home/orest.shkhumov/Criteria_test/log.html</msg>
<msg timestamp="20191223 20:19:11.027" level="INFO">${LOG_LEVEL} = INFO</msg>
<msg timestamp="20191223 20:19:11.027" level="INFO">${None} = None</msg>
<msg timestamp="20191223 20:19:11.027" level="INFO">${null} = None</msg>
<msg timestamp="20191223 20:19:11.027" level="INFO">${OUTPUT_DIR} = /home/orest.shkhumov/Criteria_test</msg>
<msg timestamp="20191223 20:19:11.027" level="INFO">${OUTPUT_FILE} = /home/orest.shkhumov/Criteria_test/output.xml</msg>
<msg timestamp="20191223 20:19:11.027" level="INFO">${PASSWORD} = adminpassword</msg>
<msg timestamp="20191223 20:19:11.027" level="INFO">&amp;{PATCH_RESPONSE} = { minValue=10.0 | maxValue=23.0 | name=Test | nameEng=Test eng | status=active }</msg>
<msg timestamp="20191223 20:19:11.027" level="INFO">${PREV_TEST_MESSAGE} = </msg>
<msg timestamp="20191223 20:19:11.027" level="INFO">${PREV_TEST_NAME} = Тест перевірити кількість критерій</msg>
<msg timestamp="20191223 20:19:11.027" level="INFO">${PREV_TEST_STATUS} = PASS</msg>
<msg timestamp="20191223 20:19:11.028" level="INFO">${REPORT_FILE} = /home/orest.shkhumov/Criteria_test/report.html</msg>
<msg timestamp="20191223 20:19:11.028" level="INFO">${RESOURCE} = criteria</msg>
<msg timestamp="20191223 20:19:11.028" level="INFO">${RESPONSE} = 204</msg>
<msg timestamp="20191223 20:19:11.028" level="INFO">${SPACE} =  </msg>
<msg timestamp="20191223 20:19:11.028" level="INFO">${SUITE_DOCUMENTATION} = </msg>
<msg timestamp="20191223 20:19:11.028" level="INFO">&amp;{SUITE_METADATA} = { }</msg>
<msg timestamp="20191223 20:19:11.028" level="INFO">${SUITE_NAME} = Tests</msg>
<msg timestamp="20191223 20:19:11.028" level="INFO">${SUITE_SOURCE} = /home/orest.shkhumov/Criteria_test/tests.robot</msg>
<msg timestamp="20191223 20:19:11.028" level="INFO">${TEMPDIR} = /tmp</msg>
<msg timestamp="20191223 20:19:11.028" level="INFO">${TEST_DOCUMENTATION} = </msg>
<msg timestamp="20191223 20:19:11.028" level="INFO">${TEST_NAME} = Тест видалення критерії</msg>
<msg timestamp="20191223 20:19:11.028" level="INFO">@{TEST_TAGS} = [ ]</msg>
<msg timestamp="20191223 20:19:11.029" level="INFO">${True} = True</msg>
<msg timestamp="20191223 20:19:11.029" level="INFO">@{USED_ROLES} = [ admin | user ]</msg>
<msg timestamp="20191223 20:19:11.029" level="INFO">${USERNAME} = admin</msg>
<msg timestamp="20191223 20:19:11.029" level="INFO">&amp;{USERS} = { users=Munch({'admin': Munch({'api_key': 'adminpassword', 'user_name': 'admin', 'client': &lt;client.client_helper.StableClient object at 0x7f305dabcc50&gt;}), 'user': Munch({'api_key': 'userpassword', 'user_name': 'user', 'client': &lt;client.client_helper.StableClient object at 0x7f305dabcfd0&gt;})}) }</msg>
<msg timestamp="20191223 20:19:11.029" level="INFO">${USERS_FILE} = data</msg>
<status status="PASS" starttime="20191223 20:19:11.025" endtime="20191223 20:19:11.029"></status>
</kw>
<status status="PASS" starttime="20191223 20:19:10.979" endtime="20191223 20:19:11.029"></status>
</kw>
<kw name="Перевірити чи критерія видалена" library="base_keywords">
<arguments>
<arg>admin</arg>
</arguments>
<kw name="Run Keyword And Expect Error" library="BuiltIn">
<doc>Runs the keyword and checks that the expected error occurred.</doc>
<arguments>
<arg>*</arg>
<arg>Можливість переглядати критерію</arg>
<arg>${user_name}</arg>
</arguments>
<assign>
<var>${get_criteria}</var>
</assign>
<kw name="Можливість переглядати критерію" library="base_keywords">
<arguments>
<arg>${user_name}</arg>
</arguments>
<kw name="Переглядати критерію" library="keywords_api">
<arguments>
<arg>${ID_CRITERIA}</arg>
<arg>${user_name}</arg>
</arguments>
<assign>
<var>${GET_RESPONSE_ID}</var>
</assign>
<kw name="Call Method" library="BuiltIn">
<doc>Calls the named method of the given object with the provided arguments.</doc>
<arguments>
<arg>${USERS.users.${username}.client}</arg>
<arg>get_criteria</arg>
<arg>${RESOURCE}</arg>
<arg>${ID}</arg>
</arguments>
<assign>
<var>${RESPONSE}</var>
</assign>
<msg timestamp="20191223 20:19:11.058" level="FAIL">Calling method 'get_criteria' failed: InvalidResponse: {"detail":"Not found."}</msg>
<status status="FAIL" starttime="20191223 20:19:11.032" endtime="20191223 20:19:11.058"></status>
</kw>
<status status="FAIL" starttime="20191223 20:19:11.031" endtime="20191223 20:19:11.059"></status>
</kw>
<status status="FAIL" starttime="20191223 20:19:11.031" endtime="20191223 20:19:11.059"></status>
</kw>
<msg timestamp="20191223 20:19:11.059" level="INFO">${get_criteria} = Calling method 'get_criteria' failed: InvalidResponse: {"detail":"Not found."}</msg>
<status status="PASS" starttime="20191223 20:19:11.030" endtime="20191223 20:19:11.059"></status>
</kw>
<kw name="Log" library="BuiltIn">
<doc>Logs the given message with the given level.</doc>
<arguments>
<arg>${get_criteria}</arg>
</arguments>
<msg timestamp="20191223 20:19:11.060" level="INFO">Calling method 'get_criteria' failed: InvalidResponse: {"detail":"Not found."}</msg>
<status status="PASS" starttime="20191223 20:19:11.060" endtime="20191223 20:19:11.060"></status>
</kw>
<kw name="Спроба знайти видалену критерію" library="base_keywords">
<arguments>
<arg>${get_criteria}</arg>
</arguments>
<kw name="Should Contain" library="BuiltIn">
<doc>Fails if ``container`` does not contain ``item`` one or more times.</doc>
<arguments>
<arg>${actual_result}</arg>
<arg>Not found.</arg>
</arguments>
<status status="PASS" starttime="20191223 20:19:11.062" endtime="20191223 20:19:11.062"></status>
</kw>
<status status="PASS" starttime="20191223 20:19:11.061" endtime="20191223 20:19:11.063"></status>
</kw>
<status status="PASS" starttime="20191223 20:19:11.030" endtime="20191223 20:19:11.063"></status>
</kw>
<kw name="Перевірити чи критерія видалена" library="base_keywords">
<arguments>
<arg>user</arg>
</arguments>
<kw name="Run Keyword And Expect Error" library="BuiltIn">
<doc>Runs the keyword and checks that the expected error occurred.</doc>
<arguments>
<arg>*</arg>
<arg>Можливість переглядати критерію</arg>
<arg>${user_name}</arg>
</arguments>
<assign>
<var>${get_criteria}</var>
</assign>
<kw name="Можливість переглядати критерію" library="base_keywords">
<arguments>
<arg>${user_name}</arg>
</arguments>
<kw name="Переглядати критерію" library="keywords_api">
<arguments>
<arg>${ID_CRITERIA}</arg>
<arg>${user_name}</arg>
</arguments>
<assign>
<var>${GET_RESPONSE_ID}</var>
</assign>
<kw name="Call Method" library="BuiltIn">
<doc>Calls the named method of the given object with the provided arguments.</doc>
<arguments>
<arg>${USERS.users.${username}.client}</arg>
<arg>get_criteria</arg>
<arg>${RESOURCE}</arg>
<arg>${ID}</arg>
</arguments>
<assign>
<var>${RESPONSE}</var>
</assign>
<msg timestamp="20191223 20:19:11.099" level="FAIL">Calling method 'get_criteria' failed: InvalidResponse: {"detail":"Not found."}</msg>
<status status="FAIL" starttime="20191223 20:19:11.068" endtime="20191223 20:19:11.099"></status>
</kw>
<status status="FAIL" starttime="20191223 20:19:11.067" endtime="20191223 20:19:11.100"></status>
</kw>
<status status="FAIL" starttime="20191223 20:19:11.065" endtime="20191223 20:19:11.100"></status>
</kw>
<msg timestamp="20191223 20:19:11.100" level="INFO">${get_criteria} = Calling method 'get_criteria' failed: InvalidResponse: {"detail":"Not found."}</msg>
<status status="PASS" starttime="20191223 20:19:11.064" endtime="20191223 20:19:11.100"></status>
</kw>
<kw name="Log" library="BuiltIn">
<doc>Logs the given message with the given level.</doc>
<arguments>
<arg>${get_criteria}</arg>
</arguments>
<msg timestamp="20191223 20:19:11.101" level="INFO">Calling method 'get_criteria' failed: InvalidResponse: {"detail":"Not found."}</msg>
<status status="PASS" starttime="20191223 20:19:11.100" endtime="20191223 20:19:11.101"></status>
</kw>
<kw name="Спроба знайти видалену критерію" library="base_keywords">
<arguments>
<arg>${get_criteria}</arg>
</arguments>
<kw name="Should Contain" library="BuiltIn">
<doc>Fails if ``container`` does not contain ``item`` one or more times.</doc>
<arguments>
<arg>${actual_result}</arg>
<arg>Not found.</arg>
</arguments>
<status status="PASS" starttime="20191223 20:19:11.102" endtime="20191223 20:19:11.102"></status>
</kw>
<status status="PASS" starttime="20191223 20:19:11.101" endtime="20191223 20:19:11.102"></status>
</kw>
<status status="PASS" starttime="20191223 20:19:11.064" endtime="20191223 20:19:11.102"></status>
</kw>
<status status="PASS" starttime="20191223 20:19:10.978" endtime="20191223 20:19:11.103" critical="yes"></status>
</test>
<status status="PASS" starttime="20191223 20:19:09.048" endtime="20191223 20:19:11.104"></status>
</suite>
<statistics>
<total>
<stat pass="4" fail="0">Critical Tests</stat>
<stat pass="4" fail="0">All Tests</stat>
</total>
<tag>
</tag>
<suite>
<stat pass="4" fail="0" id="s1" name="Tests">Tests</stat>
</suite>
</statistics>
<errors>
</errors>
</robot>
