<?xml version="1.0" encoding="UTF-8"?>
<robot generator="Robot 3.1.2 (Python 3.7.5 on linux)" generated="20191223 15:46:14.849" rpa="false">
<suite id="s1" name="Tests" source="/home/orest.shkhumov/Criteria_test/tests.robot">
<kw name="Підготувати клієнт для користувача" library="keywords_api" type="setup">
<kw name="Load Data From" library="service_keywords">
<doc>We assume that 'external_params' is a a valid json if passed</doc>
<arguments>
<arg>users.yaml</arg>
</arguments>
<assign>
<var>${USERS}</var>
</assign>
<msg timestamp="20191223 15:46:15.362" level="INFO">${USERS} = Munch({'users': Munch({'admin': Munch({'api_key': 'adminpassword', 'user_name': 'admin'}), 'user': Munch({'api_key': 'userpassword', 'user_name': 'user'})})})</msg>
<status status="PASS" starttime="20191223 15:46:15.360" endtime="20191223 15:46:15.362"></status>
</kw>
<kw name="${username} IN [ @{USED_ROLES} ]" type="for">
<kw name="${username} = admin" type="foritem">
<kw name="Prepare Api Wrapper" library="client.client_helper">
<arguments>
<arg>${USERS.users.${username}.user_name}</arg>
<arg>${USERS.users.${username}.api_key}</arg>
<arg>${API_HOST_URL}</arg>
<arg>${API_VERSION}</arg>
</arguments>
<assign>
<var>${api_wraper}</var>
</assign>
<msg timestamp="20191223 15:46:15.363" level="INFO">${api_wraper} = &lt;client.client_helper.StableClient object at 0x7f38a32bbdd0&gt;</msg>
<status status="PASS" starttime="20191223 15:46:15.363" endtime="20191223 15:46:15.363"></status>
</kw>
<kw name="Set To Dictionary" library="Collections">
<doc>Adds the given ``key_value_pairs`` and ``items`` to the ``dictionary``.</doc>
<arguments>
<arg>${USERS.users.${username}}</arg>
<arg>client=${api_wraper}</arg>
</arguments>
<status status="PASS" starttime="20191223 15:46:15.364" endtime="20191223 15:46:15.364"></status>
</kw>
<status status="PASS" starttime="20191223 15:46:15.362" endtime="20191223 15:46:15.364"></status>
</kw>
<kw name="${username} = user" type="foritem">
<kw name="Prepare Api Wrapper" library="client.client_helper">
<arguments>
<arg>${USERS.users.${username}.user_name}</arg>
<arg>${USERS.users.${username}.api_key}</arg>
<arg>${API_HOST_URL}</arg>
<arg>${API_VERSION}</arg>
</arguments>
<assign>
<var>${api_wraper}</var>
</assign>
<msg timestamp="20191223 15:46:15.366" level="INFO">${api_wraper} = &lt;client.client_helper.StableClient object at 0x7f38a324e810&gt;</msg>
<status status="PASS" starttime="20191223 15:46:15.365" endtime="20191223 15:46:15.366"></status>
</kw>
<kw name="Set To Dictionary" library="Collections">
<doc>Adds the given ``key_value_pairs`` and ``items`` to the ``dictionary``.</doc>
<arguments>
<arg>${USERS.users.${username}}</arg>
<arg>client=${api_wraper}</arg>
</arguments>
<status status="PASS" starttime="20191223 15:46:15.366" endtime="20191223 15:46:15.367"></status>
</kw>
<status status="PASS" starttime="20191223 15:46:15.364" endtime="20191223 15:46:15.367"></status>
</kw>
<status status="PASS" starttime="20191223 15:46:15.362" endtime="20191223 15:46:15.367"></status>
</kw>
<kw name="Set Suite Variable" library="BuiltIn">
<doc>Makes a variable available everywhere within the scope of the current suite.</doc>
<arguments>
<arg>${USERS}</arg>
</arguments>
<msg timestamp="20191223 15:46:15.368" level="INFO">${USERS} = Munch({'users': Munch({'admin': Munch({'api_key': 'adminpassword', 'user_name': 'admin', 'client': &lt;client.client_helper.StableClient object at 0x7f38a32bbdd0&gt;}), 'user': Munch({'api_key': 'userpasswo...</msg>
<status status="PASS" starttime="20191223 15:46:15.368" endtime="20191223 15:46:15.369"></status>
</kw>
<status status="PASS" starttime="20191223 15:46:15.359" endtime="20191223 15:46:15.369"></status>
</kw>
<test id="s1-t1" name="Тест створити критерію">
<kw name="Можливість cтворити критерію" library="base_keywords">
<arguments>
<arg>admin</arg>
</arguments>
<kw name="Піготувати дані для критерії" library="keywords_data">
<assign>
<var>${CRITERIA_DATA}</var>
</assign>
<kw name="Data For Criteria" library="data.init_data">
<assign>
<var>${CRITERIA_DATA}</var>
</assign>
<msg timestamp="20191223 15:46:15.373" level="INFO">${CRITERIA_DATA} = Munch({'name': 'Tester2', 'nameEng': 'Name eng', 'classification': Munch({'id': '92350000-9', 'scheme': 'ДК021', 'description': 'Послуги гральних закладів і тоталізаторів'}), 'additionalClassification...</msg>
<status status="PASS" starttime="20191223 15:46:15.372" endtime="20191223 15:46:15.373"></status>
</kw>
<kw name="Log" library="BuiltIn">
<doc>Logs the given message with the given level.</doc>
<arguments>
<arg>${CRITERIA_DATA}</arg>
</arguments>
<msg timestamp="20191223 15:46:15.374" level="INFO">Munch({'name': 'Tester2', 'nameEng': 'Name eng', 'classification': Munch({'id': '92350000-9', 'scheme': 'ДК021', 'description': 'Послуги гральних закладів і тоталізаторів'}), 'additionalClassification': Munch({'id': '03114100-4', 'scheme': 'ДК021', 'description': 'Солома'}), 'minValue': '11.0', 'maxValue': '22.0', 'dataType': 'number', 'unit': Munch({'name': 'millilitre of water', 'code': 'WW'})})</msg>
<status status="PASS" starttime="20191223 15:46:15.373" endtime="20191223 15:46:15.374"></status>
</kw>
<msg timestamp="20191223 15:46:15.374" level="INFO">${CRITERIA_DATA} = Munch({'name': 'Tester2', 'nameEng': 'Name eng', 'classification': Munch({'id': '92350000-9', 'scheme': 'ДК021', 'description': 'Послуги гральних закладів і тоталізаторів'}), 'additionalClassification...</msg>
<status status="PASS" starttime="20191223 15:46:15.371" endtime="20191223 15:46:15.374"></status>
</kw>
<kw name="Set Suite Variable" library="BuiltIn">
<doc>Makes a variable available everywhere within the scope of the current suite.</doc>
<arguments>
<arg>${CRITERIA_DATA}</arg>
</arguments>
<msg timestamp="20191223 15:46:15.375" level="INFO">${CRITERIA_DATA} = Munch({'name': 'Tester2', 'nameEng': 'Name eng', 'classification': Munch({'id': '92350000-9', 'scheme': 'ДК021', 'description': 'Послуги гральних закладів і тоталізаторів'}), 'additionalClassification...</msg>
<status status="PASS" starttime="20191223 15:46:15.375" endtime="20191223 15:46:15.375"></status>
</kw>
<kw name="Створити критерію" library="keywords_api">
<arguments>
<arg>${CRITERIA_DATA}</arg>
<arg>${user_name}</arg>
</arguments>
<assign>
<var>${RESPONSE}</var>
</assign>
<kw name="Call Method" library="BuiltIn">
<doc>Calls the named method of the given object with the provided arguments.</doc>
<arguments>
<arg>${USERS.users.${username}.client}</arg>
<arg>create_criteria</arg>
<arg>${RESOURCE}</arg>
<arg>${DATA}</arg>
</arguments>
<assign>
<var>${RESPONSE}</var>
</assign>
<msg timestamp="20191223 15:46:15.431" level="INFO">${RESPONSE} = Munch({'id': 'b7e577582d6940da98ba806c08b41b9f', 'name': 'Tester2', 'nameEng': 'Name eng', 'minValue': 11.0, 'maxValue': 22.0, 'dataType': 'number', 'status': 'active', 'classification': Munch({'descr...</msg>
<status status="PASS" starttime="20191223 15:46:15.376" endtime="20191223 15:46:15.431"></status>
</kw>
<kw name="Log" library="BuiltIn">
<doc>Logs the given message with the given level.</doc>
<arguments>
<arg>${RESPONSE}</arg>
</arguments>
<msg timestamp="20191223 15:46:15.432" level="INFO">Munch({'id': 'b7e577582d6940da98ba806c08b41b9f', 'name': 'Tester2', 'nameEng': 'Name eng', 'minValue': 11.0, 'maxValue': 22.0, 'dataType': 'number', 'status': 'active', 'classification': Munch({'description': 'Послуги гральних закладів і тоталізаторів', 'scheme': 'ДК021', 'id': '92350000-9'}), 'additionalClassification': Munch({'description': 'Солома', 'id': '03114100-4', 'scheme': 'ДК021'}), 'unit': Munch({'name': 'millilitre of water', 'code': 'WW'}), 'dateModified': '2019-12-23T13:46:15.416478Z'})</msg>
<status status="PASS" starttime="20191223 15:46:15.432" endtime="20191223 15:46:15.432"></status>
</kw>
<kw name="Log Variables" library="BuiltIn">
<doc>Logs all variables in the current scope with given log level.</doc>
<msg timestamp="20191223 15:46:15.434" level="INFO">${/} = /</msg>
<msg timestamp="20191223 15:46:15.434" level="INFO">${:} = :</msg>
<msg timestamp="20191223 15:46:15.434" level="INFO">${\n} = 
</msg>
<msg timestamp="20191223 15:46:15.434" level="INFO">${API_HOST_URL} = http://localhost:8000</msg>
<msg timestamp="20191223 15:46:15.434" level="INFO">${API_VERSION} = 0</msg>
<msg timestamp="20191223 15:46:15.434" level="INFO">&amp;{CRITERIA_DATA} = { name=Tester2 | nameEng=Name eng | classification=Munch({'id': '92350000-9', 'scheme': 'ДК021', 'description': 'Послуги гральних закладів і тоталізаторів'}) | additionalClassification=Munch({'id': '03114100-4', 'scheme': 'ДК021', 'description': 'Солома'}) | minValue=11.0 | maxValue=22.0 | dataType=number | unit=Munch({'name': 'millilitre of water', 'code': 'WW'}) }</msg>
<msg timestamp="20191223 15:46:15.434" level="INFO">&amp;{DATA} = { name=Tester2 | nameEng=Name eng | classification=Munch({'id': '92350000-9', 'scheme': 'ДК021', 'description': 'Послуги гральних закладів і тоталізаторів'}) | additionalClassification=Munch({'id': '03114100-4', 'scheme': 'ДК021', 'description': 'Солома'}) | minValue=11.0 | maxValue=22.0 | dataType=number | unit=Munch({'name': 'millilitre of water', 'code': 'WW'}) }</msg>
<msg timestamp="20191223 15:46:15.434" level="INFO">${DEBUG_FILE} = NONE</msg>
<msg timestamp="20191223 15:46:15.434" level="INFO">${EXECDIR} = /home/orest.shkhumov/Criteria_test</msg>
<msg timestamp="20191223 15:46:15.435" level="INFO">${False} = False</msg>
<msg timestamp="20191223 15:46:15.435" level="INFO">${LOG_FILE} = /home/orest.shkhumov/Criteria_test/log.html</msg>
<msg timestamp="20191223 15:46:15.435" level="INFO">${LOG_LEVEL} = INFO</msg>
<msg timestamp="20191223 15:46:15.435" level="INFO">${None} = None</msg>
<msg timestamp="20191223 15:46:15.435" level="INFO">${null} = None</msg>
<msg timestamp="20191223 15:46:15.435" level="INFO">${OUTPUT_DIR} = /home/orest.shkhumov/Criteria_test</msg>
<msg timestamp="20191223 15:46:15.435" level="INFO">${OUTPUT_FILE} = /home/orest.shkhumov/Criteria_test/output.xml</msg>
<msg timestamp="20191223 15:46:15.435" level="INFO">${PASSWORD} = adminpassword</msg>
<msg timestamp="20191223 15:46:15.435" level="INFO">${PREV_TEST_MESSAGE} = </msg>
<msg timestamp="20191223 15:46:15.435" level="INFO">${PREV_TEST_NAME} = </msg>
<msg timestamp="20191223 15:46:15.435" level="INFO">${PREV_TEST_STATUS} = </msg>
<msg timestamp="20191223 15:46:15.435" level="INFO">${REPORT_FILE} = /home/orest.shkhumov/Criteria_test/report.html</msg>
<msg timestamp="20191223 15:46:15.435" level="INFO">${RESOURCE} = criteria</msg>
<msg timestamp="20191223 15:46:15.435" level="INFO">&amp;{RESPONSE} = { id=b7e577582d6940da98ba806c08b41b9f | name=Tester2 | nameEng=Name eng | minValue=11.0 | maxValue=22.0 | dataType=number | status=active | classification=Munch({'description': 'Послуги гральних закладів і тоталізаторів', 'scheme': 'ДК021', 'id': '92350000-9'}) | additionalClassification=Munch({'description': 'Солома', 'id': '03114100-4', 'scheme': 'ДК021'}) | unit=Munch({'name': 'millilitre of water', 'code': 'WW'}) | dateModified=2019-12-23T13:46:15.416478Z }</msg>
<msg timestamp="20191223 15:46:15.436" level="INFO">${SPACE} =  </msg>
<msg timestamp="20191223 15:46:15.436" level="INFO">${SUITE_DOCUMENTATION} = </msg>
<msg timestamp="20191223 15:46:15.436" level="INFO">&amp;{SUITE_METADATA} = { }</msg>
<msg timestamp="20191223 15:46:15.436" level="INFO">${SUITE_NAME} = Tests</msg>
<msg timestamp="20191223 15:46:15.436" level="INFO">${SUITE_SOURCE} = /home/orest.shkhumov/Criteria_test/tests.robot</msg>
<msg timestamp="20191223 15:46:15.436" level="INFO">${TEMPDIR} = /tmp</msg>
<msg timestamp="20191223 15:46:15.436" level="INFO">${TEST_DOCUMENTATION} = </msg>
<msg timestamp="20191223 15:46:15.436" level="INFO">${TEST_NAME} = Тест створити критерію</msg>
<msg timestamp="20191223 15:46:15.436" level="INFO">@{TEST_TAGS} = [ &lt;client.client_helper.StableClient object at 0x7f38a32bbdd0&gt; ]</msg>
<msg timestamp="20191223 15:46:15.436" level="INFO">${True} = True</msg>
<msg timestamp="20191223 15:46:15.436" level="INFO">@{USED_ROLES} = [ admin | user ]</msg>
<msg timestamp="20191223 15:46:15.437" level="INFO">${USERNAME} = admin</msg>
<msg timestamp="20191223 15:46:15.437" level="INFO">&amp;{USERS} = { users=Munch({'admin': Munch({'api_key': 'adminpassword', 'user_name': 'admin', 'client': &lt;client.client_helper.StableClient object at 0x7f38a32bbdd0&gt;}), 'user': Munch({'api_key': 'userpassword', 'user_name': 'user', 'client': &lt;client.client_helper.StableClient object at 0x7f38a324e810&gt;})}) }</msg>
<msg timestamp="20191223 15:46:15.437" level="INFO">${USERS_FILE} = data</msg>
<status status="PASS" starttime="20191223 15:46:15.433" endtime="20191223 15:46:15.437"></status>
</kw>
<msg timestamp="20191223 15:46:15.437" level="INFO">${RESPONSE} = b7e577582d6940da98ba806c08b41b9f</msg>
<status status="PASS" starttime="20191223 15:46:15.375" endtime="20191223 15:46:15.437"></status>
</kw>
<kw name="Set Suite Variable" library="BuiltIn">
<doc>Makes a variable available everywhere within the scope of the current suite.</doc>
<arguments>
<arg>${ID_CRITERIA}</arg>
<arg>${RESPONSE}</arg>
</arguments>
<msg timestamp="20191223 15:46:15.439" level="INFO">${ID_CRITERIA} = b7e577582d6940da98ba806c08b41b9f</msg>
<status status="PASS" starttime="20191223 15:46:15.438" endtime="20191223 15:46:15.439"></status>
</kw>
<kw name="Set Suite Variable" library="BuiltIn">
<doc>Makes a variable available everywhere within the scope of the current suite.</doc>
<arguments>
<arg>${RESPONSE}</arg>
</arguments>
<msg timestamp="20191223 15:46:15.439" level="INFO">${RESPONSE} = b7e577582d6940da98ba806c08b41b9f</msg>
<status status="PASS" starttime="20191223 15:46:15.439" endtime="20191223 15:46:15.440"></status>
</kw>
<status status="PASS" starttime="20191223 15:46:15.370" endtime="20191223 15:46:15.440"></status>
</kw>
<kw name="Перевірити створену критерію" library="base_keywords">
<arguments>
<arg>admin</arg>
</arguments>
<kw name="Можливість переглядати критерію" library="base_keywords">
<arguments>
<arg>${user_name}</arg>
</arguments>
<assign>
<var>${get_criteria}</var>
</assign>
<kw name="Переглядати критерію" library="keywords_api">
<arguments>
<arg>${ID_CRITERIA}</arg>
<arg>${user_name}</arg>
</arguments>
<assign>
<var>${GET_RESPONSE_ID}</var>
</assign>
<kw name="Call Method" library="BuiltIn">
<doc>Calls the named method of the given object with the provided arguments.</doc>
<arguments>
<arg>${USERS.users.${username}.client}</arg>
<arg>get_criteria</arg>
<arg>${RESOURCE}</arg>
<arg>${ID}</arg>
</arguments>
<assign>
<var>${RESPONSE}</var>
</assign>
<msg timestamp="20191223 15:46:15.470" level="INFO">${RESPONSE} = Munch({'id': 'b7e577582d6940da98ba806c08b41b9f', 'name': 'Tester2', 'nameEng': 'Name eng', 'minValue': '11.0', 'maxValue': '22.0', 'dataType': 'number', 'dateModified': '2019-12-23T13:46:15.416478Z', ...</msg>
<status status="PASS" starttime="20191223 15:46:15.441" endtime="20191223 15:46:15.470"></status>
</kw>
<kw name="Log" library="BuiltIn">
<doc>Logs the given message with the given level.</doc>
<arguments>
<arg>${RESPONSE}</arg>
</arguments>
<msg timestamp="20191223 15:46:15.470" level="INFO">Munch({'id': 'b7e577582d6940da98ba806c08b41b9f', 'name': 'Tester2', 'nameEng': 'Name eng', 'minValue': '11.0', 'maxValue': '22.0', 'dataType': 'number', 'dateModified': '2019-12-23T13:46:15.416478Z', 'status': 'active', 'classification': Munch({'description': 'Послуги гральних закладів і тоталізаторів', 'scheme': 'ДК021', 'id': '92350000-9'}), 'additionalClassification': Munch({'description': 'Солома', 'id': '03114100-4', 'scheme': 'ДК021'}), 'unit': Munch({'name': 'millilitre of water', 'code': 'WW'})})</msg>
<status status="PASS" starttime="20191223 15:46:15.470" endtime="20191223 15:46:15.470"></status>
</kw>
<kw name="Log Variables" library="BuiltIn">
<doc>Logs all variables in the current scope with given log level.</doc>
<msg timestamp="20191223 15:46:15.471" level="INFO">${/} = /</msg>
<msg timestamp="20191223 15:46:15.472" level="INFO">${:} = :</msg>
<msg timestamp="20191223 15:46:15.472" level="INFO">${\n} = 
</msg>
<msg timestamp="20191223 15:46:15.472" level="INFO">${API_HOST_URL} = http://localhost:8000</msg>
<msg timestamp="20191223 15:46:15.472" level="INFO">${API_VERSION} = 0</msg>
<msg timestamp="20191223 15:46:15.472" level="INFO">&amp;{CRITERIA_DATA} = { name=Tester2 | nameEng=Name eng | classification=Munch({'id': '92350000-9', 'scheme': 'ДК021', 'description': 'Послуги гральних закладів і тоталізаторів'}) | additionalClassification=Munch({'id': '03114100-4', 'scheme': 'ДК021', 'description': 'Солома'}) | minValue=11.0 | maxValue=22.0 | dataType=number | unit=Munch({'name': 'millilitre of water', 'code': 'WW'}) }</msg>
<msg timestamp="20191223 15:46:15.472" level="INFO">${DEBUG_FILE} = NONE</msg>
<msg timestamp="20191223 15:46:15.472" level="INFO">${EXECDIR} = /home/orest.shkhumov/Criteria_test</msg>
<msg timestamp="20191223 15:46:15.472" level="INFO">${False} = False</msg>
<msg timestamp="20191223 15:46:15.472" level="INFO">${ID} = b7e577582d6940da98ba806c08b41b9f</msg>
<msg timestamp="20191223 15:46:15.472" level="INFO">${ID_CRITERIA} = b7e577582d6940da98ba806c08b41b9f</msg>
<msg timestamp="20191223 15:46:15.472" level="INFO">${LOG_FILE} = /home/orest.shkhumov/Criteria_test/log.html</msg>
<msg timestamp="20191223 15:46:15.472" level="INFO">${LOG_LEVEL} = INFO</msg>
<msg timestamp="20191223 15:46:15.472" level="INFO">${None} = None</msg>
<msg timestamp="20191223 15:46:15.472" level="INFO">${null} = None</msg>
<msg timestamp="20191223 15:46:15.472" level="INFO">${OUTPUT_DIR} = /home/orest.shkhumov/Criteria_test</msg>
<msg timestamp="20191223 15:46:15.473" level="INFO">${OUTPUT_FILE} = /home/orest.shkhumov/Criteria_test/output.xml</msg>
<msg timestamp="20191223 15:46:15.473" level="INFO">${PASSWORD} = adminpassword</msg>
<msg timestamp="20191223 15:46:15.473" level="INFO">${PREV_TEST_MESSAGE} = </msg>
<msg timestamp="20191223 15:46:15.473" level="INFO">${PREV_TEST_NAME} = </msg>
<msg timestamp="20191223 15:46:15.473" level="INFO">${PREV_TEST_STATUS} = </msg>
<msg timestamp="20191223 15:46:15.473" level="INFO">${REPORT_FILE} = /home/orest.shkhumov/Criteria_test/report.html</msg>
<msg timestamp="20191223 15:46:15.473" level="INFO">${RESOURCE} = criteria</msg>
<msg timestamp="20191223 15:46:15.473" level="INFO">&amp;{RESPONSE} = { id=b7e577582d6940da98ba806c08b41b9f | name=Tester2 | nameEng=Name eng | minValue=11.0 | maxValue=22.0 | dataType=number | dateModified=2019-12-23T13:46:15.416478Z | status=active | classification=Munch({'description': 'Послуги гральних закладів і тоталізаторів', 'scheme': 'ДК021', 'id': '92350000-9'}) | additionalClassification=Munch({'description': 'Солома', 'id': '03114100-4', 'scheme': 'ДК021'}) | unit=Munch({'name': 'millilitre of water', 'code': 'WW'}) }</msg>
<msg timestamp="20191223 15:46:15.473" level="INFO">${SPACE} =  </msg>
<msg timestamp="20191223 15:46:15.473" level="INFO">${SUITE_DOCUMENTATION} = </msg>
<msg timestamp="20191223 15:46:15.473" level="INFO">&amp;{SUITE_METADATA} = { }</msg>
<msg timestamp="20191223 15:46:15.473" level="INFO">${SUITE_NAME} = Tests</msg>
<msg timestamp="20191223 15:46:15.473" level="INFO">${SUITE_SOURCE} = /home/orest.shkhumov/Criteria_test/tests.robot</msg>
<msg timestamp="20191223 15:46:15.473" level="INFO">${TEMPDIR} = /tmp</msg>
<msg timestamp="20191223 15:46:15.474" level="INFO">${TEST_DOCUMENTATION} = </msg>
<msg timestamp="20191223 15:46:15.474" level="INFO">${TEST_NAME} = Тест створити критерію</msg>
<msg timestamp="20191223 15:46:15.474" level="INFO">@{TEST_TAGS} = [ &lt;client.client_helper.StableClient object at 0x7f38a32bbdd0&gt; ]</msg>
<msg timestamp="20191223 15:46:15.474" level="INFO">${True} = True</msg>
<msg timestamp="20191223 15:46:15.474" level="INFO">@{USED_ROLES} = [ admin | user ]</msg>
<msg timestamp="20191223 15:46:15.474" level="INFO">${USERNAME} = admin</msg>
<msg timestamp="20191223 15:46:15.474" level="INFO">&amp;{USERS} = { users=Munch({'admin': Munch({'api_key': 'adminpassword', 'user_name': 'admin', 'client': &lt;client.client_helper.StableClient object at 0x7f38a32bbdd0&gt;}), 'user': Munch({'api_key': 'userpassword', 'user_name': 'user', 'client': &lt;client.client_helper.StableClient object at 0x7f38a324e810&gt;})}) }</msg>
<msg timestamp="20191223 15:46:15.474" level="INFO">${USERS_FILE} = data</msg>
<status status="PASS" starttime="20191223 15:46:15.471" endtime="20191223 15:46:15.474"></status>
</kw>
<msg timestamp="20191223 15:46:15.474" level="INFO">${GET_RESPONSE_ID} = Munch({'id': 'b7e577582d6940da98ba806c08b41b9f', 'name': 'Tester2', 'nameEng': 'Name eng', 'minValue': '11.0', 'maxValue': '22.0', 'dataType': 'number', 'dateModified': '2019-12-23T13:46:15.416478Z', ...</msg>
<status status="PASS" starttime="20191223 15:46:15.441" endtime="20191223 15:46:15.474"></status>
</kw>
<kw name="Log" library="BuiltIn">
<doc>Logs the given message with the given level.</doc>
<arguments>
<arg>${GET_RESPONSE_ID}</arg>
</arguments>
<msg timestamp="20191223 15:46:15.475" level="INFO">Munch({'id': 'b7e577582d6940da98ba806c08b41b9f', 'name': 'Tester2', 'nameEng': 'Name eng', 'minValue': '11.0', 'maxValue': '22.0', 'dataType': 'number', 'dateModified': '2019-12-23T13:46:15.416478Z', 'status': 'active', 'classification': Munch({'description': 'Послуги гральних закладів і тоталізаторів', 'scheme': 'ДК021', 'id': '92350000-9'}), 'additionalClassification': Munch({'description': 'Солома', 'id': '03114100-4', 'scheme': 'ДК021'}), 'unit': Munch({'name': 'millilitre of water', 'code': 'WW'})})</msg>
<status status="PASS" starttime="20191223 15:46:15.475" endtime="20191223 15:46:15.475"></status>
</kw>
<kw name="Log Variables" library="BuiltIn">
<doc>Logs all variables in the current scope with given log level.</doc>
<msg timestamp="20191223 15:46:15.476" level="INFO">${/} = /</msg>
<msg timestamp="20191223 15:46:15.476" level="INFO">${:} = :</msg>
<msg timestamp="20191223 15:46:15.477" level="INFO">${\n} = 
</msg>
<msg timestamp="20191223 15:46:15.477" level="INFO">${API_HOST_URL} = http://localhost:8000</msg>
<msg timestamp="20191223 15:46:15.477" level="INFO">${API_VERSION} = 0</msg>
<msg timestamp="20191223 15:46:15.477" level="INFO">&amp;{CRITERIA_DATA} = { name=Tester2 | nameEng=Name eng | classification=Munch({'id': '92350000-9', 'scheme': 'ДК021', 'description': 'Послуги гральних закладів і тоталізаторів'}) | additionalClassification=Munch({'id': '03114100-4', 'scheme': 'ДК021', 'description': 'Солома'}) | minValue=11.0 | maxValue=22.0 | dataType=number | unit=Munch({'name': 'millilitre of water', 'code': 'WW'}) }</msg>
<msg timestamp="20191223 15:46:15.477" level="INFO">${DEBUG_FILE} = NONE</msg>
<msg timestamp="20191223 15:46:15.477" level="INFO">${EXECDIR} = /home/orest.shkhumov/Criteria_test</msg>
<msg timestamp="20191223 15:46:15.477" level="INFO">${False} = False</msg>
<msg timestamp="20191223 15:46:15.477" level="INFO">&amp;{GET_RESPONSE_ID} = { id=b7e577582d6940da98ba806c08b41b9f | name=Tester2 | nameEng=Name eng | minValue=11.0 | maxValue=22.0 | dataType=number | dateModified=2019-12-23T13:46:15.416478Z | status=active | classification=Munch({'description': 'Послуги гральних закладів і тоталізаторів', 'scheme': 'ДК021', 'id': '92350000-9'}) | additionalClassification=Munch({'description': 'Солома', 'id': '03114100-4', 'scheme': 'ДК021'}) | unit=Munch({'name': 'millilitre of water', 'code': 'WW'}) }</msg>
<msg timestamp="20191223 15:46:15.477" level="INFO">${ID_CRITERIA} = b7e577582d6940da98ba806c08b41b9f</msg>
<msg timestamp="20191223 15:46:15.477" level="INFO">${LOG_FILE} = /home/orest.shkhumov/Criteria_test/log.html</msg>
<msg timestamp="20191223 15:46:15.477" level="INFO">${LOG_LEVEL} = INFO</msg>
<msg timestamp="20191223 15:46:15.477" level="INFO">${None} = None</msg>
<msg timestamp="20191223 15:46:15.478" level="INFO">${null} = None</msg>
<msg timestamp="20191223 15:46:15.478" level="INFO">${OUTPUT_DIR} = /home/orest.shkhumov/Criteria_test</msg>
<msg timestamp="20191223 15:46:15.478" level="INFO">${OUTPUT_FILE} = /home/orest.shkhumov/Criteria_test/output.xml</msg>
<msg timestamp="20191223 15:46:15.478" level="INFO">${PASSWORD} = adminpassword</msg>
<msg timestamp="20191223 15:46:15.478" level="INFO">${PREV_TEST_MESSAGE} = </msg>
<msg timestamp="20191223 15:46:15.478" level="INFO">${PREV_TEST_NAME} = </msg>
<msg timestamp="20191223 15:46:15.478" level="INFO">${PREV_TEST_STATUS} = </msg>
<msg timestamp="20191223 15:46:15.478" level="INFO">${REPORT_FILE} = /home/orest.shkhumov/Criteria_test/report.html</msg>
<msg timestamp="20191223 15:46:15.478" level="INFO">${RESOURCE} = criteria</msg>
<msg timestamp="20191223 15:46:15.478" level="INFO">${RESPONSE} = b7e577582d6940da98ba806c08b41b9f</msg>
<msg timestamp="20191223 15:46:15.479" level="INFO">${SPACE} =  </msg>
<msg timestamp="20191223 15:46:15.479" level="INFO">${SUITE_DOCUMENTATION} = </msg>
<msg timestamp="20191223 15:46:15.479" level="INFO">&amp;{SUITE_METADATA} = { }</msg>
<msg timestamp="20191223 15:46:15.479" level="INFO">${SUITE_NAME} = Tests</msg>
<msg timestamp="20191223 15:46:15.479" level="INFO">${SUITE_SOURCE} = /home/orest.shkhumov/Criteria_test/tests.robot</msg>
<msg timestamp="20191223 15:46:15.479" level="INFO">${TEMPDIR} = /tmp</msg>
<msg timestamp="20191223 15:46:15.479" level="INFO">${TEST_DOCUMENTATION} = </msg>
<msg timestamp="20191223 15:46:15.479" level="INFO">${TEST_NAME} = Тест створити критерію</msg>
<msg timestamp="20191223 15:46:15.479" level="INFO">@{TEST_TAGS} = [ &lt;client.client_helper.StableClient object at 0x7f38a32bbdd0&gt; ]</msg>
<msg timestamp="20191223 15:46:15.479" level="INFO">${True} = True</msg>
<msg timestamp="20191223 15:46:15.479" level="INFO">@{USED_ROLES} = [ admin | user ]</msg>
<msg timestamp="20191223 15:46:15.479" level="INFO">${USERNAME} = admin</msg>
<msg timestamp="20191223 15:46:15.479" level="INFO">&amp;{USERS} = { users=Munch({'admin': Munch({'api_key': 'adminpassword', 'user_name': 'admin', 'client': &lt;client.client_helper.StableClient object at 0x7f38a32bbdd0&gt;}), 'user': Munch({'api_key': 'userpassword', 'user_name': 'user', 'client': &lt;client.client_helper.StableClient object at 0x7f38a324e810&gt;})}) }</msg>
<msg timestamp="20191223 15:46:15.479" level="INFO">${USERS_FILE} = data</msg>
<status status="PASS" starttime="20191223 15:46:15.475" endtime="20191223 15:46:15.480"></status>
</kw>
<msg timestamp="20191223 15:46:15.480" level="INFO">${get_criteria} = Munch({'id': 'b7e577582d6940da98ba806c08b41b9f', 'name': 'Tester2', 'nameEng': 'Name eng', 'minValue': '11.0', 'maxValue': '22.0', 'dataType': 'number', 'dateModified': '2019-12-23T13:46:15.416478Z', ...</msg>
<status status="PASS" starttime="20191223 15:46:15.440" endtime="20191223 15:46:15.480"></status>
</kw>
<kw name="Порівняти дані критерії" library="base_keywords">
<arguments>
<arg>${get_criteria}</arg>
<arg>${CRITERIA_DATA}</arg>
</arguments>
<kw name="Log" library="BuiltIn">
<doc>Logs the given message with the given level.</doc>
<arguments>
<arg>${actual_resul}</arg>
</arguments>
<msg timestamp="20191223 15:46:15.481" level="INFO">Munch({'id': 'b7e577582d6940da98ba806c08b41b9f', 'name': 'Tester2', 'nameEng': 'Name eng', 'minValue': '11.0', 'maxValue': '22.0', 'dataType': 'number', 'dateModified': '2019-12-23T13:46:15.416478Z', 'status': 'active', 'classification': Munch({'description': 'Послуги гральних закладів і тоталізаторів', 'scheme': 'ДК021', 'id': '92350000-9'}), 'additionalClassification': Munch({'description': 'Солома', 'id': '03114100-4', 'scheme': 'ДК021'}), 'unit': Munch({'name': 'millilitre of water', 'code': 'WW'})})</msg>
<status status="PASS" starttime="20191223 15:46:15.481" endtime="20191223 15:46:15.481"></status>
</kw>
<kw name="Log" library="BuiltIn">
<doc>Logs the given message with the given level.</doc>
<arguments>
<arg>${expected_result}</arg>
</arguments>
<msg timestamp="20191223 15:46:15.481" level="INFO">Munch({'name': 'Tester2', 'nameEng': 'Name eng', 'classification': Munch({'id': '92350000-9', 'scheme': 'ДК021', 'description': 'Послуги гральних закладів і тоталізаторів'}), 'additionalClassification': Munch({'id': '03114100-4', 'scheme': 'ДК021', 'description': 'Солома'}), 'minValue': '11.0', 'maxValue': '22.0', 'dataType': 'number', 'unit': Munch({'name': 'millilitre of water', 'code': 'WW'})})</msg>
<status status="PASS" starttime="20191223 15:46:15.481" endtime="20191223 15:46:15.482"></status>
</kw>
<kw name="Remove From Dictionary" library="Collections">
<doc>Removes the given ``keys`` from the ``dictionary``.</doc>
<arguments>
<arg>${actual_resul}</arg>
<arg>id</arg>
</arguments>
<msg timestamp="20191223 15:46:15.482" level="INFO">Removed item with key 'id' and value 'b7e577582d6940da98ba806c08b41b9f'.</msg>
<status status="PASS" starttime="20191223 15:46:15.482" endtime="20191223 15:46:15.482"></status>
</kw>
<kw name="Remove From Dictionary" library="Collections">
<doc>Removes the given ``keys`` from the ``dictionary``.</doc>
<arguments>
<arg>${actual_resul}</arg>
<arg>status</arg>
</arguments>
<msg timestamp="20191223 15:46:15.482" level="INFO">Removed item with key 'status' and value 'active'.</msg>
<status status="PASS" starttime="20191223 15:46:15.482" endtime="20191223 15:46:15.483"></status>
</kw>
<kw name="Remove From Dictionary" library="Collections">
<doc>Removes the given ``keys`` from the ``dictionary``.</doc>
<arguments>
<arg>${actual_resul}</arg>
<arg>dateModified</arg>
</arguments>
<msg timestamp="20191223 15:46:15.483" level="INFO">Removed item with key 'dateModified' and value '2019-12-23T13:46:15.416478Z'.</msg>
<status status="PASS" starttime="20191223 15:46:15.483" endtime="20191223 15:46:15.483"></status>
</kw>
<kw name="Dictionaries Should Be Equal" library="Collections">
<doc>Fails if the given dictionaries are not equal.</doc>
<arguments>
<arg>${actual_resul}</arg>
<arg>${expected_result}</arg>
<arg>msg=Objects are not equal</arg>
</arguments>
<status status="PASS" starttime="20191223 15:46:15.483" endtime="20191223 15:46:15.484"></status>
</kw>
<status status="PASS" starttime="20191223 15:46:15.480" endtime="20191223 15:46:15.484"></status>
</kw>
<status status="PASS" starttime="20191223 15:46:15.440" endtime="20191223 15:46:15.484"></status>
</kw>
<kw name="Перевірити створену критерію" library="base_keywords">
<arguments>
<arg>user</arg>
</arguments>
<kw name="Можливість переглядати критерію" library="base_keywords">
<arguments>
<arg>${user_name}</arg>
</arguments>
<assign>
<var>${get_criteria}</var>
</assign>
<kw name="Переглядати критерію" library="keywords_api">
<arguments>
<arg>${ID_CRITERIA}</arg>
<arg>${user_name}</arg>
</arguments>
<assign>
<var>${GET_RESPONSE_ID}</var>
</assign>
<kw name="Call Method" library="BuiltIn">
<doc>Calls the named method of the given object with the provided arguments.</doc>
<arguments>
<arg>${USERS.users.${username}.client}</arg>
<arg>get_criteria</arg>
<arg>${RESOURCE}</arg>
<arg>${ID}</arg>
</arguments>
<assign>
<var>${RESPONSE}</var>
</assign>
<msg timestamp="20191223 15:46:15.522" level="INFO">${RESPONSE} = Munch({'id': 'b7e577582d6940da98ba806c08b41b9f', 'name': 'Tester2', 'nameEng': 'Name eng', 'minValue': '11.0', 'maxValue': '22.0', 'dataType': 'number', 'dateModified': '2019-12-23T13:46:15.416478Z', ...</msg>
<status status="PASS" starttime="20191223 15:46:15.486" endtime="20191223 15:46:15.522"></status>
</kw>
<kw name="Log" library="BuiltIn">
<doc>Logs the given message with the given level.</doc>
<arguments>
<arg>${RESPONSE}</arg>
</arguments>
<msg timestamp="20191223 15:46:15.523" level="INFO">Munch({'id': 'b7e577582d6940da98ba806c08b41b9f', 'name': 'Tester2', 'nameEng': 'Name eng', 'minValue': '11.0', 'maxValue': '22.0', 'dataType': 'number', 'dateModified': '2019-12-23T13:46:15.416478Z', 'status': 'active', 'classification': Munch({'description': 'Послуги гральних закладів і тоталізаторів', 'scheme': 'ДК021', 'id': '92350000-9'}), 'additionalClassification': Munch({'description': 'Солома', 'id': '03114100-4', 'scheme': 'ДК021'}), 'unit': Munch({'name': 'millilitre of water', 'code': 'WW'})})</msg>
<status status="PASS" starttime="20191223 15:46:15.522" endtime="20191223 15:46:15.523"></status>
</kw>
<kw name="Log Variables" library="BuiltIn">
<doc>Logs all variables in the current scope with given log level.</doc>
<msg timestamp="20191223 15:46:15.524" level="INFO">${/} = /</msg>
<msg timestamp="20191223 15:46:15.524" level="INFO">${:} = :</msg>
<msg timestamp="20191223 15:46:15.524" level="INFO">${\n} = 
</msg>
<msg timestamp="20191223 15:46:15.524" level="INFO">${API_HOST_URL} = http://localhost:8000</msg>
<msg timestamp="20191223 15:46:15.524" level="INFO">${API_VERSION} = 0</msg>
<msg timestamp="20191223 15:46:15.524" level="INFO">&amp;{CRITERIA_DATA} = { name=Tester2 | nameEng=Name eng | classification=Munch({'id': '92350000-9', 'scheme': 'ДК021', 'description': 'Послуги гральних закладів і тоталізаторів'}) | additionalClassification=Munch({'id': '03114100-4', 'scheme': 'ДК021', 'description': 'Солома'}) | minValue=11.0 | maxValue=22.0 | dataType=number | unit=Munch({'name': 'millilitre of water', 'code': 'WW'}) }</msg>
<msg timestamp="20191223 15:46:15.524" level="INFO">${DEBUG_FILE} = NONE</msg>
<msg timestamp="20191223 15:46:15.524" level="INFO">${EXECDIR} = /home/orest.shkhumov/Criteria_test</msg>
<msg timestamp="20191223 15:46:15.524" level="INFO">${False} = False</msg>
<msg timestamp="20191223 15:46:15.525" level="INFO">${ID} = b7e577582d6940da98ba806c08b41b9f</msg>
<msg timestamp="20191223 15:46:15.525" level="INFO">${ID_CRITERIA} = b7e577582d6940da98ba806c08b41b9f</msg>
<msg timestamp="20191223 15:46:15.525" level="INFO">${LOG_FILE} = /home/orest.shkhumov/Criteria_test/log.html</msg>
<msg timestamp="20191223 15:46:15.525" level="INFO">${LOG_LEVEL} = INFO</msg>
<msg timestamp="20191223 15:46:15.525" level="INFO">${None} = None</msg>
<msg timestamp="20191223 15:46:15.525" level="INFO">${null} = None</msg>
<msg timestamp="20191223 15:46:15.525" level="INFO">${OUTPUT_DIR} = /home/orest.shkhumov/Criteria_test</msg>
<msg timestamp="20191223 15:46:15.525" level="INFO">${OUTPUT_FILE} = /home/orest.shkhumov/Criteria_test/output.xml</msg>
<msg timestamp="20191223 15:46:15.525" level="INFO">${PASSWORD} = adminpassword</msg>
<msg timestamp="20191223 15:46:15.525" level="INFO">${PREV_TEST_MESSAGE} = </msg>
<msg timestamp="20191223 15:46:15.525" level="INFO">${PREV_TEST_NAME} = </msg>
<msg timestamp="20191223 15:46:15.525" level="INFO">${PREV_TEST_STATUS} = </msg>
<msg timestamp="20191223 15:46:15.525" level="INFO">${REPORT_FILE} = /home/orest.shkhumov/Criteria_test/report.html</msg>
<msg timestamp="20191223 15:46:15.525" level="INFO">${RESOURCE} = criteria</msg>
<msg timestamp="20191223 15:46:15.526" level="INFO">&amp;{RESPONSE} = { id=b7e577582d6940da98ba806c08b41b9f | name=Tester2 | nameEng=Name eng | minValue=11.0 | maxValue=22.0 | dataType=number | dateModified=2019-12-23T13:46:15.416478Z | status=active | classification=Munch({'description': 'Послуги гральних закладів і тоталізаторів', 'scheme': 'ДК021', 'id': '92350000-9'}) | additionalClassification=Munch({'description': 'Солома', 'id': '03114100-4', 'scheme': 'ДК021'}) | unit=Munch({'name': 'millilitre of water', 'code': 'WW'}) }</msg>
<msg timestamp="20191223 15:46:15.526" level="INFO">${SPACE} =  </msg>
<msg timestamp="20191223 15:46:15.526" level="INFO">${SUITE_DOCUMENTATION} = </msg>
<msg timestamp="20191223 15:46:15.526" level="INFO">&amp;{SUITE_METADATA} = { }</msg>
<msg timestamp="20191223 15:46:15.526" level="INFO">${SUITE_NAME} = Tests</msg>
<msg timestamp="20191223 15:46:15.526" level="INFO">${SUITE_SOURCE} = /home/orest.shkhumov/Criteria_test/tests.robot</msg>
<msg timestamp="20191223 15:46:15.526" level="INFO">${TEMPDIR} = /tmp</msg>
<msg timestamp="20191223 15:46:15.526" level="INFO">${TEST_DOCUMENTATION} = </msg>
<msg timestamp="20191223 15:46:15.526" level="INFO">${TEST_NAME} = Тест створити критерію</msg>
<msg timestamp="20191223 15:46:15.526" level="INFO">@{TEST_TAGS} = [ &lt;client.client_helper.StableClient object at 0x7f38a32bbdd0&gt; ]</msg>
<msg timestamp="20191223 15:46:15.526" level="INFO">${True} = True</msg>
<msg timestamp="20191223 15:46:15.526" level="INFO">@{USED_ROLES} = [ admin | user ]</msg>
<msg timestamp="20191223 15:46:15.526" level="INFO">${USERNAME} = user</msg>
<msg timestamp="20191223 15:46:15.526" level="INFO">&amp;{USERS} = { users=Munch({'admin': Munch({'api_key': 'adminpassword', 'user_name': 'admin', 'client': &lt;client.client_helper.StableClient object at 0x7f38a32bbdd0&gt;}), 'user': Munch({'api_key': 'userpassword', 'user_name': 'user', 'client': &lt;client.client_helper.StableClient object at 0x7f38a324e810&gt;})}) }</msg>
<msg timestamp="20191223 15:46:15.527" level="INFO">${USERS_FILE} = data</msg>
<status status="PASS" starttime="20191223 15:46:15.523" endtime="20191223 15:46:15.527"></status>
</kw>
<msg timestamp="20191223 15:46:15.528" level="INFO">${GET_RESPONSE_ID} = Munch({'id': 'b7e577582d6940da98ba806c08b41b9f', 'name': 'Tester2', 'nameEng': 'Name eng', 'minValue': '11.0', 'maxValue': '22.0', 'dataType': 'number', 'dateModified': '2019-12-23T13:46:15.416478Z', ...</msg>
<status status="PASS" starttime="20191223 15:46:15.486" endtime="20191223 15:46:15.528"></status>
</kw>
<kw name="Log" library="BuiltIn">
<doc>Logs the given message with the given level.</doc>
<arguments>
<arg>${GET_RESPONSE_ID}</arg>
</arguments>
<msg timestamp="20191223 15:46:15.529" level="INFO">Munch({'id': 'b7e577582d6940da98ba806c08b41b9f', 'name': 'Tester2', 'nameEng': 'Name eng', 'minValue': '11.0', 'maxValue': '22.0', 'dataType': 'number', 'dateModified': '2019-12-23T13:46:15.416478Z', 'status': 'active', 'classification': Munch({'description': 'Послуги гральних закладів і тоталізаторів', 'scheme': 'ДК021', 'id': '92350000-9'}), 'additionalClassification': Munch({'description': 'Солома', 'id': '03114100-4', 'scheme': 'ДК021'}), 'unit': Munch({'name': 'millilitre of water', 'code': 'WW'})})</msg>
<status status="PASS" starttime="20191223 15:46:15.528" endtime="20191223 15:46:15.529"></status>
</kw>
<kw name="Log Variables" library="BuiltIn">
<doc>Logs all variables in the current scope with given log level.</doc>
<msg timestamp="20191223 15:46:15.531" level="INFO">${/} = /</msg>
<msg timestamp="20191223 15:46:15.531" level="INFO">${:} = :</msg>
<msg timestamp="20191223 15:46:15.531" level="INFO">${\n} = 
</msg>
<msg timestamp="20191223 15:46:15.531" level="INFO">${API_HOST_URL} = http://localhost:8000</msg>
<msg timestamp="20191223 15:46:15.531" level="INFO">${API_VERSION} = 0</msg>
<msg timestamp="20191223 15:46:15.531" level="INFO">&amp;{CRITERIA_DATA} = { name=Tester2 | nameEng=Name eng | classification=Munch({'id': '92350000-9', 'scheme': 'ДК021', 'description': 'Послуги гральних закладів і тоталізаторів'}) | additionalClassification=Munch({'id': '03114100-4', 'scheme': 'ДК021', 'description': 'Солома'}) | minValue=11.0 | maxValue=22.0 | dataType=number | unit=Munch({'name': 'millilitre of water', 'code': 'WW'}) }</msg>
<msg timestamp="20191223 15:46:15.531" level="INFO">${DEBUG_FILE} = NONE</msg>
<msg timestamp="20191223 15:46:15.531" level="INFO">${EXECDIR} = /home/orest.shkhumov/Criteria_test</msg>
<msg timestamp="20191223 15:46:15.531" level="INFO">${False} = False</msg>
<msg timestamp="20191223 15:46:15.531" level="INFO">&amp;{GET_RESPONSE_ID} = { id=b7e577582d6940da98ba806c08b41b9f | name=Tester2 | nameEng=Name eng | minValue=11.0 | maxValue=22.0 | dataType=number | dateModified=2019-12-23T13:46:15.416478Z | status=active | classification=Munch({'description': 'Послуги гральних закладів і тоталізаторів', 'scheme': 'ДК021', 'id': '92350000-9'}) | additionalClassification=Munch({'description': 'Солома', 'id': '03114100-4', 'scheme': 'ДК021'}) | unit=Munch({'name': 'millilitre of water', 'code': 'WW'}) }</msg>
<msg timestamp="20191223 15:46:15.531" level="INFO">${ID_CRITERIA} = b7e577582d6940da98ba806c08b41b9f</msg>
<msg timestamp="20191223 15:46:15.531" level="INFO">${LOG_FILE} = /home/orest.shkhumov/Criteria_test/log.html</msg>
<msg timestamp="20191223 15:46:15.531" level="INFO">${LOG_LEVEL} = INFO</msg>
<msg timestamp="20191223 15:46:15.532" level="INFO">${None} = None</msg>
<msg timestamp="20191223 15:46:15.532" level="INFO">${null} = None</msg>
<msg timestamp="20191223 15:46:15.532" level="INFO">${OUTPUT_DIR} = /home/orest.shkhumov/Criteria_test</msg>
<msg timestamp="20191223 15:46:15.532" level="INFO">${OUTPUT_FILE} = /home/orest.shkhumov/Criteria_test/output.xml</msg>
<msg timestamp="20191223 15:46:15.532" level="INFO">${PASSWORD} = adminpassword</msg>
<msg timestamp="20191223 15:46:15.532" level="INFO">${PREV_TEST_MESSAGE} = </msg>
<msg timestamp="20191223 15:46:15.532" level="INFO">${PREV_TEST_NAME} = </msg>
<msg timestamp="20191223 15:46:15.532" level="INFO">${PREV_TEST_STATUS} = </msg>
<msg timestamp="20191223 15:46:15.532" level="INFO">${REPORT_FILE} = /home/orest.shkhumov/Criteria_test/report.html</msg>
<msg timestamp="20191223 15:46:15.532" level="INFO">${RESOURCE} = criteria</msg>
<msg timestamp="20191223 15:46:15.532" level="INFO">${RESPONSE} = b7e577582d6940da98ba806c08b41b9f</msg>
<msg timestamp="20191223 15:46:15.532" level="INFO">${SPACE} =  </msg>
<msg timestamp="20191223 15:46:15.532" level="INFO">${SUITE_DOCUMENTATION} = </msg>
<msg timestamp="20191223 15:46:15.532" level="INFO">&amp;{SUITE_METADATA} = { }</msg>
<msg timestamp="20191223 15:46:15.532" level="INFO">${SUITE_NAME} = Tests</msg>
<msg timestamp="20191223 15:46:15.532" level="INFO">${SUITE_SOURCE} = /home/orest.shkhumov/Criteria_test/tests.robot</msg>
<msg timestamp="20191223 15:46:15.533" level="INFO">${TEMPDIR} = /tmp</msg>
<msg timestamp="20191223 15:46:15.533" level="INFO">${TEST_DOCUMENTATION} = </msg>
<msg timestamp="20191223 15:46:15.533" level="INFO">${TEST_NAME} = Тест створити критерію</msg>
<msg timestamp="20191223 15:46:15.533" level="INFO">@{TEST_TAGS} = [ &lt;client.client_helper.StableClient object at 0x7f38a32bbdd0&gt; ]</msg>
<msg timestamp="20191223 15:46:15.533" level="INFO">${True} = True</msg>
<msg timestamp="20191223 15:46:15.533" level="INFO">@{USED_ROLES} = [ admin | user ]</msg>
<msg timestamp="20191223 15:46:15.533" level="INFO">${USERNAME} = user</msg>
<msg timestamp="20191223 15:46:15.533" level="INFO">&amp;{USERS} = { users=Munch({'admin': Munch({'api_key': 'adminpassword', 'user_name': 'admin', 'client': &lt;client.client_helper.StableClient object at 0x7f38a32bbdd0&gt;}), 'user': Munch({'api_key': 'userpassword', 'user_name': 'user', 'client': &lt;client.client_helper.StableClient object at 0x7f38a324e810&gt;})}) }</msg>
<msg timestamp="20191223 15:46:15.533" level="INFO">${USERS_FILE} = data</msg>
<status status="PASS" starttime="20191223 15:46:15.529" endtime="20191223 15:46:15.533"></status>
</kw>
<msg timestamp="20191223 15:46:15.533" level="INFO">${get_criteria} = Munch({'id': 'b7e577582d6940da98ba806c08b41b9f', 'name': 'Tester2', 'nameEng': 'Name eng', 'minValue': '11.0', 'maxValue': '22.0', 'dataType': 'number', 'dateModified': '2019-12-23T13:46:15.416478Z', ...</msg>
<status status="PASS" starttime="20191223 15:46:15.485" endtime="20191223 15:46:15.534"></status>
</kw>
<kw name="Порівняти дані критерії" library="base_keywords">
<arguments>
<arg>${get_criteria}</arg>
<arg>${CRITERIA_DATA}</arg>
</arguments>
<kw name="Log" library="BuiltIn">
<doc>Logs the given message with the given level.</doc>
<arguments>
<arg>${actual_resul}</arg>
</arguments>
<msg timestamp="20191223 15:46:15.535" level="INFO">Munch({'id': 'b7e577582d6940da98ba806c08b41b9f', 'name': 'Tester2', 'nameEng': 'Name eng', 'minValue': '11.0', 'maxValue': '22.0', 'dataType': 'number', 'dateModified': '2019-12-23T13:46:15.416478Z', 'status': 'active', 'classification': Munch({'description': 'Послуги гральних закладів і тоталізаторів', 'scheme': 'ДК021', 'id': '92350000-9'}), 'additionalClassification': Munch({'description': 'Солома', 'id': '03114100-4', 'scheme': 'ДК021'}), 'unit': Munch({'name': 'millilitre of water', 'code': 'WW'})})</msg>
<status status="PASS" starttime="20191223 15:46:15.534" endtime="20191223 15:46:15.535"></status>
</kw>
<kw name="Log" library="BuiltIn">
<doc>Logs the given message with the given level.</doc>
<arguments>
<arg>${expected_result}</arg>
</arguments>
<msg timestamp="20191223 15:46:15.535" level="INFO">Munch({'name': 'Tester2', 'nameEng': 'Name eng', 'classification': Munch({'id': '92350000-9', 'scheme': 'ДК021', 'description': 'Послуги гральних закладів і тоталізаторів'}), 'additionalClassification': Munch({'id': '03114100-4', 'scheme': 'ДК021', 'description': 'Солома'}), 'minValue': '11.0', 'maxValue': '22.0', 'dataType': 'number', 'unit': Munch({'name': 'millilitre of water', 'code': 'WW'})})</msg>
<status status="PASS" starttime="20191223 15:46:15.535" endtime="20191223 15:46:15.535"></status>
</kw>
<kw name="Remove From Dictionary" library="Collections">
<doc>Removes the given ``keys`` from the ``dictionary``.</doc>
<arguments>
<arg>${actual_resul}</arg>
<arg>id</arg>
</arguments>
<msg timestamp="20191223 15:46:15.536" level="INFO">Removed item with key 'id' and value 'b7e577582d6940da98ba806c08b41b9f'.</msg>
<status status="PASS" starttime="20191223 15:46:15.536" endtime="20191223 15:46:15.536"></status>
</kw>
<kw name="Remove From Dictionary" library="Collections">
<doc>Removes the given ``keys`` from the ``dictionary``.</doc>
<arguments>
<arg>${actual_resul}</arg>
<arg>status</arg>
</arguments>
<msg timestamp="20191223 15:46:15.536" level="INFO">Removed item with key 'status' and value 'active'.</msg>
<status status="PASS" starttime="20191223 15:46:15.536" endtime="20191223 15:46:15.537"></status>
</kw>
<kw name="Remove From Dictionary" library="Collections">
<doc>Removes the given ``keys`` from the ``dictionary``.</doc>
<arguments>
<arg>${actual_resul}</arg>
<arg>dateModified</arg>
</arguments>
<msg timestamp="20191223 15:46:15.537" level="INFO">Removed item with key 'dateModified' and value '2019-12-23T13:46:15.416478Z'.</msg>
<status status="PASS" starttime="20191223 15:46:15.537" endtime="20191223 15:46:15.537"></status>
</kw>
<kw name="Dictionaries Should Be Equal" library="Collections">
<doc>Fails if the given dictionaries are not equal.</doc>
<arguments>
<arg>${actual_resul}</arg>
<arg>${expected_result}</arg>
<arg>msg=Objects are not equal</arg>
</arguments>
<status status="PASS" starttime="20191223 15:46:15.537" endtime="20191223 15:46:15.538"></status>
</kw>
<status status="PASS" starttime="20191223 15:46:15.534" endtime="20191223 15:46:15.538"></status>
</kw>
<status status="PASS" starttime="20191223 15:46:15.484" endtime="20191223 15:46:15.539"></status>
</kw>
<tags>
<tag>&lt;client.client_helper.StableClient object at 0x7f38a32bbdd0&gt;</tag>
</tags>
<status status="PASS" starttime="20191223 15:46:15.369" endtime="20191223 15:46:15.539" critical="yes"></status>
</test>
<test id="s1-t2" name="Тест редагувати критерію">
<kw name="Можливість змінити критерію" library="base_keywords">
<arguments>
<arg>admin</arg>
</arguments>
<kw name="Підготувати дані для редагування" library="keywords_data">
<assign>
<var>${EDIT_DATA}</var>
</assign>
<kw name="Data For Edit" library="data.init_data">
<assign>
<var>${EDIT_DATA}</var>
</assign>
<msg timestamp="20191223 15:46:15.544" level="INFO">${EDIT_DATA} = Munch({'name': 'Test', 'nameEng': 'Test eng', 'minValue': '10.0', 'maxValue': '23.0', 'status': 'active'})</msg>
<status status="PASS" starttime="20191223 15:46:15.544" endtime="20191223 15:46:15.544"></status>
</kw>
<kw name="Log" library="BuiltIn">
<doc>Logs the given message with the given level.</doc>
<arguments>
<arg>${EDIT_DATA}</arg>
</arguments>
<msg timestamp="20191223 15:46:15.545" level="INFO">Munch({'name': 'Test', 'nameEng': 'Test eng', 'minValue': '10.0', 'maxValue': '23.0', 'status': 'active'})</msg>
<status status="PASS" starttime="20191223 15:46:15.545" endtime="20191223 15:46:15.545"></status>
</kw>
<msg timestamp="20191223 15:46:15.545" level="INFO">${EDIT_DATA} = Munch({'name': 'Test', 'nameEng': 'Test eng', 'minValue': '10.0', 'maxValue': '23.0', 'status': 'active'})</msg>
<status status="PASS" starttime="20191223 15:46:15.543" endtime="20191223 15:46:15.545"></status>
</kw>
<kw name="Set Suite Variable" library="BuiltIn">
<doc>Makes a variable available everywhere within the scope of the current suite.</doc>
<arguments>
<arg>${EDIT_DATA}</arg>
</arguments>
<msg timestamp="20191223 15:46:15.546" level="INFO">${EDIT_DATA} = Munch({'name': 'Test', 'nameEng': 'Test eng', 'minValue': '10.0', 'maxValue': '23.0', 'status': 'active'})</msg>
<status status="PASS" starttime="20191223 15:46:15.546" endtime="20191223 15:46:15.546"></status>
</kw>
<kw name="Змінити критерію" library="keywords_api">
<arguments>
<arg>${ID_CRITERIA}</arg>
<arg>${EDIT_DATA}</arg>
<arg>${user_name}</arg>
</arguments>
<assign>
<var>${PATCH_RESPONSE}</var>
</assign>
<kw name="Call Method" library="BuiltIn">
<doc>Calls the named method of the given object with the provided arguments.</doc>
<arguments>
<arg>${USERS.users.${username}.client}</arg>
<arg>update_criteria</arg>
<arg>${ID}</arg>
<arg>${RESOURCE}</arg>
<arg>${EDIT_DATA}</arg>
</arguments>
<assign>
<var>${RESPONSE}</var>
</assign>
<msg timestamp="20191223 15:46:15.577" level="INFO">${RESPONSE} = Munch({'minValue': 10.0, 'maxValue': 23.0, 'name': 'Test', 'nameEng': 'Test eng', 'status': 'active'})</msg>
<status status="PASS" starttime="20191223 15:46:15.548" endtime="20191223 15:46:15.577"></status>
</kw>
<kw name="Log" library="BuiltIn">
<doc>Logs the given message with the given level.</doc>
<arguments>
<arg>${RESPONSE}</arg>
</arguments>
<msg timestamp="20191223 15:46:15.578" level="INFO">Munch({'minValue': 10.0, 'maxValue': 23.0, 'name': 'Test', 'nameEng': 'Test eng', 'status': 'active'})</msg>
<status status="PASS" starttime="20191223 15:46:15.578" endtime="20191223 15:46:15.578"></status>
</kw>
<kw name="Log Variables" library="BuiltIn">
<doc>Logs all variables in the current scope with given log level.</doc>
<msg timestamp="20191223 15:46:15.579" level="INFO">${/} = /</msg>
<msg timestamp="20191223 15:46:15.580" level="INFO">${:} = :</msg>
<msg timestamp="20191223 15:46:15.580" level="INFO">${\n} = 
</msg>
<msg timestamp="20191223 15:46:15.580" level="INFO">${API_HOST_URL} = http://localhost:8000</msg>
<msg timestamp="20191223 15:46:15.580" level="INFO">${API_VERSION} = 0</msg>
<msg timestamp="20191223 15:46:15.580" level="INFO">&amp;{CRITERIA_DATA} = { name=Tester2 | nameEng=Name eng | classification=Munch({'id': '92350000-9', 'scheme': 'ДК021', 'description': 'Послуги гральних закладів і тоталізаторів'}) | additionalClassification=Munch({'id': '03114100-4', 'scheme': 'ДК021', 'description': 'Солома'}) | minValue=11.0 | maxValue=22.0 | dataType=number | unit=Munch({'name': 'millilitre of water', 'code': 'WW'}) }</msg>
<msg timestamp="20191223 15:46:15.580" level="INFO">${DEBUG_FILE} = NONE</msg>
<msg timestamp="20191223 15:46:15.580" level="INFO">&amp;{EDIT_DATA} = { name=Test | nameEng=Test eng | minValue=10.0 | maxValue=23.0 | status=active }</msg>
<msg timestamp="20191223 15:46:15.580" level="INFO">${EXECDIR} = /home/orest.shkhumov/Criteria_test</msg>
<msg timestamp="20191223 15:46:15.580" level="INFO">${False} = False</msg>
<msg timestamp="20191223 15:46:15.580" level="INFO">${ID} = b7e577582d6940da98ba806c08b41b9f</msg>
<msg timestamp="20191223 15:46:15.580" level="INFO">${ID_CRITERIA} = b7e577582d6940da98ba806c08b41b9f</msg>
<msg timestamp="20191223 15:46:15.580" level="INFO">${LOG_FILE} = /home/orest.shkhumov/Criteria_test/log.html</msg>
<msg timestamp="20191223 15:46:15.580" level="INFO">${LOG_LEVEL} = INFO</msg>
<msg timestamp="20191223 15:46:15.581" level="INFO">${None} = None</msg>
<msg timestamp="20191223 15:46:15.581" level="INFO">${null} = None</msg>
<msg timestamp="20191223 15:46:15.581" level="INFO">${OUTPUT_DIR} = /home/orest.shkhumov/Criteria_test</msg>
<msg timestamp="20191223 15:46:15.581" level="INFO">${OUTPUT_FILE} = /home/orest.shkhumov/Criteria_test/output.xml</msg>
<msg timestamp="20191223 15:46:15.581" level="INFO">${PASSWORD} = adminpassword</msg>
<msg timestamp="20191223 15:46:15.581" level="INFO">${PREV_TEST_MESSAGE} = </msg>
<msg timestamp="20191223 15:46:15.581" level="INFO">${PREV_TEST_NAME} = Тест створити критерію</msg>
<msg timestamp="20191223 15:46:15.581" level="INFO">${PREV_TEST_STATUS} = PASS</msg>
<msg timestamp="20191223 15:46:15.581" level="INFO">${REPORT_FILE} = /home/orest.shkhumov/Criteria_test/report.html</msg>
<msg timestamp="20191223 15:46:15.581" level="INFO">${RESOURCE} = criteria</msg>
<msg timestamp="20191223 15:46:15.581" level="INFO">&amp;{RESPONSE} = { minValue=10.0 | maxValue=23.0 | name=Test | nameEng=Test eng | status=active }</msg>
<msg timestamp="20191223 15:46:15.581" level="INFO">${SPACE} =  </msg>
<msg timestamp="20191223 15:46:15.581" level="INFO">${SUITE_DOCUMENTATION} = </msg>
<msg timestamp="20191223 15:46:15.582" level="INFO">&amp;{SUITE_METADATA} = { }</msg>
<msg timestamp="20191223 15:46:15.582" level="INFO">${SUITE_NAME} = Tests</msg>
<msg timestamp="20191223 15:46:15.582" level="INFO">${SUITE_SOURCE} = /home/orest.shkhumov/Criteria_test/tests.robot</msg>
<msg timestamp="20191223 15:46:15.582" level="INFO">${TEMPDIR} = /tmp</msg>
<msg timestamp="20191223 15:46:15.582" level="INFO">${TEST_DOCUMENTATION} = </msg>
<msg timestamp="20191223 15:46:15.582" level="INFO">${TEST_NAME} = Тест редагувати критерію</msg>
<msg timestamp="20191223 15:46:15.582" level="INFO">@{TEST_TAGS} = [ &lt;client.client_helper.StableClient object at 0x7f38a32bbdd0&gt; ]</msg>
<msg timestamp="20191223 15:46:15.582" level="INFO">${True} = True</msg>
<msg timestamp="20191223 15:46:15.582" level="INFO">@{USED_ROLES} = [ admin | user ]</msg>
<msg timestamp="20191223 15:46:15.582" level="INFO">${USERNAME} = admin</msg>
<msg timestamp="20191223 15:46:15.582" level="INFO">&amp;{USERS} = { users=Munch({'admin': Munch({'api_key': 'adminpassword', 'user_name': 'admin', 'client': &lt;client.client_helper.StableClient object at 0x7f38a32bbdd0&gt;}), 'user': Munch({'api_key': 'userpassword', 'user_name': 'user', 'client': &lt;client.client_helper.StableClient object at 0x7f38a324e810&gt;})}) }</msg>
<msg timestamp="20191223 15:46:15.582" level="INFO">${USERS_FILE} = data</msg>
<status status="PASS" starttime="20191223 15:46:15.579" endtime="20191223 15:46:15.582"></status>
</kw>
<msg timestamp="20191223 15:46:15.583" level="INFO">${PATCH_RESPONSE} = Munch({'minValue': 10.0, 'maxValue': 23.0, 'name': 'Test', 'nameEng': 'Test eng', 'status': 'active'})</msg>
<status status="PASS" starttime="20191223 15:46:15.547" endtime="20191223 15:46:15.583"></status>
</kw>
<kw name="Log" library="BuiltIn">
<doc>Logs the given message with the given level.</doc>
<arguments>
<arg>${PATCH_RESPONSE}</arg>
</arguments>
<msg timestamp="20191223 15:46:15.583" level="INFO">Munch({'minValue': 10.0, 'maxValue': 23.0, 'name': 'Test', 'nameEng': 'Test eng', 'status': 'active'})</msg>
<status status="PASS" starttime="20191223 15:46:15.583" endtime="20191223 15:46:15.584"></status>
</kw>
<kw name="Set Suite Variable" library="BuiltIn">
<doc>Makes a variable available everywhere within the scope of the current suite.</doc>
<arguments>
<arg>${PATCH_RESPONSE}</arg>
</arguments>
<msg timestamp="20191223 15:46:15.584" level="INFO">${PATCH_RESPONSE} = Munch({'minValue': 10.0, 'maxValue': 23.0, 'name': 'Test', 'nameEng': 'Test eng', 'status': 'active'})</msg>
<status status="PASS" starttime="20191223 15:46:15.584" endtime="20191223 15:46:15.584"></status>
</kw>
<status status="PASS" starttime="20191223 15:46:15.542" endtime="20191223 15:46:15.585"></status>
</kw>
<kw name="Перевірити редагування критерії" library="base_keywords">
<arguments>
<arg>admin</arg>
</arguments>
<kw name="Можливість переглядати критерію" library="base_keywords">
<arguments>
<arg>${user_name}</arg>
</arguments>
<assign>
<var>${get_criteria}</var>
</assign>
<kw name="Переглядати критерію" library="keywords_api">
<arguments>
<arg>${ID_CRITERIA}</arg>
<arg>${user_name}</arg>
</arguments>
<assign>
<var>${GET_RESPONSE_ID}</var>
</assign>
<kw name="Call Method" library="BuiltIn">
<doc>Calls the named method of the given object with the provided arguments.</doc>
<arguments>
<arg>${USERS.users.${username}.client}</arg>
<arg>get_criteria</arg>
<arg>${RESOURCE}</arg>
<arg>${ID}</arg>
</arguments>
<assign>
<var>${RESPONSE}</var>
</assign>
<msg timestamp="20191223 15:46:15.627" level="INFO">${RESPONSE} = Munch({'id': 'b7e577582d6940da98ba806c08b41b9f', 'name': 'Test', 'nameEng': 'Test eng', 'minValue': '10.0', 'maxValue': '23.0', 'dataType': 'number', 'dateModified': '2019-12-23T13:46:15.571456Z', 'st...</msg>
<status status="PASS" starttime="20191223 15:46:15.587" endtime="20191223 15:46:15.627"></status>
</kw>
<kw name="Log" library="BuiltIn">
<doc>Logs the given message with the given level.</doc>
<arguments>
<arg>${RESPONSE}</arg>
</arguments>
<msg timestamp="20191223 15:46:15.628" level="INFO">Munch({'id': 'b7e577582d6940da98ba806c08b41b9f', 'name': 'Test', 'nameEng': 'Test eng', 'minValue': '10.0', 'maxValue': '23.0', 'dataType': 'number', 'dateModified': '2019-12-23T13:46:15.571456Z', 'status': 'active', 'classification': Munch({'description': 'Послуги гральних закладів і тоталізаторів', 'scheme': 'ДК021', 'id': '92350000-9'}), 'additionalClassification': Munch({'description': 'Солома', 'id': '03114100-4', 'scheme': 'ДК021'}), 'unit': Munch({'name': 'millilitre of water', 'code': 'WW'})})</msg>
<status status="PASS" starttime="20191223 15:46:15.628" endtime="20191223 15:46:15.628"></status>
</kw>
<kw name="Log Variables" library="BuiltIn">
<doc>Logs all variables in the current scope with given log level.</doc>
<msg timestamp="20191223 15:46:15.629" level="INFO">${/} = /</msg>
<msg timestamp="20191223 15:46:15.630" level="INFO">${:} = :</msg>
<msg timestamp="20191223 15:46:15.630" level="INFO">${\n} = 
</msg>
<msg timestamp="20191223 15:46:15.630" level="INFO">${API_HOST_URL} = http://localhost:8000</msg>
<msg timestamp="20191223 15:46:15.630" level="INFO">${API_VERSION} = 0</msg>
<msg timestamp="20191223 15:46:15.630" level="INFO">&amp;{CRITERIA_DATA} = { name=Tester2 | nameEng=Name eng | classification=Munch({'id': '92350000-9', 'scheme': 'ДК021', 'description': 'Послуги гральних закладів і тоталізаторів'}) | additionalClassification=Munch({'id': '03114100-4', 'scheme': 'ДК021', 'description': 'Солома'}) | minValue=11.0 | maxValue=22.0 | dataType=number | unit=Munch({'name': 'millilitre of water', 'code': 'WW'}) }</msg>
<msg timestamp="20191223 15:46:15.630" level="INFO">${DEBUG_FILE} = NONE</msg>
<msg timestamp="20191223 15:46:15.631" level="INFO">&amp;{EDIT_DATA} = { name=Test | nameEng=Test eng | minValue=10.0 | maxValue=23.0 | status=active }</msg>
<msg timestamp="20191223 15:46:15.631" level="INFO">${EXECDIR} = /home/orest.shkhumov/Criteria_test</msg>
<msg timestamp="20191223 15:46:15.631" level="INFO">${False} = False</msg>
<msg timestamp="20191223 15:46:15.631" level="INFO">${ID} = b7e577582d6940da98ba806c08b41b9f</msg>
<msg timestamp="20191223 15:46:15.631" level="INFO">${ID_CRITERIA} = b7e577582d6940da98ba806c08b41b9f</msg>
<msg timestamp="20191223 15:46:15.631" level="INFO">${LOG_FILE} = /home/orest.shkhumov/Criteria_test/log.html</msg>
<msg timestamp="20191223 15:46:15.631" level="INFO">${LOG_LEVEL} = INFO</msg>
<msg timestamp="20191223 15:46:15.631" level="INFO">${None} = None</msg>
<msg timestamp="20191223 15:46:15.631" level="INFO">${null} = None</msg>
<msg timestamp="20191223 15:46:15.631" level="INFO">${OUTPUT_DIR} = /home/orest.shkhumov/Criteria_test</msg>
<msg timestamp="20191223 15:46:15.631" level="INFO">${OUTPUT_FILE} = /home/orest.shkhumov/Criteria_test/output.xml</msg>
<msg timestamp="20191223 15:46:15.632" level="INFO">${PASSWORD} = adminpassword</msg>
<msg timestamp="20191223 15:46:15.632" level="INFO">&amp;{PATCH_RESPONSE} = { minValue=10.0 | maxValue=23.0 | name=Test | nameEng=Test eng | status=active }</msg>
<msg timestamp="20191223 15:46:15.632" level="INFO">${PREV_TEST_MESSAGE} = </msg>
<msg timestamp="20191223 15:46:15.632" level="INFO">${PREV_TEST_NAME} = Тест створити критерію</msg>
<msg timestamp="20191223 15:46:15.632" level="INFO">${PREV_TEST_STATUS} = PASS</msg>
<msg timestamp="20191223 15:46:15.632" level="INFO">${REPORT_FILE} = /home/orest.shkhumov/Criteria_test/report.html</msg>
<msg timestamp="20191223 15:46:15.632" level="INFO">${RESOURCE} = criteria</msg>
<msg timestamp="20191223 15:46:15.632" level="INFO">&amp;{RESPONSE} = { id=b7e577582d6940da98ba806c08b41b9f | name=Test | nameEng=Test eng | minValue=10.0 | maxValue=23.0 | dataType=number | dateModified=2019-12-23T13:46:15.571456Z | status=active | classification=Munch({'description': 'Послуги гральних закладів і тоталізаторів', 'scheme': 'ДК021', 'id': '92350000-9'}) | additionalClassification=Munch({'description': 'Солома', 'id': '03114100-4', 'scheme': 'ДК021'}) | unit=Munch({'name': 'millilitre of water', 'code': 'WW'}) }</msg>
<msg timestamp="20191223 15:46:15.632" level="INFO">${SPACE} =  </msg>
<msg timestamp="20191223 15:46:15.632" level="INFO">${SUITE_DOCUMENTATION} = </msg>
<msg timestamp="20191223 15:46:15.632" level="INFO">&amp;{SUITE_METADATA} = { }</msg>
<msg timestamp="20191223 15:46:15.633" level="INFO">${SUITE_NAME} = Tests</msg>
<msg timestamp="20191223 15:46:15.633" level="INFO">${SUITE_SOURCE} = /home/orest.shkhumov/Criteria_test/tests.robot</msg>
<msg timestamp="20191223 15:46:15.633" level="INFO">${TEMPDIR} = /tmp</msg>
<msg timestamp="20191223 15:46:15.633" level="INFO">${TEST_DOCUMENTATION} = </msg>
<msg timestamp="20191223 15:46:15.633" level="INFO">${TEST_NAME} = Тест редагувати критерію</msg>
<msg timestamp="20191223 15:46:15.633" level="INFO">@{TEST_TAGS} = [ &lt;client.client_helper.StableClient object at 0x7f38a32bbdd0&gt; ]</msg>
<msg timestamp="20191223 15:46:15.633" level="INFO">${True} = True</msg>
<msg timestamp="20191223 15:46:15.633" level="INFO">@{USED_ROLES} = [ admin | user ]</msg>
<msg timestamp="20191223 15:46:15.633" level="INFO">${USERNAME} = admin</msg>
<msg timestamp="20191223 15:46:15.633" level="INFO">&amp;{USERS} = { users=Munch({'admin': Munch({'api_key': 'adminpassword', 'user_name': 'admin', 'client': &lt;client.client_helper.StableClient object at 0x7f38a32bbdd0&gt;}), 'user': Munch({'api_key': 'userpassword', 'user_name': 'user', 'client': &lt;client.client_helper.StableClient object at 0x7f38a324e810&gt;})}) }</msg>
<msg timestamp="20191223 15:46:15.633" level="INFO">${USERS_FILE} = data</msg>
<status status="PASS" starttime="20191223 15:46:15.628" endtime="20191223 15:46:15.633"></status>
</kw>
<msg timestamp="20191223 15:46:15.634" level="INFO">${GET_RESPONSE_ID} = Munch({'id': 'b7e577582d6940da98ba806c08b41b9f', 'name': 'Test', 'nameEng': 'Test eng', 'minValue': '10.0', 'maxValue': '23.0', 'dataType': 'number', 'dateModified': '2019-12-23T13:46:15.571456Z', 'st...</msg>
<status status="PASS" starttime="20191223 15:46:15.586" endtime="20191223 15:46:15.634"></status>
</kw>
<kw name="Log" library="BuiltIn">
<doc>Logs the given message with the given level.</doc>
<arguments>
<arg>${GET_RESPONSE_ID}</arg>
</arguments>
<msg timestamp="20191223 15:46:15.635" level="INFO">Munch({'id': 'b7e577582d6940da98ba806c08b41b9f', 'name': 'Test', 'nameEng': 'Test eng', 'minValue': '10.0', 'maxValue': '23.0', 'dataType': 'number', 'dateModified': '2019-12-23T13:46:15.571456Z', 'status': 'active', 'classification': Munch({'description': 'Послуги гральних закладів і тоталізаторів', 'scheme': 'ДК021', 'id': '92350000-9'}), 'additionalClassification': Munch({'description': 'Солома', 'id': '03114100-4', 'scheme': 'ДК021'}), 'unit': Munch({'name': 'millilitre of water', 'code': 'WW'})})</msg>
<status status="PASS" starttime="20191223 15:46:15.634" endtime="20191223 15:46:15.635"></status>
</kw>
<kw name="Log Variables" library="BuiltIn">
<doc>Logs all variables in the current scope with given log level.</doc>
<msg timestamp="20191223 15:46:15.636" level="INFO">${/} = /</msg>
<msg timestamp="20191223 15:46:15.636" level="INFO">${:} = :</msg>
<msg timestamp="20191223 15:46:15.636" level="INFO">${\n} = 
</msg>
<msg timestamp="20191223 15:46:15.636" level="INFO">${API_HOST_URL} = http://localhost:8000</msg>
<msg timestamp="20191223 15:46:15.636" level="INFO">${API_VERSION} = 0</msg>
<msg timestamp="20191223 15:46:15.636" level="INFO">&amp;{CRITERIA_DATA} = { name=Tester2 | nameEng=Name eng | classification=Munch({'id': '92350000-9', 'scheme': 'ДК021', 'description': 'Послуги гральних закладів і тоталізаторів'}) | additionalClassification=Munch({'id': '03114100-4', 'scheme': 'ДК021', 'description': 'Солома'}) | minValue=11.0 | maxValue=22.0 | dataType=number | unit=Munch({'name': 'millilitre of water', 'code': 'WW'}) }</msg>
<msg timestamp="20191223 15:46:15.636" level="INFO">${DEBUG_FILE} = NONE</msg>
<msg timestamp="20191223 15:46:15.636" level="INFO">&amp;{EDIT_DATA} = { name=Test | nameEng=Test eng | minValue=10.0 | maxValue=23.0 | status=active }</msg>
<msg timestamp="20191223 15:46:15.636" level="INFO">${EXECDIR} = /home/orest.shkhumov/Criteria_test</msg>
<msg timestamp="20191223 15:46:15.636" level="INFO">${False} = False</msg>
<msg timestamp="20191223 15:46:15.636" level="INFO">&amp;{GET_RESPONSE_ID} = { id=b7e577582d6940da98ba806c08b41b9f | name=Test | nameEng=Test eng | minValue=10.0 | maxValue=23.0 | dataType=number | dateModified=2019-12-23T13:46:15.571456Z | status=active | classification=Munch({'description': 'Послуги гральних закладів і тоталізаторів', 'scheme': 'ДК021', 'id': '92350000-9'}) | additionalClassification=Munch({'description': 'Солома', 'id': '03114100-4', 'scheme': 'ДК021'}) | unit=Munch({'name': 'millilitre of water', 'code': 'WW'}) }</msg>
<msg timestamp="20191223 15:46:15.637" level="INFO">${ID_CRITERIA} = b7e577582d6940da98ba806c08b41b9f</msg>
<msg timestamp="20191223 15:46:15.637" level="INFO">${LOG_FILE} = /home/orest.shkhumov/Criteria_test/log.html</msg>
<msg timestamp="20191223 15:46:15.637" level="INFO">${LOG_LEVEL} = INFO</msg>
<msg timestamp="20191223 15:46:15.637" level="INFO">${None} = None</msg>
<msg timestamp="20191223 15:46:15.637" level="INFO">${null} = None</msg>
<msg timestamp="20191223 15:46:15.637" level="INFO">${OUTPUT_DIR} = /home/orest.shkhumov/Criteria_test</msg>
<msg timestamp="20191223 15:46:15.637" level="INFO">${OUTPUT_FILE} = /home/orest.shkhumov/Criteria_test/output.xml</msg>
<msg timestamp="20191223 15:46:15.637" level="INFO">${PASSWORD} = adminpassword</msg>
<msg timestamp="20191223 15:46:15.637" level="INFO">&amp;{PATCH_RESPONSE} = { minValue=10.0 | maxValue=23.0 | name=Test | nameEng=Test eng | status=active }</msg>
<msg timestamp="20191223 15:46:15.637" level="INFO">${PREV_TEST_MESSAGE} = </msg>
<msg timestamp="20191223 15:46:15.637" level="INFO">${PREV_TEST_NAME} = Тест створити критерію</msg>
<msg timestamp="20191223 15:46:15.637" level="INFO">${PREV_TEST_STATUS} = PASS</msg>
<msg timestamp="20191223 15:46:15.637" level="INFO">${REPORT_FILE} = /home/orest.shkhumov/Criteria_test/report.html</msg>
<msg timestamp="20191223 15:46:15.637" level="INFO">${RESOURCE} = criteria</msg>
<msg timestamp="20191223 15:46:15.637" level="INFO">${RESPONSE} = b7e577582d6940da98ba806c08b41b9f</msg>
<msg timestamp="20191223 15:46:15.638" level="INFO">${SPACE} =  </msg>
<msg timestamp="20191223 15:46:15.638" level="INFO">${SUITE_DOCUMENTATION} = </msg>
<msg timestamp="20191223 15:46:15.638" level="INFO">&amp;{SUITE_METADATA} = { }</msg>
<msg timestamp="20191223 15:46:15.638" level="INFO">${SUITE_NAME} = Tests</msg>
<msg timestamp="20191223 15:46:15.638" level="INFO">${SUITE_SOURCE} = /home/orest.shkhumov/Criteria_test/tests.robot</msg>
<msg timestamp="20191223 15:46:15.638" level="INFO">${TEMPDIR} = /tmp</msg>
<msg timestamp="20191223 15:46:15.638" level="INFO">${TEST_DOCUMENTATION} = </msg>
<msg timestamp="20191223 15:46:15.638" level="INFO">${TEST_NAME} = Тест редагувати критерію</msg>
<msg timestamp="20191223 15:46:15.638" level="INFO">@{TEST_TAGS} = [ &lt;client.client_helper.StableClient object at 0x7f38a32bbdd0&gt; ]</msg>
<msg timestamp="20191223 15:46:15.638" level="INFO">${True} = True</msg>
<msg timestamp="20191223 15:46:15.638" level="INFO">@{USED_ROLES} = [ admin | user ]</msg>
<msg timestamp="20191223 15:46:15.638" level="INFO">${USERNAME} = admin</msg>
<msg timestamp="20191223 15:46:15.638" level="INFO">&amp;{USERS} = { users=Munch({'admin': Munch({'api_key': 'adminpassword', 'user_name': 'admin', 'client': &lt;client.client_helper.StableClient object at 0x7f38a32bbdd0&gt;}), 'user': Munch({'api_key': 'userpassword', 'user_name': 'user', 'client': &lt;client.client_helper.StableClient object at 0x7f38a324e810&gt;})}) }</msg>
<msg timestamp="20191223 15:46:15.638" level="INFO">${USERS_FILE} = data</msg>
<status status="PASS" starttime="20191223 15:46:15.635" endtime="20191223 15:46:15.638"></status>
</kw>
<msg timestamp="20191223 15:46:15.639" level="INFO">${get_criteria} = Munch({'id': 'b7e577582d6940da98ba806c08b41b9f', 'name': 'Test', 'nameEng': 'Test eng', 'minValue': '10.0', 'maxValue': '23.0', 'dataType': 'number', 'dateModified': '2019-12-23T13:46:15.571456Z', 'st...</msg>
<status status="PASS" starttime="20191223 15:46:15.585" endtime="20191223 15:46:15.639"></status>
</kw>
<kw name="Порівнняти редаговані дані" library="base_keywords">
<arguments>
<arg>${get_criteria}</arg>
<arg>${EDIT_DATA}</arg>
</arguments>
<kw name="Log" library="BuiltIn">
<doc>Logs the given message with the given level.</doc>
<arguments>
<arg>${actual_resul}</arg>
</arguments>
<msg timestamp="20191223 15:46:15.640" level="INFO">Munch({'id': 'b7e577582d6940da98ba806c08b41b9f', 'name': 'Test', 'nameEng': 'Test eng', 'minValue': '10.0', 'maxValue': '23.0', 'dataType': 'number', 'dateModified': '2019-12-23T13:46:15.571456Z', 'status': 'active', 'classification': Munch({'description': 'Послуги гральних закладів і тоталізаторів', 'scheme': 'ДК021', 'id': '92350000-9'}), 'additionalClassification': Munch({'description': 'Солома', 'id': '03114100-4', 'scheme': 'ДК021'}), 'unit': Munch({'name': 'millilitre of water', 'code': 'WW'})})</msg>
<status status="PASS" starttime="20191223 15:46:15.640" endtime="20191223 15:46:15.640"></status>
</kw>
<kw name="Log" library="BuiltIn">
<doc>Logs the given message with the given level.</doc>
<arguments>
<arg>${expected_result}</arg>
</arguments>
<msg timestamp="20191223 15:46:15.641" level="INFO">Munch({'name': 'Test', 'nameEng': 'Test eng', 'minValue': '10.0', 'maxValue': '23.0', 'status': 'active'})</msg>
<status status="PASS" starttime="20191223 15:46:15.641" endtime="20191223 15:46:15.641"></status>
</kw>
<kw name="Should Be Equal" library="BuiltIn">
<doc>Fails if the given objects are unequal.</doc>
<arguments>
<arg>${actual_resul.name}</arg>
<arg>${expected_result.name}</arg>
<arg>msg=Objects NAME are not equal</arg>
</arguments>
<status status="PASS" starttime="20191223 15:46:15.642" endtime="20191223 15:46:15.643"></status>
</kw>
<kw name="Should Be Equal" library="BuiltIn">
<doc>Fails if the given objects are unequal.</doc>
<arguments>
<arg>${actual_resul.nameEng}</arg>
<arg>${expected_result.nameEng}</arg>
<arg>msg=Objects NAME_ENG are not equal</arg>
</arguments>
<status status="PASS" starttime="20191223 15:46:15.643" endtime="20191223 15:46:15.644"></status>
</kw>
<kw name="Should Be Equal" library="BuiltIn">
<doc>Fails if the given objects are unequal.</doc>
<arguments>
<arg>${actual_resul.minValue}</arg>
<arg>${expected_result.minValue}</arg>
<arg>msg=Objects MIN_VALUE are not equal</arg>
</arguments>
<status status="PASS" starttime="20191223 15:46:15.644" endtime="20191223 15:46:15.645"></status>
</kw>
<kw name="Should Be Equal" library="BuiltIn">
<doc>Fails if the given objects are unequal.</doc>
<arguments>
<arg>${actual_resul.maxValue}</arg>
<arg>${expected_result.maxValue}</arg>
<arg>msg=Objects MAX_VALUE are not equal</arg>
</arguments>
<status status="PASS" starttime="20191223 15:46:15.645" endtime="20191223 15:46:15.646"></status>
</kw>
<kw name="Should Be Equal" library="BuiltIn">
<doc>Fails if the given objects are unequal.</doc>
<arguments>
<arg>${actual_resul.status}</arg>
<arg>${expected_result.status}</arg>
<arg>msg=Objects STATUS are not equal</arg>
</arguments>
<status status="PASS" starttime="20191223 15:46:15.647" endtime="20191223 15:46:15.648"></status>
</kw>
<status status="PASS" starttime="20191223 15:46:15.639" endtime="20191223 15:46:15.649"></status>
</kw>
<status status="PASS" starttime="20191223 15:46:15.585" endtime="20191223 15:46:15.649"></status>
</kw>
<kw name="Перевірити редагування критерії" library="base_keywords">
<arguments>
<arg>user</arg>
</arguments>
<kw name="Можливість переглядати критерію" library="base_keywords">
<arguments>
<arg>${user_name}</arg>
</arguments>
<assign>
<var>${get_criteria}</var>
</assign>
<kw name="Переглядати критерію" library="keywords_api">
<arguments>
<arg>${ID_CRITERIA}</arg>
<arg>${user_name}</arg>
</arguments>
<assign>
<var>${GET_RESPONSE_ID}</var>
</assign>
<kw name="Call Method" library="BuiltIn">
<doc>Calls the named method of the given object with the provided arguments.</doc>
<arguments>
<arg>${USERS.users.${username}.client}</arg>
<arg>get_criteria</arg>
<arg>${RESOURCE}</arg>
<arg>${ID}</arg>
</arguments>
<assign>
<var>${RESPONSE}</var>
</assign>
<msg timestamp="20191223 15:46:15.693" level="INFO">${RESPONSE} = Munch({'id': 'b7e577582d6940da98ba806c08b41b9f', 'name': 'Test', 'nameEng': 'Test eng', 'minValue': '10.0', 'maxValue': '23.0', 'dataType': 'number', 'dateModified': '2019-12-23T13:46:15.571456Z', 'st...</msg>
<status status="PASS" starttime="20191223 15:46:15.652" endtime="20191223 15:46:15.693"></status>
</kw>
<kw name="Log" library="BuiltIn">
<doc>Logs the given message with the given level.</doc>
<arguments>
<arg>${RESPONSE}</arg>
</arguments>
<msg timestamp="20191223 15:46:15.694" level="INFO">Munch({'id': 'b7e577582d6940da98ba806c08b41b9f', 'name': 'Test', 'nameEng': 'Test eng', 'minValue': '10.0', 'maxValue': '23.0', 'dataType': 'number', 'dateModified': '2019-12-23T13:46:15.571456Z', 'status': 'active', 'classification': Munch({'description': 'Послуги гральних закладів і тоталізаторів', 'scheme': 'ДК021', 'id': '92350000-9'}), 'additionalClassification': Munch({'description': 'Солома', 'id': '03114100-4', 'scheme': 'ДК021'}), 'unit': Munch({'name': 'millilitre of water', 'code': 'WW'})})</msg>
<status status="PASS" starttime="20191223 15:46:15.693" endtime="20191223 15:46:15.694"></status>
</kw>
<kw name="Log Variables" library="BuiltIn">
<doc>Logs all variables in the current scope with given log level.</doc>
<msg timestamp="20191223 15:46:15.695" level="INFO">${/} = /</msg>
<msg timestamp="20191223 15:46:15.695" level="INFO">${:} = :</msg>
<msg timestamp="20191223 15:46:15.696" level="INFO">${\n} = 
</msg>
<msg timestamp="20191223 15:46:15.696" level="INFO">${API_HOST_URL} = http://localhost:8000</msg>
<msg timestamp="20191223 15:46:15.696" level="INFO">${API_VERSION} = 0</msg>
<msg timestamp="20191223 15:46:15.696" level="INFO">&amp;{CRITERIA_DATA} = { name=Tester2 | nameEng=Name eng | classification=Munch({'id': '92350000-9', 'scheme': 'ДК021', 'description': 'Послуги гральних закладів і тоталізаторів'}) | additionalClassification=Munch({'id': '03114100-4', 'scheme': 'ДК021', 'description': 'Солома'}) | minValue=11.0 | maxValue=22.0 | dataType=number | unit=Munch({'name': 'millilitre of water', 'code': 'WW'}) }</msg>
<msg timestamp="20191223 15:46:15.696" level="INFO">${DEBUG_FILE} = NONE</msg>
<msg timestamp="20191223 15:46:15.696" level="INFO">&amp;{EDIT_DATA} = { name=Test | nameEng=Test eng | minValue=10.0 | maxValue=23.0 | status=active }</msg>
<msg timestamp="20191223 15:46:15.696" level="INFO">${EXECDIR} = /home/orest.shkhumov/Criteria_test</msg>
<msg timestamp="20191223 15:46:15.696" level="INFO">${False} = False</msg>
<msg timestamp="20191223 15:46:15.696" level="INFO">${ID} = b7e577582d6940da98ba806c08b41b9f</msg>
<msg timestamp="20191223 15:46:15.696" level="INFO">${ID_CRITERIA} = b7e577582d6940da98ba806c08b41b9f</msg>
<msg timestamp="20191223 15:46:15.696" level="INFO">${LOG_FILE} = /home/orest.shkhumov/Criteria_test/log.html</msg>
<msg timestamp="20191223 15:46:15.697" level="INFO">${LOG_LEVEL} = INFO</msg>
<msg timestamp="20191223 15:46:15.697" level="INFO">${None} = None</msg>
<msg timestamp="20191223 15:46:15.697" level="INFO">${null} = None</msg>
<msg timestamp="20191223 15:46:15.697" level="INFO">${OUTPUT_DIR} = /home/orest.shkhumov/Criteria_test</msg>
<msg timestamp="20191223 15:46:15.697" level="INFO">${OUTPUT_FILE} = /home/orest.shkhumov/Criteria_test/output.xml</msg>
<msg timestamp="20191223 15:46:15.697" level="INFO">${PASSWORD} = adminpassword</msg>
<msg timestamp="20191223 15:46:15.697" level="INFO">&amp;{PATCH_RESPONSE} = { minValue=10.0 | maxValue=23.0 | name=Test | nameEng=Test eng | status=active }</msg>
<msg timestamp="20191223 15:46:15.697" level="INFO">${PREV_TEST_MESSAGE} = </msg>
<msg timestamp="20191223 15:46:15.698" level="INFO">${PREV_TEST_NAME} = Тест створити критерію</msg>
<msg timestamp="20191223 15:46:15.698" level="INFO">${PREV_TEST_STATUS} = PASS</msg>
<msg timestamp="20191223 15:46:15.698" level="INFO">${REPORT_FILE} = /home/orest.shkhumov/Criteria_test/report.html</msg>
<msg timestamp="20191223 15:46:15.698" level="INFO">${RESOURCE} = criteria</msg>
<msg timestamp="20191223 15:46:15.698" level="INFO">&amp;{RESPONSE} = { id=b7e577582d6940da98ba806c08b41b9f | name=Test | nameEng=Test eng | minValue=10.0 | maxValue=23.0 | dataType=number | dateModified=2019-12-23T13:46:15.571456Z | status=active | classification=Munch({'description': 'Послуги гральних закладів і тоталізаторів', 'scheme': 'ДК021', 'id': '92350000-9'}) | additionalClassification=Munch({'description': 'Солома', 'id': '03114100-4', 'scheme': 'ДК021'}) | unit=Munch({'name': 'millilitre of water', 'code': 'WW'}) }</msg>
<msg timestamp="20191223 15:46:15.698" level="INFO">${SPACE} =  </msg>
<msg timestamp="20191223 15:46:15.698" level="INFO">${SUITE_DOCUMENTATION} = </msg>
<msg timestamp="20191223 15:46:15.698" level="INFO">&amp;{SUITE_METADATA} = { }</msg>
<msg timestamp="20191223 15:46:15.698" level="INFO">${SUITE_NAME} = Tests</msg>
<msg timestamp="20191223 15:46:15.699" level="INFO">${SUITE_SOURCE} = /home/orest.shkhumov/Criteria_test/tests.robot</msg>
<msg timestamp="20191223 15:46:15.699" level="INFO">${TEMPDIR} = /tmp</msg>
<msg timestamp="20191223 15:46:15.699" level="INFO">${TEST_DOCUMENTATION} = </msg>
<msg timestamp="20191223 15:46:15.699" level="INFO">${TEST_NAME} = Тест редагувати критерію</msg>
<msg timestamp="20191223 15:46:15.699" level="INFO">@{TEST_TAGS} = [ &lt;client.client_helper.StableClient object at 0x7f38a32bbdd0&gt; ]</msg>
<msg timestamp="20191223 15:46:15.699" level="INFO">${True} = True</msg>
<msg timestamp="20191223 15:46:15.699" level="INFO">@{USED_ROLES} = [ admin | user ]</msg>
<msg timestamp="20191223 15:46:15.699" level="INFO">${USERNAME} = user</msg>
<msg timestamp="20191223 15:46:15.699" level="INFO">&amp;{USERS} = { users=Munch({'admin': Munch({'api_key': 'adminpassword', 'user_name': 'admin', 'client': &lt;client.client_helper.StableClient object at 0x7f38a32bbdd0&gt;}), 'user': Munch({'api_key': 'userpassword', 'user_name': 'user', 'client': &lt;client.client_helper.StableClient object at 0x7f38a324e810&gt;})}) }</msg>
<msg timestamp="20191223 15:46:15.699" level="INFO">${USERS_FILE} = data</msg>
<status status="PASS" starttime="20191223 15:46:15.694" endtime="20191223 15:46:15.700"></status>
</kw>
<msg timestamp="20191223 15:46:15.700" level="INFO">${GET_RESPONSE_ID} = Munch({'id': 'b7e577582d6940da98ba806c08b41b9f', 'name': 'Test', 'nameEng': 'Test eng', 'minValue': '10.0', 'maxValue': '23.0', 'dataType': 'number', 'dateModified': '2019-12-23T13:46:15.571456Z', 'st...</msg>
<status status="PASS" starttime="20191223 15:46:15.651" endtime="20191223 15:46:15.700"></status>
</kw>
<kw name="Log" library="BuiltIn">
<doc>Logs the given message with the given level.</doc>
<arguments>
<arg>${GET_RESPONSE_ID}</arg>
</arguments>
<msg timestamp="20191223 15:46:15.701" level="INFO">Munch({'id': 'b7e577582d6940da98ba806c08b41b9f', 'name': 'Test', 'nameEng': 'Test eng', 'minValue': '10.0', 'maxValue': '23.0', 'dataType': 'number', 'dateModified': '2019-12-23T13:46:15.571456Z', 'status': 'active', 'classification': Munch({'description': 'Послуги гральних закладів і тоталізаторів', 'scheme': 'ДК021', 'id': '92350000-9'}), 'additionalClassification': Munch({'description': 'Солома', 'id': '03114100-4', 'scheme': 'ДК021'}), 'unit': Munch({'name': 'millilitre of water', 'code': 'WW'})})</msg>
<status status="PASS" starttime="20191223 15:46:15.701" endtime="20191223 15:46:15.701"></status>
</kw>
<kw name="Log Variables" library="BuiltIn">
<doc>Logs all variables in the current scope with given log level.</doc>
<msg timestamp="20191223 15:46:15.702" level="INFO">${/} = /</msg>
<msg timestamp="20191223 15:46:15.702" level="INFO">${:} = :</msg>
<msg timestamp="20191223 15:46:15.702" level="INFO">${\n} = 
</msg>
<msg timestamp="20191223 15:46:15.702" level="INFO">${API_HOST_URL} = http://localhost:8000</msg>
<msg timestamp="20191223 15:46:15.702" level="INFO">${API_VERSION} = 0</msg>
<msg timestamp="20191223 15:46:15.703" level="INFO">&amp;{CRITERIA_DATA} = { name=Tester2 | nameEng=Name eng | classification=Munch({'id': '92350000-9', 'scheme': 'ДК021', 'description': 'Послуги гральних закладів і тоталізаторів'}) | additionalClassification=Munch({'id': '03114100-4', 'scheme': 'ДК021', 'description': 'Солома'}) | minValue=11.0 | maxValue=22.0 | dataType=number | unit=Munch({'name': 'millilitre of water', 'code': 'WW'}) }</msg>
<msg timestamp="20191223 15:46:15.703" level="INFO">${DEBUG_FILE} = NONE</msg>
<msg timestamp="20191223 15:46:15.703" level="INFO">&amp;{EDIT_DATA} = { name=Test | nameEng=Test eng | minValue=10.0 | maxValue=23.0 | status=active }</msg>
<msg timestamp="20191223 15:46:15.703" level="INFO">${EXECDIR} = /home/orest.shkhumov/Criteria_test</msg>
<msg timestamp="20191223 15:46:15.703" level="INFO">${False} = False</msg>
<msg timestamp="20191223 15:46:15.703" level="INFO">&amp;{GET_RESPONSE_ID} = { id=b7e577582d6940da98ba806c08b41b9f | name=Test | nameEng=Test eng | minValue=10.0 | maxValue=23.0 | dataType=number | dateModified=2019-12-23T13:46:15.571456Z | status=active | classification=Munch({'description': 'Послуги гральних закладів і тоталізаторів', 'scheme': 'ДК021', 'id': '92350000-9'}) | additionalClassification=Munch({'description': 'Солома', 'id': '03114100-4', 'scheme': 'ДК021'}) | unit=Munch({'name': 'millilitre of water', 'code': 'WW'}) }</msg>
<msg timestamp="20191223 15:46:15.703" level="INFO">${ID_CRITERIA} = b7e577582d6940da98ba806c08b41b9f</msg>
<msg timestamp="20191223 15:46:15.703" level="INFO">${LOG_FILE} = /home/orest.shkhumov/Criteria_test/log.html</msg>
<msg timestamp="20191223 15:46:15.703" level="INFO">${LOG_LEVEL} = INFO</msg>
<msg timestamp="20191223 15:46:15.703" level="INFO">${None} = None</msg>
<msg timestamp="20191223 15:46:15.703" level="INFO">${null} = None</msg>
<msg timestamp="20191223 15:46:15.703" level="INFO">${OUTPUT_DIR} = /home/orest.shkhumov/Criteria_test</msg>
<msg timestamp="20191223 15:46:15.703" level="INFO">${OUTPUT_FILE} = /home/orest.shkhumov/Criteria_test/output.xml</msg>
<msg timestamp="20191223 15:46:15.703" level="INFO">${PASSWORD} = adminpassword</msg>
<msg timestamp="20191223 15:46:15.704" level="INFO">&amp;{PATCH_RESPONSE} = { minValue=10.0 | maxValue=23.0 | name=Test | nameEng=Test eng | status=active }</msg>
<msg timestamp="20191223 15:46:15.704" level="INFO">${PREV_TEST_MESSAGE} = </msg>
<msg timestamp="20191223 15:46:15.704" level="INFO">${PREV_TEST_NAME} = Тест створити критерію</msg>
<msg timestamp="20191223 15:46:15.704" level="INFO">${PREV_TEST_STATUS} = PASS</msg>
<msg timestamp="20191223 15:46:15.704" level="INFO">${REPORT_FILE} = /home/orest.shkhumov/Criteria_test/report.html</msg>
<msg timestamp="20191223 15:46:15.704" level="INFO">${RESOURCE} = criteria</msg>
<msg timestamp="20191223 15:46:15.704" level="INFO">${RESPONSE} = b7e577582d6940da98ba806c08b41b9f</msg>
<msg timestamp="20191223 15:46:15.704" level="INFO">${SPACE} =  </msg>
<msg timestamp="20191223 15:46:15.704" level="INFO">${SUITE_DOCUMENTATION} = </msg>
<msg timestamp="20191223 15:46:15.704" level="INFO">&amp;{SUITE_METADATA} = { }</msg>
<msg timestamp="20191223 15:46:15.704" level="INFO">${SUITE_NAME} = Tests</msg>
<msg timestamp="20191223 15:46:15.704" level="INFO">${SUITE_SOURCE} = /home/orest.shkhumov/Criteria_test/tests.robot</msg>
<msg timestamp="20191223 15:46:15.704" level="INFO">${TEMPDIR} = /tmp</msg>
<msg timestamp="20191223 15:46:15.704" level="INFO">${TEST_DOCUMENTATION} = </msg>
<msg timestamp="20191223 15:46:15.704" level="INFO">${TEST_NAME} = Тест редагувати критерію</msg>
<msg timestamp="20191223 15:46:15.704" level="INFO">@{TEST_TAGS} = [ &lt;client.client_helper.StableClient object at 0x7f38a32bbdd0&gt; ]</msg>
<msg timestamp="20191223 15:46:15.705" level="INFO">${True} = True</msg>
<msg timestamp="20191223 15:46:15.705" level="INFO">@{USED_ROLES} = [ admin | user ]</msg>
<msg timestamp="20191223 15:46:15.705" level="INFO">${USERNAME} = user</msg>
<msg timestamp="20191223 15:46:15.705" level="INFO">&amp;{USERS} = { users=Munch({'admin': Munch({'api_key': 'adminpassword', 'user_name': 'admin', 'client': &lt;client.client_helper.StableClient object at 0x7f38a32bbdd0&gt;}), 'user': Munch({'api_key': 'userpassword', 'user_name': 'user', 'client': &lt;client.client_helper.StableClient object at 0x7f38a324e810&gt;})}) }</msg>
<msg timestamp="20191223 15:46:15.705" level="INFO">${USERS_FILE} = data</msg>
<status status="PASS" starttime="20191223 15:46:15.701" endtime="20191223 15:46:15.705"></status>
</kw>
<msg timestamp="20191223 15:46:15.705" level="INFO">${get_criteria} = Munch({'id': 'b7e577582d6940da98ba806c08b41b9f', 'name': 'Test', 'nameEng': 'Test eng', 'minValue': '10.0', 'maxValue': '23.0', 'dataType': 'number', 'dateModified': '2019-12-23T13:46:15.571456Z', 'st...</msg>
<status status="PASS" starttime="20191223 15:46:15.650" endtime="20191223 15:46:15.705"></status>
</kw>
<kw name="Порівнняти редаговані дані" library="base_keywords">
<arguments>
<arg>${get_criteria}</arg>
<arg>${EDIT_DATA}</arg>
</arguments>
<kw name="Log" library="BuiltIn">
<doc>Logs the given message with the given level.</doc>
<arguments>
<arg>${actual_resul}</arg>
</arguments>
<msg timestamp="20191223 15:46:15.706" level="INFO">Munch({'id': 'b7e577582d6940da98ba806c08b41b9f', 'name': 'Test', 'nameEng': 'Test eng', 'minValue': '10.0', 'maxValue': '23.0', 'dataType': 'number', 'dateModified': '2019-12-23T13:46:15.571456Z', 'status': 'active', 'classification': Munch({'description': 'Послуги гральних закладів і тоталізаторів', 'scheme': 'ДК021', 'id': '92350000-9'}), 'additionalClassification': Munch({'description': 'Солома', 'id': '03114100-4', 'scheme': 'ДК021'}), 'unit': Munch({'name': 'millilitre of water', 'code': 'WW'})})</msg>
<status status="PASS" starttime="20191223 15:46:15.706" endtime="20191223 15:46:15.706"></status>
</kw>
<kw name="Log" library="BuiltIn">
<doc>Logs the given message with the given level.</doc>
<arguments>
<arg>${expected_result}</arg>
</arguments>
<msg timestamp="20191223 15:46:15.707" level="INFO">Munch({'name': 'Test', 'nameEng': 'Test eng', 'minValue': '10.0', 'maxValue': '23.0', 'status': 'active'})</msg>
<status status="PASS" starttime="20191223 15:46:15.706" endtime="20191223 15:46:15.707"></status>
</kw>
<kw name="Should Be Equal" library="BuiltIn">
<doc>Fails if the given objects are unequal.</doc>
<arguments>
<arg>${actual_resul.name}</arg>
<arg>${expected_result.name}</arg>
<arg>msg=Objects NAME are not equal</arg>
</arguments>
<status status="PASS" starttime="20191223 15:46:15.707" endtime="20191223 15:46:15.708"></status>
</kw>
<kw name="Should Be Equal" library="BuiltIn">
<doc>Fails if the given objects are unequal.</doc>
<arguments>
<arg>${actual_resul.nameEng}</arg>
<arg>${expected_result.nameEng}</arg>
<arg>msg=Objects NAME_ENG are not equal</arg>
</arguments>
<status status="PASS" starttime="20191223 15:46:15.708" endtime="20191223 15:46:15.710"></status>
</kw>
<kw name="Should Be Equal" library="BuiltIn">
<doc>Fails if the given objects are unequal.</doc>
<arguments>
<arg>${actual_resul.minValue}</arg>
<arg>${expected_result.minValue}</arg>
<arg>msg=Objects MIN_VALUE are not equal</arg>
</arguments>
<status status="PASS" starttime="20191223 15:46:15.710" endtime="20191223 15:46:15.711"></status>
</kw>
<kw name="Should Be Equal" library="BuiltIn">
<doc>Fails if the given objects are unequal.</doc>
<arguments>
<arg>${actual_resul.maxValue}</arg>
<arg>${expected_result.maxValue}</arg>
<arg>msg=Objects MAX_VALUE are not equal</arg>
</arguments>
<status status="PASS" starttime="20191223 15:46:15.711" endtime="20191223 15:46:15.712"></status>
</kw>
<kw name="Should Be Equal" library="BuiltIn">
<doc>Fails if the given objects are unequal.</doc>
<arguments>
<arg>${actual_resul.status}</arg>
<arg>${expected_result.status}</arg>
<arg>msg=Objects STATUS are not equal</arg>
</arguments>
<status status="PASS" starttime="20191223 15:46:15.713" endtime="20191223 15:46:15.713"></status>
</kw>
<status status="PASS" starttime="20191223 15:46:15.705" endtime="20191223 15:46:15.714"></status>
</kw>
<status status="PASS" starttime="20191223 15:46:15.649" endtime="20191223 15:46:15.714"></status>
</kw>
<tags>
<tag>&lt;client.client_helper.StableClient object at 0x7f38a32bbdd0&gt;</tag>
</tags>
<status status="PASS" starttime="20191223 15:46:15.541" endtime="20191223 15:46:15.715" critical="yes"></status>
</test>
<status status="PASS" starttime="20191223 15:46:14.850" endtime="20191223 15:46:15.715"></status>
</suite>
<statistics>
<total>
<stat pass="2" fail="0">Critical Tests</stat>
<stat pass="2" fail="0">All Tests</stat>
</total>
<tag>
<stat pass="2" fail="0">&lt;client.client_helper.StableClient object at 0x7f38a32bbdd0&gt;</stat>
</tag>
<suite>
<stat pass="2" fail="0" id="s1" name="Tests">Tests</stat>
</suite>
</statistics>
<errors>
</errors>
</robot>
