<?xml version="1.0" encoding="UTF-8"?>
<robot generator="Robot 3.1.2 (Python 3.7.5 on linux)" generated="20191216 19:40:55.352" rpa="false">
<suite id="s1" name="Tests" source="/home/orest.shkhumov/Criteria_test/tests.robot">
<test id="s1-t1" name="TestsCriteia">
<kw>
<assign>
<var>${data}</var>
</assign>
<msg timestamp="20191216 19:40:55.388" level="FAIL">Keyword name cannot be empty.</msg>
<status status="FAIL" starttime="20191216 19:40:55.388" endtime="20191216 19:40:55.388"></status>
</kw>
<status status="FAIL" starttime="20191216 19:40:55.387" endtime="20191216 19:40:55.388" critical="yes">Keyword name cannot be empty.</status>
</test>
<status status="FAIL" starttime="20191216 19:40:55.354" endtime="20191216 19:40:55.389"></status>
</suite>
<statistics>
<total>
<stat pass="0" fail="1">Critical Tests</stat>
<stat pass="0" fail="1">All Tests</stat>
</total>
<tag>
</tag>
<suite>
<stat pass="0" fail="1" id="s1" name="Tests">Tests</stat>
</suite>
</statistics>
<errors>
<msg timestamp="20191216 19:40:55.384" level="ERROR">Error in file '/home/orest.shkhumov/Criteria_test/tests.robot': Importing test library 'client.criteria_client.ClientCriteria' failed: ModuleNotFoundError: No module named 'client'
Traceback (most recent call last):
  None
PYTHONPATH:
  /home/orest.shkhumov/.local/bin
  /usr/lib64/python37.zip
  /usr/lib64/python3.7
  /usr/lib64/python3.7/lib-dynload
  /home/orest.shkhumov/.local/lib/python3.7/site-packages
  /usr/lib64/python3.7/site-packages
  /usr/lib/python3.7/site-packages</msg>
<msg timestamp="20191216 19:40:55.386" level="ERROR">Error in file '/home/orest.shkhumov/Criteria_test/tests.robot': Importing test library 'data.init_data' failed: ModuleNotFoundError: No module named 'data'
Traceback (most recent call last):
  None
PYTHONPATH:
  /home/orest.shkhumov/.local/bin
  /usr/lib64/python37.zip
  /usr/lib64/python3.7
  /usr/lib64/python3.7/lib-dynload
  /home/orest.shkhumov/.local/lib/python3.7/site-packages
  /usr/lib64/python3.7/site-packages
  /usr/lib/python3.7/site-packages</msg>
</errors>
</robot>
