<?xml version="1.0" encoding="UTF-8"?>
<robot generator="Robot 3.1.2 (Python 3.7.5 on linux)" generated="20191224 16:06:23.461" rpa="false">
<suite id="s1" name="Tests" source="/home/orest.shkhumov/Criteria_test/tests.robot">
<kw name="Підготувати клієнт для користувача" library="keywords_api" type="setup">
<kw name="Load Data From" library="service_keywords">
<doc>We assume that 'external_params' is a a valid json if passed</doc>
<arguments>
<arg>users.yaml</arg>
</arguments>
<assign>
<var>${USERS}</var>
</assign>
<msg timestamp="20191224 16:06:24.054" level="INFO">${USERS} = Munch({'users': Munch({'admin': Munch({'api_key': 'adminpassword', 'user_name': 'admin'}), 'user': Munch({'api_key': 'userpassword', 'user_name': 'user'})})})</msg>
<status status="PASS" starttime="20191224 16:06:24.051" endtime="20191224 16:06:24.054"></status>
</kw>
<kw name="${username} IN [ @{USED_ROLES} ]" type="for">
<kw name="${username} = admin" type="foritem">
<kw name="Prepare Api Wrapper" library="client.client_helper">
<arguments>
<arg>${USERS.users.${username}.user_name}</arg>
<arg>${USERS.users.${username}.api_key}</arg>
<arg>${API_HOST_URL}</arg>
<arg>${API_VERSION}</arg>
</arguments>
<assign>
<var>${api_wraper}</var>
</assign>
<msg timestamp="20191224 16:06:24.055" level="INFO">${api_wraper} = &lt;client.client_helper.StableClient object at 0x7f6b002b8b90&gt;</msg>
<status status="PASS" starttime="20191224 16:06:24.054" endtime="20191224 16:06:24.055"></status>
</kw>
<kw name="Set To Dictionary" library="Collections">
<doc>Adds the given ``key_value_pairs`` and ``items`` to the ``dictionary``.</doc>
<arguments>
<arg>${USERS.users.${username}}</arg>
<arg>client=${api_wraper}</arg>
</arguments>
<status status="PASS" starttime="20191224 16:06:24.055" endtime="20191224 16:06:24.056"></status>
</kw>
<status status="PASS" starttime="20191224 16:06:24.054" endtime="20191224 16:06:24.056"></status>
</kw>
<kw name="${username} = user" type="foritem">
<kw name="Prepare Api Wrapper" library="client.client_helper">
<arguments>
<arg>${USERS.users.${username}.user_name}</arg>
<arg>${USERS.users.${username}.api_key}</arg>
<arg>${API_HOST_URL}</arg>
<arg>${API_VERSION}</arg>
</arguments>
<assign>
<var>${api_wraper}</var>
</assign>
<msg timestamp="20191224 16:06:24.057" level="INFO">${api_wraper} = &lt;client.client_helper.StableClient object at 0x7f6b0024b1d0&gt;</msg>
<status status="PASS" starttime="20191224 16:06:24.056" endtime="20191224 16:06:24.057"></status>
</kw>
<kw name="Set To Dictionary" library="Collections">
<doc>Adds the given ``key_value_pairs`` and ``items`` to the ``dictionary``.</doc>
<arguments>
<arg>${USERS.users.${username}}</arg>
<arg>client=${api_wraper}</arg>
</arguments>
<status status="PASS" starttime="20191224 16:06:24.057" endtime="20191224 16:06:24.057"></status>
</kw>
<status status="PASS" starttime="20191224 16:06:24.056" endtime="20191224 16:06:24.057"></status>
</kw>
<status status="PASS" starttime="20191224 16:06:24.054" endtime="20191224 16:06:24.057"></status>
</kw>
<kw name="Set Suite Variable" library="BuiltIn">
<doc>Makes a variable available everywhere within the scope of the current suite.</doc>
<arguments>
<arg>${USERS}</arg>
</arguments>
<msg timestamp="20191224 16:06:24.058" level="INFO">${USERS} = Munch({'users': Munch({'admin': Munch({'api_key': 'adminpassword', 'user_name': 'admin', 'client': &lt;client.client_helper.StableClient object at 0x7f6b002b8b90&gt;}), 'user': Munch({'api_key': 'userpasswo...</msg>
<status status="PASS" starttime="20191224 16:06:24.058" endtime="20191224 16:06:24.058"></status>
</kw>
<status status="PASS" starttime="20191224 16:06:24.051" endtime="20191224 16:06:24.058"></status>
</kw>
<test id="s1-t1" name="Тест створити критерію">
<kw name="Можливість cтворити критерію" library="base_keywords">
<arguments>
<arg>admin</arg>
</arguments>
<kw name="Піготувати дані для критерії" library="keywords_data">
<assign>
<var>${CRITERIA_DATA}</var>
</assign>
<kw name="Data For Criteria" library="data.init_data">
<assign>
<var>${CRITERIA_DATA}</var>
</assign>
<msg timestamp="20191224 16:06:24.060" level="INFO">${CRITERIA_DATA} = Munch({'name': 'Tester2', 'nameEng': 'Name eng', 'classification': Munch({'id': '92350000-9', 'scheme': 'ДК021', 'description': 'Послуги гральних закладів і тоталізаторів'}), 'additionalClassification...</msg>
<status status="PASS" starttime="20191224 16:06:24.060" endtime="20191224 16:06:24.060"></status>
</kw>
<kw name="Log" library="BuiltIn">
<doc>Logs the given message with the given level.</doc>
<arguments>
<arg>${CRITERIA_DATA}</arg>
</arguments>
<msg timestamp="20191224 16:06:24.061" level="INFO">Munch({'name': 'Tester2', 'nameEng': 'Name eng', 'classification': Munch({'id': '92350000-9', 'scheme': 'ДК021', 'description': 'Послуги гральних закладів і тоталізаторів'}), 'additionalClassification': Munch({'id': '03114100-4', 'scheme': 'ДК021', 'description': 'Солома'}), 'minValue': '11.0', 'maxValue': '22.0', 'dataType': 'number', 'unit': Munch({'name': 'millilitre of water', 'code': 'WW'})})</msg>
<status status="PASS" starttime="20191224 16:06:24.060" endtime="20191224 16:06:24.061"></status>
</kw>
<msg timestamp="20191224 16:06:24.061" level="INFO">${CRITERIA_DATA} = Munch({'name': 'Tester2', 'nameEng': 'Name eng', 'classification': Munch({'id': '92350000-9', 'scheme': 'ДК021', 'description': 'Послуги гральних закладів і тоталізаторів'}), 'additionalClassification...</msg>
<status status="PASS" starttime="20191224 16:06:24.059" endtime="20191224 16:06:24.061"></status>
</kw>
<kw name="Set Suite Variable" library="BuiltIn">
<doc>Makes a variable available everywhere within the scope of the current suite.</doc>
<arguments>
<arg>${CRITERIA_DATA}</arg>
</arguments>
<msg timestamp="20191224 16:06:24.062" level="INFO">${CRITERIA_DATA} = Munch({'name': 'Tester2', 'nameEng': 'Name eng', 'classification': Munch({'id': '92350000-9', 'scheme': 'ДК021', 'description': 'Послуги гральних закладів і тоталізаторів'}), 'additionalClassification...</msg>
<status status="PASS" starttime="20191224 16:06:24.062" endtime="20191224 16:06:24.062"></status>
</kw>
<kw name="Створити критерію" library="keywords_api">
<arguments>
<arg>${CRITERIA_DATA}</arg>
<arg>${user_name}</arg>
</arguments>
<assign>
<var>${RESPONSE}</var>
</assign>
<kw name="Call Method" library="BuiltIn">
<doc>Calls the named method of the given object with the provided arguments.</doc>
<arguments>
<arg>${USERS.users.${username}.client}</arg>
<arg>create_criteria</arg>
<arg>${RESOURCE}</arg>
<arg>${DATA}</arg>
</arguments>
<assign>
<var>${RESPONSE}</var>
</assign>
<msg timestamp="20191224 16:06:24.117" level="INFO">${RESPONSE} = Munch({'id': '50940e58724644c0ae178d01be69ba01', 'name': 'Tester2', 'nameEng': 'Name eng', 'minValue': 11.0, 'maxValue': 22.0, 'dataType': 'number', 'status': 'active', 'classification': Munch({'descr...</msg>
<status status="PASS" starttime="20191224 16:06:24.063" endtime="20191224 16:06:24.117"></status>
</kw>
<kw name="Log" library="BuiltIn">
<doc>Logs the given message with the given level.</doc>
<arguments>
<arg>${RESPONSE}</arg>
</arguments>
<msg timestamp="20191224 16:06:24.118" level="INFO">Munch({'id': '50940e58724644c0ae178d01be69ba01', 'name': 'Tester2', 'nameEng': 'Name eng', 'minValue': 11.0, 'maxValue': 22.0, 'dataType': 'number', 'status': 'active', 'classification': Munch({'description': 'Послуги гральних закладів і тоталізаторів', 'scheme': 'ДК021', 'id': '92350000-9'}), 'additionalClassification': Munch({'description': 'Солома', 'id': '03114100-4', 'scheme': 'ДК021'}), 'unit': Munch({'name': 'millilitre of water', 'code': 'WW'}), 'dateModified': '2019-12-24T14:06:24.099649Z'})</msg>
<status status="PASS" starttime="20191224 16:06:24.117" endtime="20191224 16:06:24.118"></status>
</kw>
<kw name="Log Variables" library="BuiltIn">
<doc>Logs all variables in the current scope with given log level.</doc>
<msg timestamp="20191224 16:06:24.121" level="INFO">${/} = /</msg>
<msg timestamp="20191224 16:06:24.122" level="INFO">${:} = :</msg>
<msg timestamp="20191224 16:06:24.122" level="INFO">${\n} = 
</msg>
<msg timestamp="20191224 16:06:24.122" level="INFO">${API_HOST_URL} = http://localhost:8000</msg>
<msg timestamp="20191224 16:06:24.122" level="INFO">${API_VERSION} = 0</msg>
<msg timestamp="20191224 16:06:24.122" level="INFO">&amp;{CRITERIA_DATA} = { name=Tester2 | nameEng=Name eng | classification=Munch({'id': '92350000-9', 'scheme': 'ДК021', 'description': 'Послуги гральних закладів і тоталізаторів'}) | additionalClassification=Munch({'id': '03114100-4', 'scheme': 'ДК021', 'description': 'Солома'}) | minValue=11.0 | maxValue=22.0 | dataType=number | unit=Munch({'name': 'millilitre of water', 'code': 'WW'}) }</msg>
<msg timestamp="20191224 16:06:24.122" level="INFO">&amp;{DATA} = { name=Tester2 | nameEng=Name eng | classification=Munch({'id': '92350000-9', 'scheme': 'ДК021', 'description': 'Послуги гральних закладів і тоталізаторів'}) | additionalClassification=Munch({'id': '03114100-4', 'scheme': 'ДК021', 'description': 'Солома'}) | minValue=11.0 | maxValue=22.0 | dataType=number | unit=Munch({'name': 'millilitre of water', 'code': 'WW'}) }</msg>
<msg timestamp="20191224 16:06:24.123" level="INFO">${DEBUG_FILE} = NONE</msg>
<msg timestamp="20191224 16:06:24.123" level="INFO">${EXECDIR} = /home/orest.shkhumov/Criteria_test</msg>
<msg timestamp="20191224 16:06:24.123" level="INFO">${False} = False</msg>
<msg timestamp="20191224 16:06:24.123" level="INFO">${LOG_FILE} = /home/orest.shkhumov/Criteria_test/log.html</msg>
<msg timestamp="20191224 16:06:24.123" level="INFO">${LOG_LEVEL} = INFO</msg>
<msg timestamp="20191224 16:06:24.123" level="INFO">${None} = None</msg>
<msg timestamp="20191224 16:06:24.123" level="INFO">${null} = None</msg>
<msg timestamp="20191224 16:06:24.123" level="INFO">${OUTPUT_DIR} = /home/orest.shkhumov/Criteria_test</msg>
<msg timestamp="20191224 16:06:24.123" level="INFO">${OUTPUT_FILE} = /home/orest.shkhumov/Criteria_test/output.xml</msg>
<msg timestamp="20191224 16:06:24.123" level="INFO">${PASSWORD} = adminpassword</msg>
<msg timestamp="20191224 16:06:24.123" level="INFO">${PREV_TEST_MESSAGE} = </msg>
<msg timestamp="20191224 16:06:24.124" level="INFO">${PREV_TEST_NAME} = </msg>
<msg timestamp="20191224 16:06:24.124" level="INFO">${PREV_TEST_STATUS} = </msg>
<msg timestamp="20191224 16:06:24.124" level="INFO">${REPORT_FILE} = /home/orest.shkhumov/Criteria_test/report.html</msg>
<msg timestamp="20191224 16:06:24.124" level="INFO">${RESOURCE} = criteria</msg>
<msg timestamp="20191224 16:06:24.124" level="INFO">&amp;{RESPONSE} = { id=50940e58724644c0ae178d01be69ba01 | name=Tester2 | nameEng=Name eng | minValue=11.0 | maxValue=22.0 | dataType=number | status=active | classification=Munch({'description': 'Послуги гральних закладів і тоталізаторів', 'scheme': 'ДК021', 'id': '92350000-9'}) | additionalClassification=Munch({'description': 'Солома', 'id': '03114100-4', 'scheme': 'ДК021'}) | unit=Munch({'name': 'millilitre of water', 'code': 'WW'}) | dateModified=2019-12-24T14:06:24.099649Z }</msg>
<msg timestamp="20191224 16:06:24.124" level="INFO">${SPACE} =  </msg>
<msg timestamp="20191224 16:06:24.124" level="INFO">${STATUS_ACTIVE} = ?status=active</msg>
<msg timestamp="20191224 16:06:24.124" level="INFO">${STATUS_ALL} = ?status=all</msg>
<msg timestamp="20191224 16:06:24.124" level="INFO">${STATUS_RETIRED} = ?status=retired</msg>
<msg timestamp="20191224 16:06:24.124" level="INFO">${SUITE_DOCUMENTATION} = </msg>
<msg timestamp="20191224 16:06:24.124" level="INFO">&amp;{SUITE_METADATA} = { }</msg>
<msg timestamp="20191224 16:06:24.124" level="INFO">${SUITE_NAME} = Tests</msg>
<msg timestamp="20191224 16:06:24.125" level="INFO">${SUITE_SOURCE} = /home/orest.shkhumov/Criteria_test/tests.robot</msg>
<msg timestamp="20191224 16:06:24.125" level="INFO">${TEMPDIR} = /tmp</msg>
<msg timestamp="20191224 16:06:24.125" level="INFO">${TEST_DOCUMENTATION} = </msg>
<msg timestamp="20191224 16:06:24.125" level="INFO">${TEST_NAME} = Тест створити критерію</msg>
<msg timestamp="20191224 16:06:24.125" level="INFO">@{TEST_TAGS} = [ ]</msg>
<msg timestamp="20191224 16:06:24.125" level="INFO">${True} = True</msg>
<msg timestamp="20191224 16:06:24.125" level="INFO">@{USED_ROLES} = [ admin | user ]</msg>
<msg timestamp="20191224 16:06:24.125" level="INFO">${USERNAME} = admin</msg>
<msg timestamp="20191224 16:06:24.125" level="INFO">&amp;{USERS} = { users=Munch({'admin': Munch({'api_key': 'adminpassword', 'user_name': 'admin', 'client': &lt;client.client_helper.StableClient object at 0x7f6b002b8b90&gt;}), 'user': Munch({'api_key': 'userpassword', 'user_name': 'user', 'client': &lt;client.client_helper.StableClient object at 0x7f6b0024b1d0&gt;})}) }</msg>
<msg timestamp="20191224 16:06:24.125" level="INFO">${USERS_FILE} = data</msg>
<status status="PASS" starttime="20191224 16:06:24.118" endtime="20191224 16:06:24.125"></status>
</kw>
<msg timestamp="20191224 16:06:24.126" level="INFO">${RESPONSE} = 50940e58724644c0ae178d01be69ba01</msg>
<status status="PASS" starttime="20191224 16:06:24.062" endtime="20191224 16:06:24.126"></status>
</kw>
<kw name="Set Suite Variable" library="BuiltIn">
<doc>Makes a variable available everywhere within the scope of the current suite.</doc>
<arguments>
<arg>${ID_CRITERIA}</arg>
<arg>${RESPONSE}</arg>
</arguments>
<msg timestamp="20191224 16:06:24.127" level="INFO">${ID_CRITERIA} = 50940e58724644c0ae178d01be69ba01</msg>
<status status="PASS" starttime="20191224 16:06:24.126" endtime="20191224 16:06:24.127"></status>
</kw>
<status status="PASS" starttime="20191224 16:06:24.059" endtime="20191224 16:06:24.128"></status>
</kw>
<kw name="Перевірити створену критерію" library="base_keywords">
<arguments>
<arg>admin</arg>
</arguments>
<kw name="Можливість переглядати критерію" library="base_keywords">
<arguments>
<arg>${user_name}</arg>
</arguments>
<assign>
<var>${get_criteria}</var>
</assign>
<kw name="Переглядати критерію" library="keywords_api">
<arguments>
<arg>${ID_CRITERIA}</arg>
<arg>${user_name}</arg>
</arguments>
<assign>
<var>${GET_RESPONSE_ID}</var>
</assign>
<kw name="Call Method" library="BuiltIn">
<doc>Calls the named method of the given object with the provided arguments.</doc>
<arguments>
<arg>${USERS.users.${username}.client}</arg>
<arg>get_criteria</arg>
<arg>${RESOURCE}</arg>
<arg>${ID}</arg>
</arguments>
<assign>
<var>${RESPONSE}</var>
</assign>
<msg timestamp="20191224 16:06:24.158" level="INFO">${RESPONSE} = Munch({'id': '50940e58724644c0ae178d01be69ba01', 'name': 'Tester2', 'nameEng': 'Name eng', 'minValue': '11.0', 'maxValue': '22.0', 'dataType': 'number', 'dateModified': '2019-12-24T14:06:24.099649Z', ...</msg>
<status status="PASS" starttime="20191224 16:06:24.129" endtime="20191224 16:06:24.158"></status>
</kw>
<kw name="Log" library="BuiltIn">
<doc>Logs the given message with the given level.</doc>
<arguments>
<arg>${RESPONSE}</arg>
</arguments>
<msg timestamp="20191224 16:06:24.159" level="INFO">Munch({'id': '50940e58724644c0ae178d01be69ba01', 'name': 'Tester2', 'nameEng': 'Name eng', 'minValue': '11.0', 'maxValue': '22.0', 'dataType': 'number', 'dateModified': '2019-12-24T14:06:24.099649Z', 'status': 'active', 'classification': Munch({'description': 'Послуги гральних закладів і тоталізаторів', 'scheme': 'ДК021', 'id': '92350000-9'}), 'additionalClassification': Munch({'description': 'Солома', 'id': '03114100-4', 'scheme': 'ДК021'}), 'unit': Munch({'name': 'millilitre of water', 'code': 'WW'})})</msg>
<status status="PASS" starttime="20191224 16:06:24.159" endtime="20191224 16:06:24.159"></status>
</kw>
<kw name="Log Variables" library="BuiltIn">
<doc>Logs all variables in the current scope with given log level.</doc>
<msg timestamp="20191224 16:06:24.160" level="INFO">${/} = /</msg>
<msg timestamp="20191224 16:06:24.161" level="INFO">${:} = :</msg>
<msg timestamp="20191224 16:06:24.161" level="INFO">${\n} = 
</msg>
<msg timestamp="20191224 16:06:24.161" level="INFO">${API_HOST_URL} = http://localhost:8000</msg>
<msg timestamp="20191224 16:06:24.161" level="INFO">${API_VERSION} = 0</msg>
<msg timestamp="20191224 16:06:24.161" level="INFO">&amp;{CRITERIA_DATA} = { name=Tester2 | nameEng=Name eng | classification=Munch({'id': '92350000-9', 'scheme': 'ДК021', 'description': 'Послуги гральних закладів і тоталізаторів'}) | additionalClassification=Munch({'id': '03114100-4', 'scheme': 'ДК021', 'description': 'Солома'}) | minValue=11.0 | maxValue=22.0 | dataType=number | unit=Munch({'name': 'millilitre of water', 'code': 'WW'}) }</msg>
<msg timestamp="20191224 16:06:24.161" level="INFO">${DEBUG_FILE} = NONE</msg>
<msg timestamp="20191224 16:06:24.161" level="INFO">${EXECDIR} = /home/orest.shkhumov/Criteria_test</msg>
<msg timestamp="20191224 16:06:24.161" level="INFO">${False} = False</msg>
<msg timestamp="20191224 16:06:24.161" level="INFO">${ID} = 50940e58724644c0ae178d01be69ba01</msg>
<msg timestamp="20191224 16:06:24.161" level="INFO">${ID_CRITERIA} = 50940e58724644c0ae178d01be69ba01</msg>
<msg timestamp="20191224 16:06:24.161" level="INFO">${LOG_FILE} = /home/orest.shkhumov/Criteria_test/log.html</msg>
<msg timestamp="20191224 16:06:24.161" level="INFO">${LOG_LEVEL} = INFO</msg>
<msg timestamp="20191224 16:06:24.161" level="INFO">${None} = None</msg>
<msg timestamp="20191224 16:06:24.162" level="INFO">${null} = None</msg>
<msg timestamp="20191224 16:06:24.162" level="INFO">${OUTPUT_DIR} = /home/orest.shkhumov/Criteria_test</msg>
<msg timestamp="20191224 16:06:24.162" level="INFO">${OUTPUT_FILE} = /home/orest.shkhumov/Criteria_test/output.xml</msg>
<msg timestamp="20191224 16:06:24.162" level="INFO">${PASSWORD} = adminpassword</msg>
<msg timestamp="20191224 16:06:24.162" level="INFO">${PREV_TEST_MESSAGE} = </msg>
<msg timestamp="20191224 16:06:24.162" level="INFO">${PREV_TEST_NAME} = </msg>
<msg timestamp="20191224 16:06:24.162" level="INFO">${PREV_TEST_STATUS} = </msg>
<msg timestamp="20191224 16:06:24.162" level="INFO">${REPORT_FILE} = /home/orest.shkhumov/Criteria_test/report.html</msg>
<msg timestamp="20191224 16:06:24.162" level="INFO">${RESOURCE} = criteria</msg>
<msg timestamp="20191224 16:06:24.162" level="INFO">&amp;{RESPONSE} = { id=50940e58724644c0ae178d01be69ba01 | name=Tester2 | nameEng=Name eng | minValue=11.0 | maxValue=22.0 | dataType=number | dateModified=2019-12-24T14:06:24.099649Z | status=active | classification=Munch({'description': 'Послуги гральних закладів і тоталізаторів', 'scheme': 'ДК021', 'id': '92350000-9'}) | additionalClassification=Munch({'description': 'Солома', 'id': '03114100-4', 'scheme': 'ДК021'}) | unit=Munch({'name': 'millilitre of water', 'code': 'WW'}) }</msg>
<msg timestamp="20191224 16:06:24.162" level="INFO">${SPACE} =  </msg>
<msg timestamp="20191224 16:06:24.162" level="INFO">${STATUS_ACTIVE} = ?status=active</msg>
<msg timestamp="20191224 16:06:24.162" level="INFO">${STATUS_ALL} = ?status=all</msg>
<msg timestamp="20191224 16:06:24.162" level="INFO">${STATUS_RETIRED} = ?status=retired</msg>
<msg timestamp="20191224 16:06:24.163" level="INFO">${SUITE_DOCUMENTATION} = </msg>
<msg timestamp="20191224 16:06:24.163" level="INFO">&amp;{SUITE_METADATA} = { }</msg>
<msg timestamp="20191224 16:06:24.163" level="INFO">${SUITE_NAME} = Tests</msg>
<msg timestamp="20191224 16:06:24.163" level="INFO">${SUITE_SOURCE} = /home/orest.shkhumov/Criteria_test/tests.robot</msg>
<msg timestamp="20191224 16:06:24.163" level="INFO">${TEMPDIR} = /tmp</msg>
<msg timestamp="20191224 16:06:24.163" level="INFO">${TEST_DOCUMENTATION} = </msg>
<msg timestamp="20191224 16:06:24.163" level="INFO">${TEST_NAME} = Тест створити критерію</msg>
<msg timestamp="20191224 16:06:24.163" level="INFO">@{TEST_TAGS} = [ ]</msg>
<msg timestamp="20191224 16:06:24.163" level="INFO">${True} = True</msg>
<msg timestamp="20191224 16:06:24.163" level="INFO">@{USED_ROLES} = [ admin | user ]</msg>
<msg timestamp="20191224 16:06:24.163" level="INFO">${USERNAME} = admin</msg>
<msg timestamp="20191224 16:06:24.164" level="INFO">&amp;{USERS} = { users=Munch({'admin': Munch({'api_key': 'adminpassword', 'user_name': 'admin', 'client': &lt;client.client_helper.StableClient object at 0x7f6b002b8b90&gt;}), 'user': Munch({'api_key': 'userpassword', 'user_name': 'user', 'client': &lt;client.client_helper.StableClient object at 0x7f6b0024b1d0&gt;})}) }</msg>
<msg timestamp="20191224 16:06:24.164" level="INFO">${USERS_FILE} = data</msg>
<status status="PASS" starttime="20191224 16:06:24.160" endtime="20191224 16:06:24.164"></status>
</kw>
<msg timestamp="20191224 16:06:24.164" level="INFO">${GET_RESPONSE_ID} = Munch({'id': '50940e58724644c0ae178d01be69ba01', 'name': 'Tester2', 'nameEng': 'Name eng', 'minValue': '11.0', 'maxValue': '22.0', 'dataType': 'number', 'dateModified': '2019-12-24T14:06:24.099649Z', ...</msg>
<status status="PASS" starttime="20191224 16:06:24.129" endtime="20191224 16:06:24.165"></status>
</kw>
<kw name="Log" library="BuiltIn">
<doc>Logs the given message with the given level.</doc>
<arguments>
<arg>${GET_RESPONSE_ID}</arg>
</arguments>
<msg timestamp="20191224 16:06:24.165" level="INFO">Munch({'id': '50940e58724644c0ae178d01be69ba01', 'name': 'Tester2', 'nameEng': 'Name eng', 'minValue': '11.0', 'maxValue': '22.0', 'dataType': 'number', 'dateModified': '2019-12-24T14:06:24.099649Z', 'status': 'active', 'classification': Munch({'description': 'Послуги гральних закладів і тоталізаторів', 'scheme': 'ДК021', 'id': '92350000-9'}), 'additionalClassification': Munch({'description': 'Солома', 'id': '03114100-4', 'scheme': 'ДК021'}), 'unit': Munch({'name': 'millilitre of water', 'code': 'WW'})})</msg>
<status status="PASS" starttime="20191224 16:06:24.165" endtime="20191224 16:06:24.165"></status>
</kw>
<kw name="Log Variables" library="BuiltIn">
<doc>Logs all variables in the current scope with given log level.</doc>
<msg timestamp="20191224 16:06:24.166" level="INFO">${/} = /</msg>
<msg timestamp="20191224 16:06:24.166" level="INFO">${:} = :</msg>
<msg timestamp="20191224 16:06:24.166" level="INFO">${\n} = 
</msg>
<msg timestamp="20191224 16:06:24.167" level="INFO">${API_HOST_URL} = http://localhost:8000</msg>
<msg timestamp="20191224 16:06:24.167" level="INFO">${API_VERSION} = 0</msg>
<msg timestamp="20191224 16:06:24.167" level="INFO">&amp;{CRITERIA_DATA} = { name=Tester2 | nameEng=Name eng | classification=Munch({'id': '92350000-9', 'scheme': 'ДК021', 'description': 'Послуги гральних закладів і тоталізаторів'}) | additionalClassification=Munch({'id': '03114100-4', 'scheme': 'ДК021', 'description': 'Солома'}) | minValue=11.0 | maxValue=22.0 | dataType=number | unit=Munch({'name': 'millilitre of water', 'code': 'WW'}) }</msg>
<msg timestamp="20191224 16:06:24.167" level="INFO">${DEBUG_FILE} = NONE</msg>
<msg timestamp="20191224 16:06:24.167" level="INFO">${EXECDIR} = /home/orest.shkhumov/Criteria_test</msg>
<msg timestamp="20191224 16:06:24.167" level="INFO">${False} = False</msg>
<msg timestamp="20191224 16:06:24.167" level="INFO">&amp;{GET_RESPONSE_ID} = { id=50940e58724644c0ae178d01be69ba01 | name=Tester2 | nameEng=Name eng | minValue=11.0 | maxValue=22.0 | dataType=number | dateModified=2019-12-24T14:06:24.099649Z | status=active | classification=Munch({'description': 'Послуги гральних закладів і тоталізаторів', 'scheme': 'ДК021', 'id': '92350000-9'}) | additionalClassification=Munch({'description': 'Солома', 'id': '03114100-4', 'scheme': 'ДК021'}) | unit=Munch({'name': 'millilitre of water', 'code': 'WW'}) }</msg>
<msg timestamp="20191224 16:06:24.167" level="INFO">${ID_CRITERIA} = 50940e58724644c0ae178d01be69ba01</msg>
<msg timestamp="20191224 16:06:24.167" level="INFO">${LOG_FILE} = /home/orest.shkhumov/Criteria_test/log.html</msg>
<msg timestamp="20191224 16:06:24.167" level="INFO">${LOG_LEVEL} = INFO</msg>
<msg timestamp="20191224 16:06:24.167" level="INFO">${None} = None</msg>
<msg timestamp="20191224 16:06:24.167" level="INFO">${null} = None</msg>
<msg timestamp="20191224 16:06:24.167" level="INFO">${OUTPUT_DIR} = /home/orest.shkhumov/Criteria_test</msg>
<msg timestamp="20191224 16:06:24.168" level="INFO">${OUTPUT_FILE} = /home/orest.shkhumov/Criteria_test/output.xml</msg>
<msg timestamp="20191224 16:06:24.168" level="INFO">${PASSWORD} = adminpassword</msg>
<msg timestamp="20191224 16:06:24.168" level="INFO">${PREV_TEST_MESSAGE} = </msg>
<msg timestamp="20191224 16:06:24.168" level="INFO">${PREV_TEST_NAME} = </msg>
<msg timestamp="20191224 16:06:24.168" level="INFO">${PREV_TEST_STATUS} = </msg>
<msg timestamp="20191224 16:06:24.168" level="INFO">${REPORT_FILE} = /home/orest.shkhumov/Criteria_test/report.html</msg>
<msg timestamp="20191224 16:06:24.168" level="INFO">${RESOURCE} = criteria</msg>
<msg timestamp="20191224 16:06:24.168" level="INFO">${SPACE} =  </msg>
<msg timestamp="20191224 16:06:24.168" level="INFO">${STATUS_ACTIVE} = ?status=active</msg>
<msg timestamp="20191224 16:06:24.168" level="INFO">${STATUS_ALL} = ?status=all</msg>
<msg timestamp="20191224 16:06:24.168" level="INFO">${STATUS_RETIRED} = ?status=retired</msg>
<msg timestamp="20191224 16:06:24.168" level="INFO">${SUITE_DOCUMENTATION} = </msg>
<msg timestamp="20191224 16:06:24.168" level="INFO">&amp;{SUITE_METADATA} = { }</msg>
<msg timestamp="20191224 16:06:24.168" level="INFO">${SUITE_NAME} = Tests</msg>
<msg timestamp="20191224 16:06:24.168" level="INFO">${SUITE_SOURCE} = /home/orest.shkhumov/Criteria_test/tests.robot</msg>
<msg timestamp="20191224 16:06:24.168" level="INFO">${TEMPDIR} = /tmp</msg>
<msg timestamp="20191224 16:06:24.169" level="INFO">${TEST_DOCUMENTATION} = </msg>
<msg timestamp="20191224 16:06:24.169" level="INFO">${TEST_NAME} = Тест створити критерію</msg>
<msg timestamp="20191224 16:06:24.169" level="INFO">@{TEST_TAGS} = [ ]</msg>
<msg timestamp="20191224 16:06:24.169" level="INFO">${True} = True</msg>
<msg timestamp="20191224 16:06:24.169" level="INFO">@{USED_ROLES} = [ admin | user ]</msg>
<msg timestamp="20191224 16:06:24.169" level="INFO">${USERNAME} = admin</msg>
<msg timestamp="20191224 16:06:24.169" level="INFO">&amp;{USERS} = { users=Munch({'admin': Munch({'api_key': 'adminpassword', 'user_name': 'admin', 'client': &lt;client.client_helper.StableClient object at 0x7f6b002b8b90&gt;}), 'user': Munch({'api_key': 'userpassword', 'user_name': 'user', 'client': &lt;client.client_helper.StableClient object at 0x7f6b0024b1d0&gt;})}) }</msg>
<msg timestamp="20191224 16:06:24.169" level="INFO">${USERS_FILE} = data</msg>
<status status="PASS" starttime="20191224 16:06:24.165" endtime="20191224 16:06:24.169"></status>
</kw>
<msg timestamp="20191224 16:06:24.169" level="INFO">${get_criteria} = Munch({'id': '50940e58724644c0ae178d01be69ba01', 'name': 'Tester2', 'nameEng': 'Name eng', 'minValue': '11.0', 'maxValue': '22.0', 'dataType': 'number', 'dateModified': '2019-12-24T14:06:24.099649Z', ...</msg>
<status status="PASS" starttime="20191224 16:06:24.128" endtime="20191224 16:06:24.169"></status>
</kw>
<kw name="Порівняти дані критерії" library="base_keywords">
<arguments>
<arg>${get_criteria}</arg>
<arg>${CRITERIA_DATA}</arg>
</arguments>
<kw name="Log" library="BuiltIn">
<doc>Logs the given message with the given level.</doc>
<arguments>
<arg>${actual_resul}</arg>
</arguments>
<msg timestamp="20191224 16:06:24.171" level="INFO">Munch({'id': '50940e58724644c0ae178d01be69ba01', 'name': 'Tester2', 'nameEng': 'Name eng', 'minValue': '11.0', 'maxValue': '22.0', 'dataType': 'number', 'dateModified': '2019-12-24T14:06:24.099649Z', 'status': 'active', 'classification': Munch({'description': 'Послуги гральних закладів і тоталізаторів', 'scheme': 'ДК021', 'id': '92350000-9'}), 'additionalClassification': Munch({'description': 'Солома', 'id': '03114100-4', 'scheme': 'ДК021'}), 'unit': Munch({'name': 'millilitre of water', 'code': 'WW'})})</msg>
<status status="PASS" starttime="20191224 16:06:24.170" endtime="20191224 16:06:24.171"></status>
</kw>
<kw name="Log" library="BuiltIn">
<doc>Logs the given message with the given level.</doc>
<arguments>
<arg>${expected_result}</arg>
</arguments>
<msg timestamp="20191224 16:06:24.171" level="INFO">Munch({'name': 'Tester2', 'nameEng': 'Name eng', 'classification': Munch({'id': '92350000-9', 'scheme': 'ДК021', 'description': 'Послуги гральних закладів і тоталізаторів'}), 'additionalClassification': Munch({'id': '03114100-4', 'scheme': 'ДК021', 'description': 'Солома'}), 'minValue': '11.0', 'maxValue': '22.0', 'dataType': 'number', 'unit': Munch({'name': 'millilitre of water', 'code': 'WW'})})</msg>
<status status="PASS" starttime="20191224 16:06:24.171" endtime="20191224 16:06:24.171"></status>
</kw>
<kw name="Remove From Dictionary" library="Collections">
<doc>Removes the given ``keys`` from the ``dictionary``.</doc>
<arguments>
<arg>${actual_resul}</arg>
<arg>id</arg>
</arguments>
<msg timestamp="20191224 16:06:24.172" level="INFO">Removed item with key 'id' and value '50940e58724644c0ae178d01be69ba01'.</msg>
<status status="PASS" starttime="20191224 16:06:24.172" endtime="20191224 16:06:24.172"></status>
</kw>
<kw name="Remove From Dictionary" library="Collections">
<doc>Removes the given ``keys`` from the ``dictionary``.</doc>
<arguments>
<arg>${actual_resul}</arg>
<arg>status</arg>
</arguments>
<msg timestamp="20191224 16:06:24.173" level="INFO">Removed item with key 'status' and value 'active'.</msg>
<status status="PASS" starttime="20191224 16:06:24.172" endtime="20191224 16:06:24.173"></status>
</kw>
<kw name="Remove From Dictionary" library="Collections">
<doc>Removes the given ``keys`` from the ``dictionary``.</doc>
<arguments>
<arg>${actual_resul}</arg>
<arg>dateModified</arg>
</arguments>
<msg timestamp="20191224 16:06:24.174" level="INFO">Removed item with key 'dateModified' and value '2019-12-24T14:06:24.099649Z'.</msg>
<status status="PASS" starttime="20191224 16:06:24.173" endtime="20191224 16:06:24.174"></status>
</kw>
<kw name="Dictionaries Should Be Equal" library="Collections">
<doc>Fails if the given dictionaries are not equal.</doc>
<arguments>
<arg>${actual_resul}</arg>
<arg>${expected_result}</arg>
<arg>msg=Objects are not equal</arg>
</arguments>
<status status="PASS" starttime="20191224 16:06:24.174" endtime="20191224 16:06:24.175"></status>
</kw>
<status status="PASS" starttime="20191224 16:06:24.170" endtime="20191224 16:06:24.175"></status>
</kw>
<status status="PASS" starttime="20191224 16:06:24.128" endtime="20191224 16:06:24.175"></status>
</kw>
<kw name="Перевірити створену критерію" library="base_keywords">
<arguments>
<arg>user</arg>
</arguments>
<kw name="Можливість переглядати критерію" library="base_keywords">
<arguments>
<arg>${user_name}</arg>
</arguments>
<assign>
<var>${get_criteria}</var>
</assign>
<kw name="Переглядати критерію" library="keywords_api">
<arguments>
<arg>${ID_CRITERIA}</arg>
<arg>${user_name}</arg>
</arguments>
<assign>
<var>${GET_RESPONSE_ID}</var>
</assign>
<kw name="Call Method" library="BuiltIn">
<doc>Calls the named method of the given object with the provided arguments.</doc>
<arguments>
<arg>${USERS.users.${username}.client}</arg>
<arg>get_criteria</arg>
<arg>${RESOURCE}</arg>
<arg>${ID}</arg>
</arguments>
<assign>
<var>${RESPONSE}</var>
</assign>
<msg timestamp="20191224 16:06:24.206" level="INFO">${RESPONSE} = Munch({'id': '50940e58724644c0ae178d01be69ba01', 'name': 'Tester2', 'nameEng': 'Name eng', 'minValue': '11.0', 'maxValue': '22.0', 'dataType': 'number', 'dateModified': '2019-12-24T14:06:24.099649Z', ...</msg>
<status status="PASS" starttime="20191224 16:06:24.178" endtime="20191224 16:06:24.206"></status>
</kw>
<kw name="Log" library="BuiltIn">
<doc>Logs the given message with the given level.</doc>
<arguments>
<arg>${RESPONSE}</arg>
</arguments>
<msg timestamp="20191224 16:06:24.207" level="INFO">Munch({'id': '50940e58724644c0ae178d01be69ba01', 'name': 'Tester2', 'nameEng': 'Name eng', 'minValue': '11.0', 'maxValue': '22.0', 'dataType': 'number', 'dateModified': '2019-12-24T14:06:24.099649Z', 'status': 'active', 'classification': Munch({'description': 'Послуги гральних закладів і тоталізаторів', 'scheme': 'ДК021', 'id': '92350000-9'}), 'additionalClassification': Munch({'description': 'Солома', 'id': '03114100-4', 'scheme': 'ДК021'}), 'unit': Munch({'name': 'millilitre of water', 'code': 'WW'})})</msg>
<status status="PASS" starttime="20191224 16:06:24.207" endtime="20191224 16:06:24.207"></status>
</kw>
<kw name="Log Variables" library="BuiltIn">
<doc>Logs all variables in the current scope with given log level.</doc>
<msg timestamp="20191224 16:06:24.208" level="INFO">${/} = /</msg>
<msg timestamp="20191224 16:06:24.209" level="INFO">${:} = :</msg>
<msg timestamp="20191224 16:06:24.209" level="INFO">${\n} = 
</msg>
<msg timestamp="20191224 16:06:24.209" level="INFO">${API_HOST_URL} = http://localhost:8000</msg>
<msg timestamp="20191224 16:06:24.209" level="INFO">${API_VERSION} = 0</msg>
<msg timestamp="20191224 16:06:24.209" level="INFO">&amp;{CRITERIA_DATA} = { name=Tester2 | nameEng=Name eng | classification=Munch({'id': '92350000-9', 'scheme': 'ДК021', 'description': 'Послуги гральних закладів і тоталізаторів'}) | additionalClassification=Munch({'id': '03114100-4', 'scheme': 'ДК021', 'description': 'Солома'}) | minValue=11.0 | maxValue=22.0 | dataType=number | unit=Munch({'name': 'millilitre of water', 'code': 'WW'}) }</msg>
<msg timestamp="20191224 16:06:24.209" level="INFO">${DEBUG_FILE} = NONE</msg>
<msg timestamp="20191224 16:06:24.209" level="INFO">${EXECDIR} = /home/orest.shkhumov/Criteria_test</msg>
<msg timestamp="20191224 16:06:24.209" level="INFO">${False} = False</msg>
<msg timestamp="20191224 16:06:24.209" level="INFO">${ID} = 50940e58724644c0ae178d01be69ba01</msg>
<msg timestamp="20191224 16:06:24.209" level="INFO">${ID_CRITERIA} = 50940e58724644c0ae178d01be69ba01</msg>
<msg timestamp="20191224 16:06:24.209" level="INFO">${LOG_FILE} = /home/orest.shkhumov/Criteria_test/log.html</msg>
<msg timestamp="20191224 16:06:24.209" level="INFO">${LOG_LEVEL} = INFO</msg>
<msg timestamp="20191224 16:06:24.209" level="INFO">${None} = None</msg>
<msg timestamp="20191224 16:06:24.210" level="INFO">${null} = None</msg>
<msg timestamp="20191224 16:06:24.210" level="INFO">${OUTPUT_DIR} = /home/orest.shkhumov/Criteria_test</msg>
<msg timestamp="20191224 16:06:24.210" level="INFO">${OUTPUT_FILE} = /home/orest.shkhumov/Criteria_test/output.xml</msg>
<msg timestamp="20191224 16:06:24.210" level="INFO">${PASSWORD} = adminpassword</msg>
<msg timestamp="20191224 16:06:24.210" level="INFO">${PREV_TEST_MESSAGE} = </msg>
<msg timestamp="20191224 16:06:24.210" level="INFO">${PREV_TEST_NAME} = </msg>
<msg timestamp="20191224 16:06:24.210" level="INFO">${PREV_TEST_STATUS} = </msg>
<msg timestamp="20191224 16:06:24.210" level="INFO">${REPORT_FILE} = /home/orest.shkhumov/Criteria_test/report.html</msg>
<msg timestamp="20191224 16:06:24.210" level="INFO">${RESOURCE} = criteria</msg>
<msg timestamp="20191224 16:06:24.210" level="INFO">&amp;{RESPONSE} = { id=50940e58724644c0ae178d01be69ba01 | name=Tester2 | nameEng=Name eng | minValue=11.0 | maxValue=22.0 | dataType=number | dateModified=2019-12-24T14:06:24.099649Z | status=active | classification=Munch({'description': 'Послуги гральних закладів і тоталізаторів', 'scheme': 'ДК021', 'id': '92350000-9'}) | additionalClassification=Munch({'description': 'Солома', 'id': '03114100-4', 'scheme': 'ДК021'}) | unit=Munch({'name': 'millilitre of water', 'code': 'WW'}) }</msg>
<msg timestamp="20191224 16:06:24.210" level="INFO">${SPACE} =  </msg>
<msg timestamp="20191224 16:06:24.210" level="INFO">${STATUS_ACTIVE} = ?status=active</msg>
<msg timestamp="20191224 16:06:24.210" level="INFO">${STATUS_ALL} = ?status=all</msg>
<msg timestamp="20191224 16:06:24.211" level="INFO">${STATUS_RETIRED} = ?status=retired</msg>
<msg timestamp="20191224 16:06:24.211" level="INFO">${SUITE_DOCUMENTATION} = </msg>
<msg timestamp="20191224 16:06:24.211" level="INFO">&amp;{SUITE_METADATA} = { }</msg>
<msg timestamp="20191224 16:06:24.211" level="INFO">${SUITE_NAME} = Tests</msg>
<msg timestamp="20191224 16:06:24.211" level="INFO">${SUITE_SOURCE} = /home/orest.shkhumov/Criteria_test/tests.robot</msg>
<msg timestamp="20191224 16:06:24.211" level="INFO">${TEMPDIR} = /tmp</msg>
<msg timestamp="20191224 16:06:24.211" level="INFO">${TEST_DOCUMENTATION} = </msg>
<msg timestamp="20191224 16:06:24.211" level="INFO">${TEST_NAME} = Тест створити критерію</msg>
<msg timestamp="20191224 16:06:24.211" level="INFO">@{TEST_TAGS} = [ ]</msg>
<msg timestamp="20191224 16:06:24.211" level="INFO">${True} = True</msg>
<msg timestamp="20191224 16:06:24.212" level="INFO">@{USED_ROLES} = [ admin | user ]</msg>
<msg timestamp="20191224 16:06:24.212" level="INFO">${USERNAME} = user</msg>
<msg timestamp="20191224 16:06:24.212" level="INFO">&amp;{USERS} = { users=Munch({'admin': Munch({'api_key': 'adminpassword', 'user_name': 'admin', 'client': &lt;client.client_helper.StableClient object at 0x7f6b002b8b90&gt;}), 'user': Munch({'api_key': 'userpassword', 'user_name': 'user', 'client': &lt;client.client_helper.StableClient object at 0x7f6b0024b1d0&gt;})}) }</msg>
<msg timestamp="20191224 16:06:24.212" level="INFO">${USERS_FILE} = data</msg>
<status status="PASS" starttime="20191224 16:06:24.208" endtime="20191224 16:06:24.212"></status>
</kw>
<msg timestamp="20191224 16:06:24.213" level="INFO">${GET_RESPONSE_ID} = Munch({'id': '50940e58724644c0ae178d01be69ba01', 'name': 'Tester2', 'nameEng': 'Name eng', 'minValue': '11.0', 'maxValue': '22.0', 'dataType': 'number', 'dateModified': '2019-12-24T14:06:24.099649Z', ...</msg>
<status status="PASS" starttime="20191224 16:06:24.177" endtime="20191224 16:06:24.213"></status>
</kw>
<kw name="Log" library="BuiltIn">
<doc>Logs the given message with the given level.</doc>
<arguments>
<arg>${GET_RESPONSE_ID}</arg>
</arguments>
<msg timestamp="20191224 16:06:24.214" level="INFO">Munch({'id': '50940e58724644c0ae178d01be69ba01', 'name': 'Tester2', 'nameEng': 'Name eng', 'minValue': '11.0', 'maxValue': '22.0', 'dataType': 'number', 'dateModified': '2019-12-24T14:06:24.099649Z', 'status': 'active', 'classification': Munch({'description': 'Послуги гральних закладів і тоталізаторів', 'scheme': 'ДК021', 'id': '92350000-9'}), 'additionalClassification': Munch({'description': 'Солома', 'id': '03114100-4', 'scheme': 'ДК021'}), 'unit': Munch({'name': 'millilitre of water', 'code': 'WW'})})</msg>
<status status="PASS" starttime="20191224 16:06:24.214" endtime="20191224 16:06:24.214"></status>
</kw>
<kw name="Log Variables" library="BuiltIn">
<doc>Logs all variables in the current scope with given log level.</doc>
<msg timestamp="20191224 16:06:24.215" level="INFO">${/} = /</msg>
<msg timestamp="20191224 16:06:24.215" level="INFO">${:} = :</msg>
<msg timestamp="20191224 16:06:24.216" level="INFO">${\n} = 
</msg>
<msg timestamp="20191224 16:06:24.216" level="INFO">${API_HOST_URL} = http://localhost:8000</msg>
<msg timestamp="20191224 16:06:24.216" level="INFO">${API_VERSION} = 0</msg>
<msg timestamp="20191224 16:06:24.216" level="INFO">&amp;{CRITERIA_DATA} = { name=Tester2 | nameEng=Name eng | classification=Munch({'id': '92350000-9', 'scheme': 'ДК021', 'description': 'Послуги гральних закладів і тоталізаторів'}) | additionalClassification=Munch({'id': '03114100-4', 'scheme': 'ДК021', 'description': 'Солома'}) | minValue=11.0 | maxValue=22.0 | dataType=number | unit=Munch({'name': 'millilitre of water', 'code': 'WW'}) }</msg>
<msg timestamp="20191224 16:06:24.216" level="INFO">${DEBUG_FILE} = NONE</msg>
<msg timestamp="20191224 16:06:24.216" level="INFO">${EXECDIR} = /home/orest.shkhumov/Criteria_test</msg>
<msg timestamp="20191224 16:06:24.216" level="INFO">${False} = False</msg>
<msg timestamp="20191224 16:06:24.216" level="INFO">&amp;{GET_RESPONSE_ID} = { id=50940e58724644c0ae178d01be69ba01 | name=Tester2 | nameEng=Name eng | minValue=11.0 | maxValue=22.0 | dataType=number | dateModified=2019-12-24T14:06:24.099649Z | status=active | classification=Munch({'description': 'Послуги гральних закладів і тоталізаторів', 'scheme': 'ДК021', 'id': '92350000-9'}) | additionalClassification=Munch({'description': 'Солома', 'id': '03114100-4', 'scheme': 'ДК021'}) | unit=Munch({'name': 'millilitre of water', 'code': 'WW'}) }</msg>
<msg timestamp="20191224 16:06:24.216" level="INFO">${ID_CRITERIA} = 50940e58724644c0ae178d01be69ba01</msg>
<msg timestamp="20191224 16:06:24.216" level="INFO">${LOG_FILE} = /home/orest.shkhumov/Criteria_test/log.html</msg>
<msg timestamp="20191224 16:06:24.216" level="INFO">${LOG_LEVEL} = INFO</msg>
<msg timestamp="20191224 16:06:24.216" level="INFO">${None} = None</msg>
<msg timestamp="20191224 16:06:24.216" level="INFO">${null} = None</msg>
<msg timestamp="20191224 16:06:24.217" level="INFO">${OUTPUT_DIR} = /home/orest.shkhumov/Criteria_test</msg>
<msg timestamp="20191224 16:06:24.217" level="INFO">${OUTPUT_FILE} = /home/orest.shkhumov/Criteria_test/output.xml</msg>
<msg timestamp="20191224 16:06:24.217" level="INFO">${PASSWORD} = adminpassword</msg>
<msg timestamp="20191224 16:06:24.217" level="INFO">${PREV_TEST_MESSAGE} = </msg>
<msg timestamp="20191224 16:06:24.217" level="INFO">${PREV_TEST_NAME} = </msg>
<msg timestamp="20191224 16:06:24.217" level="INFO">${PREV_TEST_STATUS} = </msg>
<msg timestamp="20191224 16:06:24.217" level="INFO">${REPORT_FILE} = /home/orest.shkhumov/Criteria_test/report.html</msg>
<msg timestamp="20191224 16:06:24.217" level="INFO">${RESOURCE} = criteria</msg>
<msg timestamp="20191224 16:06:24.217" level="INFO">${SPACE} =  </msg>
<msg timestamp="20191224 16:06:24.217" level="INFO">${STATUS_ACTIVE} = ?status=active</msg>
<msg timestamp="20191224 16:06:24.217" level="INFO">${STATUS_ALL} = ?status=all</msg>
<msg timestamp="20191224 16:06:24.217" level="INFO">${STATUS_RETIRED} = ?status=retired</msg>
<msg timestamp="20191224 16:06:24.217" level="INFO">${SUITE_DOCUMENTATION} = </msg>
<msg timestamp="20191224 16:06:24.217" level="INFO">&amp;{SUITE_METADATA} = { }</msg>
<msg timestamp="20191224 16:06:24.217" level="INFO">${SUITE_NAME} = Tests</msg>
<msg timestamp="20191224 16:06:24.217" level="INFO">${SUITE_SOURCE} = /home/orest.shkhumov/Criteria_test/tests.robot</msg>
<msg timestamp="20191224 16:06:24.218" level="INFO">${TEMPDIR} = /tmp</msg>
<msg timestamp="20191224 16:06:24.218" level="INFO">${TEST_DOCUMENTATION} = </msg>
<msg timestamp="20191224 16:06:24.218" level="INFO">${TEST_NAME} = Тест створити критерію</msg>
<msg timestamp="20191224 16:06:24.218" level="INFO">@{TEST_TAGS} = [ ]</msg>
<msg timestamp="20191224 16:06:24.218" level="INFO">${True} = True</msg>
<msg timestamp="20191224 16:06:24.218" level="INFO">@{USED_ROLES} = [ admin | user ]</msg>
<msg timestamp="20191224 16:06:24.218" level="INFO">${USERNAME} = user</msg>
<msg timestamp="20191224 16:06:24.218" level="INFO">&amp;{USERS} = { users=Munch({'admin': Munch({'api_key': 'adminpassword', 'user_name': 'admin', 'client': &lt;client.client_helper.StableClient object at 0x7f6b002b8b90&gt;}), 'user': Munch({'api_key': 'userpassword', 'user_name': 'user', 'client': &lt;client.client_helper.StableClient object at 0x7f6b0024b1d0&gt;})}) }</msg>
<msg timestamp="20191224 16:06:24.218" level="INFO">${USERS_FILE} = data</msg>
<status status="PASS" starttime="20191224 16:06:24.215" endtime="20191224 16:06:24.218"></status>
</kw>
<msg timestamp="20191224 16:06:24.218" level="INFO">${get_criteria} = Munch({'id': '50940e58724644c0ae178d01be69ba01', 'name': 'Tester2', 'nameEng': 'Name eng', 'minValue': '11.0', 'maxValue': '22.0', 'dataType': 'number', 'dateModified': '2019-12-24T14:06:24.099649Z', ...</msg>
<status status="PASS" starttime="20191224 16:06:24.176" endtime="20191224 16:06:24.219"></status>
</kw>
<kw name="Порівняти дані критерії" library="base_keywords">
<arguments>
<arg>${get_criteria}</arg>
<arg>${CRITERIA_DATA}</arg>
</arguments>
<kw name="Log" library="BuiltIn">
<doc>Logs the given message with the given level.</doc>
<arguments>
<arg>${actual_resul}</arg>
</arguments>
<msg timestamp="20191224 16:06:24.219" level="INFO">Munch({'id': '50940e58724644c0ae178d01be69ba01', 'name': 'Tester2', 'nameEng': 'Name eng', 'minValue': '11.0', 'maxValue': '22.0', 'dataType': 'number', 'dateModified': '2019-12-24T14:06:24.099649Z', 'status': 'active', 'classification': Munch({'description': 'Послуги гральних закладів і тоталізаторів', 'scheme': 'ДК021', 'id': '92350000-9'}), 'additionalClassification': Munch({'description': 'Солома', 'id': '03114100-4', 'scheme': 'ДК021'}), 'unit': Munch({'name': 'millilitre of water', 'code': 'WW'})})</msg>
<status status="PASS" starttime="20191224 16:06:24.219" endtime="20191224 16:06:24.220"></status>
</kw>
<kw name="Log" library="BuiltIn">
<doc>Logs the given message with the given level.</doc>
<arguments>
<arg>${expected_result}</arg>
</arguments>
<msg timestamp="20191224 16:06:24.220" level="INFO">Munch({'name': 'Tester2', 'nameEng': 'Name eng', 'classification': Munch({'id': '92350000-9', 'scheme': 'ДК021', 'description': 'Послуги гральних закладів і тоталізаторів'}), 'additionalClassification': Munch({'id': '03114100-4', 'scheme': 'ДК021', 'description': 'Солома'}), 'minValue': '11.0', 'maxValue': '22.0', 'dataType': 'number', 'unit': Munch({'name': 'millilitre of water', 'code': 'WW'})})</msg>
<status status="PASS" starttime="20191224 16:06:24.220" endtime="20191224 16:06:24.220"></status>
</kw>
<kw name="Remove From Dictionary" library="Collections">
<doc>Removes the given ``keys`` from the ``dictionary``.</doc>
<arguments>
<arg>${actual_resul}</arg>
<arg>id</arg>
</arguments>
<msg timestamp="20191224 16:06:24.221" level="INFO">Removed item with key 'id' and value '50940e58724644c0ae178d01be69ba01'.</msg>
<status status="PASS" starttime="20191224 16:06:24.221" endtime="20191224 16:06:24.221"></status>
</kw>
<kw name="Remove From Dictionary" library="Collections">
<doc>Removes the given ``keys`` from the ``dictionary``.</doc>
<arguments>
<arg>${actual_resul}</arg>
<arg>status</arg>
</arguments>
<msg timestamp="20191224 16:06:24.222" level="INFO">Removed item with key 'status' and value 'active'.</msg>
<status status="PASS" starttime="20191224 16:06:24.221" endtime="20191224 16:06:24.222"></status>
</kw>
<kw name="Remove From Dictionary" library="Collections">
<doc>Removes the given ``keys`` from the ``dictionary``.</doc>
<arguments>
<arg>${actual_resul}</arg>
<arg>dateModified</arg>
</arguments>
<msg timestamp="20191224 16:06:24.223" level="INFO">Removed item with key 'dateModified' and value '2019-12-24T14:06:24.099649Z'.</msg>
<status status="PASS" starttime="20191224 16:06:24.222" endtime="20191224 16:06:24.223"></status>
</kw>
<kw name="Dictionaries Should Be Equal" library="Collections">
<doc>Fails if the given dictionaries are not equal.</doc>
<arguments>
<arg>${actual_resul}</arg>
<arg>${expected_result}</arg>
<arg>msg=Objects are not equal</arg>
</arguments>
<status status="PASS" starttime="20191224 16:06:24.223" endtime="20191224 16:06:24.224"></status>
</kw>
<status status="PASS" starttime="20191224 16:06:24.219" endtime="20191224 16:06:24.224"></status>
</kw>
<status status="PASS" starttime="20191224 16:06:24.176" endtime="20191224 16:06:24.224"></status>
</kw>
<status status="PASS" starttime="20191224 16:06:24.058" endtime="20191224 16:06:24.224" critical="yes"></status>
</test>
<test id="s1-t2" name="Тест редагувати критерію">
<kw name="Можливість змінити критерію" library="base_keywords">
<arguments>
<arg>admin</arg>
</arguments>
<kw name="Підготувати дані для редагування" library="keywords_data">
<assign>
<var>${EDIT_DATA}</var>
</assign>
<kw name="Data For Edit" library="data.init_data">
<assign>
<var>${EDIT_DATA}</var>
</assign>
<msg timestamp="20191224 16:06:24.227" level="INFO">${EDIT_DATA} = Munch({'name': 'Test', 'nameEng': 'Test eng', 'minValue': '10.0', 'maxValue': '23.0', 'status': 'active'})</msg>
<status status="PASS" starttime="20191224 16:06:24.227" endtime="20191224 16:06:24.227"></status>
</kw>
<kw name="Log" library="BuiltIn">
<doc>Logs the given message with the given level.</doc>
<arguments>
<arg>${EDIT_DATA}</arg>
</arguments>
<msg timestamp="20191224 16:06:24.228" level="INFO">Munch({'name': 'Test', 'nameEng': 'Test eng', 'minValue': '10.0', 'maxValue': '23.0', 'status': 'active'})</msg>
<status status="PASS" starttime="20191224 16:06:24.227" endtime="20191224 16:06:24.228"></status>
</kw>
<msg timestamp="20191224 16:06:24.228" level="INFO">${EDIT_DATA} = Munch({'name': 'Test', 'nameEng': 'Test eng', 'minValue': '10.0', 'maxValue': '23.0', 'status': 'active'})</msg>
<status status="PASS" starttime="20191224 16:06:24.226" endtime="20191224 16:06:24.228"></status>
</kw>
<kw name="Set Suite Variable" library="BuiltIn">
<doc>Makes a variable available everywhere within the scope of the current suite.</doc>
<arguments>
<arg>${EDIT_DATA}</arg>
</arguments>
<msg timestamp="20191224 16:06:24.229" level="INFO">${EDIT_DATA} = Munch({'name': 'Test', 'nameEng': 'Test eng', 'minValue': '10.0', 'maxValue': '23.0', 'status': 'active'})</msg>
<status status="PASS" starttime="20191224 16:06:24.228" endtime="20191224 16:06:24.229"></status>
</kw>
<kw name="Змінити критерію" library="keywords_api">
<arguments>
<arg>${ID_CRITERIA}</arg>
<arg>${EDIT_DATA}</arg>
<arg>${user_name}</arg>
</arguments>
<assign>
<var>${PATCH_RESPONSE}</var>
</assign>
<kw name="Call Method" library="BuiltIn">
<doc>Calls the named method of the given object with the provided arguments.</doc>
<arguments>
<arg>${USERS.users.${username}.client}</arg>
<arg>update_criteria</arg>
<arg>${ID}</arg>
<arg>${RESOURCE}</arg>
<arg>${EDIT_DATA}</arg>
</arguments>
<assign>
<var>${RESPONSE}</var>
</assign>
<msg timestamp="20191224 16:06:24.259" level="INFO">${RESPONSE} = Munch({'minValue': 10.0, 'maxValue': 23.0, 'name': 'Test', 'nameEng': 'Test eng', 'status': 'active'})</msg>
<status status="PASS" starttime="20191224 16:06:24.230" endtime="20191224 16:06:24.259"></status>
</kw>
<kw name="Log" library="BuiltIn">
<doc>Logs the given message with the given level.</doc>
<arguments>
<arg>${RESPONSE}</arg>
</arguments>
<msg timestamp="20191224 16:06:24.260" level="INFO">Munch({'minValue': 10.0, 'maxValue': 23.0, 'name': 'Test', 'nameEng': 'Test eng', 'status': 'active'})</msg>
<status status="PASS" starttime="20191224 16:06:24.259" endtime="20191224 16:06:24.260"></status>
</kw>
<kw name="Log Variables" library="BuiltIn">
<doc>Logs all variables in the current scope with given log level.</doc>
<msg timestamp="20191224 16:06:24.261" level="INFO">${/} = /</msg>
<msg timestamp="20191224 16:06:24.261" level="INFO">${:} = :</msg>
<msg timestamp="20191224 16:06:24.261" level="INFO">${\n} = 
</msg>
<msg timestamp="20191224 16:06:24.262" level="INFO">${API_HOST_URL} = http://localhost:8000</msg>
<msg timestamp="20191224 16:06:24.262" level="INFO">${API_VERSION} = 0</msg>
<msg timestamp="20191224 16:06:24.262" level="INFO">&amp;{CRITERIA_DATA} = { name=Tester2 | nameEng=Name eng | classification=Munch({'id': '92350000-9', 'scheme': 'ДК021', 'description': 'Послуги гральних закладів і тоталізаторів'}) | additionalClassification=Munch({'id': '03114100-4', 'scheme': 'ДК021', 'description': 'Солома'}) | minValue=11.0 | maxValue=22.0 | dataType=number | unit=Munch({'name': 'millilitre of water', 'code': 'WW'}) }</msg>
<msg timestamp="20191224 16:06:24.262" level="INFO">${DEBUG_FILE} = NONE</msg>
<msg timestamp="20191224 16:06:24.262" level="INFO">&amp;{EDIT_DATA} = { name=Test | nameEng=Test eng | minValue=10.0 | maxValue=23.0 | status=active }</msg>
<msg timestamp="20191224 16:06:24.262" level="INFO">${EXECDIR} = /home/orest.shkhumov/Criteria_test</msg>
<msg timestamp="20191224 16:06:24.262" level="INFO">${False} = False</msg>
<msg timestamp="20191224 16:06:24.262" level="INFO">${ID} = 50940e58724644c0ae178d01be69ba01</msg>
<msg timestamp="20191224 16:06:24.262" level="INFO">${ID_CRITERIA} = 50940e58724644c0ae178d01be69ba01</msg>
<msg timestamp="20191224 16:06:24.262" level="INFO">${LOG_FILE} = /home/orest.shkhumov/Criteria_test/log.html</msg>
<msg timestamp="20191224 16:06:24.262" level="INFO">${LOG_LEVEL} = INFO</msg>
<msg timestamp="20191224 16:06:24.262" level="INFO">${None} = None</msg>
<msg timestamp="20191224 16:06:24.263" level="INFO">${null} = None</msg>
<msg timestamp="20191224 16:06:24.263" level="INFO">${OUTPUT_DIR} = /home/orest.shkhumov/Criteria_test</msg>
<msg timestamp="20191224 16:06:24.263" level="INFO">${OUTPUT_FILE} = /home/orest.shkhumov/Criteria_test/output.xml</msg>
<msg timestamp="20191224 16:06:24.263" level="INFO">${PASSWORD} = adminpassword</msg>
<msg timestamp="20191224 16:06:24.263" level="INFO">${PREV_TEST_MESSAGE} = </msg>
<msg timestamp="20191224 16:06:24.263" level="INFO">${PREV_TEST_NAME} = Тест створити критерію</msg>
<msg timestamp="20191224 16:06:24.263" level="INFO">${PREV_TEST_STATUS} = PASS</msg>
<msg timestamp="20191224 16:06:24.263" level="INFO">${REPORT_FILE} = /home/orest.shkhumov/Criteria_test/report.html</msg>
<msg timestamp="20191224 16:06:24.263" level="INFO">${RESOURCE} = criteria</msg>
<msg timestamp="20191224 16:06:24.263" level="INFO">&amp;{RESPONSE} = { minValue=10.0 | maxValue=23.0 | name=Test | nameEng=Test eng | status=active }</msg>
<msg timestamp="20191224 16:06:24.263" level="INFO">${SPACE} =  </msg>
<msg timestamp="20191224 16:06:24.263" level="INFO">${STATUS_ACTIVE} = ?status=active</msg>
<msg timestamp="20191224 16:06:24.263" level="INFO">${STATUS_ALL} = ?status=all</msg>
<msg timestamp="20191224 16:06:24.264" level="INFO">${STATUS_RETIRED} = ?status=retired</msg>
<msg timestamp="20191224 16:06:24.264" level="INFO">${SUITE_DOCUMENTATION} = </msg>
<msg timestamp="20191224 16:06:24.264" level="INFO">&amp;{SUITE_METADATA} = { }</msg>
<msg timestamp="20191224 16:06:24.264" level="INFO">${SUITE_NAME} = Tests</msg>
<msg timestamp="20191224 16:06:24.264" level="INFO">${SUITE_SOURCE} = /home/orest.shkhumov/Criteria_test/tests.robot</msg>
<msg timestamp="20191224 16:06:24.264" level="INFO">${TEMPDIR} = /tmp</msg>
<msg timestamp="20191224 16:06:24.264" level="INFO">${TEST_DOCUMENTATION} = </msg>
<msg timestamp="20191224 16:06:24.264" level="INFO">${TEST_NAME} = Тест редагувати критерію</msg>
<msg timestamp="20191224 16:06:24.264" level="INFO">@{TEST_TAGS} = [ ]</msg>
<msg timestamp="20191224 16:06:24.264" level="INFO">${True} = True</msg>
<msg timestamp="20191224 16:06:24.264" level="INFO">@{USED_ROLES} = [ admin | user ]</msg>
<msg timestamp="20191224 16:06:24.264" level="INFO">${USERNAME} = admin</msg>
<msg timestamp="20191224 16:06:24.264" level="INFO">&amp;{USERS} = { users=Munch({'admin': Munch({'api_key': 'adminpassword', 'user_name': 'admin', 'client': &lt;client.client_helper.StableClient object at 0x7f6b002b8b90&gt;}), 'user': Munch({'api_key': 'userpassword', 'user_name': 'user', 'client': &lt;client.client_helper.StableClient object at 0x7f6b0024b1d0&gt;})}) }</msg>
<msg timestamp="20191224 16:06:24.265" level="INFO">${USERS_FILE} = data</msg>
<status status="PASS" starttime="20191224 16:06:24.260" endtime="20191224 16:06:24.265"></status>
</kw>
<msg timestamp="20191224 16:06:24.265" level="INFO">${PATCH_RESPONSE} = Munch({'minValue': 10.0, 'maxValue': 23.0, 'name': 'Test', 'nameEng': 'Test eng', 'status': 'active'})</msg>
<status status="PASS" starttime="20191224 16:06:24.229" endtime="20191224 16:06:24.265"></status>
</kw>
<kw name="Log" library="BuiltIn">
<doc>Logs the given message with the given level.</doc>
<arguments>
<arg>${PATCH_RESPONSE}</arg>
</arguments>
<msg timestamp="20191224 16:06:24.266" level="INFO">Munch({'minValue': 10.0, 'maxValue': 23.0, 'name': 'Test', 'nameEng': 'Test eng', 'status': 'active'})</msg>
<status status="PASS" starttime="20191224 16:06:24.265" endtime="20191224 16:06:24.266"></status>
</kw>
<kw name="Set Suite Variable" library="BuiltIn">
<doc>Makes a variable available everywhere within the scope of the current suite.</doc>
<arguments>
<arg>${PATCH_RESPONSE}</arg>
</arguments>
<msg timestamp="20191224 16:06:24.266" level="INFO">${PATCH_RESPONSE} = Munch({'minValue': 10.0, 'maxValue': 23.0, 'name': 'Test', 'nameEng': 'Test eng', 'status': 'active'})</msg>
<status status="PASS" starttime="20191224 16:06:24.266" endtime="20191224 16:06:24.266"></status>
</kw>
<status status="PASS" starttime="20191224 16:06:24.226" endtime="20191224 16:06:24.267"></status>
</kw>
<kw name="Перевірити редагування критерії" library="base_keywords">
<arguments>
<arg>admin</arg>
</arguments>
<kw name="Можливість переглядати критерію" library="base_keywords">
<arguments>
<arg>${user_name}</arg>
</arguments>
<assign>
<var>${get_criteria}</var>
</assign>
<kw name="Переглядати критерію" library="keywords_api">
<arguments>
<arg>${ID_CRITERIA}</arg>
<arg>${user_name}</arg>
</arguments>
<assign>
<var>${GET_RESPONSE_ID}</var>
</assign>
<kw name="Call Method" library="BuiltIn">
<doc>Calls the named method of the given object with the provided arguments.</doc>
<arguments>
<arg>${USERS.users.${username}.client}</arg>
<arg>get_criteria</arg>
<arg>${RESOURCE}</arg>
<arg>${ID}</arg>
</arguments>
<assign>
<var>${RESPONSE}</var>
</assign>
<msg timestamp="20191224 16:06:24.303" level="INFO">${RESPONSE} = Munch({'id': '50940e58724644c0ae178d01be69ba01', 'name': 'Test', 'nameEng': 'Test eng', 'minValue': '10.0', 'maxValue': '23.0', 'dataType': 'number', 'dateModified': '2019-12-24T14:06:24.247870Z', 'st...</msg>
<status status="PASS" starttime="20191224 16:06:24.268" endtime="20191224 16:06:24.303"></status>
</kw>
<kw name="Log" library="BuiltIn">
<doc>Logs the given message with the given level.</doc>
<arguments>
<arg>${RESPONSE}</arg>
</arguments>
<msg timestamp="20191224 16:06:24.304" level="INFO">Munch({'id': '50940e58724644c0ae178d01be69ba01', 'name': 'Test', 'nameEng': 'Test eng', 'minValue': '10.0', 'maxValue': '23.0', 'dataType': 'number', 'dateModified': '2019-12-24T14:06:24.247870Z', 'status': 'active', 'classification': Munch({'description': 'Послуги гральних закладів і тоталізаторів', 'scheme': 'ДК021', 'id': '92350000-9'}), 'additionalClassification': Munch({'description': 'Солома', 'id': '03114100-4', 'scheme': 'ДК021'}), 'unit': Munch({'name': 'millilitre of water', 'code': 'WW'})})</msg>
<status status="PASS" starttime="20191224 16:06:24.304" endtime="20191224 16:06:24.305"></status>
</kw>
<kw name="Log Variables" library="BuiltIn">
<doc>Logs all variables in the current scope with given log level.</doc>
<msg timestamp="20191224 16:06:24.306" level="INFO">${/} = /</msg>
<msg timestamp="20191224 16:06:24.306" level="INFO">${:} = :</msg>
<msg timestamp="20191224 16:06:24.306" level="INFO">${\n} = 
</msg>
<msg timestamp="20191224 16:06:24.306" level="INFO">${API_HOST_URL} = http://localhost:8000</msg>
<msg timestamp="20191224 16:06:24.306" level="INFO">${API_VERSION} = 0</msg>
<msg timestamp="20191224 16:06:24.306" level="INFO">&amp;{CRITERIA_DATA} = { name=Tester2 | nameEng=Name eng | classification=Munch({'id': '92350000-9', 'scheme': 'ДК021', 'description': 'Послуги гральних закладів і тоталізаторів'}) | additionalClassification=Munch({'id': '03114100-4', 'scheme': 'ДК021', 'description': 'Солома'}) | minValue=11.0 | maxValue=22.0 | dataType=number | unit=Munch({'name': 'millilitre of water', 'code': 'WW'}) }</msg>
<msg timestamp="20191224 16:06:24.307" level="INFO">${DEBUG_FILE} = NONE</msg>
<msg timestamp="20191224 16:06:24.307" level="INFO">&amp;{EDIT_DATA} = { name=Test | nameEng=Test eng | minValue=10.0 | maxValue=23.0 | status=active }</msg>
<msg timestamp="20191224 16:06:24.307" level="INFO">${EXECDIR} = /home/orest.shkhumov/Criteria_test</msg>
<msg timestamp="20191224 16:06:24.307" level="INFO">${False} = False</msg>
<msg timestamp="20191224 16:06:24.307" level="INFO">${ID} = 50940e58724644c0ae178d01be69ba01</msg>
<msg timestamp="20191224 16:06:24.307" level="INFO">${ID_CRITERIA} = 50940e58724644c0ae178d01be69ba01</msg>
<msg timestamp="20191224 16:06:24.307" level="INFO">${LOG_FILE} = /home/orest.shkhumov/Criteria_test/log.html</msg>
<msg timestamp="20191224 16:06:24.307" level="INFO">${LOG_LEVEL} = INFO</msg>
<msg timestamp="20191224 16:06:24.307" level="INFO">${None} = None</msg>
<msg timestamp="20191224 16:06:24.307" level="INFO">${null} = None</msg>
<msg timestamp="20191224 16:06:24.308" level="INFO">${OUTPUT_DIR} = /home/orest.shkhumov/Criteria_test</msg>
<msg timestamp="20191224 16:06:24.308" level="INFO">${OUTPUT_FILE} = /home/orest.shkhumov/Criteria_test/output.xml</msg>
<msg timestamp="20191224 16:06:24.308" level="INFO">${PASSWORD} = adminpassword</msg>
<msg timestamp="20191224 16:06:24.308" level="INFO">&amp;{PATCH_RESPONSE} = { minValue=10.0 | maxValue=23.0 | name=Test | nameEng=Test eng | status=active }</msg>
<msg timestamp="20191224 16:06:24.308" level="INFO">${PREV_TEST_MESSAGE} = </msg>
<msg timestamp="20191224 16:06:24.308" level="INFO">${PREV_TEST_NAME} = Тест створити критерію</msg>
<msg timestamp="20191224 16:06:24.308" level="INFO">${PREV_TEST_STATUS} = PASS</msg>
<msg timestamp="20191224 16:06:24.308" level="INFO">${REPORT_FILE} = /home/orest.shkhumov/Criteria_test/report.html</msg>
<msg timestamp="20191224 16:06:24.308" level="INFO">${RESOURCE} = criteria</msg>
<msg timestamp="20191224 16:06:24.309" level="INFO">&amp;{RESPONSE} = { id=50940e58724644c0ae178d01be69ba01 | name=Test | nameEng=Test eng | minValue=10.0 | maxValue=23.0 | dataType=number | dateModified=2019-12-24T14:06:24.247870Z | status=active | classification=Munch({'description': 'Послуги гральних закладів і тоталізаторів', 'scheme': 'ДК021', 'id': '92350000-9'}) | additionalClassification=Munch({'description': 'Солома', 'id': '03114100-4', 'scheme': 'ДК021'}) | unit=Munch({'name': 'millilitre of water', 'code': 'WW'}) }</msg>
<msg timestamp="20191224 16:06:24.309" level="INFO">${SPACE} =  </msg>
<msg timestamp="20191224 16:06:24.309" level="INFO">${STATUS_ACTIVE} = ?status=active</msg>
<msg timestamp="20191224 16:06:24.309" level="INFO">${STATUS_ALL} = ?status=all</msg>
<msg timestamp="20191224 16:06:24.309" level="INFO">${STATUS_RETIRED} = ?status=retired</msg>
<msg timestamp="20191224 16:06:24.309" level="INFO">${SUITE_DOCUMENTATION} = </msg>
<msg timestamp="20191224 16:06:24.309" level="INFO">&amp;{SUITE_METADATA} = { }</msg>
<msg timestamp="20191224 16:06:24.309" level="INFO">${SUITE_NAME} = Tests</msg>
<msg timestamp="20191224 16:06:24.309" level="INFO">${SUITE_SOURCE} = /home/orest.shkhumov/Criteria_test/tests.robot</msg>
<msg timestamp="20191224 16:06:24.310" level="INFO">${TEMPDIR} = /tmp</msg>
<msg timestamp="20191224 16:06:24.310" level="INFO">${TEST_DOCUMENTATION} = </msg>
<msg timestamp="20191224 16:06:24.310" level="INFO">${TEST_NAME} = Тест редагувати критерію</msg>
<msg timestamp="20191224 16:06:24.310" level="INFO">@{TEST_TAGS} = [ ]</msg>
<msg timestamp="20191224 16:06:24.310" level="INFO">${True} = True</msg>
<msg timestamp="20191224 16:06:24.310" level="INFO">@{USED_ROLES} = [ admin | user ]</msg>
<msg timestamp="20191224 16:06:24.310" level="INFO">${USERNAME} = admin</msg>
<msg timestamp="20191224 16:06:24.310" level="INFO">&amp;{USERS} = { users=Munch({'admin': Munch({'api_key': 'adminpassword', 'user_name': 'admin', 'client': &lt;client.client_helper.StableClient object at 0x7f6b002b8b90&gt;}), 'user': Munch({'api_key': 'userpassword', 'user_name': 'user', 'client': &lt;client.client_helper.StableClient object at 0x7f6b0024b1d0&gt;})}) }</msg>
<msg timestamp="20191224 16:06:24.310" level="INFO">${USERS_FILE} = data</msg>
<status status="PASS" starttime="20191224 16:06:24.305" endtime="20191224 16:06:24.310"></status>
</kw>
<msg timestamp="20191224 16:06:24.311" level="INFO">${GET_RESPONSE_ID} = Munch({'id': '50940e58724644c0ae178d01be69ba01', 'name': 'Test', 'nameEng': 'Test eng', 'minValue': '10.0', 'maxValue': '23.0', 'dataType': 'number', 'dateModified': '2019-12-24T14:06:24.247870Z', 'st...</msg>
<status status="PASS" starttime="20191224 16:06:24.268" endtime="20191224 16:06:24.311"></status>
</kw>
<kw name="Log" library="BuiltIn">
<doc>Logs the given message with the given level.</doc>
<arguments>
<arg>${GET_RESPONSE_ID}</arg>
</arguments>
<msg timestamp="20191224 16:06:24.312" level="INFO">Munch({'id': '50940e58724644c0ae178d01be69ba01', 'name': 'Test', 'nameEng': 'Test eng', 'minValue': '10.0', 'maxValue': '23.0', 'dataType': 'number', 'dateModified': '2019-12-24T14:06:24.247870Z', 'status': 'active', 'classification': Munch({'description': 'Послуги гральних закладів і тоталізаторів', 'scheme': 'ДК021', 'id': '92350000-9'}), 'additionalClassification': Munch({'description': 'Солома', 'id': '03114100-4', 'scheme': 'ДК021'}), 'unit': Munch({'name': 'millilitre of water', 'code': 'WW'})})</msg>
<status status="PASS" starttime="20191224 16:06:24.311" endtime="20191224 16:06:24.312"></status>
</kw>
<kw name="Log Variables" library="BuiltIn">
<doc>Logs all variables in the current scope with given log level.</doc>
<msg timestamp="20191224 16:06:24.314" level="INFO">${/} = /</msg>
<msg timestamp="20191224 16:06:24.314" level="INFO">${:} = :</msg>
<msg timestamp="20191224 16:06:24.314" level="INFO">${\n} = 
</msg>
<msg timestamp="20191224 16:06:24.314" level="INFO">${API_HOST_URL} = http://localhost:8000</msg>
<msg timestamp="20191224 16:06:24.314" level="INFO">${API_VERSION} = 0</msg>
<msg timestamp="20191224 16:06:24.314" level="INFO">&amp;{CRITERIA_DATA} = { name=Tester2 | nameEng=Name eng | classification=Munch({'id': '92350000-9', 'scheme': 'ДК021', 'description': 'Послуги гральних закладів і тоталізаторів'}) | additionalClassification=Munch({'id': '03114100-4', 'scheme': 'ДК021', 'description': 'Солома'}) | minValue=11.0 | maxValue=22.0 | dataType=number | unit=Munch({'name': 'millilitre of water', 'code': 'WW'}) }</msg>
<msg timestamp="20191224 16:06:24.314" level="INFO">${DEBUG_FILE} = NONE</msg>
<msg timestamp="20191224 16:06:24.314" level="INFO">&amp;{EDIT_DATA} = { name=Test | nameEng=Test eng | minValue=10.0 | maxValue=23.0 | status=active }</msg>
<msg timestamp="20191224 16:06:24.314" level="INFO">${EXECDIR} = /home/orest.shkhumov/Criteria_test</msg>
<msg timestamp="20191224 16:06:24.315" level="INFO">${False} = False</msg>
<msg timestamp="20191224 16:06:24.315" level="INFO">&amp;{GET_RESPONSE_ID} = { id=50940e58724644c0ae178d01be69ba01 | name=Test | nameEng=Test eng | minValue=10.0 | maxValue=23.0 | dataType=number | dateModified=2019-12-24T14:06:24.247870Z | status=active | classification=Munch({'description': 'Послуги гральних закладів і тоталізаторів', 'scheme': 'ДК021', 'id': '92350000-9'}) | additionalClassification=Munch({'description': 'Солома', 'id': '03114100-4', 'scheme': 'ДК021'}) | unit=Munch({'name': 'millilitre of water', 'code': 'WW'}) }</msg>
<msg timestamp="20191224 16:06:24.315" level="INFO">${ID_CRITERIA} = 50940e58724644c0ae178d01be69ba01</msg>
<msg timestamp="20191224 16:06:24.315" level="INFO">${LOG_FILE} = /home/orest.shkhumov/Criteria_test/log.html</msg>
<msg timestamp="20191224 16:06:24.315" level="INFO">${LOG_LEVEL} = INFO</msg>
<msg timestamp="20191224 16:06:24.315" level="INFO">${None} = None</msg>
<msg timestamp="20191224 16:06:24.315" level="INFO">${null} = None</msg>
<msg timestamp="20191224 16:06:24.315" level="INFO">${OUTPUT_DIR} = /home/orest.shkhumov/Criteria_test</msg>
<msg timestamp="20191224 16:06:24.315" level="INFO">${OUTPUT_FILE} = /home/orest.shkhumov/Criteria_test/output.xml</msg>
<msg timestamp="20191224 16:06:24.315" level="INFO">${PASSWORD} = adminpassword</msg>
<msg timestamp="20191224 16:06:24.315" level="INFO">&amp;{PATCH_RESPONSE} = { minValue=10.0 | maxValue=23.0 | name=Test | nameEng=Test eng | status=active }</msg>
<msg timestamp="20191224 16:06:24.315" level="INFO">${PREV_TEST_MESSAGE} = </msg>
<msg timestamp="20191224 16:06:24.316" level="INFO">${PREV_TEST_NAME} = Тест створити критерію</msg>
<msg timestamp="20191224 16:06:24.316" level="INFO">${PREV_TEST_STATUS} = PASS</msg>
<msg timestamp="20191224 16:06:24.316" level="INFO">${REPORT_FILE} = /home/orest.shkhumov/Criteria_test/report.html</msg>
<msg timestamp="20191224 16:06:24.316" level="INFO">${RESOURCE} = criteria</msg>
<msg timestamp="20191224 16:06:24.316" level="INFO">${SPACE} =  </msg>
<msg timestamp="20191224 16:06:24.316" level="INFO">${STATUS_ACTIVE} = ?status=active</msg>
<msg timestamp="20191224 16:06:24.316" level="INFO">${STATUS_ALL} = ?status=all</msg>
<msg timestamp="20191224 16:06:24.316" level="INFO">${STATUS_RETIRED} = ?status=retired</msg>
<msg timestamp="20191224 16:06:24.316" level="INFO">${SUITE_DOCUMENTATION} = </msg>
<msg timestamp="20191224 16:06:24.316" level="INFO">&amp;{SUITE_METADATA} = { }</msg>
<msg timestamp="20191224 16:06:24.316" level="INFO">${SUITE_NAME} = Tests</msg>
<msg timestamp="20191224 16:06:24.316" level="INFO">${SUITE_SOURCE} = /home/orest.shkhumov/Criteria_test/tests.robot</msg>
<msg timestamp="20191224 16:06:24.316" level="INFO">${TEMPDIR} = /tmp</msg>
<msg timestamp="20191224 16:06:24.316" level="INFO">${TEST_DOCUMENTATION} = </msg>
<msg timestamp="20191224 16:06:24.316" level="INFO">${TEST_NAME} = Тест редагувати критерію</msg>
<msg timestamp="20191224 16:06:24.317" level="INFO">@{TEST_TAGS} = [ ]</msg>
<msg timestamp="20191224 16:06:24.317" level="INFO">${True} = True</msg>
<msg timestamp="20191224 16:06:24.317" level="INFO">@{USED_ROLES} = [ admin | user ]</msg>
<msg timestamp="20191224 16:06:24.317" level="INFO">${USERNAME} = admin</msg>
<msg timestamp="20191224 16:06:24.317" level="INFO">&amp;{USERS} = { users=Munch({'admin': Munch({'api_key': 'adminpassword', 'user_name': 'admin', 'client': &lt;client.client_helper.StableClient object at 0x7f6b002b8b90&gt;}), 'user': Munch({'api_key': 'userpassword', 'user_name': 'user', 'client': &lt;client.client_helper.StableClient object at 0x7f6b0024b1d0&gt;})}) }</msg>
<msg timestamp="20191224 16:06:24.317" level="INFO">${USERS_FILE} = data</msg>
<status status="PASS" starttime="20191224 16:06:24.313" endtime="20191224 16:06:24.317"></status>
</kw>
<msg timestamp="20191224 16:06:24.318" level="INFO">${get_criteria} = Munch({'id': '50940e58724644c0ae178d01be69ba01', 'name': 'Test', 'nameEng': 'Test eng', 'minValue': '10.0', 'maxValue': '23.0', 'dataType': 'number', 'dateModified': '2019-12-24T14:06:24.247870Z', 'st...</msg>
<status status="PASS" starttime="20191224 16:06:24.267" endtime="20191224 16:06:24.318"></status>
</kw>
<kw name="Порівнняти редаговані дані" library="base_keywords">
<arguments>
<arg>${get_criteria}</arg>
<arg>${EDIT_DATA}</arg>
</arguments>
<kw name="Log" library="BuiltIn">
<doc>Logs the given message with the given level.</doc>
<arguments>
<arg>${actual_resul}</arg>
</arguments>
<msg timestamp="20191224 16:06:24.319" level="INFO">Munch({'id': '50940e58724644c0ae178d01be69ba01', 'name': 'Test', 'nameEng': 'Test eng', 'minValue': '10.0', 'maxValue': '23.0', 'dataType': 'number', 'dateModified': '2019-12-24T14:06:24.247870Z', 'status': 'active', 'classification': Munch({'description': 'Послуги гральних закладів і тоталізаторів', 'scheme': 'ДК021', 'id': '92350000-9'}), 'additionalClassification': Munch({'description': 'Солома', 'id': '03114100-4', 'scheme': 'ДК021'}), 'unit': Munch({'name': 'millilitre of water', 'code': 'WW'})})</msg>
<status status="PASS" starttime="20191224 16:06:24.319" endtime="20191224 16:06:24.319"></status>
</kw>
<kw name="Log" library="BuiltIn">
<doc>Logs the given message with the given level.</doc>
<arguments>
<arg>${expected_result}</arg>
</arguments>
<msg timestamp="20191224 16:06:24.320" level="INFO">Munch({'name': 'Test', 'nameEng': 'Test eng', 'minValue': '10.0', 'maxValue': '23.0', 'status': 'active'})</msg>
<status status="PASS" starttime="20191224 16:06:24.319" endtime="20191224 16:06:24.320"></status>
</kw>
<kw name="Should Be Equal" library="BuiltIn">
<doc>Fails if the given objects are unequal.</doc>
<arguments>
<arg>${actual_resul.name}</arg>
<arg>${expected_result.name}</arg>
<arg>msg=Objects NAME are not equal</arg>
</arguments>
<status status="PASS" starttime="20191224 16:06:24.320" endtime="20191224 16:06:24.320"></status>
</kw>
<kw name="Should Be Equal" library="BuiltIn">
<doc>Fails if the given objects are unequal.</doc>
<arguments>
<arg>${actual_resul.nameEng}</arg>
<arg>${expected_result.nameEng}</arg>
<arg>msg=Objects NAME_ENG are not equal</arg>
</arguments>
<status status="PASS" starttime="20191224 16:06:24.321" endtime="20191224 16:06:24.321"></status>
</kw>
<kw name="Should Be Equal" library="BuiltIn">
<doc>Fails if the given objects are unequal.</doc>
<arguments>
<arg>${actual_resul.minValue}</arg>
<arg>${expected_result.minValue}</arg>
<arg>msg=Objects MIN_VALUE are not equal</arg>
</arguments>
<status status="PASS" starttime="20191224 16:06:24.321" endtime="20191224 16:06:24.322"></status>
</kw>
<kw name="Should Be Equal" library="BuiltIn">
<doc>Fails if the given objects are unequal.</doc>
<arguments>
<arg>${actual_resul.maxValue}</arg>
<arg>${expected_result.maxValue}</arg>
<arg>msg=Objects MAX_VALUE are not equal</arg>
</arguments>
<status status="PASS" starttime="20191224 16:06:24.322" endtime="20191224 16:06:24.323"></status>
</kw>
<kw name="Should Be Equal" library="BuiltIn">
<doc>Fails if the given objects are unequal.</doc>
<arguments>
<arg>${actual_resul.status}</arg>
<arg>${expected_result.status}</arg>
<arg>msg=Objects STATUS are not equal</arg>
</arguments>
<status status="PASS" starttime="20191224 16:06:24.323" endtime="20191224 16:06:24.324"></status>
</kw>
<status status="PASS" starttime="20191224 16:06:24.318" endtime="20191224 16:06:24.324"></status>
</kw>
<status status="PASS" starttime="20191224 16:06:24.267" endtime="20191224 16:06:24.324"></status>
</kw>
<kw name="Перевірити редагування критерії" library="base_keywords">
<arguments>
<arg>user</arg>
</arguments>
<kw name="Можливість переглядати критерію" library="base_keywords">
<arguments>
<arg>${user_name}</arg>
</arguments>
<assign>
<var>${get_criteria}</var>
</assign>
<kw name="Переглядати критерію" library="keywords_api">
<arguments>
<arg>${ID_CRITERIA}</arg>
<arg>${user_name}</arg>
</arguments>
<assign>
<var>${GET_RESPONSE_ID}</var>
</assign>
<kw name="Call Method" library="BuiltIn">
<doc>Calls the named method of the given object with the provided arguments.</doc>
<arguments>
<arg>${USERS.users.${username}.client}</arg>
<arg>get_criteria</arg>
<arg>${RESOURCE}</arg>
<arg>${ID}</arg>
</arguments>
<assign>
<var>${RESPONSE}</var>
</assign>
<msg timestamp="20191224 16:06:24.356" level="INFO">${RESPONSE} = Munch({'id': '50940e58724644c0ae178d01be69ba01', 'name': 'Test', 'nameEng': 'Test eng', 'minValue': '10.0', 'maxValue': '23.0', 'dataType': 'number', 'dateModified': '2019-12-24T14:06:24.247870Z', 'st...</msg>
<status status="PASS" starttime="20191224 16:06:24.325" endtime="20191224 16:06:24.356"></status>
</kw>
<kw name="Log" library="BuiltIn">
<doc>Logs the given message with the given level.</doc>
<arguments>
<arg>${RESPONSE}</arg>
</arguments>
<msg timestamp="20191224 16:06:24.357" level="INFO">Munch({'id': '50940e58724644c0ae178d01be69ba01', 'name': 'Test', 'nameEng': 'Test eng', 'minValue': '10.0', 'maxValue': '23.0', 'dataType': 'number', 'dateModified': '2019-12-24T14:06:24.247870Z', 'status': 'active', 'classification': Munch({'description': 'Послуги гральних закладів і тоталізаторів', 'scheme': 'ДК021', 'id': '92350000-9'}), 'additionalClassification': Munch({'description': 'Солома', 'id': '03114100-4', 'scheme': 'ДК021'}), 'unit': Munch({'name': 'millilitre of water', 'code': 'WW'})})</msg>
<status status="PASS" starttime="20191224 16:06:24.357" endtime="20191224 16:06:24.358"></status>
</kw>
<kw name="Log Variables" library="BuiltIn">
<doc>Logs all variables in the current scope with given log level.</doc>
<msg timestamp="20191224 16:06:24.360" level="INFO">${/} = /</msg>
<msg timestamp="20191224 16:06:24.360" level="INFO">${:} = :</msg>
<msg timestamp="20191224 16:06:24.360" level="INFO">${\n} = 
</msg>
<msg timestamp="20191224 16:06:24.360" level="INFO">${API_HOST_URL} = http://localhost:8000</msg>
<msg timestamp="20191224 16:06:24.360" level="INFO">${API_VERSION} = 0</msg>
<msg timestamp="20191224 16:06:24.360" level="INFO">&amp;{CRITERIA_DATA} = { name=Tester2 | nameEng=Name eng | classification=Munch({'id': '92350000-9', 'scheme': 'ДК021', 'description': 'Послуги гральних закладів і тоталізаторів'}) | additionalClassification=Munch({'id': '03114100-4', 'scheme': 'ДК021', 'description': 'Солома'}) | minValue=11.0 | maxValue=22.0 | dataType=number | unit=Munch({'name': 'millilitre of water', 'code': 'WW'}) }</msg>
<msg timestamp="20191224 16:06:24.361" level="INFO">${DEBUG_FILE} = NONE</msg>
<msg timestamp="20191224 16:06:24.361" level="INFO">&amp;{EDIT_DATA} = { name=Test | nameEng=Test eng | minValue=10.0 | maxValue=23.0 | status=active }</msg>
<msg timestamp="20191224 16:06:24.361" level="INFO">${EXECDIR} = /home/orest.shkhumov/Criteria_test</msg>
<msg timestamp="20191224 16:06:24.361" level="INFO">${False} = False</msg>
<msg timestamp="20191224 16:06:24.361" level="INFO">${ID} = 50940e58724644c0ae178d01be69ba01</msg>
<msg timestamp="20191224 16:06:24.361" level="INFO">${ID_CRITERIA} = 50940e58724644c0ae178d01be69ba01</msg>
<msg timestamp="20191224 16:06:24.361" level="INFO">${LOG_FILE} = /home/orest.shkhumov/Criteria_test/log.html</msg>
<msg timestamp="20191224 16:06:24.362" level="INFO">${LOG_LEVEL} = INFO</msg>
<msg timestamp="20191224 16:06:24.362" level="INFO">${None} = None</msg>
<msg timestamp="20191224 16:06:24.362" level="INFO">${null} = None</msg>
<msg timestamp="20191224 16:06:24.362" level="INFO">${OUTPUT_DIR} = /home/orest.shkhumov/Criteria_test</msg>
<msg timestamp="20191224 16:06:24.363" level="INFO">${OUTPUT_FILE} = /home/orest.shkhumov/Criteria_test/output.xml</msg>
<msg timestamp="20191224 16:06:24.363" level="INFO">${PASSWORD} = adminpassword</msg>
<msg timestamp="20191224 16:06:24.363" level="INFO">&amp;{PATCH_RESPONSE} = { minValue=10.0 | maxValue=23.0 | name=Test | nameEng=Test eng | status=active }</msg>
<msg timestamp="20191224 16:06:24.363" level="INFO">${PREV_TEST_MESSAGE} = </msg>
<msg timestamp="20191224 16:06:24.363" level="INFO">${PREV_TEST_NAME} = Тест створити критерію</msg>
<msg timestamp="20191224 16:06:24.363" level="INFO">${PREV_TEST_STATUS} = PASS</msg>
<msg timestamp="20191224 16:06:24.363" level="INFO">${REPORT_FILE} = /home/orest.shkhumov/Criteria_test/report.html</msg>
<msg timestamp="20191224 16:06:24.363" level="INFO">${RESOURCE} = criteria</msg>
<msg timestamp="20191224 16:06:24.363" level="INFO">&amp;{RESPONSE} = { id=50940e58724644c0ae178d01be69ba01 | name=Test | nameEng=Test eng | minValue=10.0 | maxValue=23.0 | dataType=number | dateModified=2019-12-24T14:06:24.247870Z | status=active | classification=Munch({'description': 'Послуги гральних закладів і тоталізаторів', 'scheme': 'ДК021', 'id': '92350000-9'}) | additionalClassification=Munch({'description': 'Солома', 'id': '03114100-4', 'scheme': 'ДК021'}) | unit=Munch({'name': 'millilitre of water', 'code': 'WW'}) }</msg>
<msg timestamp="20191224 16:06:24.364" level="INFO">${SPACE} =  </msg>
<msg timestamp="20191224 16:06:24.364" level="INFO">${STATUS_ACTIVE} = ?status=active</msg>
<msg timestamp="20191224 16:06:24.364" level="INFO">${STATUS_ALL} = ?status=all</msg>
<msg timestamp="20191224 16:06:24.364" level="INFO">${STATUS_RETIRED} = ?status=retired</msg>
<msg timestamp="20191224 16:06:24.364" level="INFO">${SUITE_DOCUMENTATION} = </msg>
<msg timestamp="20191224 16:06:24.364" level="INFO">&amp;{SUITE_METADATA} = { }</msg>
<msg timestamp="20191224 16:06:24.364" level="INFO">${SUITE_NAME} = Tests</msg>
<msg timestamp="20191224 16:06:24.364" level="INFO">${SUITE_SOURCE} = /home/orest.shkhumov/Criteria_test/tests.robot</msg>
<msg timestamp="20191224 16:06:24.364" level="INFO">${TEMPDIR} = /tmp</msg>
<msg timestamp="20191224 16:06:24.364" level="INFO">${TEST_DOCUMENTATION} = </msg>
<msg timestamp="20191224 16:06:24.365" level="INFO">${TEST_NAME} = Тест редагувати критерію</msg>
<msg timestamp="20191224 16:06:24.365" level="INFO">@{TEST_TAGS} = [ ]</msg>
<msg timestamp="20191224 16:06:24.365" level="INFO">${True} = True</msg>
[...]
<msg timestamp="20191224 16:06:25.629" level="INFO">${/} = /</msg>
<msg timestamp="20191224 16:06:25.629" level="INFO">${:} = :</msg>
<msg timestamp="20191224 16:06:25.629" level="INFO">${\n} = 
</msg>
<msg timestamp="20191224 16:06:25.629" level="INFO">${API_HOST_URL} = http://localhost:8000</msg>
<msg timestamp="20191224 16:06:25.629" level="INFO">${API_VERSION} = 0</msg>
<msg timestamp="20191224 16:06:25.629" level="INFO">&amp;{CRITERIA_DATA} = { name=Tester2 | nameEng=Name eng | classification=Munch({'id': '92350000-9', 'scheme': 'ДК021', 'description': 'Послуги гральних закладів і тоталізаторів'}) | additionalClassification=Munch({'id': '03114100-4', 'scheme': 'ДК021', 'description': 'Солома'}) | minValue=11.0 | maxValue=22.0 | dataType=number | unit=Munch({'name': 'millilitre of water', 'code': 'WW'}) }</msg>
<msg timestamp="20191224 16:06:25.629" level="INFO">&amp;{DATA} = { name=Tester2 | nameEng=Name eng | classification=Munch({'id': '92350000-9', 'scheme': 'ДК021', 'description': 'Послуги гральних закладів і тоталізаторів'}) | additionalClassification=Munch({'id': '03114100-4', 'scheme': 'ДК021', 'description': 'Солома'}) | minValue=11.0 | maxValue=22.0 | dataType=number | unit=Munch({'name': 'millilitre of water', 'code': 'WW'}) }</msg>
<msg timestamp="20191224 16:06:25.630" level="INFO">${DEBUG_FILE} = NONE</msg>
<msg timestamp="20191224 16:06:25.630" level="INFO">&amp;{EDIT_DATA} = { name=Test | nameEng=Test eng | minValue=10.0 | maxValue=23.0 | status=active }</msg>
<msg timestamp="20191224 16:06:25.630" level="INFO">${EXECDIR} = /home/orest.shkhumov/Criteria_test</msg>
<msg timestamp="20191224 16:06:25.630" level="INFO">${False} = False</msg>
<msg timestamp="20191224 16:06:25.630" level="INFO">${ID_CRITERIA} = 50940e58724644c0ae178d01be69ba01</msg>
<msg timestamp="20191224 16:06:25.630" level="INFO">${LOG_FILE} = /home/orest.shkhumov/Criteria_test/log.html</msg>
<msg timestamp="20191224 16:06:25.630" level="INFO">${LOG_LEVEL} = INFO</msg>
<msg timestamp="20191224 16:06:25.630" level="INFO">${None} = None</msg>
<msg timestamp="20191224 16:06:25.630" level="INFO">${null} = None</msg>
<msg timestamp="20191224 16:06:25.630" level="INFO">${OUTPUT_DIR} = /home/orest.shkhumov/Criteria_test</msg>
<msg timestamp="20191224 16:06:25.630" level="INFO">${OUTPUT_FILE} = /home/orest.shkhumov/Criteria_test/output.xml</msg>
<msg timestamp="20191224 16:06:25.630" level="INFO">${PASSWORD} = adminpassword</msg>
<msg timestamp="20191224 16:06:25.630" level="INFO">&amp;{PATCH_RESPONSE} = { minValue=10.0 | maxValue=23.0 | name=Test | nameEng=Test eng | status=active }</msg>
<msg timestamp="20191224 16:06:25.630" level="INFO">${PREV_TEST_MESSAGE} = </msg>
<msg timestamp="20191224 16:06:25.631" level="INFO">${PREV_TEST_NAME} = Тест видалення критерії</msg>
<msg timestamp="20191224 16:06:25.631" level="INFO">${PREV_TEST_STATUS} = PASS</msg>
<msg timestamp="20191224 16:06:25.631" level="INFO">${REPORT_FILE} = /home/orest.shkhumov/Criteria_test/report.html</msg>
<msg timestamp="20191224 16:06:25.631" level="INFO">${RESOURCE} = criteria</msg>
<msg timestamp="20191224 16:06:25.631" level="INFO">&amp;{RESPONSE} = { id=43ab5bd8d68144bb84ffa61a7915572f | name=Tester2 | nameEng=Name eng | minValue=11.0 | maxValue=22.0 | dataType=number | status=active | classification=Munch({'description': 'Послуги гральних закладів і тоталізаторів', 'scheme': 'ДК021', 'id': '92350000-9'}) | additionalClassification=Munch({'description': 'Солома', 'id': '03114100-4', 'scheme': 'ДК021'}) | unit=Munch({'name': 'millilitre of water', 'code': 'WW'}) | dateModified=2019-12-24T14:06:25.613171Z }</msg>
<msg timestamp="20191224 16:06:25.631" level="INFO">${SPACE} =  </msg>
<msg timestamp="20191224 16:06:25.631" level="INFO">${STATUS_ACTIVE} = ?status=active</msg>
<msg timestamp="20191224 16:06:25.631" level="INFO">${STATUS_ALL} = ?status=all</msg>
<msg timestamp="20191224 16:06:25.632" level="INFO">${STATUS_RETIRED} = ?status=retired</msg>
<msg timestamp="20191224 16:06:25.632" level="INFO">${SUITE_DOCUMENTATION} = </msg>
<msg timestamp="20191224 16:06:25.632" level="INFO">&amp;{SUITE_METADATA} = { }</msg>
<msg timestamp="20191224 16:06:25.632" level="INFO">${SUITE_NAME} = Tests</msg>
<msg timestamp="20191224 16:06:25.632" level="INFO">${SUITE_SOURCE} = /home/orest.shkhumov/Criteria_test/tests.robot</msg>
<msg timestamp="20191224 16:06:25.632" level="INFO">${TEMPDIR} = /tmp</msg>
<msg timestamp="20191224 16:06:25.632" level="INFO">${TEST_DOCUMENTATION} = </msg>
<msg timestamp="20191224 16:06:25.632" level="INFO">${TEST_NAME} = Тест на відсутність можливості видалити критерію</msg>
<msg timestamp="20191224 16:06:25.632" level="INFO">@{TEST_TAGS} = [ ]</msg>
<msg timestamp="20191224 16:06:25.632" level="INFO">${True} = True</msg>
<msg timestamp="20191224 16:06:25.633" level="INFO">@{USED_ROLES} = [ admin | user ]</msg>
<msg timestamp="20191224 16:06:25.633" level="INFO">${USERNAME} = admin</msg>
<msg timestamp="20191224 16:06:25.633" level="INFO">&amp;{USERS} = { users=Munch({'admin': Munch({'api_key': 'adminpassword', 'user_name': 'admin', 'client': &lt;client.client_helper.StableClient object at 0x7f6b002b8b90&gt;}), 'user': Munch({'api_key': 'userpassword', 'user_name': 'user', 'client': &lt;client.client_helper.StableClient object at 0x7f6b0024b1d0&gt;})}) }</msg>
<msg timestamp="20191224 16:06:25.633" level="INFO">${USERS_FILE} = data</msg>
<status status="PASS" starttime="20191224 16:06:25.628" endtime="20191224 16:06:25.633"></status>
</kw>
<msg timestamp="20191224 16:06:25.634" level="INFO">${RESPONSE} = 43ab5bd8d68144bb84ffa61a7915572f</msg>
<status status="PASS" starttime="20191224 16:06:25.575" endtime="20191224 16:06:25.634"></status>
</kw>
<kw name="Set Suite Variable" library="BuiltIn">
<doc>Makes a variable available everywhere within the scope of the current suite.</doc>
<arguments>
<arg>${ID_CRITERIA}</arg>
<arg>${RESPONSE}</arg>
</arguments>
<msg timestamp="20191224 16:06:25.636" level="INFO">${ID_CRITERIA} = 43ab5bd8d68144bb84ffa61a7915572f</msg>
<status status="PASS" starttime="20191224 16:06:25.635" endtime="20191224 16:06:25.637"></status>
</kw>
<status status="PASS" starttime="20191224 16:06:25.567" endtime="20191224 16:06:25.637"></status>
</kw>
<kw name="Перевірити відсутність доступу користувача до видалення критерії" library="base_keywords">
<arguments>
<arg>user</arg>
</arguments>
<kw name="Run Keyword And Expect Error" library="BuiltIn">
<doc>Runs the keyword and checks that the expected error occurred.</doc>
<arguments>
<arg>*</arg>
<arg>Можливість видаляти критерію</arg>
<arg>${user_name}</arg>
</arguments>
<assign>
<var>${create_criteria}</var>
</assign>
<kw name="Можливість видаляти критерію" library="base_keywords">
<arguments>
<arg>${user_name}</arg>
</arguments>
<kw name="Видаляти критерію" library="keywords_api">
<arguments>
<arg>${ID_CRITERIA}</arg>
<arg>${user_name}</arg>
</arguments>
<assign>
<var>${RESPONSE}</var>
</assign>
<kw name="Call Method" library="BuiltIn">
<doc>Calls the named method of the given object with the provided arguments.</doc>
<arguments>
<arg>${USERS.users.${username}.client}</arg>
<arg>delete_criteria</arg>
<arg>${ID}</arg>
<arg>${RESOURCE}</arg>
</arguments>
<assign>
<var>${RESPONSE}</var>
</assign>
<msg timestamp="20191224 16:06:25.652" level="FAIL">Calling method 'delete_criteria' failed: InvalidResponse: {"detail":"You do not have permission to perform this action."}</msg>
<status status="FAIL" starttime="20191224 16:06:25.641" endtime="20191224 16:06:25.652"></status>
</kw>
<status status="FAIL" starttime="20191224 16:06:25.640" endtime="20191224 16:06:25.653"></status>
</kw>
<status status="FAIL" starttime="20191224 16:06:25.640" endtime="20191224 16:06:25.653"></status>
</kw>
<msg timestamp="20191224 16:06:25.653" level="INFO">${create_criteria} = Calling method 'delete_criteria' failed: InvalidResponse: {"detail":"You do not have permission to perform this action."}</msg>
<status status="PASS" starttime="20191224 16:06:25.639" endtime="20191224 16:06:25.653"></status>
</kw>
<kw name="Convert To String" library="BuiltIn">
<doc>Converts the given item to a Unicode string.</doc>
<arguments>
<arg>You do not have permission to perform this action.</arg>
</arguments>
<assign>
<var>${expected_result}</var>
</assign>
<msg timestamp="20191224 16:06:25.655" level="INFO">${expected_result} = You do not have permission to perform this action.</msg>
<status status="PASS" starttime="20191224 16:06:25.654" endtime="20191224 16:06:25.655"></status>
</kw>
<kw name="Звірити повідомення про помилку" library="base_keywords">
<arguments>
<arg>${create_criteria}</arg>
<arg>${expected_result}</arg>
</arguments>
<kw name="Should Contain" library="BuiltIn">
<doc>Fails if ``container`` does not contain ``item`` one or more times.</doc>
<arguments>
<arg>${actual_result}</arg>
<arg>${expeted_result}</arg>
</arguments>
<status status="PASS" starttime="20191224 16:06:25.657" endtime="20191224 16:06:25.657"></status>
</kw>
<status status="PASS" starttime="20191224 16:06:25.655" endtime="20191224 16:06:25.658"></status>
</kw>
<status status="PASS" starttime="20191224 16:06:25.638" endtime="20191224 16:06:25.658"></status>
</kw>
<status status="PASS" starttime="20191224 16:06:25.566" endtime="20191224 16:06:25.658" critical="yes"></status>
</test>
<test id="s1-t6" name="Тест на відсутність можливості користувачем створити критерію">
<kw name="Перевірити відсутність доступу користувача до створення критерії" library="base_keywords">
<arguments>
<arg>user</arg>
</arguments>
<kw name="Run Keyword And Expect Error" library="BuiltIn">
<doc>Runs the keyword and checks that the expected error occurred.</doc>
<arguments>
<arg>*</arg>
<arg>Можливість cтворити критерію</arg>
<arg>${user_name}</arg>
</arguments>
<assign>
<var>${create_criteria}</var>
</assign>
<kw name="Можливість cтворити критерію" library="base_keywords">
<arguments>
<arg>${user_name}</arg>
</arguments>
<kw name="Піготувати дані для критерії" library="keywords_data">
<assign>
<var>${CRITERIA_DATA}</var>
</assign>
<kw name="Data For Criteria" library="data.init_data">
<assign>
<var>${CRITERIA_DATA}</var>
</assign>
<msg timestamp="20191224 16:06:25.665" level="INFO">${CRITERIA_DATA} = Munch({'name': 'Tester2', 'nameEng': 'Name eng', 'classification': Munch({'id': '92350000-9', 'scheme': 'ДК021', 'description': 'Послуги гральних закладів і тоталізаторів'}), 'additionalClassification...</msg>
<status status="PASS" starttime="20191224 16:06:25.664" endtime="20191224 16:06:25.665"></status>
</kw>
<kw name="Log" library="BuiltIn">
<doc>Logs the given message with the given level.</doc>
<arguments>
<arg>${CRITERIA_DATA}</arg>
</arguments>
<msg timestamp="20191224 16:06:25.666" level="INFO">Munch({'name': 'Tester2', 'nameEng': 'Name eng', 'classification': Munch({'id': '92350000-9', 'scheme': 'ДК021', 'description': 'Послуги гральних закладів і тоталізаторів'}), 'additionalClassification': Munch({'id': '03114100-4', 'scheme': 'ДК021', 'description': 'Солома'}), 'minValue': '11.0', 'maxValue': '22.0', 'dataType': 'number', 'unit': Munch({'name': 'millilitre of water', 'code': 'WW'})})</msg>
<status status="PASS" starttime="20191224 16:06:25.666" endtime="20191224 16:06:25.667"></status>
</kw>
<msg timestamp="20191224 16:06:25.667" level="INFO">${CRITERIA_DATA} = Munch({'name': 'Tester2', 'nameEng': 'Name eng', 'classification': Munch({'id': '92350000-9', 'scheme': 'ДК021', 'description': 'Послуги гральних закладів і тоталізаторів'}), 'additionalClassification...</msg>
<status status="PASS" starttime="20191224 16:06:25.663" endtime="20191224 16:06:25.667"></status>
</kw>
<kw name="Set Suite Variable" library="BuiltIn">
<doc>Makes a variable available everywhere within the scope of the current suite.</doc>
<arguments>
<arg>${CRITERIA_DATA}</arg>
</arguments>
<msg timestamp="20191224 16:06:25.669" level="INFO">${CRITERIA_DATA} = Munch({'name': 'Tester2', 'nameEng': 'Name eng', 'classification': Munch({'id': '92350000-9', 'scheme': 'ДК021', 'description': 'Послуги гральних закладів і тоталізаторів'}), 'additionalClassification...</msg>
<status status="PASS" starttime="20191224 16:06:25.668" endtime="20191224 16:06:25.669"></status>
</kw>
<kw name="Створити критерію" library="keywords_api">
<arguments>
<arg>${CRITERIA_DATA}</arg>
<arg>${user_name}</arg>
</arguments>
<assign>
<var>${RESPONSE}</var>
</assign>
<kw name="Call Method" library="BuiltIn">
<doc>Calls the named method of the given object with the provided arguments.</doc>
<arguments>
<arg>${USERS.users.${username}.client}</arg>
<arg>create_criteria</arg>
<arg>${RESOURCE}</arg>
<arg>${DATA}</arg>
</arguments>
<assign>
<var>${RESPONSE}</var>
</assign>
<msg timestamp="20191224 16:06:25.682" level="FAIL">Calling method 'create_criteria' failed: InvalidResponse: {"detail":"You do not have permission to perform this action."}</msg>
<status status="FAIL" starttime="20191224 16:06:25.670" endtime="20191224 16:06:25.682"></status>
</kw>
<status status="FAIL" starttime="20191224 16:06:25.669" endtime="20191224 16:06:25.682"></status>
</kw>
<status status="FAIL" starttime="20191224 16:06:25.662" endtime="20191224 16:06:25.682"></status>
</kw>
<msg timestamp="20191224 16:06:25.682" level="INFO">${create_criteria} = Calling method 'create_criteria' failed: InvalidResponse: {"detail":"You do not have permission to perform this action."}</msg>
<status status="PASS" starttime="20191224 16:06:25.662" endtime="20191224 16:06:25.683"></status>
</kw>
<kw name="Convert To String" library="BuiltIn">
<doc>Converts the given item to a Unicode string.</doc>
<arguments>
<arg>You do not have permission to perform this action.</arg>
</arguments>
<assign>
<var>${expected_result}</var>
</assign>
<msg timestamp="20191224 16:06:25.683" level="INFO">${expected_result} = You do not have permission to perform this action.</msg>
<status status="PASS" starttime="20191224 16:06:25.683" endtime="20191224 16:06:25.683"></status>
</kw>
<kw name="Звірити повідомення про помилку" library="base_keywords">
<arguments>
<arg>${create_criteria}</arg>
<arg>${expected_result}</arg>
</arguments>
<kw name="Should Contain" library="BuiltIn">
<doc>Fails if ``container`` does not contain ``item`` one or more times.</doc>
<arguments>
<arg>${actual_result}</arg>
<arg>${expeted_result}</arg>
</arguments>
<status status="PASS" starttime="20191224 16:06:25.684" endtime="20191224 16:06:25.684"></status>
</kw>
<status status="PASS" starttime="20191224 16:06:25.683" endtime="20191224 16:06:25.685"></status>
</kw>
<status status="PASS" starttime="20191224 16:06:25.660" endtime="20191224 16:06:25.685"></status>
</kw>
<status status="PASS" starttime="20191224 16:06:25.659" endtime="20191224 16:06:25.685" critical="yes"></status>
</test>
<test id="s1-t7" name="Тест на відсутність доступу користувачем змінити критерію">
<kw name="Перевірити відсутність доступу користувача до змінити критерію" library="base_keywords">
<arguments>
<arg>user</arg>
</arguments>
<kw name="Run Keyword And Expect Error" library="BuiltIn">
<doc>Runs the keyword and checks that the expected error occurred.</doc>
<arguments>
<arg>*</arg>
<arg>Можливість змінити критерію</arg>
<arg>${user_name}</arg>
</arguments>
<assign>
<var>${create_criteria}</var>
</assign>
<kw name="Можливість змінити критерію" library="base_keywords">
<arguments>
<arg>${user_name}</arg>
</arguments>
<kw name="Підготувати дані для редагування" library="keywords_data">
<assign>
<var>${EDIT_DATA}</var>
</assign>
<kw name="Data For Edit" library="data.init_data">
<assign>
<var>${EDIT_DATA}</var>
</assign>
<msg timestamp="20191224 16:06:25.690" level="INFO">${EDIT_DATA} = Munch({'name': 'Test', 'nameEng': 'Test eng', 'minValue': '10.0', 'maxValue': '23.0', 'status': 'active'})</msg>
<status status="PASS" starttime="20191224 16:06:25.689" endtime="20191224 16:06:25.690"></status>
</kw>
<kw name="Log" library="BuiltIn">
<doc>Logs the given message with the given level.</doc>
<arguments>
<arg>${EDIT_DATA}</arg>
</arguments>
<msg timestamp="20191224 16:06:25.690" level="INFO">Munch({'name': 'Test', 'nameEng': 'Test eng', 'minValue': '10.0', 'maxValue': '23.0', 'status': 'active'})</msg>
<status status="PASS" starttime="20191224 16:06:25.690" endtime="20191224 16:06:25.690"></status>
</kw>
<msg timestamp="20191224 16:06:25.691" level="INFO">${EDIT_DATA} = Munch({'name': 'Test', 'nameEng': 'Test eng', 'minValue': '10.0', 'maxValue': '23.0', 'status': 'active'})</msg>
<status status="PASS" starttime="20191224 16:06:25.689" endtime="20191224 16:06:25.691"></status>
</kw>
<kw name="Set Suite Variable" library="BuiltIn">
<doc>Makes a variable available everywhere within the scope of the current suite.</doc>
<arguments>
<arg>${EDIT_DATA}</arg>
</arguments>
<msg timestamp="20191224 16:06:25.692" level="INFO">${EDIT_DATA} = Munch({'name': 'Test', 'nameEng': 'Test eng', 'minValue': '10.0', 'maxValue': '23.0', 'status': 'active'})</msg>
<status status="PASS" starttime="20191224 16:06:25.691" endtime="20191224 16:06:25.692"></status>
</kw>
<kw name="Змінити критерію" library="keywords_api">
<arguments>
<arg>${ID_CRITERIA}</arg>
<arg>${EDIT_DATA}</arg>
<arg>${user_name}</arg>
</arguments>
<assign>
<var>${PATCH_RESPONSE}</var>
</assign>
<kw name="Call Method" library="BuiltIn">
<doc>Calls the named method of the given object with the provided arguments.</doc>
<arguments>
<arg>${USERS.users.${username}.client}</arg>
<arg>update_criteria</arg>
<arg>${ID}</arg>
<arg>${RESOURCE}</arg>
<arg>${EDIT_DATA}</arg>
</arguments>
<assign>
<var>${RESPONSE}</var>
</assign>
<msg timestamp="20191224 16:06:25.706" level="FAIL">Calling method 'update_criteria' failed: InvalidResponse: {"detail":"You do not have permission to perform this action."}</msg>
<status status="FAIL" starttime="20191224 16:06:25.694" endtime="20191224 16:06:25.706"></status>
</kw>
<status status="FAIL" starttime="20191224 16:06:25.692" endtime="20191224 16:06:25.706"></status>
</kw>
<status status="FAIL" starttime="20191224 16:06:25.688" endtime="20191224 16:06:25.706"></status>
</kw>
<msg timestamp="20191224 16:06:25.706" level="INFO">${create_criteria} = Calling method 'update_criteria' failed: InvalidResponse: {"detail":"You do not have permission to perform this action."}</msg>
<status status="PASS" starttime="20191224 16:06:25.688" endtime="20191224 16:06:25.707"></status>
</kw>
<kw name="Convert To String" library="BuiltIn">
<doc>Converts the given item to a Unicode string.</doc>
<arguments>
<arg>You do not have permission to perform this action.</arg>
</arguments>
<assign>
<var>${expected_result}</var>
</assign>
<msg timestamp="20191224 16:06:25.708" level="INFO">${expected_result} = You do not have permission to perform this action.</msg>
<status status="PASS" starttime="20191224 16:06:25.707" endtime="20191224 16:06:25.708"></status>
</kw>
<kw name="Звірити повідомення про помилку" library="base_keywords">
<arguments>
<arg>${create_criteria}</arg>
<arg>${expected_result}</arg>
</arguments>
<kw name="Should Contain" library="BuiltIn">
<doc>Fails if ``container`` does not contain ``item`` one or more times.</doc>
<arguments>
<arg>${actual_result}</arg>
<arg>${expeted_result}</arg>
</arguments>
<status status="PASS" starttime="20191224 16:06:25.709" endtime="20191224 16:06:25.709"></status>
</kw>
<status status="PASS" starttime="20191224 16:06:25.708" endtime="20191224 16:06:25.710"></status>
</kw>
<status status="PASS" starttime="20191224 16:06:25.687" endtime="20191224 16:06:25.710"></status>
</kw>
<status status="PASS" starttime="20191224 16:06:25.686" endtime="20191224 16:06:25.710" critical="yes"></status>
</test>
<status status="PASS" starttime="20191224 16:06:23.462" endtime="20191224 16:06:25.712"></status>
</suite>
<statistics>
<total>
<stat pass="7" fail="0">Critical Tests</stat>
<stat pass="7" fail="0">All Tests</stat>
</total>
<tag>
</tag>
<suite>
<stat pass="7" fail="0" id="s1" name="Tests">Tests</stat>
</suite>
</statistics>
<errors>
</errors>
</robot>
