<?xml version="1.0" encoding="UTF-8"?>
<robot generator="Robot 3.1.2 (Python 3.7.5 on linux)" generated="20191220 20:05:42.889" rpa="false">
<suite id="s1" name="Tests" source="/home/orest.shkhumov/Criteria_test/tests.robot">
<kw name="Підготувати клієнт для користувача" library="keywords_api" type="setup">
<kw name="Load Data From" library="service_keywords">
<doc>We assume that 'external_params' is a a valid json if passed</doc>
<arguments>
<arg>users.yaml</arg>
</arguments>
<assign>
<var>${USERS}</var>
</assign>
<msg timestamp="20191220 20:05:43.446" level="INFO">${USERS} = Munch({'users': Munch({'admin': Munch({'api_key': 'adminpassword', 'user_name': 'admin'}), 'user': Munch({'api_key': 'userpassword', 'user_name': 'user'})})})</msg>
<status status="PASS" starttime="20191220 20:05:43.444" endtime="20191220 20:05:43.446"></status>
</kw>
<kw name="${username} IN [ @{USED_ROLES} ]" type="for">
<kw name="${username} = admin" type="foritem">
<kw name="Prepare Api Wrapper" library="client.client_helper">
<arguments>
<arg>${USERS.users.${username}.user_name}</arg>
<arg>${USERS.users.${username}.api_key}</arg>
<arg>${API_HOST_URL}</arg>
<arg>${API_VERSION}</arg>
</arguments>
<assign>
<var>${api_wraper}</var>
</assign>
<msg timestamp="20191220 20:05:43.447" level="INFO">${api_wraper} = &lt;client.client_helper.StableClient object at 0x7f7da2166dd0&gt;</msg>
<status status="PASS" starttime="20191220 20:05:43.447" endtime="20191220 20:05:43.447"></status>
</kw>
<kw name="Set To Dictionary" library="Collections">
<doc>Adds the given ``key_value_pairs`` and ``items`` to the ``dictionary``.</doc>
<arguments>
<arg>${USERS.users.${username}}</arg>
<arg>client=${api_wraper}</arg>
</arguments>
<status status="PASS" starttime="20191220 20:05:43.448" endtime="20191220 20:05:43.448"></status>
</kw>
<status status="PASS" starttime="20191220 20:05:43.446" endtime="20191220 20:05:43.448"></status>
</kw>
<kw name="${username} = user" type="foritem">
<kw name="Prepare Api Wrapper" library="client.client_helper">
<arguments>
<arg>${USERS.users.${username}.user_name}</arg>
<arg>${USERS.users.${username}.api_key}</arg>
<arg>${API_HOST_URL}</arg>
<arg>${API_VERSION}</arg>
</arguments>
<assign>
<var>${api_wraper}</var>
</assign>
<msg timestamp="20191220 20:05:43.449" level="INFO">${api_wraper} = &lt;client.client_helper.StableClient object at 0x7f7da20fa810&gt;</msg>
<status status="PASS" starttime="20191220 20:05:43.448" endtime="20191220 20:05:43.449"></status>
</kw>
<kw name="Set To Dictionary" library="Collections">
<doc>Adds the given ``key_value_pairs`` and ``items`` to the ``dictionary``.</doc>
<arguments>
<arg>${USERS.users.${username}}</arg>
<arg>client=${api_wraper}</arg>
</arguments>
<status status="PASS" starttime="20191220 20:05:43.449" endtime="20191220 20:05:43.450"></status>
</kw>
<status status="PASS" starttime="20191220 20:05:43.448" endtime="20191220 20:05:43.450"></status>
</kw>
<status status="PASS" starttime="20191220 20:05:43.446" endtime="20191220 20:05:43.450"></status>
</kw>
<kw name="Set Suite Variable" library="BuiltIn">
<doc>Makes a variable available everywhere within the scope of the current suite.</doc>
<arguments>
<arg>${USERS}</arg>
</arguments>
<msg timestamp="20191220 20:05:43.450" level="INFO">${USERS} = Munch({'users': Munch({'admin': Munch({'api_key': 'adminpassword', 'user_name': 'admin', 'client': &lt;client.client_helper.StableClient object at 0x7f7da2166dd0&gt;}), 'user': Munch({'api_key': 'userpasswo...</msg>
<status status="PASS" starttime="20191220 20:05:43.450" endtime="20191220 20:05:43.451"></status>
</kw>
<status status="PASS" starttime="20191220 20:05:43.443" endtime="20191220 20:05:43.451"></status>
</kw>
<test id="s1-t1" name="Тест створити критерію">
<kw name="Можливість cтворити критерію" library="base_keywords">
<arguments>
<arg>admin</arg>
</arguments>
<kw name="Піготувати дані для критерії" library="keywords_data">
<assign>
<var>${CRITERIA_DATA}</var>
</assign>
<kw name="Data For Criteria" library="data.init_data">
<assign>
<var>${CRITERIA_DATA}</var>
</assign>
<msg timestamp="20191220 20:05:43.453" level="INFO">${CRITERIA_DATA} = Munch({'name': 'Tester', 'nameEng': 'Name eng', 'classification': Munch({'id': '92350000-9', 'scheme': 'ДК021', 'description': 'Послуги гральних закладів і тоталізаторів'}), 'additionalClassification'...</msg>
<status status="PASS" starttime="20191220 20:05:43.452" endtime="20191220 20:05:43.453"></status>
</kw>
<kw name="Log" library="BuiltIn">
<doc>Logs the given message with the given level.</doc>
<arguments>
<arg>${CRITERIA_DATA}</arg>
</arguments>
<msg timestamp="20191220 20:05:43.453" level="INFO">Munch({'name': 'Tester', 'nameEng': 'Name eng', 'classification': Munch({'id': '92350000-9', 'scheme': 'ДК021', 'description': 'Послуги гральних закладів і тоталізаторів'}), 'additionalClassification': Munch({'id': '03114100-4', 'scheme': 'ДК021', 'description': 'Солома'}), 'minValue': '11', 'maxValue': '22', 'dataType': 'number', 'unit': Munch({'name': 'millilitre of water', 'code': 'WW'})})</msg>
<status status="PASS" starttime="20191220 20:05:43.453" endtime="20191220 20:05:43.453"></status>
</kw>
<msg timestamp="20191220 20:05:43.453" level="INFO">${CRITERIA_DATA} = Munch({'name': 'Tester', 'nameEng': 'Name eng', 'classification': Munch({'id': '92350000-9', 'scheme': 'ДК021', 'description': 'Послуги гральних закладів і тоталізаторів'}), 'additionalClassification'...</msg>
<status status="PASS" starttime="20191220 20:05:43.452" endtime="20191220 20:05:43.454"></status>
</kw>
<kw name="Set Suite Variable" library="BuiltIn">
<doc>Makes a variable available everywhere within the scope of the current suite.</doc>
<arguments>
<arg>${CRITERIA_DATA}</arg>
</arguments>
<msg timestamp="20191220 20:05:43.454" level="INFO">${CRITERIA_DATA} = Munch({'name': 'Tester', 'nameEng': 'Name eng', 'classification': Munch({'id': '92350000-9', 'scheme': 'ДК021', 'description': 'Послуги гральних закладів і тоталізаторів'}), 'additionalClassification'...</msg>
<status status="PASS" starttime="20191220 20:05:43.454" endtime="20191220 20:05:43.454"></status>
</kw>
<kw name="Створити критерію" library="keywords_api">
<arguments>
<arg>${CRITERIA_DATA}</arg>
<arg>${username}</arg>
</arguments>
<assign>
<var>${RESPONSE}</var>
</assign>
<kw name="Call Method" library="BuiltIn">
<doc>Calls the named method of the given object with the provided arguments.</doc>
<arguments>
<arg>${USERS.users.${username}.client}</arg>
<arg>create_criteria</arg>
<arg>${RESOURCE}</arg>
<arg>${DATA}</arg>
</arguments>
<assign>
<var>${RESPONSE}</var>
</assign>
<msg timestamp="20191220 20:05:43.509" level="INFO">${RESPONSE} = Munch({'id': '83ed63cd56b14b0fa8713b00e90f25fb', 'name': 'Tester', 'nameEng': 'Name eng', 'minValue': 11.0, 'maxValue': 22.0, 'dataType': 'number', 'status': 'active', 'classification': Munch({'descri...</msg>
<status status="PASS" starttime="20191220 20:05:43.455" endtime="20191220 20:05:43.509"></status>
</kw>
<kw name="Log" library="BuiltIn">
<doc>Logs the given message with the given level.</doc>
<arguments>
<arg>${RESPONSE}</arg>
</arguments>
<msg timestamp="20191220 20:05:43.510" level="INFO">Munch({'id': '83ed63cd56b14b0fa8713b00e90f25fb', 'name': 'Tester', 'nameEng': 'Name eng', 'minValue': 11.0, 'maxValue': 22.0, 'dataType': 'number', 'status': 'active', 'classification': Munch({'description': 'Послуги гральних закладів і тоталізаторів', 'scheme': 'ДК021', 'id': '92350000-9'}), 'additionalClassification': Munch({'description': 'Солома', 'id': '03114100-4', 'scheme': 'ДК021'}), 'unit': Munch({'name': 'millilitre of water', 'code': 'WW'}), 'dateModified': '2019-12-20T18:05:43.489531Z'})</msg>
<status status="PASS" starttime="20191220 20:05:43.509" endtime="20191220 20:05:43.510"></status>
</kw>
<kw name="Log Variables" library="BuiltIn">
<doc>Logs all variables in the current scope with given log level.</doc>
<msg timestamp="20191220 20:05:43.511" level="INFO">${/} = /</msg>
<msg timestamp="20191220 20:05:43.512" level="INFO">${:} = :</msg>
<msg timestamp="20191220 20:05:43.512" level="INFO">${\n} = 
</msg>
<msg timestamp="20191220 20:05:43.512" level="INFO">${API_HOST_URL} = http://localhost:8000</msg>
<msg timestamp="20191220 20:05:43.512" level="INFO">${API_VERSION} = 0</msg>
<msg timestamp="20191220 20:05:43.512" level="INFO">&amp;{CRITERIA_DATA} = { name=Tester | nameEng=Name eng | classification=Munch({'id': '92350000-9', 'scheme': 'ДК021', 'description': 'Послуги гральних закладів і тоталізаторів'}) | additionalClassification=Munch({'id': '03114100-4', 'scheme': 'ДК021', 'description': 'Солома'}) | minValue=11 | maxValue=22 | dataType=number | unit=Munch({'name': 'millilitre of water', 'code': 'WW'}) }</msg>
<msg timestamp="20191220 20:05:43.512" level="INFO">&amp;{DATA} = { name=Tester | nameEng=Name eng | classification=Munch({'id': '92350000-9', 'scheme': 'ДК021', 'description': 'Послуги гральних закладів і тоталізаторів'}) | additionalClassification=Munch({'id': '03114100-4', 'scheme': 'ДК021', 'description': 'Солома'}) | minValue=11 | maxValue=22 | dataType=number | unit=Munch({'name': 'millilitre of water', 'code': 'WW'}) }</msg>
<msg timestamp="20191220 20:05:43.512" level="INFO">${DEBUG_FILE} = NONE</msg>
<msg timestamp="20191220 20:05:43.512" level="INFO">${EXECDIR} = /home/orest.shkhumov/Criteria_test</msg>
<msg timestamp="20191220 20:05:43.512" level="INFO">${False} = False</msg>
<msg timestamp="20191220 20:05:43.512" level="INFO">${LOG_FILE} = /home/orest.shkhumov/Criteria_test/log.html</msg>
<msg timestamp="20191220 20:05:43.512" level="INFO">${LOG_LEVEL} = INFO</msg>
<msg timestamp="20191220 20:05:43.513" level="INFO">${None} = None</msg>
<msg timestamp="20191220 20:05:43.513" level="INFO">${null} = None</msg>
<msg timestamp="20191220 20:05:43.513" level="INFO">${OUTPUT_DIR} = /home/orest.shkhumov/Criteria_test</msg>
<msg timestamp="20191220 20:05:43.513" level="INFO">${OUTPUT_FILE} = /home/orest.shkhumov/Criteria_test/output.xml</msg>
<msg timestamp="20191220 20:05:43.513" level="INFO">${PASSWORD} = adminpassword</msg>
<msg timestamp="20191220 20:05:43.513" level="INFO">${PREV_TEST_MESSAGE} = </msg>
<msg timestamp="20191220 20:05:43.513" level="INFO">${PREV_TEST_NAME} = </msg>
<msg timestamp="20191220 20:05:43.513" level="INFO">${PREV_TEST_STATUS} = </msg>
<msg timestamp="20191220 20:05:43.514" level="INFO">${REPORT_FILE} = /home/orest.shkhumov/Criteria_test/report.html</msg>
<msg timestamp="20191220 20:05:43.514" level="INFO">${RESOURCE} = criteria</msg>
<msg timestamp="20191220 20:05:43.514" level="INFO">&amp;{RESPONSE} = { id=83ed63cd56b14b0fa8713b00e90f25fb | name=Tester | nameEng=Name eng | minValue=11.0 | maxValue=22.0 | dataType=number | status=active | classification=Munch({'description': 'Послуги гральних закладів і тоталізаторів', 'scheme': 'ДК021', 'id': '92350000-9'}) | additionalClassification=Munch({'description': 'Солома', 'id': '03114100-4', 'scheme': 'ДК021'}) | unit=Munch({'name': 'millilitre of water', 'code': 'WW'}) | dateModified=2019-12-20T18:05:43.489531Z }</msg>
<msg timestamp="20191220 20:05:43.514" level="INFO">${SPACE} =  </msg>
<msg timestamp="20191220 20:05:43.514" level="INFO">${SUITE_DOCUMENTATION} = </msg>
<msg timestamp="20191220 20:05:43.514" level="INFO">&amp;{SUITE_METADATA} = { }</msg>
<msg timestamp="20191220 20:05:43.514" level="INFO">${SUITE_NAME} = Tests</msg>
<msg timestamp="20191220 20:05:43.514" level="INFO">${SUITE_SOURCE} = /home/orest.shkhumov/Criteria_test/tests.robot</msg>
<msg timestamp="20191220 20:05:43.514" level="INFO">${TEMPDIR} = /tmp</msg>
<msg timestamp="20191220 20:05:43.514" level="INFO">${TEST_DOCUMENTATION} = </msg>
<msg timestamp="20191220 20:05:43.515" level="INFO">${TEST_NAME} = Тест створити критерію</msg>
<msg timestamp="20191220 20:05:43.515" level="INFO">@{TEST_TAGS} = [ ]</msg>
<msg timestamp="20191220 20:05:43.515" level="INFO">${True} = True</msg>
<msg timestamp="20191220 20:05:43.515" level="INFO">@{USED_ROLES} = [ admin | user ]</msg>
<msg timestamp="20191220 20:05:43.515" level="INFO">${USERNAME} = admin</msg>
<msg timestamp="20191220 20:05:43.515" level="INFO">&amp;{USERS} = { users=Munch({'admin': Munch({'api_key': 'adminpassword', 'user_name': 'admin', 'client': &lt;client.client_helper.StableClient object at 0x7f7da2166dd0&gt;}), 'user': Munch({'api_key': 'userpassword', 'user_name': 'user', 'client': &lt;client.client_helper.StableClient object at 0x7f7da20fa810&gt;})}) }</msg>
<msg timestamp="20191220 20:05:43.515" level="INFO">${USERS_FILE} = data</msg>
<status status="PASS" starttime="20191220 20:05:43.510" endtime="20191220 20:05:43.515"></status>
</kw>
<msg timestamp="20191220 20:05:43.516" level="INFO">${RESPONSE} = 83ed63cd56b14b0fa8713b00e90f25fb</msg>
<status status="PASS" starttime="20191220 20:05:43.454" endtime="20191220 20:05:43.516"></status>
</kw>
<kw name="Set Suite Variable" library="BuiltIn">
<doc>Makes a variable available everywhere within the scope of the current suite.</doc>
<arguments>
<arg>${ID_CRITERIA}</arg>
<arg>${RESPONSE}</arg>
</arguments>
<msg timestamp="20191220 20:05:43.517" level="INFO">${ID_CRITERIA} = 83ed63cd56b14b0fa8713b00e90f25fb</msg>
<status status="PASS" starttime="20191220 20:05:43.516" endtime="20191220 20:05:43.517"></status>
</kw>
<status status="PASS" starttime="20191220 20:05:43.451" endtime="20191220 20:05:43.517"></status>
</kw>
<kw name="Можливість переглядати список критеріїв" library="base_keywords">
<arguments>
<arg>admin</arg>
</arguments>
<kw name="Переглядати список критеріїв" library="keywords_api">
<arguments>
<arg>${username}</arg>
</arguments>
<assign>
<var>${RESPONSE}</var>
</assign>
<kw name="Call Method" library="BuiltIn">
<doc>Calls the named method of the given object with the provided arguments.</doc>
<arguments>
<arg>${USERS.users.${username}.client}</arg>
<arg>get_criteria</arg>
<arg>${RESOURCE}</arg>
</arguments>
<assign>
<var>${RESPONSE}</var>
</assign>
<msg timestamp="20191220 20:05:43.837" level="INFO">${RESPONSE} = Munch({'count': 169, 'next': 'http://localhost:8000/api/0/criteria/?limit=100&amp;offset=100', 'previous': None, 'results': [Munch({'id': '83ed63cd56b14b0fa8713b00e90f25fb', 'name': 'Tester', 'classificat...</msg>
<status status="PASS" starttime="20191220 20:05:43.519" endtime="20191220 20:05:43.837"></status>
</kw>
<kw name="Log" library="BuiltIn">
<doc>Logs the given message with the given level.</doc>
<arguments>
<arg>${RESPONSE}</arg>
</arguments>
<msg timestamp="20191220 20:05:43.839" level="INFO">Munch({'count': 169, 'next': 'http://localhost:8000/api/0/criteria/?limit=100&amp;offset=100', 'previous': None, 'results': [Munch({'id': '83ed63cd56b14b0fa8713b00e90f25fb', 'name': 'Tester', 'classification': Munch({'description': 'Послуги гральних закладів і тоталізаторів', 'scheme': 'ДК021', 'id': '92350000-9'}), 'additionalClassification': Munch({'description': 'Солома', 'id': '03114100-4', 'scheme': 'ДК021'}), 'unit': Munch({'name': 'millilitre of water', 'code': 'WW'}), 'status': 'active'}), Munch({'id': '01d4bda6bee641a491c7e31b1c20445a', 'name': 'Name123', 'classification': Munch({'description': 'Послуги гральних закладів і тоталізаторів', 'scheme': 'ДК021', 'id': '92350000-9'}), 'additionalClassification': Munch({'description': 'Солома', 'id': '03114100-4', 'scheme': 'ДК021'}), 'unit': Munch({'name': 'millilitre of water', 'code': 'WW'}), 'status': 'active'}), Munch({'id': '41645d792a60402f8ba728aa0c609b5f', 'name': 'Tester', 'classification': Munch({'description': 'Послуги гральних закладів і тоталізаторів', 'scheme': 'ДК021', 'id': '92350000-9'}), 'additionalClassification': Munch({'description': 'Солома', 'id': '03114100-4', 'scheme': 'ДК021'}), 'unit': Munch({'name': 'millilitre of water', 'code': 'WW'}), 'status': 'active'}), Munch({'id': '1d75bfdd4f62408386017760da30f34f', 'name': 'Tester', 'classification': Munch({'description': 'Послуги гральних закладів і тоталізаторів', 'scheme': 'ДК021', 'id': '92350000-9'}), 'additionalClassification': Munch({'description': 'Солома', 'id': '03114100-4', 'scheme': 'ДК021'}), 'unit': Munch({'name': 'millilitre of water', 'code': 'WW'}), 'status': 'active'}), Munch({'id': '450acf5144884e659561a1b8a80c2a07', 'name': 'Tester', 'classification': Munch({'description': 'Послуги гральних закладів і тоталізаторів', 'scheme': 'ДК021', 'id': '92350000-9'}), 'additionalClassification': Munch({'description': 'Солома', 'id': '03114100-4', 'scheme': 'ДК021'}), 'unit': Munch({'name': 'millilitre of water', 'code': 'WW'}), 'status': 'active'}), Munch({'id': '35e8c460e8b444b195f7ff62a11fef5e', 'name': 'Tester', 'classification': Munch({'description': 'Послуги гральних закладів і тоталізаторів', 'scheme': 'ДК021', 'id': '92350000-9'}), 'additionalClassification': Munch({'description': 'Солома', 'id': '03114100-4', 'scheme': 'ДК021'}), 'unit': Munch({'name': 'millilitre of water', 'code': 'WW'}), 'status': 'active'}), Munch({'id': '96a5f0a474674980bda5b26f5acbd9d2', 'name': 'Tester', 'classification': Munch({'description': 'Послуги гральних закладів і тоталізаторів', 'scheme': 'ДК021', 'id': '92350000-9'}), 'additionalClassification': Munch({'description': 'Солома', 'id': '03114100-4', 'scheme': 'ДК021'}), 'unit': Munch({'name': 'millilitre of water', 'code': 'WW'}), 'status': 'active'}), Munch({'id': '89a77dfa3ef74311beef21f8361fa06f', 'name': 'Tester', 'classification': Munch({'description': 'Послуги гральних закладів і тоталізаторів', 'scheme': 'ДК021', 'id': '92350000-9'}), 'additionalClassification': Munch({'description': 'Солома', 'id': '03114100-4', 'scheme': 'ДК021'}), 'unit': Munch({'name': 'millilitre of water', 'code': 'WW'}), 'status': 'active'}), Munch({'id': '1d4dc7eec6bd414495dea17d227603e7', 'name': 'Tester', 'classification': Munch({'description': 'Послуги гральних закладів і тоталізаторів', 'scheme': 'ДК021', 'id': '92350000-9'}), 'additionalClassification': Munch({'description': 'Солома', 'id': '03114100-4', 'scheme': 'ДК021'}), 'unit': Munch({'name': 'millilitre of water', 'code': 'WW'}), 'status': 'active'}), Munch({'id': '9aca6fa1a31c437fa76800865c6b712b', 'name': 'Tester', 'classification': Munch({'description': 'Послуги гральних закладів і тоталізаторів', 'scheme': 'ДК021', 'id': '92350000-9'}), 'additionalClassification': Munch({'description': 'Солома', 'id': '03114100-4', 'scheme': 'ДК021'}), 'unit': Munch({'name': 'millilitre of water', 'code': 'WW'}), 'status': 'active'}), Munch({'id': 'f53e6eb9df0b4e4fba747c11e1f415de', 'name': 'Name123', 'classification': Munch({'description': 'Послуги гральних закладів і тоталізаторів', 'scheme': 'ДК021', 'id': '92350000-9'}), 'additionalClassification': Munch({'description': 'Солома', 'id': '03114100-4', 'scheme': 'ДК021'}), 'unit': Munch({'name': 'millilitre of water', 'code': 'WW'}), 'status': 'active'}), Munch({'id': '3a5c92d4d23b49519bce615d0a752467', 'name': 'Tester', 'classification': Munch({'description': 'Послуги гральних закладів і тоталізаторів', 'scheme': 'ДК021', 'id': '92350000-9'}), 'additionalClassification': Munch({'description': 'Солома', 'id': '03114100-4', 'scheme': 'ДК021'}), 'unit': Munch({'name': 'millilitre of water', 'code': 'WW'}), 'status': 'active'}), Munch({'id': '633d604ec3444af688182c445cf3feba', 'name': 'Tester', 'classification': Munch({'description': 'Послуги гральних закладів і тоталізаторів', 'scheme': 'ДК021', 'id': '92350000-9'}), 'additionalClassification': Munch({'description': 'Солома', 'id': '03114100-4', 'scheme': 'ДК021'}), 'unit': Munch({'name': 'millilitre of water', 'code': 'WW'}), 'status': 'active'}), Munch({'id': 'd17889f21b2f4d46ad9e1edbee002940', 'name': 'Tester', 'classification': Munch({'description': 'Послуги гральних закладів і тоталізаторів', 'scheme': 'ДК021', 'id': '92350000-9'}), 'additionalClassification': Munch({'description': 'Солома', 'id': '03114100-4', 'scheme': 'ДК021'}), 'unit': Munch({'name': 'millilitre of water', 'code': 'WW'}), 'status': 'active'}), Munch({'id': 'c0b909e152854f1d8a1050ba92a1d015', 'name': 'Tester', 'classification': Munch({'description': 'Послуги гральних закладів і тоталізаторів', 'scheme': 'ДК021', 'id': '92350000-9'}), 'additionalClassification': Munch({'description': 'Солома', 'id': '03114100-4', 'scheme': 'ДК021'}), 'unit': Munch({'name': 'millilitre of water', 'code': 'WW'}), 'status': 'active'}), Munch({'id': '5dc455dd4c4e4655a79b93a2523dd0e2', 'name': 'Tester', 'classification': Munch({'description': 'Послуги гральних закладів і тоталізаторів', 'scheme': 'ДК021', 'id': '92350000-9'}), 'additionalClassification': Munch({'description': 'Солома', 'id': '03114100-4', 'scheme': 'ДК021'}), 'unit': Munch({'name': 'millilitre of water', 'code': 'WW'}), 'status': 'active'}), Munch({'id': '3e8f84bff6294e21bb5ba7d3666ef5ea', 'name': 'Tester', 'classification': Munch({'description': 'Послуги гральних закладів і тоталізаторів', 'scheme': 'ДК021', 'id': '92350000-9'}), 'additionalClassification': Munch({'description': 'Солома', 'id': '03114100-4', 'scheme': 'ДК021'}), 'unit': Munch({'name': 'millilitre of water', 'code': 'WW'}), 'status': 'active'}), Munch({'id': 'b09573ccd4dd41f5a219badca976c837', 'name': 'Tester', 'classification': Munch({'description': 'Послуги гральних закладів і тоталізаторів', 'scheme': 'ДК021', 'id': '92350000-9'}), 'additionalClassification': Munch({'description': 'Солома', 'id': '03114100-4', 'scheme': 'ДК021'}), 'unit': Munch({'name': 'millilitre of water', 'code': 'WW'}), 'status': 'active'}), Munch({'id': 'c24513bcc3cf49b3b706606b91c115e2', 'name': 'Name123', 'classification': Munch({'description': 'Послуги гральних закладів і тоталізаторів', 'scheme': 'ДК021', 'id': '92350000-9'}), 'additionalClassification': Munch({'description': 'Солома', 'id': '03114100-4', 'scheme': 'ДК021'}), 'unit': Munch({'name': 'millilitre of water', 'code': 'WW'}), 'status': 'active'}), Munch({'id': '8a86c691761f4b76975f769a2baaf543', 'name': 'Name', 'classification': Munch({'description': 'Послуги гральних закладів і тоталізаторів', 'scheme': 'ДК021', 'id': '92350000-9'}), 'additionalClassification': Munch({'description': 'Солома', 'id': '03114100-4', 'scheme': 'ДК021'}), 'unit': Munch({'name': 'millilitre of water', 'code': 'WW'}), 'status': 'active'}), Munch({'id': '47cb378be6884b10ab4c7a6e2722e2a6', 'name': 'Name', 'classification': Munch({'description': 'Послуги гральних закладів і тоталізаторів', 'scheme': 'ДК021', 'id': '92350000-9'}), 'additionalClassification': Munch({'description': 'Солома', 'id': '03114100-4', 'scheme': 'ДК021'}), 'unit': Munch({'name': 'millilitre of water', 'code': 'WW'}), 'status': 'active'}), Munch({'id': '792abae1acdf4301acfe347a8f7bf412', 'name': 'Name123', 'classification': Munch({'description': 'Послуги гральних закладів і тоталізаторів', 'scheme': 'ДК021', 'id': '92350000-9'}), 'additionalClassification': Munch({'description': 'Солома', 'id': '03114100-4', 'scheme': 'ДК021'}), 'unit': Munch({'name': 'millilitre of water', 'code': 'WW'}), 'status': 'active'}), Munch({'id': '1fb7284eaa04494fa525a57c0679481a', 'name': 'Name', 'classification': Munch({'description': 'Послуги гральних закладів і тоталізаторів', 'scheme': 'ДК021', 'id': '92350000-9'}), 'additionalClassification': Munch({'description': 'Солома', 'id': '03114100-4', 'scheme': 'ДК021'}), 'unit': Munch({'name': 'millilitre of water', 'code': 'WW'}), 'status': 'active'}), Munch({'id': 'b9fd16dd51704f8f8c0b8c2b30409c4b', 'name': 'Name', 'classification': Munch({'description': 'Послуги гральних закладів і тоталізаторів', 'scheme': 'ДК021', 'id': '92350000-9'}), 'additionalClassification': Munch({'description': 'Солома', 'id': '03114100-4', 'scheme': 'ДК021'}), 'unit': Munch({'name': 'millilitre of water', 'code': 'WW'}), 'status': 'active'}), Munch({'id': '934e99ff384648bdb9609e19e51d66af', 'name': 'Name', 'classification': Munch({'description': 'Послуги гральних закладів і тоталізаторів', 'scheme': 'ДК021', 'id': '92350000-9'}), 'additionalClassification': Munch({'description': 'Солома', 'id': '03114100-4', 'scheme': 'ДК021'}), 'unit': Munch({'name': 'millilitre of water', 'code': 'WW'}), 'status': 'active'}), Munch({'id': '3ca4fae0a5194a1ca7049c1c91db095e', 'name': 'Name', 'classification': Munch({'description': 'Послуги гральних закладів і тоталізаторів', 'scheme': 'ДК021', 'id': '92350000-9'}), 'additionalClassification': Munch({'description': 'Солома', 'id': '03114100-4', 'scheme': 'ДК021'}), 'unit': Munch({'name': 'millilitre of water', 'code': 'WW'}), 'status': 'active'}), Munch({'id': 'f8a5a28bf71d4b52b576b6848239e524', 'name': 'Name', 'classification': Munch({'description': 'Послуги гральних закладів і тоталізаторів', 'scheme': 'ДК021', 'id': '92350000-9'}), 'additionalClassification': Munch({'description': 'Солома', 'id': '03114100-4', 'scheme': 'ДК021'}), 'unit': Munch({'name': 'millilitre of water', 'code': 'WW'}), 'status': 'active'}), Munch({'id': '2173266a96a9414ba68de0dc66a30636', 'name': 'Name', 'classification': Munch({'description': 'Послуги гральних закладів і тоталізаторів', 'scheme': 'ДК021', 'id': '92350000-9'}), 'additionalClassification': Munch({'description': 'Солома', 'id': '03114100-4', 'scheme': 'ДК021'}), 'unit': Munch({'name': 'millilitre of water', 'code': 'WW'}), 'status': 'active'}), Munch({'id': '1b8a463dcd4a447db9d25c932e0f211f', 'name': 'Name', 'classification': Munch({'description': 'Послуги гральних закладів і тоталізаторів', 'scheme': 'ДК021', 'id': '92350000-9'}), 'additionalClassification': Munch({'description': 'Солома', 'id': '03114100-4', 'scheme': 'ДК021'}), 'unit': Munch({'name': 'millilitre of water', 'code': 'WW'}), 'status': 'active'}), Munch({'id': '05f00e1101814302acddf4d88b872912', 'name': 'Name', 'classification': Munch({'description': 'Послуги гральних закладів і тоталізаторів', 'scheme': 'ДК021', 'id': '92350000-9'}), 'additionalClassification': Munch({'description': 'Солома', 'id': '03114100-4', 'scheme': 'ДК021'}), 'unit': Munch({'name': 'millilitre of water', 'code': 'WW'}), 'status': 'active'}), Munch({'id': '26b03b7ac804453eb14fc690223626ab', 'name': 'Name', 'classification': Munch({'description': 'Послуги гральних закладів і тоталізаторів', 'scheme': 'ДК021', 'id': '92350000-9'}), 'additionalClassification': Munch({'description': 'Солома', 'id': '03114100-4', 'scheme': 'ДК021'}), 'unit': Munch({'name': 'millilitre of water', 'code': 'WW'}), 'status': 'active'}), Munch({'id': 'a401d1e647c54f3a9b66c39c6f6a1797', 'name': 'Name', 'classification': Munch({'description': 'Послуги гральних закладів і тоталізаторів', 'scheme': 'ДК021', 'id': '92350000-9'}), 'additionalClassification': Munch({'description': 'Солома', 'id': '03114100-4', 'scheme': 'ДК021'}), 'unit': Munch({'name': 'millilitre of water', 'code': 'WW'}), 'status': 'active'}), Munch({'id': '44e0680353e34e55bc83032e50cfe299', 'name': 'Name', 'classification': Munch({'description': 'Послуги гральних закладів і тоталізаторів', 'scheme': 'ДК021', 'id': '92350000-9'}), 'additionalClassification': Munch({'description': 'Солома', 'id': '03114100-4', 'scheme': 'ДК021'}), 'unit': Munch({'name': 'millilitre of water', 'code': 'WW'}), 'status': 'active'}), Munch({'id': 'ab7c92b15e8b42f99831a76fbe2f1bbb', 'name': 'Name', 'classification': Munch({'description': 'Послуги гральних закладів і тоталізаторів', 'scheme': 'ДК021', 'id': '92350000-9'}), 'additionalClassification': Munch({'description': 'Солома', 'id': '03114100-4', 'scheme': 'ДК021'}), 'unit': Munch({'name': 'millilitre of water', 'code': 'WW'}), 'status': 'active'}), Munch({'id': 'bacfd7138d7a403195759f1d9a80ffa7', 'name': 'Name', 'classification': Munch({'description': 'Послуги гральних закладів і тоталізаторів', 'scheme': 'ДК021', 'id': '92350000-9'}), 'additionalClassification': Munch({'description': 'Солома', 'id': '03114100-4', 'scheme': 'ДК021'}), 'unit': Munch({'name': 'millilitre of water', 'code': 'WW'}), 'status': 'active'}), Munch({'id': 'bdeccd53b01c4892a3d3597ac81d6df7', 'name': 'Name', 'classification': Munch({'description': 'Послуги гральних закладів і тоталізаторів', 'scheme': 'ДК021', 'id': '92350000-9'}), 'additionalClassification': Munch({'description': 'Солома', 'id': '03114100-4', 'scheme': 'ДК021'}), 'unit': Munch({'name': 'millilitre of water', 'code': 'WW'}), 'status': 'active'}), Munch({'id': '3abd57ccabce4c84aaf1053a9d8e2541', 'name': 'Name', 'classification': Munch({'description': 'Послуги гральних закладів і тоталізаторів', 'scheme': 'ДК021', 'id': '92350000-9'}), 'additionalClassification': Munch({'description': 'Солома', 'id': '03114100-4', 'scheme': 'ДК021'}), 'unit': Munch({'name': 'millilitre of water', 'code': 'WW'}), 'status': 'active'}), Munch({'id': '5d76662a680a41e39e18ed7d2a0a3ad1', 'name': 'Name', 'classification': Munch({'description': 'Послуги гральних закладів і тоталізаторів', 'scheme': 'ДК021', 'id': '92350000-9'}), 'additionalClassification': Munch({'description': 'Солома', 'id': '03114100-4', 'scheme': 'ДК021'}), 'unit': Munch({'name': 'millilitre of water', 'code': 'WW'}), 'status': 'active'}), Munch({'id': '6fa0379f309d4feebcf3b75450488576', 'name': 'Name', 'classification': Munch({'description': 'Послуги гральних закладів і тоталізаторів', 'scheme': 'ДК021', 'id': '92350000-9'}), 'additionalClassification': Munch({'description': 'Солома', 'id': '03114100-4', 'scheme': 'ДК021'}), 'unit': Munch({'name': 'millilitre of water', 'code': 'WW'}), 'status': 'active'}), Munch({'id': 'eabd923040ca4143872bd2ef1b14b16b', 'name': 'Name', 'classification': Munch({'description': 'Послуги гральних закладів і тоталізаторів', 'scheme': 'ДК021', 'id': '92350000-9'}), 'additionalClassification': Munch({'description': 'Солома', 'id': '03114100-4', 'scheme': 'ДК021'}), 'unit': Munch({'name': 'millilitre of water', 'code': 'WW'}), 'status': 'active'}), Munch({'id': '493aba3c363b4bcaa6c24f84bba95ee1', 'name': 'Name', 'classification': Munch({'description': 'Послуги гральних закладів і тоталізаторів', 'scheme': 'ДК021', 'id': '92350000-9'}), 'additionalClassification': Munch({'description': 'Солома', 'id': '03114100-4', 'scheme': 'ДК021'}), 'unit': Munch({'name': 'millilitre of water', 'code': 'WW'}), 'status': 'active'}), Munch({'id': 'fd6804c32d5e423f870340713eb76e33', 'name': 'Name', 'classification': Munch({'description': 'Послуги гральних закладів і тоталізаторів', 'scheme': 'ДК021', 'id': '92350000-9'}), 'additionalClassification': Munch({'description': 'Солома', 'id': '03114100-4', 'scheme': 'ДК021'}), 'unit': Munch({'name': 'millilitre of water', 'code': 'WW'}), 'status': 'active'}), Munch({'id': '5941c9a170e44b90a941dbe90cdbff0d', 'name': 'Name', 'classification': Munch({'description': 'Послуги гральних закладів і тоталізаторів', 'scheme': 'ДК021', 'id': '92350000-9'}), 'additionalClassification': Munch({'description': 'Солома', 'id': '03114100-4', 'scheme': 'ДК021'}), 'unit': Munch({'name': 'millilitre of water', 'code': 'WW'}), 'status': 'active'}), Munch({'id': 'c000ff72467a45e39a50ae19bd4a1553', 'name': 'Name', 'classification': Munch({'description': 'Послуги гральних закладів і тоталізаторів', 'scheme': 'ДК021', 'id': '92350000-9'}), 'additionalClassification': Munch({'description': 'Солома', 'id': '03114100-4', 'scheme': 'ДК021'}), 'unit': Munch({'name': 'millilitre of water', 'code': 'WW'}), 'status': 'active'}), Munch({'id': 'f182b88c1a1e407ba7e57aebd406ef4a', 'name': 'Name', 'classification': Munch({'description': 'Послуги гральних закладів і тоталізаторів', 'scheme': 'ДК021', 'id': '92350000-9'}), 'additionalClassification': Munch({'description': 'Солома', 'id': '03114100-4', 'scheme': 'ДК021'}), 'unit': Munch({'name': 'millilitre of water', 'code': 'WW'}), 'status': 'active'}), Munch({'id': 'b052b10d743b4ea3b26890fe1410e6e2', 'name': 'Name', 'classification': Munch({'description': 'Послуги гральних закладів і тоталізаторів', 'scheme': 'ДК021', 'id': '92350000-9'}), 'additionalClassification': Munch({'description': 'Солома', 'id': '03114100-4', 'scheme': 'ДК021'}), 'unit': Munch({'name': 'millilitre of water', 'code': 'WW'}), 'status': 'active'}), Munch({'id': 'ae71b713a26d4175a2d331a5f5ea9d87', 'name': 'Name', 'classification': Munch({'description': 'Послуги гральних закладів і тоталізаторів', 'scheme': 'ДК021', 'id': '92350000-9'}), 'additionalClassification': Munch({'description': 'Солома', 'id': '03114100-4', 'scheme': 'ДК021'}), 'unit': Munch({'name': 'millilitre of water', 'code': 'WW'}), 'status': 'active'}), Munch({'id': 'a1c2d2d49a124f4a8d703f33d54a57d6', 'name': 'Name', 'classification': Munch({'description': 'Послуги гральних закладів і тоталізаторів', 'scheme': 'ДК021', 'id': '92350000-9'}), 'additionalClassification': Munch({'description': 'Солома', 'id': '03114100-4', 'scheme': 'ДК021'}), 'unit': Munch({'name': 'millilitre of water', 'code': 'WW'}), 'status': 'active'}), Munch({'id': 'f2e5e93e1cec4af2988bdee62ef46333', 'name': 'Name', 'classification': Munch({'description': 'Послуги гральних закладів і тоталізаторів', 'scheme': 'ДК021', 'id': '92350000-9'}), 'additionalClassification': Munch({'description': 'Солома', 'id': '03114100-4', 'scheme': 'ДК021'}), 'unit': Munch({'name': 'millilitre of water', 'code': 'WW'}), 'status': 'active'}), Munch({'id': '8edb1525ebda4df9b947747f0a400b88', 'name': 'Name', 'classification': Munch({'description': 'Послуги гральних закладів і тоталізаторів', 'scheme': 'ДК021', 'id': '92350000-9'}), 'additionalClassification': Munch({'description': 'Солома', 'id': '03114100-4', 'scheme': 'ДК021'}), 'unit': Munch({'name': 'millilitre of water', 'code': 'WW'}), 'status': 'active'}), Munch({'id': 'd59d5fef3063465db8ebb3a8264d90f5', 'name': 'Name', 'classification': Munch({'description': 'Послуги гральних закладів і тоталізаторів', 'scheme': 'ДК021', 'id': '92350000-9'}), 'additionalClassification': Munch({'description': 'Солома', 'id': '03114100-4', 'scheme': 'ДК021'}), 'unit': Munch({'name': 'millilitre of water', 'code': 'WW'}), 'status': 'active'}), Munch({'id': '06ecdf2af0744c4ca9d5025a90ebb942', 'name': 'Name', 'classification': Munch({'description': 'Послуги гральних закладів і тоталізаторів', 'scheme': 'ДК021', 'id': '92350000-9'}), 'additionalClassification': Munch({'description': 'Солома', 'id': '03114100-4', 'scheme': 'ДК021'}), 'unit': Munch({'name': 'millilitre of water', 'code': 'WW'}), 'status': 'active'}), Munch({'id': 'a5907769bb854764a07cc046cca24291', 'name': 'Name', 'classification': Munch({'description': 'Послуги гральних закладів і тоталізаторів', 'scheme': 'ДК021', 'id': '92350000-9'}), 'additionalClassification': Munch({'description': 'Солома', 'id': '03114100-4', 'scheme': 'ДК021'}), 'unit': Munch({'name': 'millilitre of water', 'code': 'WW'}), 'status': 'active'}), Munch({'id': 'b6d686aed61e4c02ad53e27a6dfc0cbc', 'name': 'Name', 'classification': Munch({'description': 'Послуги гральних закладів і тоталізаторів', 'scheme': 'ДК021', 'id': '92350000-9'}), 'additionalClassification': Munch({'description': 'Солома', 'id': '03114100-4', 'scheme': 'ДК021'}), 'unit': Munch({'name': 'millilitre of water', 'code': 'WW'}), 'status': 'active'}), Munch({'id': 'e9f705531f3440b996a3c81ea8667a8a', 'name': 'Name', 'classification': Munch({'description': 'Послуги гральних закладів і тоталізаторів', 'scheme': 'ДК021', 'id': '92350000-9'}), 'additionalClassification': Munch({'description': 'Солома', 'id': '03114100-4', 'scheme': 'ДК021'}), 'unit': Munch({'name': 'millilitre of water', 'code': 'WW'}), 'status': 'active'}), Munch({'id': '7537d249d51f4a5c9d78f7c2573b78bb', 'name': 'Name', 'classification': Munch({'description': 'Послуги гральних закладів і тоталізаторів', 'scheme': 'ДК021', 'id': '92350000-9'}), 'additionalClassification': Munch({'description': 'Солома', 'id': '03114100-4', 'scheme': 'ДК021'}), 'unit': Munch({'name': 'millilitre of water', 'code': 'WW'}), 'status': 'active'}), Munch({'id': '4fc2cd2740634d24b4be3e45517511ba', 'name': 'Name', 'classification': Munch({'description': 'Послуги гральних закладів і тоталізаторів', 'scheme': 'ДК021', 'id': '92350000-9'}), 'additionalClassification': Munch({'description': 'Солома', 'id': '03114100-4', 'scheme': 'ДК021'}), 'unit': Munch({'name': 'millilitre of water', 'code': 'WW'}), 'status': 'active'}), Munch({'id': '7613c0f59d4040db89b3348518e20bc0', 'name': 'Name', 'classification': Munch({'description': 'Послуги гральних закладів і тоталізаторів', 'scheme': 'ДК021', 'id': '92350000-9'}), 'additionalClassification': Munch({'description': 'Солома', 'id': '03114100-4', 'scheme': 'ДК021'}), 'unit': Munch({'name': 'millilitre of water', 'code': 'WW'}), 'status': 'active'}), Munch({'id': '08815ae5bffb4eff92eeda237ce2be06', 'name': 'Name', 'classification': Munch({'description': 'Послуги гральних закладів і тоталізаторів', 'scheme': 'ДК021', 'id': '92350000-9'}), 'additionalClassification': Munch({'description': 'Солома', 'id': '03114100-4', 'scheme': 'ДК021'}), 'unit': Munch({'name': 'millilitre of water', 'code': 'WW'}), 'status': 'active'}), Munch({'id': '6ea077c36e1045b8a7089dadc2a44535', 'name': 'Name', 'classification': Munch({'description': 'Послуги гральних закладів і тоталізаторів', 'scheme': 'ДК021', 'id': '92350000-9'}), 'additionalClassification': Munch({'description': 'Солома', 'id': '03114100-4', 'scheme': 'ДК021'}), 'unit': Munch({'name': 'millilitre of water', 'code': 'WW'}), 'status': 'active'}), Munch({'id': '64135066e420418eb039f4fbeb57e7b2', 'name': 'Name', 'classification': Munch({'description': 'Послуги гральних закладів і тоталізаторів', 'scheme': 'ДК021', 'id': '92350000-9'}), 'additionalClassification': Munch({'description': 'Солома', 'id': '03114100-4', 'scheme': 'ДК021'}), 'unit': Munch({'name': 'millilitre of water', 'code': 'WW'}), 'status': 'active'}), Munch({'id': '509dc5721bb647728ab51319dcb9f4b2', 'name': 'Name', 'classification': Munch({'description': 'Послуги гральних закладів і тоталізаторів', 'scheme': 'ДК021', 'id': '92350000-9'}), 'additionalClassification': Munch({'description': 'Солома', 'id': '03114100-4', 'scheme': 'ДК021'}), 'unit': Munch({'name': 'millilitre of water', 'code': 'WW'}), 'status': 'active'}), Munch({'id': '04cddc6936484f6bbd6a452d2ab59d0e', 'name': 'Name', 'classification': Munch({'description': 'Послуги гральних закладів і тоталізаторів', 'scheme': 'ДК021', 'id': '92350000-9'}), 'additionalClassification': Munch({'description': 'Солома', 'id': '03114100-4', 'scheme': 'ДК021'}), 'unit': Munch({'name': 'millilitre of water', 'code': 'WW'}), 'status': 'active'}), Munch({'id': '0abc2d84932b42d9bbfc164c36121919', 'name': 'Name', 'classification': Munch({'description': 'Послуги гральних закладів і тоталізаторів', 'scheme': 'ДК021', 'id': '92350000-9'}), 'additionalClassification': Munch({'description': 'Солома', 'id': '03114100-4', 'scheme': 'ДК021'}), 'unit': Munch({'name': 'millilitre of water', 'code': 'WW'}), 'status': 'active'}), Munch({'id': 'c3c0a22807964ce991b7a1b889e442df', 'name': 'Name', 'classification': Munch({'description': 'Послуги гральних закладів і тоталізаторів', 'scheme': 'ДК021', 'id': '92350000-9'}), 'additionalClassification': Munch({'description': 'Солома', 'id': '03114100-4', 'scheme': 'ДК021'}), 'unit': Munch({'name': 'millilitre of water', 'code': 'WW'}), 'status': 'active'}), Munch({'id': 'fd45f7bc8f8c4be0b3313f00560614b4', 'name': 'Name', 'classification': Munch({'description': 'Послуги гральних закладів і тоталізаторів', 'scheme': 'ДК021', 'id': '92350000-9'}), 'additionalClassification': Munch({'description': 'Солома', 'id': '03114100-4', 'scheme': 'ДК021'}), 'unit': Munch({'name': 'millilitre of water', 'code': 'WW'}), 'status': 'active'}), Munch({'id': 'a155379cc3fd43ce8faa0751db660c9b', 'name': 'Name', 'classification': Munch({'description': 'Послуги гральних закладів і тоталізаторів', 'scheme': 'ДК021', 'id': '92350000-9'}), 'additionalClassification': Munch({'description': 'Солома', 'id': '03114100-4', 'scheme': 'ДК021'}), 'unit': Munch({'name': 'millilitre of water', 'code': 'WW'}), 'status': 'active'}), Munch({'id': 'ad5a4c7deda6445386b1d0f6ce6e4d66', 'name': 'Name', 'classification': Munch({'description': 'Послуги гральних закладів і тоталізаторів', 'scheme': 'ДК021', 'id': '92350000-9'}), 'additionalClassification': Munch({'description': 'Солома', 'id': '03114100-4', 'scheme': 'ДК021'}), 'unit': Munch({'name': 'millilitre of water', 'code': 'WW'}), 'status': 'active'}), Munch({'id': '881a4ad763ac4d15971fe0d28f2f2a4e', 'name': 'Name', 'classification': Munch({'description': 'Послуги гральних закладів і тоталізаторів', 'scheme': 'ДК021', 'id': '92350000-9'}), 'additionalClassification': Munch({'description': 'Солома', 'id': '03114100-4', 'scheme': 'ДК021'}), 'unit': Munch({'name': 'millilitre of water', 'code': 'WW'}), 'status': 'active'}), Munch({'id': 'c0df519af240403db380cd2417bb5202', 'name': 'Name', 'classification': Munch({'description': 'Послуги гральних закладів і тоталізаторів', 'scheme': 'ДК021', 'id': '92350000-9'}), 'additionalClassification': Munch({'description': 'Солома', 'id': '03114100-4', 'scheme': 'ДК021'}), 'unit': Munch({'name': 'millilitre of water', 'code': 'WW'}), 'status': 'active'}), Munch({'id': '68f9680e082045d7b43c04caad23d406', 'name': 'Name', 'classification': Munch({'description': 'Послуги гральних закладів і тоталізаторів', 'scheme': 'ДК021', 'id': '92350000-9'}), 'additionalClassification': Munch({'description': 'Солома', 'id': '03114100-4', 'scheme': 'ДК021'}), 'unit': Munch({'name': 'millilitre of water', 'code': 'WW'}), 'status': 'active'}), Munch({'id': 'fd8155253d6f4ca193cb5ffbd56f7a98', 'name': 'Name', 'classification': Munch({'description': 'Послуги гральних закладів і тоталізаторів', 'scheme': 'ДК021', 'id': '92350000-9'}), 'additionalClassification': Munch({'description': 'Солома', 'id': '03114100-4', 'scheme': 'ДК021'}), 'unit': Munch({'name': 'millilitre of water', 'code': 'WW'}), 'status': 'active'}), Munch({'id': '273d47ae72fc41d5a487342fd22834d4', 'name': 'Name', 'classification': Munch({'description': 'Послуги гральних закладів і тоталізаторів', 'scheme': 'ДК021', 'id': '92350000-9'}), 'additionalClassification': Munch({'description': 'Солома', 'id': '03114100-4', 'scheme': 'ДК021'}), 'unit': Munch({'name': 'millilitre of water', 'code': 'WW'}), 'status': 'active'}), Munch({'id': 'c952c52e457e4041951b7ea2faf7894b', 'name': 'Name', 'classification': Munch({'description': 'Послуги гральних закладів і тоталізаторів', 'scheme': 'ДК021', 'id': '92350000-9'}), 'additionalClassification': Munch({'description': 'Солома', 'id': '03114100-4', 'scheme': 'ДК021'}), 'unit': Munch({'name': 'millilitre of water', 'code': 'WW'}), 'status': 'active'}), Munch({'id': '124ef31a9f874883b4fbe66de81dd3eb', 'name': 'Name', 'classification': Munch({'description': 'Послуги гральних закладів і тоталізаторів', 'scheme': 'ДК021', 'id': '92350000-9'}), 'additionalClassification': Munch({'description': 'Солома', 'id': '03114100-4', 'scheme': 'ДК021'}), 'unit': Munch({'name': 'millilitre of water', 'code': 'WW'}), 'status': 'active'}), Munch({'id': 'c33a2532885648c3bdb0b12b450a71b3', 'name': 'Name', 'classification': Munch({'description': 'Послуги гральних закладів і тоталізаторів', 'scheme': 'ДК021', 'id': '92350000-9'}), 'additionalClassification': Munch({'description': 'Солома', 'id': '03114100-4', 'scheme': 'ДК021'}), 'unit': Munch({'name': 'millilitre of water', 'code': 'WW'}), 'status': 'active'}), Munch({'id': '1dc898af5e6949e0bbadca0f8caa5e02', 'name': 'Name', 'classification': Munch({'description': 'Послуги гральних закладів і тоталізаторів', 'scheme': 'ДК021', 'id': '92350000-9'}), 'additionalClassification': Munch({'description': 'Солома', 'id': '03114100-4', 'scheme': 'ДК021'}), 'unit': Munch({'name': 'millilitre of water', 'code': 'WW'}), 'status': 'active'}), Munch({'id': 'fc1cfb46a4964c02883dda82f7bab648', 'name': 'Name', 'classification': Munch({'description': 'Послуги гральних закладів і тоталізаторів', 'scheme': 'ДК021', 'id': '92350000-9'}), 'additionalClassification': Munch({'description': 'Солома', 'id': '03114100-4', 'scheme': 'ДК021'}), 'unit': Munch({'name': 'millilitre of water', 'code': 'WW'}), 'status': 'active'}), Munch({'id': '3d368772d6ac43d8b8dc709637fb4aa3', 'name': 'Name', 'classification': Munch({'description': 'Послуги гральних закладів і тоталізаторів', 'scheme': 'ДК021', 'id': '92350000-9'}), 'additionalClassification': Munch({'description': 'Солома', 'id': '03114100-4', 'scheme': 'ДК021'}), 'unit': Munch({'name': 'millilitre of water', 'code': 'WW'}), 'status': 'active'}), Munch({'id': 'ba924b648187433fac0eaf7f8eab27f2', 'name': 'Name', 'classification': Munch({'description': 'Послуги гральних закладів і тоталізаторів', 'scheme': 'ДК021', 'id': '92350000-9'}), 'additionalClassification': Munch({'description': 'Солома', 'id': '03114100-4', 'scheme': 'ДК021'}), 'unit': Munch({'name': 'millilitre of water', 'code': 'WW'}), 'status': 'active'}), Munch({'id': '43f5212f780d44cea604454a1c9077ab', 'name': 'Name', 'classification': Munch({'description': 'Послуги гральних закладів і тоталізаторів', 'scheme': 'ДК021', 'id': '92350000-9'}), 'additionalClassification': Munch({'description': 'Солома', 'id': '03114100-4', 'scheme': 'ДК021'}), 'unit': Munch({'name': 'millilitre of water', 'code': 'WW'}), 'status': 'active'}), Munch({'id': '55471641ab0e49c48de8806d224fa797', 'name': 'Name', 'classification': Munch({'description': 'Послуги гральних закладів і тоталізаторів', 'scheme': 'ДК021', 'id': '92350000-9'}), 'additionalClassification': Munch({'description': 'Солома', 'id': '03114100-4', 'scheme': 'ДК021'}), 'unit': Munch({'name': 'millilitre of water', 'code': 'WW'}), 'status': 'active'}), Munch({'id': 'f4f84783c3fa4d939c5ce07ffca0d4fe', 'name': 'Name', 'classification': Munch({'description': 'Послуги гральних закладів і тоталізаторів', 'scheme': 'ДК021', 'id': '92350000-9'}), 'additionalClassification': Munch({'description': 'Солома', 'id': '03114100-4', 'scheme': 'ДК021'}), 'unit': Munch({'name': 'millilitre of water', 'code': 'WW'}), 'status': 'active'}), Munch({'id': '4c1acaac2fdc4372a99cef45b6a81155', 'name': 'Name', 'classification': Munch({'description': 'Послуги гральних закладів і тоталізаторів', 'scheme': 'ДК021', 'id': '92350000-9'}), 'additionalClassification': Munch({'description': 'Солома', 'id': '03114100-4', 'scheme': 'ДК021'}), 'unit': Munch({'name': 'millilitre of water', 'code': 'WW'}), 'status': 'active'}), Munch({'id': 'bf32304d20db4edcadbdef2f2e546f44', 'name': 'Name', 'classification': Munch({'description': 'Послуги гральних закладів і тоталізаторів', 'scheme': 'ДК021', 'id': '92350000-9'}), 'additionalClassification': Munch({'description': 'Солома', 'id': '03114100-4', 'scheme': 'ДК021'}), 'unit': Munch({'name': 'millilitre of water', 'code': 'WW'}), 'status': 'active'}), Munch({'id': '2f65d0d0e05844df88c115d63f8c21c5', 'name': 'Name', 'classification': Munch({'description': 'Послуги гральних закладів і тоталізаторів', 'scheme': 'ДК021', 'id': '92350000-9'}), 'additionalClassification': Munch({'description': 'Солома', 'id': '03114100-4', 'scheme': 'ДК021'}), 'unit': Munch({'name': 'millilitre of water', 'code': 'WW'}), 'status': 'active'}), Munch({'id': 'd449bef717694fd3a9245fc63124279c', 'name': 'Name', 'classification': Munch({'description': 'Послуги гральних закладів і тоталізаторів', 'scheme': 'ДК021', 'id': '92350000-9'}), 'additionalClassification': Munch({'description': 'Солома', 'id': '03114100-4', 'scheme': 'ДК021'}), 'unit': Munch({'name': 'millilitre of water', 'code': 'WW'}), 'status': 'active'}), Munch({'id': 'e83a11d41a6d49bd99d6764d7641fa00', 'name': 'Name', 'classification': Munch({'description': 'Послуги гральних закладів і тоталізаторів', 'scheme': 'ДК021', 'id': '92350000-9'}), 'additionalClassification': Munch({'description': 'Солома', 'id': '03114100-4', 'scheme': 'ДК021'}), 'unit': Munch({'name': 'millilitre of water', 'code': 'WW'}), 'status': 'active'}), Munch({'id': 'a23fabacb8064c7e88d18f12f07410ae', 'name': 'Name', 'classification': Munch({'description': 'Послуги гральних закладів і тоталізаторів', 'scheme': 'ДК021', 'id': '92350000-9'}), 'additionalClassification': Munch({'description': 'Солома', 'id': '03114100-4', 'scheme': 'ДК021'}), 'unit': Munch({'name': 'millilitre of water', 'code': 'WW'}), 'status': 'active'}), Munch({'id': '871df3a80fd141bcb08ade84ce54c75c', 'name': 'Name', 'classification': Munch({'description': 'Послуги гральних закладів і тоталізаторів', 'scheme': 'ДК021', 'id': '92350000-9'}), 'additionalClassification': Munch({'description': 'Солома', 'id': '03114100-4', 'scheme': 'ДК021'}), 'unit': Munch({'name': 'millilitre of water', 'code': 'WW'}), 'status': 'active'}), Munch({'id': '32c7209c933342c093424b22df9b85a7', 'name': 'Name', 'classification': Munch({'description': 'Послуги гральних закладів і тоталізаторів', 'scheme': 'ДК021', 'id': '92350000-9'}), 'additionalClassification': Munch({'description': 'Солома', 'id': '03114100-4', 'scheme': 'ДК021'}), 'unit': Munch({'name': 'millilitre of water', 'code': 'WW'}), 'status': 'active'}), Munch({'id': 'd1aa2d5ebaa64123a2b7d6706f7a4fbd', 'name': 'Name', 'classification': Munch({'description': 'Послуги гральних закладів і тоталізаторів', 'scheme': 'ДК021', 'id': '92350000-9'}), 'additionalClassification': Munch({'description': 'Солома', 'id': '03114100-4', 'scheme': 'ДК021'}), 'unit': Munch({'name': 'millilitre of water', 'code': 'WW'}), 'status': 'active'}), Munch({'id': '8caa97cb42d5453d9c5901eea1c76f43', 'name': 'Name', 'classification': Munch({'description': 'Послуги гральних закладів і тоталізаторів', 'scheme': 'ДК021', 'id': '92350000-9'}), 'additionalClassification': Munch({'description': 'Солома', 'id': '03114100-4', 'scheme': 'ДК021'}), 'unit': Munch({'name': 'millilitre of water', 'code': 'WW'}), 'status': 'active'}), Munch({'id': '383be3c5cf2b45cca69f7327013a94ae', 'name': 'Name', 'classification': Munch({'description': 'Послуги гральних закладів і тоталізаторів', 'scheme': 'ДК021', 'id': '92350000-9'}), 'additionalClassification': Munch({'description': 'Солома', 'id': '03114100-4', 'scheme': 'ДК021'}), 'unit': Munch({'name': 'millilitre of water', 'code': 'WW'}), 'status': 'active'}), Munch({'id': 'c049f0cdb0a444e7b4fd0fd43e9ba2cb', 'name': 'Name', 'classification': Munch({'description': 'Послуги гральних закладів і тоталізаторів', 'scheme': 'ДК021', 'id': '92350000-9'}), 'additionalClassification': Munch({'description': 'Солома', 'id': '03114100-4', 'scheme': 'ДК021'}), 'unit': Munch({'name': 'millilitre of water', 'code': 'WW'}), 'status': 'active'}), Munch({'id': 'ee644672915d40d3b8eb6a6559fb9d2c', 'name': 'Name', 'classification': Munch({'description': 'Послуги гральних закладів і тоталізаторів', 'scheme': 'ДК021', 'id': '92350000-9'}), 'additionalClassification': Munch({'description': 'Солома', 'id': '03114100-4', 'scheme': 'ДК021'}), 'unit': Munch({'name': 'millilitre of water', 'code': 'WW'}), 'status': 'active'}), Munch({'id': '3872ff8b265f4587a74885f985584953', 'name': 'Name', 'classification': Munch({'description': 'Послуги гральних закладів і тоталізаторів', 'scheme': 'ДК021', 'id': '92350000-9'}), 'additionalClassification': Munch({'description': 'Солома', 'id': '03114100-4', 'scheme': 'ДК021'}), 'unit': Munch({'name': 'millilitre of water', 'code': 'WW'}), 'status': 'active'}), Munch({'id': '42955980c770498aaccb0a048b184639', 'name': 'Name', 'classification': Munch({'description': 'Послуги гральних закладів і тоталізаторів', 'scheme': 'ДК021', 'id': '92350000-9'}), 'additionalClassification': Munch({'description': 'Солома', 'id': '03114100-4', 'scheme': 'ДК021'}), 'unit': Munch({'name': 'millilitre of water', 'code': 'WW'}), 'status': 'active'}), Munch({'id': 'd368ef8ff6414310b57754724eda4928', 'name': 'Name', 'classification': Munch({'description': 'Послуги гральних закладів і тоталізаторів', 'scheme': 'ДК021', 'id': '92350000-9'}), 'additionalClassification': Munch({'description': 'Солома', 'id': '03114100-4', 'scheme': 'ДК021'}), 'unit': Munch({'name': 'millilitre of water', 'code': 'WW'}), 'status': 'active'}), Munch({'id': 'da5fdd7c5c7a48c4b313a350eef1b078', 'name': 'Name', 'classification': Munch({'description': 'Послуги гральних закладів і тоталізаторів', 'scheme': 'ДК021', 'id': '92350000-9'}), 'additionalClassification': Munch({'description': 'Солома', 'id': '03114100-4', 'scheme': 'ДК021'}), 'unit': Munch({'name': 'millilitre of water', 'code': 'WW'}), 'status': 'active'})]})</msg>
<status status="PASS" starttime="20191220 20:05:43.837" endtime="20191220 20:05:43.839"></status>
</kw>
<kw name="Log Variables" library="BuiltIn">
<doc>Logs all variables in the current scope with given log level.</doc>
<msg timestamp="20191220 20:05:43.840" level="INFO">${/} = /</msg>
<msg timestamp="20191220 20:05:43.840" level="INFO">${:} = :</msg>
<msg timestamp="20191220 20:05:43.840" level="INFO">${\n} = 
</msg>
<msg timestamp="20191220 20:05:43.841" level="INFO">${API_HOST_URL} = http://localhost:8000</msg>
<msg timestamp="20191220 20:05:43.841" level="INFO">${API_VERSION} = 0</msg>
<msg timestamp="20191220 20:05:43.841" level="INFO">&amp;{CRITERIA_DATA} = { name=Tester | nameEng=Name eng | classification=Munch({'id': '92350000-9', 'scheme': 'ДК021', 'description': 'Послуги гральних закладів і тоталізаторів'}) | additionalClassification=Munch({'id': '03114100-4', 'scheme': 'ДК021', 'description': 'Солома'}) | minValue=11 | maxValue=22 | dataType=number | unit=Munch({'name': 'millilitre of water', 'code': 'WW'}) }</msg>
<msg timestamp="20191220 20:05:43.841" level="INFO">${DEBUG_FILE} = NONE</msg>
<msg timestamp="20191220 20:05:43.841" level="INFO">${EXECDIR} = /home/orest.shkhumov/Criteria_test</msg>
<msg timestamp="20191220 20:05:43.841" level="INFO">${False} = False</msg>
<msg timestamp="20191220 20:05:43.841" level="INFO">${ID_CRITERIA} = 83ed63cd56b14b0fa8713b00e90f25fb</msg>
<msg timestamp="20191220 20:05:43.841" level="INFO">${LOG_FILE} = /home/orest.shkhumov/Criteria_test/log.html</msg>
<msg timestamp="20191220 20:05:43.841" level="INFO">${LOG_LEVEL} = INFO</msg>
<msg timestamp="20191220 20:05:43.841" level="INFO">${None} = None</msg>
<msg timestamp="20191220 20:05:43.841" level="INFO">${null} = None</msg>
<msg timestamp="20191220 20:05:43.841" level="INFO">${OUTPUT_DIR} = /home/orest.shkhumov/Criteria_test</msg>
<msg timestamp="20191220 20:05:43.841" level="INFO">${OUTPUT_FILE} = /home/orest.shkhumov/Criteria_test/output.xml</msg>
<msg timestamp="20191220 20:05:43.841" level="INFO">${PASSWORD} = adminpassword</msg>
<msg timestamp="20191220 20:05:43.841" level="INFO">${PREV_TEST_MESSAGE} = </msg>
<msg timestamp="20191220 20:05:43.842" level="INFO">${PREV_TEST_NAME} = </msg>
<msg timestamp="20191220 20:05:43.842" level="INFO">${PREV_TEST_STATUS} = </msg>
<msg timestamp="20191220 20:05:43.842" level="INFO">${REPORT_FILE} = /home/orest.shkhumov/Criteria_test/report.html</msg>
<msg timestamp="20191220 20:05:43.842" level="INFO">${RESOURCE} = criteria</msg>
<msg timestamp="20191220 20:05:43.843" level="INFO">&amp;{RESPONSE} = { count=169 | next=http://localhost:8000/api/0/criteria/?limit=100&amp;offset=100 | previous=None | results=[Munch({'id': '83ed63cd56b14b0fa8713b00e90f25fb', 'name': 'Tester', 'classification': Munch({'description': 'Послуги гральних закладів і тоталізаторів', 'scheme': 'ДК021', 'id': '92350000-9'}), 'additionalClassification': Munch({'description': 'Солома', 'id': '03114100-4', 'scheme': 'ДК021'}), 'unit': Munch({'name': 'millilitre of water', 'code': 'WW'}), 'status': 'active'}), Munch({'id': '01d4bda6bee641a491c7e31b1c20445a', 'name': 'Name123', 'classification': Munch({'description': 'Послуги гральних закладів і тоталізаторів', 'scheme': 'ДК021', 'id': '92350000-9'}), 'additionalClassification': Munch({'description': 'Солома', 'id': '03114100-4', 'scheme': 'ДК021'}), 'unit': Munch({'name': 'millilitre of water', 'code': 'WW'}), 'status': 'active'}), Munch({'id': '41645d792a60402f8ba728aa0c609b5f', 'name': 'Tester', 'classification': Munch({'description': 'Послуги гральних закладів і тоталізаторів', 'scheme': 'ДК021', 'id': '92350000-9'}), 'additionalClassification': Munch({'description': 'Солома', 'id': '03114100-4', 'scheme': 'ДК021'}), 'unit': Munch({'name': 'millilitre of water', 'code': 'WW'}), 'status': 'active'}), Munch({'id': '1d75bfdd4f62408386017760da30f34f', 'name': 'Tester', 'classification': Munch({'description': 'Послуги гральних закладів і тоталізаторів', 'scheme': 'ДК021', 'id': '92350000-9'}), 'additionalClassification': Munch({'description': 'Солома', 'id': '03114100-4', 'scheme': 'ДК021'}), 'unit': Munch({'name': 'millilitre of water', 'code': 'WW'}), 'status': 'active'}), Munch({'id': '450acf5144884e659561a1b8a80c2a07', 'name': 'Tester', 'classification': Munch({'description': 'Послуги гральних закладів і тоталізаторів', 'scheme': 'ДК021', 'id': '92350000-9'}), 'additionalClassification': Munch({'description': 'Солома', 'id': '03114100-4', 'scheme': 'ДК021'}), 'unit': Munch({'name': 'millilitre of water', 'code': 'WW'}), 'status': 'active'}), Munch({'id': '35e8c460e8b444b195f7ff62a11fef5e', 'name': 'Tester', 'classification': Munch({'description': 'Послуги гральних закладів і тоталізаторів', 'scheme': 'ДК021', 'id': '92350000-9'}), 'additionalClassification': Munch({'description': 'Солома', 'id': '03114100-4', 'scheme': 'ДК021'}), 'unit': Munch({'name': 'millilitre of water', 'code': 'WW'}), 'status': 'active'}), Munch({'id': '96a5f0a474674980bda5b26f5acbd9d2', 'name': 'Tester', 'classification': Munch({'description': 'Послуги гральних закладів і тоталізаторів', 'scheme': 'ДК021', 'id': '92350000-9'}), 'additionalClassification': Munch({'description': 'Солома', 'id': '03114100-4', 'scheme': 'ДК021'}), 'unit': Munch({'name': 'millilitre of water', 'code': 'WW'}), 'status': 'active'}), Munch({'id': '89a77dfa3ef74311beef21f8361fa06f', 'name': 'Tester', 'classification': Munch({'description': 'Послуги гральних закладів і тоталізаторів', 'scheme': 'ДК021', 'id': '92350000-9'}), 'additionalClassification': Munch({'description': 'Солома', 'id': '03114100-4', 'scheme': 'ДК021'}), 'unit': Munch({'name': 'millilitre of water', 'code': 'WW'}), 'status': 'active'}), Munch({'id': '1d4dc7eec6bd414495dea17d227603e7', 'name': 'Tester', 'classification': Munch({'description': 'Послуги гральних закладів і тоталізаторів', 'scheme': 'ДК021', 'id': '92350000-9'}), 'additionalClassification': Munch({'description': 'Солома', 'id': '03114100-4', 'scheme': 'ДК021'}), 'unit': Munch({'name': 'millilitre of water', 'code': 'WW'}), 'status': 'active'}), Munch({'id': '9aca6fa1a31c437fa76800865c6b712b', 'name': 'Tester', 'classification': Munch({'description': 'Послуги гральних закладів і тоталізаторів', 'scheme': 'ДК021', 'id': '92350000-9'}), 'additionalClassification': Munch({'description': 'Солома', 'id': '03114100-4', 'scheme': 'ДК021'}), 'unit': Munch({'name': 'millilitre of water', 'code': 'WW'}), 'status': 'active'}), Munch({'id': 'f53e6eb9df0b4e4fba747c11e1f415de', 'name': 'Name123', 'classification': Munch({'description': 'Послуги гральних закладів і тоталізаторів', 'scheme': 'ДК021', 'id': '92350000-9'}), 'additionalClassification': Munch({'description': 'Солома', 'id': '03114100-4', 'scheme': 'ДК021'}), 'unit': Munch({'name': 'millilitre of water', 'code': 'WW'}), 'status': 'active'}), Munch({'id': '3a5c92d4d23b49519bce615d0a752467', 'name': 'Tester', 'classification': Munch({'description': 'Послуги гральних закладів і тоталізаторів', 'scheme': 'ДК021', 'id': '92350000-9'}), 'additionalClassification': Munch({'description': 'Солома', 'id': '03114100-4', 'scheme': 'ДК021'}), 'unit': Munch({'name': 'millilitre of water', 'code': 'WW'}), 'status': 'active'}), Munch({'id': '633d604ec3444af688182c445cf3feba', 'name': 'Tester', 'classification': Munch({'description': 'Послуги гральних закладів і тоталізаторів', 'scheme': 'ДК021', 'id': '92350000-9'}), 'additionalClassification': Munch({'description': 'Солома', 'id': '03114100-4', 'scheme': 'ДК021'}), 'unit': Munch({'name': 'millilitre of water', 'code': 'WW'}), 'status': 'active'}), Munch({'id': 'd17889f21b2f4d46ad9e1edbee002940', 'name': 'Tester', 'classification': Munch({'description': 'Послуги гральних закладів і тоталізаторів', 'scheme': 'ДК021', 'id': '92350000-9'}), 'additionalClassification': Munch({'description': 'Солома', 'id': '03114100-4', 'scheme': 'ДК021'}), 'unit': Munch({'name': 'millilitre of water', 'code': 'WW'}), 'status': 'active'}), Munch({'id': 'c0b909e152854f1d8a1050ba92a1d015', 'name': 'Tester', 'classification': Munch({'description': 'Послуги гральних закладів і тоталізаторів', 'scheme': 'ДК021', 'id': '92350000-9'}), 'additionalClassification': Munch({'description': 'Солома', 'id': '03114100-4', 'scheme': 'ДК021'}), 'unit': Munch({'name': 'millilitre of water', 'code': 'WW'}), 'status': 'active'}), Munch({'id': '5dc455dd4c4e4655a79b93a2523dd0e2', 'name': 'Tester', 'classification': Munch({'description': 'Послуги гральних закладів і тоталізаторів', 'scheme': 'ДК021', 'id': '92350000-9'}), 'additionalClassification': Munch({'description': 'Солома', 'id': '03114100-4', 'scheme': 'ДК021'}), 'unit': Munch({'name': 'millilitre of water', 'code': 'WW'}), 'status': 'active'}), Munch({'id': '3e8f84bff6294e21bb5ba7d3666ef5ea', 'name': 'Tester', 'classification': Munch({'description': 'Послуги гральних закладів і тоталізаторів', 'scheme': 'ДК021', 'id': '92350000-9'}), 'additionalClassification': Munch({'description': 'Солома', 'id': '03114100-4', 'scheme': 'ДК021'}), 'unit': Munch({'name': 'millilitre of water', 'code': 'WW'}), 'status': 'active'}), Munch({'id': 'b09573ccd4dd41f5a219badca976c837', 'name': 'Tester', 'classification': Munch({'description': 'Послуги гральних закладів і тоталізаторів', 'scheme': 'ДК021', 'id': '92350000-9'}), 'additionalClassification': Munch({'description': 'Солома', 'id': '03114100-4', 'scheme': 'ДК021'}), 'unit': Munch({'name': 'millilitre of water', 'code': 'WW'}), 'status': 'active'}), Munch({'id': 'c24513bcc3cf49b3b706606b91c115e2', 'name': 'Name123', 'classification': Munch({'description': 'Послуги гральних закладів і тоталізаторів', 'scheme': 'ДК021', 'id': '92350000-9'}), 'additionalClassification': Munch({'description': 'Солома', 'id': '03114100-4', 'scheme': 'ДК021'}), 'unit': Munch({'name': 'millilitre of water', 'code': 'WW'}), 'status': 'active'}), Munch({'id': '8a86c691761f4b76975f769a2baaf543', 'name': 'Name', 'classification': Munch({'description': 'Послуги гральних закладів і тоталізаторів', 'scheme': 'ДК021', 'id': '92350000-9'}), 'additionalClassification': Munch({'description': 'Солома', 'id': '03114100-4', 'scheme': 'ДК021'}), 'unit': Munch({'name': 'millilitre of water', 'code': 'WW'}), 'status': 'active'}), Munch({'id': '47cb378be6884b10ab4c7a6e2722e2a6', 'name': 'Name', 'classification': Munch({'description': 'Послуги гральних закладів і тоталізаторів', 'scheme': 'ДК021', 'id': '92350000-9'}), 'additionalClassification': Munch({'description': 'Солома', 'id': '03114100-4', 'scheme': 'ДК021'}), 'unit': Munch({'name': 'millilitre of water', 'code': 'WW'}), 'status': 'active'}), Munch({'id': '792abae1acdf4301acfe347a8f7bf412', 'name': 'Name123', 'classification': Munch({'description': 'Послуги гральних закладів і тоталізаторів', 'scheme': 'ДК021', 'id': '92350000-9'}), 'additionalClassification': Munch({'description': 'Солома', 'id': '03114100-4', 'scheme': 'ДК021'}), 'unit': Munch({'name': 'millilitre of water', 'code': 'WW'}), 'status': 'active'}), Munch({'id': '1fb7284eaa04494fa525a57c0679481a', 'name': 'Name', 'classification': Munch({'description': 'Послуги гральних закладів і тоталізаторів', 'scheme': 'ДК021', 'id': '92350000-9'}), 'additionalClassification': Munch({'description': 'Солома', 'id': '03114100-4', 'scheme': 'ДК021'}), 'unit': Munch({'name': 'millilitre of water', 'code': 'WW'}), 'status': 'active'}), Munch({'id': 'b9fd16dd51704f8f8c0b8c2b30409c4b', 'name': 'Name', 'classification': Munch({'description': 'Послуги гральних закладів і тоталізаторів', 'scheme': 'ДК021', 'id': '92350000-9'}), 'additionalClassification': Munch({'description': 'Солома', 'id': '03114100-4', 'scheme': 'ДК021'}), 'unit': Munch({'name': 'millilitre of water', 'code': 'WW'}), 'status': 'active'}), Munch({'id': '934e99ff384648bdb9609e19e51d66af', 'name': 'Name', 'classification': Munch({'description': 'Послуги гральних закладів і тоталізаторів', 'scheme': 'ДК021', 'id': '92350000-9'}), 'additionalClassification': Munch({'description': 'Солома', 'id': '03114100-4', 'scheme': 'ДК021'}), 'unit': Munch({'name': 'millilitre of water', 'code': 'WW'}), 'status': 'active'}), Munch({'id': '3ca4fae0a5194a1ca7049c1c91db095e', 'name': 'Name', 'classification': Munch({'description': 'Послуги гральних закладів і тоталізаторів', 'scheme': 'ДК021', 'id': '92350000-9'}), 'additionalClassification': Munch({'description': 'Солома', 'id': '03114100-4', 'scheme': 'ДК021'}), 'unit': Munch({'name': 'millilitre of water', 'code': 'WW'}), 'status': 'active'}), Munch({'id': 'f8a5a28bf71d4b52b576b6848239e524', 'name': 'Name', 'classification': Munch({'description': 'Послуги гральних закладів і тоталізаторів', 'scheme': 'ДК021', 'id': '92350000-9'}), 'additionalClassification': Munch({'description': 'Солома', 'id': '03114100-4', 'scheme': 'ДК021'}), 'unit': Munch({'name': 'millilitre of water', 'code': 'WW'}), 'status': 'active'}), Munch({'id': '2173266a96a9414ba68de0dc66a30636', 'name': 'Name', 'classification': Munch({'description': 'Послуги гральних закладів і тоталізаторів', 'scheme': 'ДК021', 'id': '92350000-9'}), 'additionalClassification': Munch({'description': 'Солома', 'id': '03114100-4', 'scheme': 'ДК021'}), 'unit': Munch({'name': 'millilitre of water', 'code': 'WW'}), 'status': 'active'}), Munch({'id': '1b8a463dcd4a447db9d25c932e0f211f', 'name': 'Name', 'classification': Munch({'description': 'Послуги гральних закладів і тоталізаторів', 'scheme': 'ДК021', 'id': '92350000-9'}), 'additionalClassification': Munch({'description': 'Солома', 'id': '03114100-4', 'scheme': 'ДК021'}), 'unit': Munch({'name': 'millilitre of water', 'code': 'WW'}), 'status': 'active'}), Munch({'id': '05f00e1101814302acddf4d88b872912', 'name': 'Name', 'classification': Munch({'description': 'Послуги гральних закладів і тоталізаторів', 'scheme': 'ДК021', 'id': '92350000-9'}), 'additionalClassification': Munch({'description': 'Солома', 'id': '03114100-4', 'scheme': 'ДК021'}), 'unit': Munch({'name': 'millilitre of water', 'code': 'WW'}), 'status': 'active'}), Munch({'id': '26b03b7ac804453eb14fc690223626ab', 'name': 'Name', 'classification': Munch({'description': 'Послуги гральних закладів і тоталізаторів', 'scheme': 'ДК021', 'id': '92350000-9'}), 'additionalClassification': Munch({'description': 'Солома', 'id': '03114100-4', 'scheme': 'ДК021'}), 'unit': Munch({'name': 'millilitre of water', 'code': 'WW'}), 'status': 'active'}), Munch({'id': 'a401d1e647c54f3a9b66c39c6f6a1797', 'name': 'Name', 'classification': Munch({'description': 'Послуги гральних закладів і тоталізаторів', 'scheme': 'ДК021', 'id': '92350000-9'}), 'additionalClassification': Munch({'description': 'Солома', 'id': '03114100-4', 'scheme': 'ДК021'}), 'unit': Munch({'name': 'millilitre of water', 'code': 'WW'}), 'status': 'active'}), Munch({'id': '44e0680353e34e55bc83032e50cfe299', 'name': 'Name', 'classification': Munch({'description': 'Послуги гральних закладів і тоталізаторів', 'scheme': 'ДК021', 'id': '92350000-9'}), 'additionalClassification': Munch({'description': 'Солома', 'id': '03114100-4', 'scheme': 'ДК021'}), 'unit': Munch({'name': 'millilitre of water', 'code': 'WW'}), 'status': 'active'}), Munch({'id': 'ab7c92b15e8b42f99831a76fbe2f1bbb', 'name': 'Name', 'classification': Munch({'description': 'Послуги гральних закладів і тоталізаторів', 'scheme': 'ДК021', 'id': '92350000-9'}), 'additionalClassification': Munch({'description': 'Солома', 'id': '03114100-4', 'scheme': 'ДК021'}), 'unit': Munch({'name': 'millilitre of water', 'code': 'WW'}), 'status': 'active'}), Munch({'id': 'bacfd7138d7a403195759f1d9a80ffa7', 'name': 'Name', 'classification': Munch({'description': 'Послуги гральних закладів і тоталізаторів', 'scheme': 'ДК021', 'id': '92350000-9'}), 'additionalClassification': Munch({'description': 'Солома', 'id': '03114100-4', 'scheme': 'ДК021'}), 'unit': Munch({'name': 'millilitre of water', 'code': 'WW'}), 'status': 'active'}), Munch({'id': 'bdeccd53b01c4892a3d3597ac81d6df7', 'name': 'Name', 'classification': Munch({'description': 'Послуги гральних закладів і тоталізаторів', 'scheme': 'ДК021', 'id': '92350000-9'}), 'additionalClassification': Munch({'description': 'Солома', 'id': '03114100-4', 'scheme': 'ДК021'}), 'unit': Munch({'name': 'millilitre of water', 'code': 'WW'}), 'status': 'active'}), Munch({'id': '3abd57ccabce4c84aaf1053a9d8e2541', 'name': 'Name', 'classification': Munch({'description': 'Послуги гральних закладів і тоталізаторів', 'scheme': 'ДК021', 'id': '92350000-9'}), 'additionalClassification': Munch({'description': 'Солома', 'id': '03114100-4', 'scheme': 'ДК021'}), 'unit': Munch({'name': 'millilitre of water', 'code': 'WW'}), 'status': 'active'}), Munch({'id': '5d76662a680a41e39e18ed7d2a0a3ad1', 'name': 'Name', 'classification': Munch({'description': 'Послуги гральних закладів і тоталізаторів', 'scheme': 'ДК021', 'id': '92350000-9'}), 'additionalClassification': Munch({'description': 'Солома', 'id': '03114100-4', 'scheme': 'ДК021'}), 'unit': Munch({'name': 'millilitre of water', 'code': 'WW'}), 'status': 'active'}), Munch({'id': '6fa0379f309d4feebcf3b75450488576', 'name': 'Name', 'classification': Munch({'description': 'Послуги гральних закладів і тоталізаторів', 'scheme': 'ДК021', 'id': '92350000-9'}), 'additionalClassification': Munch({'description': 'Солома', 'id': '03114100-4', 'scheme': 'ДК021'}), 'unit': Munch({'name': 'millilitre of water', 'code': 'WW'}), 'status': 'active'}), Munch({'id': 'eabd923040ca4143872bd2ef1b14b16b', 'name': 'Name', 'classification': Munch({'description': 'Послуги гральних закладів і тоталізаторів', 'scheme': 'ДК021', 'id': '92350000-9'}), 'additionalClassification': Munch({'description': 'Солома', 'id': '03114100-4', 'scheme': 'ДК021'}), 'unit': Munch({'name': 'millilitre of water', 'code': 'WW'}), 'status': 'active'}), Munch({'id': '493aba3c363b4bcaa6c24f84bba95ee1', 'name': 'Name', 'classification': Munch({'description': 'Послуги гральних закладів і тоталізаторів', 'scheme': 'ДК021', 'id': '92350000-9'}), 'additionalClassification': Munch({'description': 'Солома', 'id': '03114100-4', 'scheme': 'ДК021'}), 'unit': Munch({'name': 'millilitre of water', 'code': 'WW'}), 'status': 'active'}), Munch({'id': 'fd6804c32d5e423f870340713eb76e33', 'name': 'Name', 'classification': Munch({'description': 'Послуги гральних закладів і тоталізаторів', 'scheme': 'ДК021', 'id': '92350000-9'}), 'additionalClassification': Munch({'description': 'Солома', 'id': '03114100-4', 'scheme': 'ДК021'}), 'unit': Munch({'name': 'millilitre of water', 'code': 'WW'}), 'status': 'active'}), Munch({'id': '5941c9a170e44b90a941dbe90cdbff0d', 'name': 'Name', 'classification': Munch({'description': 'Послуги гральних закладів і тоталізаторів', 'scheme': 'ДК021', 'id': '92350000-9'}), 'additionalClassification': Munch({'description': 'Солома', 'id': '03114100-4', 'scheme': 'ДК021'}), 'unit': Munch({'name': 'millilitre of water', 'code': 'WW'}), 'status': 'active'}), Munch({'id': 'c000ff72467a45e39a50ae19bd4a1553', 'name': 'Name', 'classification': Munch({'description': 'Послуги гральних закладів і тоталізаторів', 'scheme': 'ДК021', 'id': '92350000-9'}), 'additionalClassification': Munch({'description': 'Солома', 'id': '03114100-4', 'scheme': 'ДК021'}), 'unit': Munch({'name': 'millilitre of water', 'code': 'WW'}), 'status': 'active'}), Munch({'id': 'f182b88c1a1e407ba7e57aebd406ef4a', 'name': 'Name', 'classification': Munch({'description': 'Послуги гральних закладів і тоталізаторів', 'scheme': 'ДК021', 'id': '92350000-9'}), 'additionalClassification': Munch({'description': 'Солома', 'id': '03114100-4', 'scheme': 'ДК021'}), 'unit': Munch({'name': 'millilitre of water', 'code': 'WW'}), 'status': 'active'}), Munch({'id': 'b052b10d743b4ea3b26890fe1410e6e2', 'name': 'Name', 'classification': Munch({'description': 'Послуги гральних закладів і тоталізаторів', 'scheme': 'ДК021', 'id': '92350000-9'}), 'additionalClassification': Munch({'description': 'Солома', 'id': '03114100-4', 'scheme': 'ДК021'}), 'unit': Munch({'name': 'millilitre of water', 'code': 'WW'}), 'status': 'active'}), Munch({'id': 'ae71b713a26d4175a2d331a5f5ea9d87', 'name': 'Name', 'classification': Munch({'description': 'Послуги гральних закладів і тоталізаторів', 'scheme': 'ДК021', 'id': '92350000-9'}), 'additionalClassification': Munch({'description': 'Солома', 'id': '03114100-4', 'scheme': 'ДК021'}), 'unit': Munch({'name': 'millilitre of water', 'code': 'WW'}), 'status': 'active'}), Munch({'id': 'a1c2d2d49a124f4a8d703f33d54a57d6', 'name': 'Name', 'classification': Munch({'description': 'Послуги гральних закладів і тоталізаторів', 'scheme': 'ДК021', 'id': '92350000-9'}), 'additionalClassification': Munch({'description': 'Солома', 'id': '03114100-4', 'scheme': 'ДК021'}), 'unit': Munch({'name': 'millilitre of water', 'code': 'WW'}), 'status': 'active'}), Munch({'id': 'f2e5e93e1cec4af2988bdee62ef46333', 'name': 'Name', 'classification': Munch({'description': 'Послуги гральних закладів і тоталізаторів', 'scheme': 'ДК021', 'id': '92350000-9'}), 'additionalClassification': Munch({'description': 'Солома', 'id': '03114100-4', 'scheme': 'ДК021'}), 'unit': Munch({'name': 'millilitre of water', 'code': 'WW'}), 'status': 'active'}), Munch({'id': '8edb1525ebda4df9b947747f0a400b88', 'name': 'Name', 'classification': Munch({'description': 'Послуги гральних закладів і тоталізаторів', 'scheme': 'ДК021', 'id': '92350000-9'}), 'additionalClassification': Munch({'description': 'Солома', 'id': '03114100-4', 'scheme': 'ДК021'}), 'unit': Munch({'name': 'millilitre of water', 'code': 'WW'}), 'status': 'active'}), Munch({'id': 'd59d5fef3063465db8ebb3a8264d90f5', 'name': 'Name', 'classification': Munch({'description': 'Послуги гральних закладів і тоталізаторів', 'scheme': 'ДК021', 'id': '92350000-9'}), 'additionalClassification': Munch({'description': 'Солома', 'id': '03114100-4', 'scheme': 'ДК021'}), 'unit': Munch({'name': 'millilitre of water', 'code': 'WW'}), 'status': 'active'}), Munch({'id': '06ecdf2af0744c4ca9d5025a90ebb942', 'name': 'Name', 'classification': Munch({'description': 'Послуги гральних закладів і тоталізаторів', 'scheme': 'ДК021', 'id': '92350000-9'}), 'additionalClassification': Munch({'description': 'Солома', 'id': '03114100-4', 'scheme': 'ДК021'}), 'unit': Munch({'name': 'millilitre of water', 'code': 'WW'}), 'status': 'active'}), Munch({'id': 'a5907769bb854764a07cc046cca24291', 'name': 'Name', 'classification': Munch({'description': 'Послуги гральних закладів і тоталізаторів', 'scheme': 'ДК021', 'id': '92350000-9'}), 'additionalClassification': Munch({'description': 'Солома', 'id': '03114100-4', 'scheme': 'ДК021'}), 'unit': Munch({'name': 'millilitre of water', 'code': 'WW'}), 'status': 'active'}), Munch({'id': 'b6d686aed61e4c02ad53e27a6dfc0cbc', 'name': 'Name', 'classification': Munch({'description': 'Послуги гральних закладів і тоталізаторів', 'scheme': 'ДК021', 'id': '92350000-9'}), 'additionalClassification': Munch({'description': 'Солома', 'id': '03114100-4', 'scheme': 'ДК021'}), 'unit': Munch({'name': 'millilitre of water', 'code': 'WW'}), 'status': 'active'}), Munch({'id': 'e9f705531f3440b996a3c81ea8667a8a', 'name': 'Name', 'classification': Munch({'description': 'Послуги гральних закладів і тоталізаторів', 'scheme': 'ДК021', 'id': '92350000-9'}), 'additionalClassification': Munch({'description': 'Солома', 'id': '03114100-4', 'scheme': 'ДК021'}), 'unit': Munch({'name': 'millilitre of water', 'code': 'WW'}), 'status': 'active'}), Munch({'id': '7537d249d51f4a5c9d78f7c2573b78bb', 'name': 'Name', 'classification': Munch({'description': 'Послуги гральних закладів і тоталізаторів', 'scheme': 'ДК021', 'id': '92350000-9'}), 'additionalClassification': Munch({'description': 'Солома', 'id': '03114100-4', 'scheme': 'ДК021'}), 'unit': Munch({'name': 'millilitre of water', 'code': 'WW'}), 'status': 'active'}), Munch({'id': '4fc2cd2740634d24b4be3e45517511ba', 'name': 'Name', 'classification': Munch({'description': 'Послуги гральних закладів і тоталізаторів', 'scheme': 'ДК021', 'id': '92350000-9'}), 'additionalClassification': Munch({'description': 'Солома', 'id': '03114100-4', 'scheme': 'ДК021'}), 'unit': Munch({'name': 'millilitre of water', 'code': 'WW'}), 'status': 'active'}), Munch({'id': '7613c0f59d4040db89b3348518e20bc0', 'name': 'Name', 'classification': Munch({'description': 'Послуги гральних закладів і тоталізаторів', 'scheme': 'ДК021', 'id': '92350000-9'}), 'additionalClassification': Munch({'description': 'Солома', 'id': '03114100-4', 'scheme': 'ДК021'}), 'unit': Munch({'name': 'millilitre of water', 'code': 'WW'}), 'status': 'active'}), Munch({'id': '08815ae5bffb4eff92eeda237ce2be06', 'name': 'Name', 'classification': Munch({'description': 'Послуги гральних закладів і тоталізаторів', 'scheme': 'ДК021', 'id': '92350000-9'}), 'additionalClassification': Munch({'description': 'Солома', 'id': '03114100-4', 'scheme': 'ДК021'}), 'unit': Munch({'name': 'millilitre of water', 'code': 'WW'}), 'status': 'active'}), Munch({'id': '6ea077c36e1045b8a7089dadc2a44535', 'name': 'Name', 'classification': Munch({'description': 'Послуги гральних закладів і тоталізаторів', 'scheme': 'ДК021', 'id': '92350000-9'}), 'additionalClassification': Munch({'description': 'Солома', 'id': '03114100-4', 'scheme': 'ДК021'}), 'unit': Munch({'name': 'millilitre of water', 'code': 'WW'}), 'status': 'active'}), Munch({'id': '64135066e420418eb039f4fbeb57e7b2', 'name': 'Name', 'classification': Munch({'description': 'Послуги гральних закладів і тоталізаторів', 'scheme': 'ДК021', 'id': '92350000-9'}), 'additionalClassification': Munch({'description': 'Солома', 'id': '03114100-4', 'scheme': 'ДК021'}), 'unit': Munch({'name': 'millilitre of water', 'code': 'WW'}), 'status': 'active'}), Munch({'id': '509dc5721bb647728ab51319dcb9f4b2', 'name': 'Name', 'classification': Munch({'description': 'Послуги гральних закладів і тоталізаторів', 'scheme': 'ДК021', 'id': '92350000-9'}), 'additionalClassification': Munch({'description': 'Солома', 'id': '03114100-4', 'scheme': 'ДК021'}), 'unit': Munch({'name': 'millilitre of water', 'code': 'WW'}), 'status': 'active'}), Munch({'id': '04cddc6936484f6bbd6a452d2ab59d0e', 'name': 'Name', 'classification': Munch({'description': 'Послуги гральних закладів і тоталізаторів', 'scheme': 'ДК021', 'id': '92350000-9'}), 'additionalClassification': Munch({'description': 'Солома', 'id': '03114100-4', 'scheme': 'ДК021'}), 'unit': Munch({'name': 'millilitre of water', 'code': 'WW'}), 'status': 'active'}), Munch({'id': '0abc2d84932b42d9bbfc164c36121919', 'name': 'Name', 'classification': Munch({'description': 'Послуги гральних закладів і тоталізаторів', 'scheme': 'ДК021', 'id': '92350000-9'}), 'additionalClassification': Munch({'description': 'Солома', 'id': '03114100-4', 'scheme': 'ДК021'}), 'unit': Munch({'name': 'millilitre of water', 'code': 'WW'}), 'status': 'active'}), Munch({'id': 'c3c0a22807964ce991b7a1b889e442df', 'name': 'Name', 'classification': Munch({'description': 'Послуги гральних закладів і тоталізаторів', 'scheme': 'ДК021', 'id': '92350000-9'}), 'additionalClassification': Munch({'description': 'Солома', 'id': '03114100-4', 'scheme': 'ДК021'}), 'unit': Munch({'name': 'millilitre of water', 'code': 'WW'}), 'status': 'active'}), Munch({'id': 'fd45f7bc8f8c4be0b3313f00560614b4', 'name': 'Name', 'classification': Munch({'description': 'Послуги гральних закладів і тоталізаторів', 'scheme': 'ДК021', 'id': '92350000-9'}), 'additionalClassification': Munch({'description': 'Солома', 'id': '03114100-4', 'scheme': 'ДК021'}), 'unit': Munch({'name': 'millilitre of water', 'code': 'WW'}), 'status': 'active'}), Munch({'id': 'a155379cc3fd43ce8faa0751db660c9b', 'name': 'Name', 'classification': Munch({'description': 'Послуги гральних закладів і тоталізаторів', 'scheme': 'ДК021', 'id
[...]
<msg timestamp="20191220 20:05:43.942" level="INFO">${/} = /</msg>
<msg timestamp="20191220 20:05:43.943" level="INFO">${:} = :</msg>
<msg timestamp="20191220 20:05:43.943" level="INFO">${\n} = 
</msg>
<msg timestamp="20191220 20:05:43.943" level="INFO">${API_HOST_URL} = http://localhost:8000</msg>
<msg timestamp="20191220 20:05:43.943" level="INFO">${API_VERSION} = 0</msg>
<msg timestamp="20191220 20:05:43.943" level="INFO">&amp;{CRITERIA_DATA} = { name=Tester | nameEng=Name eng | classification=Munch({'id': '92350000-9', 'scheme': 'ДК021', 'description': 'Послуги гральних закладів і тоталізаторів'}) | additionalClassification=Munch({'id': '03114100-4', 'scheme': 'ДК021', 'description': 'Солома'}) | minValue=11 | maxValue=22 | dataType=number | unit=Munch({'name': 'millilitre of water', 'code': 'WW'}) }</msg>
<msg timestamp="20191220 20:05:43.944" level="INFO">${DEBUG_FILE} = NONE</msg>
<msg timestamp="20191220 20:05:43.944" level="INFO">&amp;{EDIT_DATA} = { name=Name123 | minValue=11 | maxValue=23 | status=active }</msg>
<msg timestamp="20191220 20:05:43.944" level="INFO">${EXECDIR} = /home/orest.shkhumov/Criteria_test</msg>
<msg timestamp="20191220 20:05:43.944" level="INFO">${False} = False</msg>
<msg timestamp="20191220 20:05:43.944" level="INFO">${ID} = 83ed63cd56b14b0fa8713b00e90f25fb</msg>
<msg timestamp="20191220 20:05:43.944" level="INFO">${ID_CRITERIA} = 83ed63cd56b14b0fa8713b00e90f25fb</msg>
<msg timestamp="20191220 20:05:43.944" level="INFO">${LOG_FILE} = /home/orest.shkhumov/Criteria_test/log.html</msg>
<msg timestamp="20191220 20:05:43.945" level="INFO">${LOG_LEVEL} = INFO</msg>
<msg timestamp="20191220 20:05:43.945" level="INFO">${None} = None</msg>
<msg timestamp="20191220 20:05:43.945" level="INFO">${null} = None</msg>
<msg timestamp="20191220 20:05:43.945" level="INFO">${OUTPUT_DIR} = /home/orest.shkhumov/Criteria_test</msg>
<msg timestamp="20191220 20:05:43.945" level="INFO">${OUTPUT_FILE} = /home/orest.shkhumov/Criteria_test/output.xml</msg>
<msg timestamp="20191220 20:05:43.945" level="INFO">${PASSWORD} = adminpassword</msg>
<msg timestamp="20191220 20:05:43.945" level="INFO">${PREV_TEST_MESSAGE} = </msg>
<msg timestamp="20191220 20:05:43.945" level="INFO">${PREV_TEST_NAME} = </msg>
<msg timestamp="20191220 20:05:43.946" level="INFO">${PREV_TEST_STATUS} = </msg>
<msg timestamp="20191220 20:05:43.946" level="INFO">${REPORT_FILE} = /home/orest.shkhumov/Criteria_test/report.html</msg>
<msg timestamp="20191220 20:05:43.946" level="INFO">${RESOURCE} = criteria</msg>
<msg timestamp="20191220 20:05:43.946" level="INFO">&amp;{RESPONSE} = { minValue=11.0 | maxValue=23.0 | name=Name123 | nameEng=Name eng | status=active }</msg>
<msg timestamp="20191220 20:05:43.946" level="INFO">${SPACE} =  </msg>
<msg timestamp="20191220 20:05:43.946" level="INFO">${SUITE_DOCUMENTATION} = </msg>
<msg timestamp="20191220 20:05:43.946" level="INFO">&amp;{SUITE_METADATA} = { }</msg>
<msg timestamp="20191220 20:05:43.947" level="INFO">${SUITE_NAME} = Tests</msg>
<msg timestamp="20191220 20:05:43.947" level="INFO">${SUITE_SOURCE} = /home/orest.shkhumov/Criteria_test/tests.robot</msg>
<msg timestamp="20191220 20:05:43.947" level="INFO">${TEMPDIR} = /tmp</msg>
<msg timestamp="20191220 20:05:43.947" level="INFO">${TEST_DOCUMENTATION} = </msg>
<msg timestamp="20191220 20:05:43.947" level="INFO">${TEST_NAME} = Тест створити критерію</msg>
<msg timestamp="20191220 20:05:43.947" level="INFO">@{TEST_TAGS} = [ ]</msg>
<msg timestamp="20191220 20:05:43.947" level="INFO">${True} = True</msg>
<msg timestamp="20191220 20:05:43.947" level="INFO">@{USED_ROLES} = [ admin | user ]</msg>
<msg timestamp="20191220 20:05:43.947" level="INFO">${USERNAME} = admin</msg>
<msg timestamp="20191220 20:05:43.948" level="INFO">&amp;{USERS} = { users=Munch({'admin': Munch({'api_key': 'adminpassword', 'user_name': 'admin', 'client': &lt;client.client_helper.StableClient object at 0x7f7da2166dd0&gt;}), 'user': Munch({'api_key': 'userpassword', 'user_name': 'user', 'client': &lt;client.client_helper.StableClient object at 0x7f7da20fa810&gt;})}) }</msg>
<msg timestamp="20191220 20:05:43.948" level="INFO">${USERS_FILE} = data</msg>
<status status="PASS" starttime="20191220 20:05:43.941" endtime="20191220 20:05:43.948"></status>
</kw>
<msg timestamp="20191220 20:05:43.948" level="INFO">${RESPONSE} = Munch({'minValue': 11.0, 'maxValue': 23.0, 'name': 'Name123', 'nameEng': 'Name eng', 'status': 'active'})</msg>
<status status="PASS" starttime="20191220 20:05:43.905" endtime="20191220 20:05:43.948"></status>
</kw>
<kw name="Log" library="BuiltIn">
<doc>Logs the given message with the given level.</doc>
<arguments>
<arg>${RESPONSE}</arg>
</arguments>
<msg timestamp="20191220 20:05:43.950" level="INFO">Munch({'minValue': 11.0, 'maxValue': 23.0, 'name': 'Name123', 'nameEng': 'Name eng', 'status': 'active'})</msg>
<status status="PASS" starttime="20191220 20:05:43.949" endtime="20191220 20:05:43.950"></status>
</kw>
<kw name="Log Variables" library="BuiltIn">
<doc>Logs all variables in the current scope with given log level.</doc>
<msg timestamp="20191220 20:05:43.951" level="INFO">${/} = /</msg>
<msg timestamp="20191220 20:05:43.952" level="INFO">${:} = :</msg>
<msg timestamp="20191220 20:05:43.952" level="INFO">${\n} = 
</msg>
<msg timestamp="20191220 20:05:43.952" level="INFO">${API_HOST_URL} = http://localhost:8000</msg>
<msg timestamp="20191220 20:05:43.952" level="INFO">${API_VERSION} = 0</msg>
<msg timestamp="20191220 20:05:43.952" level="INFO">&amp;{CRITERIA_DATA} = { name=Tester | nameEng=Name eng | classification=Munch({'id': '92350000-9', 'scheme': 'ДК021', 'description': 'Послуги гральних закладів і тоталізаторів'}) | additionalClassification=Munch({'id': '03114100-4', 'scheme': 'ДК021', 'description': 'Солома'}) | minValue=11 | maxValue=22 | dataType=number | unit=Munch({'name': 'millilitre of water', 'code': 'WW'}) }</msg>
<msg timestamp="20191220 20:05:43.952" level="INFO">${DEBUG_FILE} = NONE</msg>
<msg timestamp="20191220 20:05:43.952" level="INFO">&amp;{EDIT_DATA} = { name=Name123 | minValue=11 | maxValue=23 | status=active }</msg>
<msg timestamp="20191220 20:05:43.952" level="INFO">${EXECDIR} = /home/orest.shkhumov/Criteria_test</msg>
<msg timestamp="20191220 20:05:43.952" level="INFO">${False} = False</msg>
<msg timestamp="20191220 20:05:43.952" level="INFO">${ID_CRITERIA} = 83ed63cd56b14b0fa8713b00e90f25fb</msg>
<msg timestamp="20191220 20:05:43.952" level="INFO">${LOG_FILE} = /home/orest.shkhumov/Criteria_test/log.html</msg>
<msg timestamp="20191220 20:05:43.953" level="INFO">${LOG_LEVEL} = INFO</msg>
<msg timestamp="20191220 20:05:43.953" level="INFO">${None} = None</msg>
<msg timestamp="20191220 20:05:43.953" level="INFO">${null} = None</msg>
<msg timestamp="20191220 20:05:43.953" level="INFO">${OUTPUT_DIR} = /home/orest.shkhumov/Criteria_test</msg>
<msg timestamp="20191220 20:05:43.953" level="INFO">${OUTPUT_FILE} = /home/orest.shkhumov/Criteria_test/output.xml</msg>
<msg timestamp="20191220 20:05:43.953" level="INFO">${PASSWORD} = adminpassword</msg>
<msg timestamp="20191220 20:05:43.953" level="INFO">${PREV_TEST_MESSAGE} = </msg>
<msg timestamp="20191220 20:05:43.953" level="INFO">${PREV_TEST_NAME} = </msg>
<msg timestamp="20191220 20:05:43.953" level="INFO">${PREV_TEST_STATUS} = </msg>
<msg timestamp="20191220 20:05:43.953" level="INFO">${REPORT_FILE} = /home/orest.shkhumov/Criteria_test/report.html</msg>
<msg timestamp="20191220 20:05:43.953" level="INFO">${RESOURCE} = criteria</msg>
<msg timestamp="20191220 20:05:43.953" level="INFO">&amp;{RESPONSE} = { minValue=11.0 | maxValue=23.0 | name=Name123 | nameEng=Name eng | status=active }</msg>
<msg timestamp="20191220 20:05:43.953" level="INFO">${SPACE} =  </msg>
<msg timestamp="20191220 20:05:43.953" level="INFO">${SUITE_DOCUMENTATION} = </msg>
<msg timestamp="20191220 20:05:43.954" level="INFO">&amp;{SUITE_METADATA} = { }</msg>
<msg timestamp="20191220 20:05:43.954" level="INFO">${SUITE_NAME} = Tests</msg>
<msg timestamp="20191220 20:05:43.954" level="INFO">${SUITE_SOURCE} = /home/orest.shkhumov/Criteria_test/tests.robot</msg>
<msg timestamp="20191220 20:05:43.954" level="INFO">${TEMPDIR} = /tmp</msg>
<msg timestamp="20191220 20:05:43.954" level="INFO">${TEST_DOCUMENTATION} = </msg>
<msg timestamp="20191220 20:05:43.954" level="INFO">${TEST_NAME} = Тест створити критерію</msg>
<msg timestamp="20191220 20:05:43.954" level="INFO">@{TEST_TAGS} = [ ]</msg>
<msg timestamp="20191220 20:05:43.954" level="INFO">${True} = True</msg>
<msg timestamp="20191220 20:05:43.954" level="INFO">@{USED_ROLES} = [ admin | user ]</msg>
<msg timestamp="20191220 20:05:43.954" level="INFO">${USERNAME} = admin</msg>
<msg timestamp="20191220 20:05:43.954" level="INFO">&amp;{USERS} = { users=Munch({'admin': Munch({'api_key': 'adminpassword', 'user_name': 'admin', 'client': &lt;client.client_helper.StableClient object at 0x7f7da2166dd0&gt;}), 'user': Munch({'api_key': 'userpassword', 'user_name': 'user', 'client': &lt;client.client_helper.StableClient object at 0x7f7da20fa810&gt;})}) }</msg>
<msg timestamp="20191220 20:05:43.954" level="INFO">${USERS_FILE} = data</msg>
<status status="PASS" starttime="20191220 20:05:43.950" endtime="20191220 20:05:43.954"></status>
</kw>
<status status="PASS" starttime="20191220 20:05:43.901" endtime="20191220 20:05:43.955"></status>
</kw>
<kw name="Можливість видаляти критерію" library="base_keywords">
<arguments>
<arg>admin</arg>
</arguments>
<kw name="Видаляти критерію" library="keywords_api">
<arguments>
<arg>${ID_CRITERIA}</arg>
<arg>${username}</arg>
</arguments>
<assign>
<var>${RESPONSE}</var>
</assign>
<kw name="Call Method" library="BuiltIn">
<doc>Calls the named method of the given object with the provided arguments.</doc>
<arguments>
<arg>${USERS.users.${username}.client}</arg>
<arg>delete_criteria</arg>
<arg>${ID}</arg>
<arg>${RESOURCE}</arg>
</arguments>
<assign>
<var>${RESPONSE}</var>
</assign>
<msg timestamp="20191220 20:05:43.980" level="INFO">${RESPONSE} = 204</msg>
<status status="PASS" starttime="20191220 20:05:43.956" endtime="20191220 20:05:43.980"></status>
</kw>
<kw name="Log" library="BuiltIn">
<doc>Logs the given message with the given level.</doc>
<arguments>
<arg>${RESPONSE}</arg>
</arguments>
<msg timestamp="20191220 20:05:43.981" level="INFO">204</msg>
<status status="PASS" starttime="20191220 20:05:43.980" endtime="20191220 20:05:43.981"></status>
</kw>
<kw name="Log Variables" library="BuiltIn">
<doc>Logs all variables in the current scope with given log level.</doc>
<msg timestamp="20191220 20:05:43.983" level="INFO">${/} = /</msg>
<msg timestamp="20191220 20:05:43.983" level="INFO">${:} = :</msg>
<msg timestamp="20191220 20:05:43.983" level="INFO">${\n} = 
</msg>
<msg timestamp="20191220 20:05:43.983" level="INFO">${API_HOST_URL} = http://localhost:8000</msg>
<msg timestamp="20191220 20:05:43.983" level="INFO">${API_VERSION} = 0</msg>
<msg timestamp="20191220 20:05:43.983" level="INFO">&amp;{CRITERIA_DATA} = { name=Tester | nameEng=Name eng | classification=Munch({'id': '92350000-9', 'scheme': 'ДК021', 'description': 'Послуги гральних закладів і тоталізаторів'}) | additionalClassification=Munch({'id': '03114100-4', 'scheme': 'ДК021', 'description': 'Солома'}) | minValue=11 | maxValue=22 | dataType=number | unit=Munch({'name': 'millilitre of water', 'code': 'WW'}) }</msg>
<msg timestamp="20191220 20:05:43.983" level="INFO">${DEBUG_FILE} = NONE</msg>
<msg timestamp="20191220 20:05:43.984" level="INFO">&amp;{EDIT_DATA} = { name=Name123 | minValue=11 | maxValue=23 | status=active }</msg>
<msg timestamp="20191220 20:05:43.984" level="INFO">${EXECDIR} = /home/orest.shkhumov/Criteria_test</msg>
<msg timestamp="20191220 20:05:43.984" level="INFO">${False} = False</msg>
<msg timestamp="20191220 20:05:43.984" level="INFO">${ID} = 83ed63cd56b14b0fa8713b00e90f25fb</msg>
<msg timestamp="20191220 20:05:43.984" level="INFO">${ID_CRITERIA} = 83ed63cd56b14b0fa8713b00e90f25fb</msg>
<msg timestamp="20191220 20:05:43.984" level="INFO">${LOG_FILE} = /home/orest.shkhumov/Criteria_test/log.html</msg>
<msg timestamp="20191220 20:05:43.984" level="INFO">${LOG_LEVEL} = INFO</msg>
<msg timestamp="20191220 20:05:43.984" level="INFO">${None} = None</msg>
<msg timestamp="20191220 20:05:43.985" level="INFO">${null} = None</msg>
<msg timestamp="20191220 20:05:43.985" level="INFO">${OUTPUT_DIR} = /home/orest.shkhumov/Criteria_test</msg>
<msg timestamp="20191220 20:05:43.985" level="INFO">${OUTPUT_FILE} = /home/orest.shkhumov/Criteria_test/output.xml</msg>
<msg timestamp="20191220 20:05:43.985" level="INFO">${PASSWORD} = adminpassword</msg>
<msg timestamp="20191220 20:05:43.985" level="INFO">${PREV_TEST_MESSAGE} = </msg>
<msg timestamp="20191220 20:05:43.985" level="INFO">${PREV_TEST_NAME} = </msg>
<msg timestamp="20191220 20:05:43.985" level="INFO">${PREV_TEST_STATUS} = </msg>
<msg timestamp="20191220 20:05:43.985" level="INFO">${REPORT_FILE} = /home/orest.shkhumov/Criteria_test/report.html</msg>
<msg timestamp="20191220 20:05:43.985" level="INFO">${RESOURCE} = criteria</msg>
<msg timestamp="20191220 20:05:43.985" level="INFO">${RESPONSE} = 204</msg>
<msg timestamp="20191220 20:05:43.986" level="INFO">${SPACE} =  </msg>
<msg timestamp="20191220 20:05:43.986" level="INFO">${SUITE_DOCUMENTATION} = </msg>
<msg timestamp="20191220 20:05:43.986" level="INFO">&amp;{SUITE_METADATA} = { }</msg>
<msg timestamp="20191220 20:05:43.986" level="INFO">${SUITE_NAME} = Tests</msg>
<msg timestamp="20191220 20:05:43.986" level="INFO">${SUITE_SOURCE} = /home/orest.shkhumov/Criteria_test/tests.robot</msg>
<msg timestamp="20191220 20:05:43.986" level="INFO">${TEMPDIR} = /tmp</msg>
<msg timestamp="20191220 20:05:43.986" level="INFO">${TEST_DOCUMENTATION} = </msg>
<msg timestamp="20191220 20:05:43.986" level="INFO">${TEST_NAME} = Тест створити критерію</msg>
<msg timestamp="20191220 20:05:43.986" level="INFO">@{TEST_TAGS} = [ ]</msg>
<msg timestamp="20191220 20:05:43.986" level="INFO">${True} = True</msg>
<msg timestamp="20191220 20:05:43.987" level="INFO">@{USED_ROLES} = [ admin | user ]</msg>
<msg timestamp="20191220 20:05:43.987" level="INFO">${USERNAME} = admin</msg>
<msg timestamp="20191220 20:05:43.987" level="INFO">&amp;{USERS} = { users=Munch({'admin': Munch({'api_key': 'adminpassword', 'user_name': 'admin', 'client': &lt;client.client_helper.StableClient object at 0x7f7da2166dd0&gt;}), 'user': Munch({'api_key': 'userpassword', 'user_name': 'user', 'client': &lt;client.client_helper.StableClient object at 0x7f7da20fa810&gt;})}) }</msg>
<msg timestamp="20191220 20:05:43.987" level="INFO">${USERS_FILE} = data</msg>
<status status="PASS" starttime="20191220 20:05:43.981" endtime="20191220 20:05:43.987"></status>
</kw>
<msg timestamp="20191220 20:05:43.988" level="INFO">${RESPONSE} = 204</msg>
<status status="PASS" starttime="20191220 20:05:43.955" endtime="20191220 20:05:43.988"></status>
</kw>
<kw name="Log" library="BuiltIn">
<doc>Logs the given message with the given level.</doc>
<arguments>
<arg>${RESPONSE}</arg>
</arguments>
<msg timestamp="20191220 20:05:43.988" level="INFO">204</msg>
<status status="PASS" starttime="20191220 20:05:43.988" endtime="20191220 20:05:43.989"></status>
</kw>
<kw name="Log Variables" library="BuiltIn">
<doc>Logs all variables in the current scope with given log level.</doc>
<msg timestamp="20191220 20:05:43.991" level="INFO">${/} = /</msg>
<msg timestamp="20191220 20:05:43.991" level="INFO">${:} = :</msg>
<msg timestamp="20191220 20:05:43.992" level="INFO">${\n} = 
</msg>
<msg timestamp="20191220 20:05:43.992" level="INFO">${API_HOST_URL} = http://localhost:8000</msg>
<msg timestamp="20191220 20:05:43.992" level="INFO">${API_VERSION} = 0</msg>
<msg timestamp="20191220 20:05:43.993" level="INFO">&amp;{CRITERIA_DATA} = { name=Tester | nameEng=Name eng | classification=Munch({'id': '92350000-9', 'scheme': 'ДК021', 'description': 'Послуги гральних закладів і тоталізаторів'}) | additionalClassification=Munch({'id': '03114100-4', 'scheme': 'ДК021', 'description': 'Солома'}) | minValue=11 | maxValue=22 | dataType=number | unit=Munch({'name': 'millilitre of water', 'code': 'WW'}) }</msg>
<msg timestamp="20191220 20:05:43.993" level="INFO">${DEBUG_FILE} = NONE</msg>
<msg timestamp="20191220 20:05:43.993" level="INFO">&amp;{EDIT_DATA} = { name=Name123 | minValue=11 | maxValue=23 | status=active }</msg>
<msg timestamp="20191220 20:05:43.993" level="INFO">${EXECDIR} = /home/orest.shkhumov/Criteria_test</msg>
<msg timestamp="20191220 20:05:43.993" level="INFO">${False} = False</msg>
<msg timestamp="20191220 20:05:43.994" level="INFO">${ID_CRITERIA} = 83ed63cd56b14b0fa8713b00e90f25fb</msg>
<msg timestamp="20191220 20:05:43.994" level="INFO">${LOG_FILE} = /home/orest.shkhumov/Criteria_test/log.html</msg>
<msg timestamp="20191220 20:05:43.994" level="INFO">${LOG_LEVEL} = INFO</msg>
<msg timestamp="20191220 20:05:43.994" level="INFO">${None} = None</msg>
<msg timestamp="20191220 20:05:43.994" level="INFO">${null} = None</msg>
<msg timestamp="20191220 20:05:43.994" level="INFO">${OUTPUT_DIR} = /home/orest.shkhumov/Criteria_test</msg>
<msg timestamp="20191220 20:05:43.994" level="INFO">${OUTPUT_FILE} = /home/orest.shkhumov/Criteria_test/output.xml</msg>
<msg timestamp="20191220 20:05:43.994" level="INFO">${PASSWORD} = adminpassword</msg>
<msg timestamp="20191220 20:05:43.994" level="INFO">${PREV_TEST_MESSAGE} = </msg>
<msg timestamp="20191220 20:05:43.994" level="INFO">${PREV_TEST_NAME} = </msg>
<msg timestamp="20191220 20:05:43.995" level="INFO">${PREV_TEST_STATUS} = </msg>
<msg timestamp="20191220 20:05:43.995" level="INFO">${REPORT_FILE} = /home/orest.shkhumov/Criteria_test/report.html</msg>
<msg timestamp="20191220 20:05:43.995" level="INFO">${RESOURCE} = criteria</msg>
<msg timestamp="20191220 20:05:43.995" level="INFO">${RESPONSE} = 204</msg>
<msg timestamp="20191220 20:05:43.995" level="INFO">${SPACE} =  </msg>
<msg timestamp="20191220 20:05:43.995" level="INFO">${SUITE_DOCUMENTATION} = </msg>
<msg timestamp="20191220 20:05:43.995" level="INFO">&amp;{SUITE_METADATA} = { }</msg>
<msg timestamp="20191220 20:05:43.995" level="INFO">${SUITE_NAME} = Tests</msg>
<msg timestamp="20191220 20:05:43.995" level="INFO">${SUITE_SOURCE} = /home/orest.shkhumov/Criteria_test/tests.robot</msg>
<msg timestamp="20191220 20:05:43.995" level="INFO">${TEMPDIR} = /tmp</msg>
<msg timestamp="20191220 20:05:43.995" level="INFO">${TEST_DOCUMENTATION} = </msg>
<msg timestamp="20191220 20:05:43.995" level="INFO">${TEST_NAME} = Тест створити критерію</msg>
<msg timestamp="20191220 20:05:43.995" level="INFO">@{TEST_TAGS} = [ ]</msg>
<msg timestamp="20191220 20:05:43.996" level="INFO">${True} = True</msg>
<msg timestamp="20191220 20:05:43.996" level="INFO">@{USED_ROLES} = [ admin | user ]</msg>
<msg timestamp="20191220 20:05:43.996" level="INFO">${USERNAME} = admin</msg>
<msg timestamp="20191220 20:05:43.996" level="INFO">&amp;{USERS} = { users=Munch({'admin': Munch({'api_key': 'adminpassword', 'user_name': 'admin', 'client': &lt;client.client_helper.StableClient object at 0x7f7da2166dd0&gt;}), 'user': Munch({'api_key': 'userpassword', 'user_name': 'user', 'client': &lt;client.client_helper.StableClient object at 0x7f7da20fa810&gt;})}) }</msg>
<msg timestamp="20191220 20:05:43.996" level="INFO">${USERS_FILE} = data</msg>
<status status="PASS" starttime="20191220 20:05:43.989" endtime="20191220 20:05:43.996"></status>
</kw>
<status status="PASS" starttime="20191220 20:05:43.955" endtime="20191220 20:05:43.996"></status>
</kw>
<status status="PASS" starttime="20191220 20:05:43.451" endtime="20191220 20:05:43.997" critical="yes"></status>
</test>
<status status="PASS" starttime="20191220 20:05:42.890" endtime="20191220 20:05:43.997"></status>
</suite>
<statistics>
<total>
<stat pass="1" fail="0">Critical Tests</stat>
<stat pass="1" fail="0">All Tests</stat>
</total>
<tag>
</tag>
<suite>
<stat pass="1" fail="0" id="s1" name="Tests">Tests</stat>
</suite>
</statistics>
<errors>
</errors>
</robot>
