<?xml version="1.0" encoding="UTF-8"?>
<robot generator="Robot 3.1.2 (Python 3.7.5 on linux)" generated="20191227 20:04:11.227" rpa="false">
<suite id="s1" name="Tests" source="/home/orest.shkhumov/Criteria_test/tests.robot">
<kw name="Підготувати клієнт для користувача" library="keywords_api" type="setup">
<kw name="Load Data From" library="service_keywords">
<doc>We assume that 'external_params' is a a valid json if passed</doc>
<arguments>
<arg>users.yaml</arg>
</arguments>
<assign>
<var>${USERS}</var>
</assign>
<msg timestamp="20191227 20:04:11.778" level="INFO">${USERS} = Munch({'users': Munch({'admin': Munch({'api_key': 'adminpassword', 'user_name': 'admin'}), 'user': Munch({'api_key': 'userpassword', 'user_name': 'user'})})})</msg>
<status status="PASS" starttime="20191227 20:04:11.775" endtime="20191227 20:04:11.778"></status>
</kw>
<kw name="${username} IN [ @{USED_ROLES} ]" type="for">
<kw name="${username} = admin" type="foritem">
<kw name="Prepare Api Wrapper" library="client.client_helper">
<arguments>
<arg>${USERS.users.${username}.user_name}</arg>
<arg>${USERS.users.${username}.api_key}</arg>
<arg>${API_HOST_URL}</arg>
<arg>${API_VERSION}</arg>
</arguments>
<assign>
<var>${api_wraper}</var>
</assign>
<msg timestamp="20191227 20:04:11.779" level="INFO">${api_wraper} = &lt;client.client_helper.StableClient object at 0x7f9d565cfe50&gt;</msg>
<status status="PASS" starttime="20191227 20:04:11.778" endtime="20191227 20:04:11.779"></status>
</kw>
<kw name="Set To Dictionary" library="Collections">
<doc>Adds the given ``key_value_pairs`` and ``items`` to the ``dictionary``.</doc>
<arguments>
<arg>${USERS.users.${username}}</arg>
<arg>client=${api_wraper}</arg>
</arguments>
<status status="PASS" starttime="20191227 20:04:11.779" endtime="20191227 20:04:11.780"></status>
</kw>
<status status="PASS" starttime="20191227 20:04:11.778" endtime="20191227 20:04:11.780"></status>
</kw>
<kw name="${username} = user" type="foritem">
<kw name="Prepare Api Wrapper" library="client.client_helper">
<arguments>
<arg>${USERS.users.${username}.user_name}</arg>
<arg>${USERS.users.${username}.api_key}</arg>
<arg>${API_HOST_URL}</arg>
<arg>${API_VERSION}</arg>
</arguments>
<assign>
<var>${api_wraper}</var>
</assign>
<msg timestamp="20191227 20:04:11.781" level="INFO">${api_wraper} = &lt;client.client_helper.StableClient object at 0x7f9d565e8490&gt;</msg>
<status status="PASS" starttime="20191227 20:04:11.780" endtime="20191227 20:04:11.781"></status>
</kw>
<kw name="Set To Dictionary" library="Collections">
<doc>Adds the given ``key_value_pairs`` and ``items`` to the ``dictionary``.</doc>
<arguments>
<arg>${USERS.users.${username}}</arg>
<arg>client=${api_wraper}</arg>
</arguments>
<status status="PASS" starttime="20191227 20:04:11.781" endtime="20191227 20:04:11.781"></status>
</kw>
<status status="PASS" starttime="20191227 20:04:11.780" endtime="20191227 20:04:11.781"></status>
</kw>
<status status="PASS" starttime="20191227 20:04:11.778" endtime="20191227 20:04:11.781"></status>
</kw>
<kw name="Set Suite Variable" library="BuiltIn">
<doc>Makes a variable available everywhere within the scope of the current suite.</doc>
<arguments>
<arg>${USERS}</arg>
</arguments>
<msg timestamp="20191227 20:04:11.782" level="INFO">${USERS} = Munch({'users': Munch({'admin': Munch({'api_key': 'adminpassword', 'user_name': 'admin', 'client': &lt;client.client_helper.StableClient object at 0x7f9d565cfe50&gt;}), 'user': Munch({'api_key': 'userpasswo...</msg>
<status status="PASS" starttime="20191227 20:04:11.782" endtime="20191227 20:04:11.782"></status>
</kw>
<status status="PASS" starttime="20191227 20:04:11.775" endtime="20191227 20:04:11.783"></status>
</kw>
<test id="s1-t1" name="Тест створити критерію">
<kw name="Можливість cтворити критерію" library="base_keywords">
<arguments>
<arg>admin</arg>
</arguments>
<kw name="Піготувати дані для критерії" library="keywords_data">
<assign>
<var>${CRITERIA_DATA}</var>
</assign>
<kw name="Data For Criteria" library="data.init_data">
<arguments>
<arg>1</arg>
<arg>12</arg>
<arg>15</arg>
<arg>37</arg>
</arguments>
<assign>
<var>${CRITERIA_DATA}</var>
</assign>
<msg timestamp="20191227 20:04:11.787" level="INFO">${CRITERIA_DATA} = Munch({'name': 'Герман  Дергач', 'nameEng': 'Teresa Foster', 'classification': Munch({'id': '92350000-9', 'scheme': 'ДК021', 'description': 'Послуги гральних закладів і тоталізаторів'}), 'additionalCl...</msg>
<status status="PASS" starttime="20191227 20:04:11.786" endtime="20191227 20:04:11.787"></status>
</kw>
<kw name="Log" library="BuiltIn">
<doc>Logs the given message with the given level.</doc>
<arguments>
<arg>${CRITERIA_DATA}</arg>
</arguments>
<msg timestamp="20191227 20:04:11.788" level="INFO">Munch({'name': 'Герман  Дергач', 'nameEng': 'Teresa Foster', 'classification': Munch({'id': '92350000-9', 'scheme': 'ДК021', 'description': 'Послуги гральних закладів і тоталізаторів'}), 'additionalClassification': Munch({'id': '03114100-4', 'scheme': 'ДК021', 'description': 'Солома'}), 'minValue': '7.7746503376825356', 'maxValue': '23.574833304471294', 'dataType': 'number', 'unit': Munch({'name': 'millilitre of water', 'code': 'WW'})})</msg>
<status status="PASS" starttime="20191227 20:04:11.788" endtime="20191227 20:04:11.788"></status>
</kw>
<msg timestamp="20191227 20:04:11.788" level="INFO">${CRITERIA_DATA} = Munch({'name': 'Герман  Дергач', 'nameEng': 'Teresa Foster', 'classification': Munch({'id': '92350000-9', 'scheme': 'ДК021', 'description': 'Послуги гральних закладів і тоталізаторів'}), 'additionalCl...</msg>
<status status="PASS" starttime="20191227 20:04:11.785" endtime="20191227 20:04:11.788"></status>
</kw>
<kw name="Set Suite Variable" library="BuiltIn">
<doc>Makes a variable available everywhere within the scope of the current suite.</doc>
<arguments>
<arg>${CRITERIA_DATA}</arg>
</arguments>
<msg timestamp="20191227 20:04:11.789" level="INFO">${CRITERIA_DATA} = Munch({'name': 'Герман  Дергач', 'nameEng': 'Teresa Foster', 'classification': Munch({'id': '92350000-9', 'scheme': 'ДК021', 'description': 'Послуги гральних закладів і тоталізаторів'}), 'additionalCl...</msg>
<status status="PASS" starttime="20191227 20:04:11.788" endtime="20191227 20:04:11.789"></status>
</kw>
<kw name="Створити критерію" library="keywords_api">
<arguments>
<arg>${CRITERIA_DATA}</arg>
<arg>${user_name}</arg>
</arguments>
<assign>
<var>${RESPONSE}</var>
</assign>
<kw name="Call Method" library="BuiltIn">
<doc>Calls the named method of the given object with the provided arguments.</doc>
<arguments>
<arg>${USERS.users.${username}.client}</arg>
<arg>create_criteria</arg>
<arg>${RESOURCE}</arg>
<arg>${DATA}</arg>
</arguments>
<assign>
<var>${RESPONSE}</var>
</assign>
<msg timestamp="20191227 20:04:11.833" level="FAIL">Calling method 'create_criteria' failed: InvalidResponse: {"non_field_errors":["minValue can`t be greater than maxValue"]}</msg>
<status status="FAIL" starttime="20191227 20:04:11.790" endtime="20191227 20:04:11.834"></status>
</kw>
<status status="FAIL" starttime="20191227 20:04:11.789" endtime="20191227 20:04:11.834"></status>
</kw>
<status status="FAIL" starttime="20191227 20:04:11.784" endtime="20191227 20:04:11.834"></status>
</kw>
<status status="FAIL" starttime="20191227 20:04:11.783" endtime="20191227 20:04:11.834" critical="yes">Calling method 'create_criteria' failed: InvalidResponse: {"non_field_errors":["minValue can`t be greater than maxValue"]}</status>
</test>
<test id="s1-t2" name="Тест редагувати критерію">
<kw name="Можливість змінити критерію" library="base_keywords">
<arguments>
<arg>admin</arg>
</arguments>
<kw name="Підготувати дані для редагування" library="keywords_data">
<assign>
<var>${EDIT_DATA}</var>
</assign>
<kw name="Data For Edit" library="data.init_data">
<arguments>
<arg>6</arg>
<arg>17</arg>
<arg>23</arg>
<arg>31</arg>
</arguments>
<assign>
<var>${EDIT_DATA}</var>
</assign>
<msg timestamp="20191227 20:04:11.838" level="INFO">${EDIT_DATA} = Munch({'name': 'Віолетта Данченко', 'nameEng': 'Teresa Wilkins', 'minValue': '12.389479609342192', 'maxValue': '28.940461450329416', 'status': 'active'})</msg>
<status status="PASS" starttime="20191227 20:04:11.837" endtime="20191227 20:04:11.838"></status>
</kw>
<kw name="Log" library="BuiltIn">
<doc>Logs the given message with the given level.</doc>
<arguments>
<arg>${EDIT_DATA}</arg>
</arguments>
<msg timestamp="20191227 20:04:11.838" level="INFO">Munch({'name': 'Віолетта Данченко', 'nameEng': 'Teresa Wilkins', 'minValue': '12.389479609342192', 'maxValue': '28.940461450329416', 'status': 'active'})</msg>
<status status="PASS" starttime="20191227 20:04:11.838" endtime="20191227 20:04:11.839"></status>
</kw>
<msg timestamp="20191227 20:04:11.839" level="INFO">${EDIT_DATA} = Munch({'name': 'Віолетта Данченко', 'nameEng': 'Teresa Wilkins', 'minValue': '12.389479609342192', 'maxValue': '28.940461450329416', 'status': 'active'})</msg>
<status status="PASS" starttime="20191227 20:04:11.836" endtime="20191227 20:04:11.839"></status>
</kw>
<kw name="Set Suite Variable" library="BuiltIn">
<doc>Makes a variable available everywhere within the scope of the current suite.</doc>
<arguments>
<arg>${EDIT_DATA}</arg>
</arguments>
<msg timestamp="20191227 20:04:11.839" level="INFO">${EDIT_DATA} = Munch({'name': 'Віолетта Данченко', 'nameEng': 'Teresa Wilkins', 'minValue': '12.389479609342192', 'maxValue': '28.940461450329416', 'status': 'active'})</msg>
<status status="PASS" starttime="20191227 20:04:11.839" endtime="20191227 20:04:11.839"></status>
</kw>
<kw name="Змінити критерію" library="keywords_api">
<arguments>
<arg>${ID_CRITERIA}</arg>
<arg>${EDIT_DATA}</arg>
<arg>${user_name}</arg>
</arguments>
<assign>
<var>${PATCH_RESPONSE}</var>
</assign>
<msg timestamp="20191227 20:04:11.841" level="FAIL">Variable '${ID_CRITERIA}' not found.</msg>
<status status="FAIL" starttime="20191227 20:04:11.840" endtime="20191227 20:04:11.841"></status>
</kw>
<status status="FAIL" starttime="20191227 20:04:11.836" endtime="20191227 20:04:11.841"></status>
</kw>
<status status="FAIL" starttime="20191227 20:04:11.835" endtime="20191227 20:04:11.841" critical="yes">Variable '${ID_CRITERIA}' not found.</status>
</test>
<test id="s1-t3" name="Тест перевірити кількість критерій">
<kw name="Можливість переглядати список критеріїв" library="base_keywords">
<arguments>
<arg>admin</arg>
</arguments>
<kw name="Переглядати список критеріїв" library="keywords_api">
<arguments>
<arg>${user_name}</arg>
</arguments>
<assign>
<var>${GET_RESPONSE}</var>
</assign>
<kw name="Call Method" library="BuiltIn">
<doc>Calls the named method of the given object with the provided arguments.</doc>
<arguments>
<arg>${USERS.users.${username}.client}</arg>
<arg>get_criteria</arg>
<arg>${RESOURCE}</arg>
</arguments>
<assign>
<var>${RESPONSE}</var>
</assign>
<msg timestamp="20191227 20:04:12.193" level="INFO">${RESPONSE} = Munch({'count': 283, 'next': 'http://localhost:8000/api/0/criteria/?limit=100&amp;offset=100', 'previous': None, 'results': [Munch({'id': 'f42e4b4b680741adac26573335c9cedb', 'name': 'Амалія Нестеренко', '...</msg>
<status status="PASS" starttime="20191227 20:04:11.844" endtime="20191227 20:04:12.193"></status>
</kw>
<kw name="Log" library="BuiltIn">
<doc>Logs the given message with the given level.</doc>
<arguments>
<arg>${RESPONSE}</arg>
</arguments>
<msg timestamp="20191227 20:04:12.195" level="INFO">Munch({'count': 283, 'next': 'http://localhost:8000/api/0/criteria/?limit=100&amp;offset=100', 'previous': None, 'results': [Munch({'id': 'f42e4b4b680741adac26573335c9cedb', 'name': 'Амалія Нестеренко', 'classification': Munch({'description': 'Послуги гральних закладів і тоталізаторів', 'scheme': 'ДК021', 'id': '92350000-9'}), 'additionalClassification': Munch({'description': 'Солома', 'id': '03114100-4', 'scheme': 'ДК021'}), 'unit': Munch({'name': 'millilitre of water', 'code': 'WW'}), 'status': 'active'}), Munch({'id': '2bdb522976024b17bbf117b33ff62cc9', 'name': 'Михайло Демʼянчук', 'classification': Munch({'description': 'Послуги гральних закладів і тоталізаторів', 'scheme': 'ДК021', 'id': '92350000-9'}), 'additionalClassification': Munch({'description': 'Солома', 'id': '03114100-4', 'scheme': 'ДК021'}), 'unit': Munch({'name': 'millilitre of water', 'code': 'WW'}), 'status': 'active'}), Munch({'id': '6d625e77cf7041d78bb9bb3843ab5d68', 'name': 'Василина Конопленко', 'classification': Munch({'description': 'Послуги гральних закладів і тоталізаторів', 'scheme': 'ДК021', 'id': '92350000-9'}), 'additionalClassification': Munch({'description': 'Солома', 'id': '03114100-4', 'scheme': 'ДК021'}), 'unit': Munch({'name': 'millilitre of water', 'code': 'WW'}), 'status': 'active'}), Munch({'id': 'b736bcdd3c244399a05511c8fa3de91a', 'name': 'Маруся Щорс', 'classification': Munch({'description': 'Послуги гральних закладів і тоталізаторів', 'scheme': 'ДК021', 'id': '92350000-9'}), 'additionalClassification': Munch({'description': 'Солома', 'id': '03114100-4', 'scheme': 'ДК021'}), 'unit': Munch({'name': 'millilitre of water', 'code': 'WW'}), 'status': 'active'}), Munch({'id': '8245da35a654429c8d1c0ecd761a19d9', 'name': 'Аврелій Воблий', 'classification': Munch({'description': 'Послуги гральних закладів і тоталізаторів', 'scheme': 'ДК021', 'id': '92350000-9'}), 'additionalClassification': Munch({'description': 'Солома', 'id': '03114100-4', 'scheme': 'ДК021'}), 'unit': Munch({'name': 'millilitre of water', 'code': 'WW'}), 'status': 'active'}), Munch({'id': '1baa7e685f8b43e386b170be58c43d35', 'name': 'Анастасія Коваленко', 'classification': Munch({'description': 'Послуги гральних закладів і тоталізаторів', 'scheme': 'ДК021', 'id': '92350000-9'}), 'additionalClassification': Munch({'description': 'Солома', 'id': '03114100-4', 'scheme': 'ДК021'}), 'unit': Munch({'name': 'millilitre of water', 'code': 'WW'}), 'status': 'active'}), Munch({'id': '13949176289844bbac8217c27b4fb515', 'name': 'Опанас Худобʼяк', 'classification': Munch({'description': 'Послуги гральних закладів і тоталізаторів', 'scheme': 'ДК021', 'id': '92350000-9'}), 'additionalClassification': Munch({'description': 'Солома', 'id': '03114100-4', 'scheme': 'ДК021'}), 'unit': Munch({'name': 'millilitre of water', 'code': 'WW'}), 'status': 'active'}), Munch({'id': '937d6783864b48fba065e2f775a48a61', 'name': 'Оксана Щорс', 'classification': Munch({'description': 'Послуги гральних закладів і тоталізаторів', 'scheme': 'ДК021', 'id': '92350000-9'}), 'additionalClassification': Munch({'description': 'Солома', 'id': '03114100-4', 'scheme': 'ДК021'}), 'unit': Munch({'name': 'millilitre of water', 'code': 'WW'}), 'status': 'active'}), Munch({'id': 'db71c5c60aa549f9aad5b68024ab01fc', 'name': 'Христина Забарний', 'classification': Munch({'description': 'Послуги гральних закладів і тоталізаторів', 'scheme': 'ДК021', 'id': '92350000-9'}), 'additionalClassification': Munch({'description': 'Солома', 'id': '03114100-4', 'scheme': 'ДК021'}), 'unit': Munch({'name': 'millilitre of water', 'code': 'WW'}), 'status': 'active'}), Munch({'id': '202d017bb53e4ed49bfa862a82586e23', 'name': 'Юстина Гайворонський', 'classification': Munch({'description': 'Послуги гральних закладів і тоталізаторів', 'scheme': 'ДК021', 'id': '92350000-9'}), 'additionalClassification': Munch({'description': 'Солома', 'id': '03114100-4', 'scheme': 'ДК021'}), 'unit': Munch({'name': 'millilitre of water', 'code': 'WW'}), 'status': 'active'}), Munch({'id': 'da4bed805afb41bab28ea074e82d4f15', 'name': 'Кирило Шиян', 'classification': Munch({'description': 'Послуги гральних закладів і тоталізаторів', 'scheme': 'ДК021', 'id': '92350000-9'}), 'additionalClassification': Munch({'description': 'Солома', 'id': '03114100-4', 'scheme': 'ДК021'}), 'unit': Munch({'name': 'millilitre of water', 'code': 'WW'}), 'status': 'active'}), Munch({'id': '7530275a11a34e17bde1ecd6c6e58c9a', 'name': 'Маруся Масоха', 'classification': Munch({'description': 'Послуги гральних закладів і тоталізаторів', 'scheme': 'ДК021', 'id': '92350000-9'}), 'additionalClassification': Munch({'description': 'Солома', 'id': '03114100-4', 'scheme': 'ДК021'}), 'unit': Munch({'name': 'millilitre of water', 'code': 'WW'}), 'status': 'active'}), Munch({'id': 'b3ab209b614e4d0cb45fe63e4204db7b', 'name': 'пан Ілля Носенко', 'classification': Munch({'description': 'Послуги гральних закладів і тоталізаторів', 'scheme': 'ДК021', 'id': '92350000-9'}), 'additionalClassification': Munch({'description': 'Солома', 'id': '03114100-4', 'scheme': 'ДК021'}), 'unit': Munch({'name': 'millilitre of water', 'code': 'WW'}), 'status': 'active'}), Munch({'id': 'c9c7ed88bc59492a9471e618b09dea11', 'name': 'Софія Скиба', 'classification': Munch({'description': 'Послуги гральних закладів і тоталізаторів', 'scheme': 'ДК021', 'id': '92350000-9'}), 'additionalClassification': Munch({'description': 'Солома', 'id': '03114100-4', 'scheme': 'ДК021'}), 'unit': Munch({'name': 'millilitre of water', 'code': 'WW'}), 'status': 'active'}), Munch({'id': '9c70afa2f06d451badcaabfd5a58cf6e', 'name': 'Лілія Шаповал', 'classification': Munch({'description': 'Послуги гральних закладів і тоталізаторів', 'scheme': 'ДК021', 'id': '92350000-9'}), 'additionalClassification': Munch({'description': 'Солома', 'id': '03114100-4', 'scheme': 'ДК021'}), 'unit': Munch({'name': 'millilitre of water', 'code': 'WW'}), 'status': 'active'}), Munch({'id': '35f893434d954a2098b8ca6d90196bcb', 'name': 'Юстина Міщенко', 'classification': Munch({'description': 'Послуги гральних закладів і тоталізаторів', 'scheme': 'ДК021', 'id': '92350000-9'}), 'additionalClassification': Munch({'description': 'Солома', 'id': '03114100-4', 'scheme': 'ДК021'}), 'unit': Munch({'name': 'millilitre of water', 'code': 'WW'}), 'status': 'active'}), Munch({'id': 'b2c9c7e540f84407b5af5bc2e11acf80', 'name': 'Орися Франко', 'classification': Munch({'description': 'Послуги гральних закладів і тоталізаторів', 'scheme': 'ДК021', 'id': '92350000-9'}), 'additionalClassification': Munch({'description': 'Солома', 'id': '03114100-4', 'scheme': 'ДК021'}), 'unit': Munch({'name': 'millilitre of water', 'code': 'WW'}), 'status': 'active'}), Munch({'id': '924fa8ad4c0245dca6f8a33d261c7230', 'name': 'Артем Ющенко', 'classification': Munch({'description': 'Послуги гральних закладів і тоталізаторів', 'scheme': 'ДК021', 'id': '92350000-9'}), 'additionalClassification': Munch({'description': 'Солома', 'id': '03114100-4', 'scheme': 'ДК021'}), 'unit': Munch({'name': 'millilitre of water', 'code': 'WW'}), 'status': 'active'}), Munch({'id': '2fe4f03b3ee74f818241f52b161368ab', 'name': 'Христина Захарченко', 'classification': Munch({'description': 'Послуги гральних закладів і тоталізаторів', 'scheme': 'ДК021', 'id': '92350000-9'}), 'additionalClassification': Munch({'description': 'Солома', 'id': '03114100-4', 'scheme': 'ДК021'}), 'unit': Munch({'name': 'millilitre of water', 'code': 'WW'}), 'status': 'active'}), Munch({'id': '6057b974ff184038908cf282ceed747a', 'name': 'Юстина Чаленко', 'classification': Munch({'description': 'Послуги гральних закладів і тоталізаторів', 'scheme': 'ДК021', 'id': '92350000-9'}), 'additionalClassification': Munch({'description': 'Солома', 'id': '03114100-4', 'scheme': 'ДК021'}), 'unit': Munch({'name': 'millilitre of water', 'code': 'WW'}), 'status': 'active'}), Munch({'id': '855585556ecf495cb27ab2f60a96dd67', 'name': 'Марія Абрамчук', 'classification': Munch({'description': 'Послуги гральних закладів і тоталізаторів', 'scheme': 'ДК021', 'id': '92350000-9'}), 'additionalClassification': Munch({'description': 'Солома', 'id': '03114100-4', 'scheme': 'ДК021'}), 'unit': Munch({'name': 'millilitre of water', 'code': 'WW'}), 'status': 'active'}), Munch({'id': '972ae0967dac46329074800235c3aa60', 'name': 'Оксана Корсун', 'classification': Munch({'description': 'Послуги гральних закладів і тоталізаторів', 'scheme': 'ДК021', 'id': '92350000-9'}), 'additionalClassification': Munch({'description': 'Солома', 'id': '03114100-4', 'scheme': 'ДК021'}), 'unit': Munch({'name': 'millilitre of water', 'code': 'WW'}), 'status': 'active'}), Munch({'id': 'f8762e4d23084338a39f7057cf1914f6', 'name': 'пані Одарка Корпанюк', 'classification': Munch({'description': 'Послуги гральних закладів і тоталізаторів', 'scheme': 'ДК021', 'id': '92350000-9'}), 'additionalClassification': Munch({'description': 'Солома', 'id': '03114100-4', 'scheme': 'ДК021'}), 'unit': Munch({'name': 'millilitre of water', 'code': 'WW'}), 'status': 'active'}), Munch({'id': 'c4ee89556b694b8c948c9acc8feee3e5', 'name': 'Варвара Вовк', 'classification': Munch({'description': 'Послуги гральних закладів і тоталізаторів', 'scheme': 'ДК021', 'id': '92350000-9'}), 'additionalClassification': Munch({'description': 'Солома', 'id': '03114100-4', 'scheme': 'ДК021'}), 'unit': Munch({'name': 'millilitre of water', 'code': 'WW'}), 'status': 'active'}), Munch({'id': '5a49726ac03140dc9deeacabe6957299', 'name': 'Омелян Верхола', 'classification': Munch({'description': 'Послуги гральних закладів і тоталізаторів', 'scheme': 'ДК021', 'id': '92350000-9'}), 'additionalClassification': Munch({'description': 'Солома', 'id': '03114100-4', 'scheme': 'ДК021'}), 'unit': Munch({'name': 'millilitre of water', 'code': 'WW'}), 'status': 'active'}), Munch({'id': 'a502ed03b2474acfad037f321a7dd5cf', 'name': 'Охрім Остапчук', 'classification': Munch({'description': 'Послуги гральних закладів і тоталізаторів', 'scheme': 'ДК021', 'id': '92350000-9'}), 'additionalClassification': Munch({'description': 'Солома', 'id': '03114100-4', 'scheme': 'ДК021'}), 'unit': Munch({'name': 'millilitre of water', 'code': 'WW'}), 'status': 'active'}), Munch({'id': '9b9692903f7642b0b893b2bb365ab468', 'name': 'Юстим Забарний', 'classification': Munch({'description': 'Послуги гральних закладів і тоталізаторів', 'scheme': 'ДК021', 'id': '92350000-9'}), 'additionalClassification': Munch({'description': 'Солома', 'id': '03114100-4', 'scheme': 'ДК021'}), 'unit': Munch({'name': 'millilitre of water', 'code': 'WW'}), 'status': 'active'}), Munch({'id': '106a7cbf867f4fc78f8864a5e07686a4', 'name': 'Пилип', 'classification': Munch({'description': 'Послуги гральних закладів і тоталізаторів', 'scheme': 'ДК021', 'id': '92350000-9'}), 'additionalClassification': Munch({'description': 'Солома', 'id': '03114100-4', 'scheme': 'ДК021'}), 'unit': Munch({'name': 'millilitre of water', 'code': 'WW'}), 'status': 'active'}), Munch({'id': 'de9c84e9827647639794de9a8c4494f8', 'name': 'Марко Гаврилюк', 'classification': Munch({'description': 'Послуги гральних закладів і тоталізаторів', 'scheme': 'ДК021', 'id': '92350000-9'}), 'additionalClassification': Munch({'description': 'Солома', 'id': '03114100-4', 'scheme': 'ДК021'}), 'unit': Munch({'name': 'millilitre of water', 'code': 'WW'}), 'status': 'active'}), Munch({'id': 'ed268b95e4ff49d899ed1910ca259fde', 'name': 'Пилип', 'classification': Munch({'description': 'Послуги гральних закладів і тоталізаторів', 'scheme': 'ДК021', 'id': '92350000-9'}), 'additionalClassification': Munch({'description': 'Солома', 'id': '03114100-4', 'scheme': 'ДК021'}), 'unit': Munch({'name': 'millilitre of water', 'code': 'WW'}), 'status': 'active'}), Munch({'id': 'e58a0ca467874cd5b8fe9c8ca9891c50', 'name': 'Пилип', 'classification': Munch({'description': 'Послуги гральних закладів і тоталізаторів', 'scheme': 'ДК021', 'id': '92350000-9'}), 'additionalClassification': Munch({'description': 'Солома', 'id': '03114100-4', 'scheme': 'ДК021'}), 'unit': Munch({'name': 'millilitre of water', 'code': 'WW'}), 'status': 'active'}), Munch({'id': 'b2ef7698fe8842428221dc46325109f4', 'name': 'Пилип', 'classification': Munch({'description': 'Послуги гральних закладів і тоталізаторів', 'scheme': 'ДК021', 'id': '92350000-9'}), 'additionalClassification': Munch({'description': 'Солома', 'id': '03114100-4', 'scheme': 'ДК021'}), 'unit': Munch({'name': 'millilitre of water', 'code': 'WW'}), 'status': 'active'}), Munch({'id': '515996c1377a43e29ab9165f95e04a87', 'name': 'Галина Гайдай', 'classification': Munch({'description': 'Послуги гральних закладів і тоталізаторів', 'scheme': 'ДК021', 'id': '92350000-9'}), 'additionalClassification': Munch({'description': 'Солома', 'id': '03114100-4', 'scheme': 'ДК021'}), 'unit': Munch({'name': 'millilitre of water', 'code': 'WW'}), 'status': 'active'}), Munch({'id': '66b0bc020dcc4ca8bc2afd4c637c4377', 'name': 'пані Олена Тичина', 'classification': Munch({'description': 'Послуги гральних закладів і тоталізаторів', 'scheme': 'ДК021', 'id': '92350000-9'}), 'additionalClassification': Munch({'description': 'Солома', 'id': '03114100-4', 'scheme': 'ДК021'}), 'unit': Munch({'name': 'millilitre of water', 'code': 'WW'}), 'status': 'active'}), Munch({'id': '517a5d136cdd486dbd31b11d0ee6356a', 'name': 'Пилип', 'classification': Munch({'description': 'Послуги гральних закладів і тоталізаторів', 'scheme': 'ДК021', 'id': '92350000-9'}), 'additionalClassification': Munch({'description': 'Солома', 'id': '03114100-4', 'scheme': 'ДК021'}), 'unit': Munch({'name': 'millilitre of water', 'code': 'WW'}), 'status': 'active'}), Munch({'id': '95301dc1d8994f31b939f68a19c3e390', 'name': 'Пилип', 'classification': Munch({'description': 'Послуги гральних закладів і тоталізаторів', 'scheme': 'ДК021', 'id': '92350000-9'}), 'additionalClassification': Munch({'description': 'Солома', 'id': '03114100-4', 'scheme': 'ДК021'}), 'unit': Munch({'name': 'millilitre of water', 'code': 'WW'}), 'status': 'active'}), Munch({'id': '2c8fabd308fa4f3982c1fbfc7a62ce5c', 'name': 'Пилип', 'classification': Munch({'description': 'Послуги гральних закладів і тоталізаторів', 'scheme': 'ДК021', 'id': '92350000-9'}), 'additionalClassification': Munch({'description': 'Солома', 'id': '03114100-4', 'scheme': 'ДК021'}), 'unit': Munch({'name': 'millilitre of water', 'code': 'WW'}), 'status': 'active'}), Munch({'id': '639da87994b24cbba4ca175e26d84dbc', 'name': 'Пилип', 'classification': Munch({'description': 'Послуги гральних закладів і тоталізаторів', 'scheme': 'ДК021', 'id': '92350000-9'}), 'additionalClassification': Munch({'description': 'Солома', 'id': '03114100-4', 'scheme': 'ДК021'}), 'unit': Munch({'name': 'millilitre of water', 'code': 'WW'}), 'status': 'active'}), Munch({'id': 'c10e07584fc54be2bae59460fef43a84', 'name': 'Пилип', 'classification': Munch({'description': 'Послуги гральних закладів і тоталізаторів', 'scheme': 'ДК021', 'id': '92350000-9'}), 'additionalClassification': Munch({'description': 'Солома', 'id': '03114100-4', 'scheme': 'ДК021'}), 'unit': Munch({'name': 'millilitre of water', 'code': 'WW'}), 'status': 'active'}), Munch({'id': '1a6a5abbac5946aaa5be0dd4da41fc01', 'name': 'Пилип', 'classification': Munch({'description': 'Послуги гральних закладів і тоталізаторів', 'scheme': 'ДК021', 'id': '92350000-9'}), 'additionalClassification': Munch({'description': 'Солома', 'id': '03114100-4', 'scheme': 'ДК021'}), 'unit': Munch({'name': 'millilitre of water', 'code': 'WW'}), 'status': 'active'}), Munch({'id': '684d859b5263439384fcdf1d90c9fb93', 'name': 'Test', 'classification': Munch({'description': 'Послуги гральних закладів і тоталізаторів', 'scheme': 'ДК021', 'id': '92350000-9'}), 'additionalClassification': Munch({'description': 'Солома', 'id': '03114100-4', 'scheme': 'ДК021'}), 'unit': Munch({'name': 'millilitre of water', 'code': 'WW'}), 'status': 'active'}), Munch({'id': 'b0abc5fcc3de4b279997ed282c72be85', 'name': 'Пилип', 'classification': Munch({'description': 'Послуги гральних закладів і тоталізаторів', 'scheme': 'ДК021', 'id': '92350000-9'}), 'additionalClassification': Munch({'description': 'Солома', 'id': '03114100-4', 'scheme': 'ДК021'}), 'unit': Munch({'name': 'millilitre of water', 'code': 'WW'}), 'status': 'active'}), Munch({'id': 'b3150ed6230d4173a279051c5d793084', 'name': 'Пилип', 'classification': Munch({'description': 'Послуги гральних закладів і тоталізаторів', 'scheme': 'ДК021', 'id': '92350000-9'}), 'additionalClassification': Munch({'description': 'Солома', 'id': '03114100-4', 'scheme': 'ДК021'}), 'unit': Munch({'name': 'millilitre of water', 'code': 'WW'}), 'status': 'active'}), Munch({'id': '681dd430e3ec40f18a699a46a4b36c68', 'name': 'Test', 'classification': Munch({'description': 'Послуги гральних закладів і тоталізаторів', 'scheme': 'ДК021', 'id': '92350000-9'}), 'additionalClassification': Munch({'description': 'Солома', 'id': '03114100-4', 'scheme': 'ДК021'}), 'unit': Munch({'name': 'millilitre of water', 'code': 'WW'}), 'status': 'active'}), Munch({'id': '2e48c181f8ae4777a22bf07446048dcd', 'name': 'Test', 'classification': Munch({'description': 'Послуги гральних закладів і тоталізаторів', 'scheme': 'ДК021', 'id': '92350000-9'}), 'additionalClassification': Munch({'description': 'Солома', 'id': '03114100-4', 'scheme': 'ДК021'}), 'unit': Munch({'name': 'millilitre of water', 'code': 'WW'}), 'status': 'active'}), Munch({'id': '1df215f2e2ef463191b4a5cc4112a278', 'name': 'Test', 'classification': Munch({'description': 'Послуги гральних закладів і тоталізаторів', 'scheme': 'ДК021', 'id': '92350000-9'}), 'additionalClassification': Munch({'description': 'Солома', 'id': '03114100-4', 'scheme': 'ДК021'}), 'unit': Munch({'name': 'millilitre of water', 'code': 'WW'}), 'status': 'active'}), Munch({'id': '99cad0092ffb42f881aac22cca3b6dc1', 'name': 'Test', 'classification': Munch({'description': 'Послуги гральних закладів і тоталізаторів', 'scheme': 'ДК021', 'id': '92350000-9'}), 'additionalClassification': Munch({'description': 'Солома', 'id': '03114100-4', 'scheme': 'ДК021'}), 'unit': Munch({'name': 'millilitre of water', 'code': 'WW'}), 'status': 'active'}), Munch({'id': 'b0c40d3bd7b047e18d6c71cd7721e933', 'name': 'Пилип', 'classification': Munch({'description': 'Послуги гральних закладів і тоталізаторів', 'scheme': 'ДК021', 'id': '92350000-9'}), 'additionalClassification': Munch({'description': 'Солома', 'id': '03114100-4', 'scheme': 'ДК021'}), 'unit': Munch({'name': 'millilitre of water', 'code': 'WW'}), 'status': 'active'}), Munch({'id': '28e2f8aa034b43eb9b26378107237f72', 'name': 'Test', 'classification': Munch({'description': 'Послуги гральних закладів і тоталізаторів', 'scheme': 'ДК021', 'id': '92350000-9'}), 'additionalClassification': Munch({'description': 'Солома', 'id': '03114100-4', 'scheme': 'ДК021'}), 'unit': Munch({'name': 'millilitre of water', 'code': 'WW'}), 'status': 'active'}), Munch({'id': '9a5ac05faa264af398b6918a770bde16', 'name': 'Test', 'classification': Munch({'description': 'Послуги гральних закладів і тоталізаторів', 'scheme': 'ДК021', 'id': '92350000-9'}), 'additionalClassification': Munch({'description': 'Солома', 'id': '03114100-4', 'scheme': 'ДК021'}), 'unit': Munch({'name': 'millilitre of water', 'code': 'WW'}), 'status': 'active'}), Munch({'id': 'a3a8ab9e2f184cf69a4fcf35fdff9aa6', 'name': 'Test', 'classification': Munch({'description': 'Послуги гральних закладів і тоталізаторів', 'scheme': 'ДК021', 'id': '92350000-9'}), 'additionalClassification': Munch({'description': 'Солома', 'id': '03114100-4', 'scheme': 'ДК021'}), 'unit': Munch({'name': 'millilitre of water', 'code': 'WW'}), 'status': 'active'}), Munch({'id': 'e665455f376042ab8812e0bc7e6dc858', 'name': 'Test', 'classification': Munch({'description': 'Послуги гральних закладів і тоталізаторів', 'scheme': 'ДК021', 'id': '92350000-9'}), 'additionalClassification': Munch({'description': 'Солома', 'id': '03114100-4', 'scheme': 'ДК021'}), 'unit': Munch({'name': 'millilitre of water', 'code': 'WW'}), 'status': 'active'}), Munch({'id': '668f74f6d7994c81b17af795e602282a', 'name': 'Tester2', 'classification': Munch({'description': 'Послуги гральних закладів і тоталізаторів', 'scheme': 'ДК021', 'id': '92350000-9'}), 'additionalClassification': Munch({'description': 'Солома', 'id': '03114100-4', 'scheme': 'ДК021'}), 'unit': Munch({'name': 'millilitre of water', 'code': 'WW'}), 'status': 'active'}), Munch({'id': '43ab5bd8d68144bb84ffa61a7915572f', 'name': 'Tester2', 'classification': Munch({'description': 'Послуги гральних закладів і тоталізаторів', 'scheme': 'ДК021', 'id': '92350000-9'}), 'additionalClassification': Munch({'description': 'Солома', 'id': '03114100-4', 'scheme': 'ДК021'}), 'unit': Munch({'name': 'millilitre of water', 'code': 'WW'}), 'status': 'active'}), Munch({'id': '898b5e7a9e6748eb85a00c2f4385ae37', 'name': 'Tester2', 'classification': Munch({'description': 'Послуги гральних закладів і тоталізаторів', 'scheme': 'ДК021', 'id': '92350000-9'}), 'additionalClassification': Munch({'description': 'Солома', 'id': '03114100-4', 'scheme': 'ДК021'}), 'unit': Munch({'name': 'millilitre of water', 'code': 'WW'}), 'status': 'active'}), Munch({'id': 'f2d4e7330f9945efb749ffc24d941a73', 'name': 'Name', 'classification': Munch({'description': 'Послуги гральних закладів і тоталізаторів', 'scheme': 'ДК021', 'id': '92350000-9'}), 'additionalClassification': Munch({'description': 'Солома', 'id': '03114100-4', 'scheme': 'ДК021'}), 'unit': Munch({'name': 'millilitre of water', 'code': 'WW'}), 'status': 'active'}), Munch({'id': 'bab07fed65a545ee831a1323fe85d581', 'name': 'Tester2', 'classification': Munch({'description': 'Послуги гральних закладів і тоталізаторів', 'scheme': 'ДК021', 'id': '92350000-9'}), 'additionalClassification': Munch({'description': 'Солома', 'id': '03114100-4', 'scheme': 'ДК021'}), 'unit': Munch({'name': 'millilitre of water', 'code': 'WW'}), 'status': 'active'}), Munch({'id': '2dd4deaf77f549d6bf89a960431edb92', 'name': 'Test', 'classification': Munch({'description': 'Послуги гральних закладів і тоталізаторів', 'scheme': 'ДК021', 'id': '92350000-9'}), 'additionalClassification': Munch({'description': 'Солома', 'id': '03114100-4', 'scheme': 'ДК021'}), 'unit': Munch({'name': 'millilitre of water', 'code': 'WW'}), 'status': 'active'}), Munch({'id': '8e1e35cfeaaa4ce7a92cebc96123ff0e', 'name': 'Test', 'classification': Munch({'description': 'Послуги гральних закладів і тоталізаторів', 'scheme': 'ДК021', 'id': '92350000-9'}), 'additionalClassification': Munch({'description': 'Солома', 'id': '03114100-4', 'scheme': 'ДК021'}), 'unit': Munch({'name': 'millilitre of water', 'code': 'WW'}), 'status': 'active'}), Munch({'id': 'c89415ac64804b3288eb35ffdc54418d', 'name': 'Test', 'classification': Munch({'description': 'Послуги гральних закладів і тоталізаторів', 'scheme': 'ДК021', 'id': '92350000-9'}), 'additionalClassification': Munch({'description': 'Солома', 'id': '03114100-4', 'scheme': 'ДК021'}), 'unit': Munch({'name': 'millilitre of water', 'code': 'WW'}), 'status': 'active'}), Munch({'id': '5834c0a7a90b476d8602c2c279919af7', 'name': 'Test', 'classification': Munch({'description': 'Послуги гральних закладів і тоталізаторів', 'scheme': 'ДК021', 'id': '92350000-9'}), 'additionalClassification': Munch({'description': 'Солома', 'id': '03114100-4', 'scheme': 'ДК021'}), 'unit': Munch({'name': 'millilitre of water', 'code': 'WW'}), 'status': 'active'}), Munch({'id': '14cfc0c0887a4370965c56bb5b67cb24', 'name': 'Test', 'classification': Munch({'description': 'Послуги гральних закладів і тоталізаторів', 'scheme': 'ДК021', 'id': '92350000-9'}), 'additionalClassification': Munch({'description': 'Солома', 'id': '03114100-4', 'scheme': 'ДК021'}), 'unit': Munch({'name': 'millilitre of water', 'code': 'WW'}), 'status': 'active'}), Munch({'id': '6cf6b981cace499baac099155a3a271e', 'name': 'Test', 'classification': Munch({'description': 'Послуги гральних закладів і тоталізаторів', 'scheme': 'ДК021', 'id': '92350000-9'}), 'additionalClassification': Munch({'description': 'Солома', 'id': '03114100-4', 'scheme': 'ДК021'}), 'unit': Munch({'name': 'millilitre of water', 'code': 'WW'}), 'status': 'active'}), Munch({'id': 'bdb556eedd0f4ca08433eb8167b32a88', 'name': 'Test', 'classification': Munch({'description': 'Послуги гральних закладів і тоталізаторів', 'scheme': 'ДК021', 'id': '92350000-9'}), 'additionalClassification': Munch({'description': 'Солома', 'id': '03114100-4', 'scheme': 'ДК021'}), 'unit': Munch({'name': 'millilitre of water', 'code': 'WW'}), 'status': 'active'}), Munch({'id': '05e9522967334e60b75085726334c83b', 'name': 'Test', 'classification': Munch({'description': 'Послуги гральних закладів і тоталізаторів', 'scheme': 'ДК021', 'id': '92350000-9'}), 'additionalClassification': Munch({'description': 'Солома', 'id': '03114100-4', 'scheme': 'ДК021'}), 'unit': Munch({'name': 'millilitre of water', 'code': 'WW'}), 'status': 'active'}), Munch({'id': '86afafcc2ec148028086cc3a08bca2ef', 'name': 'Test', 'classification': Munch({'description': 'Послуги гральних закладів і тоталізаторів', 'scheme': 'ДК021', 'id': '92350000-9'}), 'additionalClassification': Munch({'description': 'Солома', 'id': '03114100-4', 'scheme': 'ДК021'}), 'unit': Munch({'name': 'millilitre of water', 'code': 'WW'}), 'status': 'active'}), Munch({'id': '58abe6c72fcc407d940f7c03fee7063c', 'name': 'Test', 'classification': Munch({'description': 'Послуги гральних закладів і тоталізаторів', 'scheme': 'ДК021', 'id': '92350000-9'}), 'additionalClassification': Munch({'description': 'Солома', 'id': '03114100-4', 'scheme': 'ДК021'}), 'unit': Munch({'name': 'millilitre of water', 'code': 'WW'}), 'status': 'active'}), Munch({'id': '217ec663eba143d7912256e8858b7257', 'name': 'Test', 'classification': Munch({'description': 'Послуги гральних закладів і тоталізаторів', 'scheme': 'ДК021', 'id': '92350000-9'}), 'additionalClassification': Munch({'description': 'Солома', 'id': '03114100-4', 'scheme': 'ДК021'}), 'unit': Munch({'name': 'millilitre of water', 'code': 'WW'}), 'status': 'active'}), Munch({'id': '2ad29a26ceb54f3bbd42c3d7189c3e6d', 'name': 'Test', 'classification': Munch({'description': 'Послуги гральних закладів і тоталізаторів', 'scheme': 'ДК021', 'id': '92350000-9'}), 'additionalClassification': Munch({'description': 'Солома', 'id': '03114100-4', 'scheme': 'ДК021'}), 'unit': Munch({'name': 'millilitre of water', 'code': 'WW'}), 'status': 'active'}), Munch({'id': 'eebfe4466ef14984a731233bd0c30498', 'name': 'Test', 'classification': Munch({'description': 'Послуги гральних закладів і тоталізаторів', 'scheme': 'ДК021', 'id': '92350000-9'}), 'additionalClassification': Munch({'description': 'Солома', 'id': '03114100-4', 'scheme': 'ДК021'}), 'unit': Munch({'name': 'millilitre of water', 'code': 'WW'}), 'status': 'active'}), Munch({'id': '5ee4a9893a3c44b5b684ea727cc65a2d', 'name': 'Test', 'classification': Munch({'description': 'Послуги гральних закладів і тоталізаторів', 'scheme': 'ДК021', 'id': '92350000-9'}), 'additionalClassification': Munch({'description': 'Солома', 'id': '03114100-4', 'scheme': 'ДК021'}), 'unit': Munch({'name': 'millilitre of water', 'code': 'WW'}), 'status': 'active'}), Munch({'id': 'f70529135ff94b78a0b3e70a72f86149', 'name': 'Test', 'classification': Munch({'description': 'Послуги гральних закладів і тоталізаторів', 'scheme': 'ДК021', 'id': '92350000-9'}), 'additionalClassification': Munch({'description': 'Солома', 'id': '03114100-4', 'scheme': 'ДК021'}), 'unit': Munch({'name': 'millilitre of water', 'code': 'WW'}), 'status': 'active'}), Munch({'id': 'f687732c86694e32bd53405ad9908e3f', 'name': 'Test', 'classification': Munch({'description': 'Послуги гральних закладів і тоталізаторів', 'scheme': 'ДК021', 'id': '92350000-9'}), 'additionalClassification': Munch({'description': 'Солома', 'id': '03114100-4', 'scheme': 'ДК021'}), 'unit': Munch({'name': 'millilitre of water', 'code': 'WW'}), 'status': 'active'}), Munch({'id': '022f78bfdd9a4579ba891abe9c5080c7', 'name': 'Test', 'classification': Munch({'description': 'Послуги гральних закладів і тоталізаторів', 'scheme': 'ДК021', 'id': '92350000-9'}), 'additionalClassification': Munch({'description': 'Солома', 'id': '03114100-4', 'scheme': 'ДК021'}), 'unit': Munch({'name': 'millilitre of water', 'code': 'WW'}), 'status': 'active'}), Munch({'id': '1a21677048b041548df4e6647dcac33d', 'name': 'Test', 'classification': Munch({'description': 'Послуги гральних закладів і тоталізаторів', 'scheme': 'ДК021', 'id': '92350000-9'}), 'additionalClassification': Munch({'description': 'Солома', 'id': '03114100-4', 'scheme': 'ДК021'}), 'unit': Munch({'name': 'millilitre of water', 'code': 'WW'}), 'status': 'active'}), Munch({'id': 'ba93d7e9733d4bef9f7c1f779777263d', 'name': 'Test', 'classification': Munch({'description': 'Послуги гральних закладів і тоталізаторів', 'scheme': 'ДК021', 'id': '92350000-9'}), 'additionalClassification': Munch({'description': 'Солома', 'id': '03114100-4', 'scheme': 'ДК021'}), 'unit': Munch({'name': 'millilitre of water', 'code': 'WW'}), 'status': 'active'}), Munch({'id': '03321633ee2d42da8fdd891d0046abb8', 'name': 'Test', 'classification': Munch({'description': 'Послуги гральних закладів і тоталізаторів', 'scheme': 'ДК021', 'id': '92350000-9'}), 'additionalClassification': Munch({'description': 'Солома', 'id': '03114100-4', 'scheme': 'ДК021'}), 'unit': Munch({'name': 'millilitre of water', 'code': 'WW'}), 'status': 'active'}), Munch({'id': '2fc7d342c3ba4209a643c955af126531', 'name': 'Test', 'classification': Munch({'description': 'Послуги гральних закладів і тоталізаторів', 'scheme': 'ДК021', 'id': '92350000-9'}), 'additionalClassification': Munch({'description': 'Солома', 'id': '03114100-4', 'scheme': 'ДК021'}), 'unit': Munch({'name': 'millilitre of water', 'code': 'WW'}), 'status': 'active'}), Munch({'id': '6ee30f92dc70472cb85a23ffce1848d1', 'name': 'Test', 'classification': Munch({'description': 'Послуги гральних закладів і тоталізаторів', 'scheme': 'ДК021', 'id': '92350000-9'}), 'additionalClassification': Munch({'description': 'Солома', 'id': '03114100-4', 'scheme': 'ДК021'}), 'unit': Munch({'name': 'millilitre of water', 'code': 'WW'}), 'status': 'active'}), Munch({'id': '3c5210dbcbd2409684e958b98578e630', 'name': 'Test', 'classification': Munch({'description': 'Послуги гральних закладів і тоталізаторів', 'scheme': 'ДК021', 'id': '92350000-9'}), 'additionalClassification': Munch({'description': 'Солома', 'id': '03114100-4', 'scheme': 'ДК021'}), 'unit': Munch({'name': 'millilitre of water', 'code': 'WW'}), 'status': 'active'}), Munch({'id': '07d13a2a2bfe479ebfc7e78d72bda19a', 'name': 'Name123', 'classification': Munch({'description': 'Послуги гральних закладів і тоталізаторів', 'scheme': 'ДК021', 'id': '92350000-9'}), 'additionalClassification': Munch({'description': 'Солома', 'id': '03114100-4', 'scheme': 'ДК021'}), 'unit': Munch({'name': 'millilitre of water', 'code': 'WW'}), 'status': 'active'}), Munch({'id': 'e8112b75b4684dd3a95c4fa4f20aac97', 'name': 'Test', 'classification': Munch({'description': 'Послуги гральних закладів і тоталізаторів', 'scheme': 'ДК021', 'id': '92350000-9'}), 'additionalClassification': Munch({'description': 'Солома', 'id': '03114100-4', 'scheme': 'ДК021'}), 'unit': Munch({'name': 'millilitre of water', 'code': 'WW'}), 'status': 'active'}), Munch({'id': '7bda93c2a696417884d7cdd9cda7ebd7', 'name': 'Test', 'classification': Munch({'description': 'Послуги гральних закладів і тоталізаторів', 'scheme': 'ДК021', 'id': '92350000-9'}), 'additionalClassification': Munch({'description': 'Солома', 'id': '03114100-4', 'scheme': 'ДК021'}), 'unit': Munch({'name': 'millilitre of water', 'code': 'WW'}), 'status': 'active'}), Munch({'id': '27c26786f7ea4b108f0a478d40680168', 'name': 'Test', 'classification': Munch({'description': 'Послуги гральних закладів і тоталізаторів', 'scheme': 'ДК021', 'id': '92350000-9'}), 'additionalClassification': Munch({'description': 'Солома', 'id': '03114100-4', 'scheme': 'ДК021'}), 'unit': Munch({'name': 'millilitre of water', 'code': 'WW'}), 'status': 'active'}), Munch({'id': '13db32e09f87419db7a89be7f90465fa', 'name': 'Test', 'classification': Munch({'description': 'Послуги гральних закладів і тоталізаторів', 'scheme': 'ДК021', 'id': '92350000-9'}), 'additionalClassification': Munch({'description': 'Солома', 'id': '03114100-4', 'scheme': 'ДК021'}), 'unit': Munch({'name': 'millilitre of water', 'code': 'WW'}), 'status': 'active'}), Munch({'id': 'cb0dd4518e734a779519cb9b00489832', 'name': 'Name', 'classification': Munch({'description': 'Послуги гральних закладів і тоталізаторів', 'scheme': 'ДК021', 'id': '92350000-9'}), 'additionalClassification': Munch({'description': 'Солома', 'id': '03114100-4', 'scheme': 'ДК021'}), 'unit': Munch({'name': 'millilitre of water', 'code': 'WW'}), 'status': 'active'}), Munch({'id': '5016da25f9c8429bb670a143e86db542', 'name': 'Name', 'classification': Munch({'description': 'Послуги гральних закладів і тоталізаторів', 'scheme': 'ДК021', 'id': '92350000-9'}), 'additionalClassification': Munch({'description': 'Солома', 'id': '03114100-4', 'scheme': 'ДК021'}), 'unit': Munch({'name': 'millilitre of water', 'code': 'WW'}), 'status': 'active'}), Munch({'id': 'aa1f66c67b744825b9737295cd8470b9', 'name': 'Test', 'classification': Munch({'description': 'Послуги гральних закладів і тоталізаторів', 'scheme': 'ДК021', 'id': '92350000-9'}), 'additionalClassification': Munch({'description': 'Солома', 'id': '03114100-4', 'scheme': 'ДК021'}), 'unit': Munch({'name': 'millilitre of water', 'code': 'WW'}), 'status': 'active'}), Munch({'id': 'f47129507c1e40529dd658be5324b9d4', 'name': 'Tester2', 'classification': Munch({'description': 'Послуги гральних закладів і тоталізаторів', 'scheme': 'ДК021', 'id': '92350000-9'}), 'additionalClassification': Munch({'description': 'Солома', 'id': '03114100-4', 'scheme': 'ДК021'}), 'unit': Munch({'name': 'millilitre of water', 'code': 'WW'}), 'status': 'active'}), Munch({'id': '323a50e9c40346e89d39a1f430be7c1e', 'name': 'Tester2', 'classification': Munch({'description': 'Послуги гральних закладів і тоталізаторів', 'scheme': 'ДК021', 'id': '92350000-9'}), 'additionalClassification': Munch({'description': 'Солома', 'id': '03114100-4', 'scheme': 'ДК021'}), 'unit': Munch({'name': 'millilitre of water', 'code': 'WW'}), 'status': 'active'}), Munch({'id': '4e892cd8cbd745299c1c5ac29fd2e714', 'name': 'Tester2', 'classification': Munch({'description': 'Послуги гральних закладів і тоталізаторів', 'scheme': 'ДК021', 'id': '92350000-9'}), 'additionalClassification': Munch({'description': 'Солома', 'id': '03114100-4', 'scheme': 'ДК021'}), 'unit': Munch({'name': 'millilitre of water', 'code': 'WW'}), 'status': 'active'}), Munch({'id': '32b852e09bb8470a9498888f195847a0', 'name': 'Tester2', 'classification': Munch({'description': 'Послуги гральних закладів і тоталізаторів', 'scheme': 'ДК021', 'id': '92350000-9'}), 'additionalClassification': Munch({'description': 'Солома', 'id': '03114100-4', 'scheme': 'ДК021'}), 'unit': Munch({'name': 'millilitre of water', 'code': 'WW'}), 'status': 'active'}), Munch({'id': '3aa9fb35a7b948ee8b0e00722d5ade51', 'name': 'Tester2', 'classification': Munch({'description': 'Послуги гральних закладів і тоталізаторів', 'scheme': 'ДК021', 'id': '92350000-9'}), 'additionalClassification': Munch({'description': 'Солома', 'id': '03114100-4', 'scheme': 'ДК021'}), 'unit': Munch({'name': 'millilitre of water', 'code': 'WW'}), 'status': 'active'}), Munch({'id': '4e48f5f290ea46e1b13d4d8f77e712af', 'name': 'Tester2', 'classification': Munch({'description': 'Послуги гральних закладів і тоталізаторів', 'scheme': 'ДК021', 'id': '92350000-9'}), 'additionalClassification': Munch({'description': 'Солома', 'id': '03114100-4', 'scheme': 'ДК021'}), 'unit': Munch({'name': 'millilitre of water', 'code': 'WW'}), 'status': 'active'}), Munch({'id': '450a40b7b3524c30b7b391385b2d5fb0', 'name': 'Tester2', 'classification': Munch({'description': 'Послуги гральних закладів і тоталізаторів', 'scheme': 'ДК021', 'id': '92350000-9'}), 'additionalClassification': Munch({'description': 'Солома', 'id': '03114100-4', 'scheme': 'ДК021'}), 'unit': Munch({'name': 'millilitre of water', 'code': 'WW'}), 'status': 'active'}), Munch({'id': '3417e7081fde4429be4d740cac58ee18', 'name': 'Name', 'classification': Munch({'description': 'Послуги гральних закладів і тоталізаторів', 'scheme': 'ДК021', 'id': '92350000-9'}), 'additionalClassification': Munch({'description': 'Солома', 'id': '03114100-4', 'scheme': 'ДК021'}), 'unit': Munch({'name': 'millilitre of water', 'code': 'WW'}), 'status': 'active'}), Munch({'id': 'e5aa70ac087f4bbbb6642ac50399e903', 'name': 'Tester2', 'classification': Munch({'description': 'Послуги гральних закладів і тоталізаторів', 'scheme': 'ДК021', 'id': '92350000-9'}), 'additionalClassification': Munch({'description': 'Солома', 'id': '03114100-4', 'scheme': 'ДК021'}), 'unit': Munch({'name': 'millilitre of water', 'code': 'WW'}), 'status': 'active'}), Munch({'id': 'bfecc44fb82b47c4b5fcdcbed42a2d7b', 'name': 'Tester2', 'classification': Munch({'description': 'Послуги гральних закладів і тоталізаторів', 'scheme': 'ДК021', 'id': '92350000-9'}), 'additionalClassification': Munch({'description': 'Солома', 'id': '03114100-4', 'scheme': 'ДК021'}), 'unit': Munch({'name': 'millilitre of water', 'code': 'WW'}), 'status': 'active'}), Munch({'id': '41fa73246b854793b5d4528cae5bdb95', 'name': 'Tester2', 'classification': Munch({'description': 'Послуги гральних закладів і тоталізаторів', 'scheme': 'ДК021', 'id': '92350000-9'}), 'additionalClassification': Munch({'description': 'Солома', 'id': '03114100-4', 'scheme': 'ДК021'}), 'unit': Munch({'name': 'millilitre of water', 'code': 'WW'}), 'status': 'active'}), Munch({'id': 'eb4cb59d8b134477aff731e3b3d0ae25', 'name': 'Tester2', 'classification': Munch({'description': 'Послуги гральних закладів і тоталізаторів', 'scheme': 'ДК021', 'id': '92350000-9'}), 'additionalClassification': Munch({'description': 'Солома', 'id': '03114100-4', 'scheme': 'ДК021'}), 'unit': Munch({'name': 'millilitre of water', 'code': 'WW'}), 'status': 'active'})]})</msg>
<status status="PASS" starttime="20191227 20:04:12.193" endtime="20191227 20:04:12.195"></status>
</kw>
<kw name="Log Variables" library="BuiltIn">
<doc>Logs all variables in the current scope with given log level.</doc>
<msg timestamp="20191227 20:04:12.197" level="INFO">${/} = /</msg>
<msg timestamp="20191227 20:04:12.197" level="INFO">${:} = :</msg>
<msg timestamp="20191227 20:04:12.197" level="INFO">${\n} = 
</msg>
<msg timestamp="20191227 20:04:12.197" level="INFO">${API_HOST_URL} = http://localhost:8000</msg>
<msg timestamp="20191227 20:04:12.197" level="INFO">${API_VERSION} = 0</msg>
<msg timestamp="20191227 20:04:12.197" level="INFO">&amp;{CRITERIA_DATA} = { name=Герман  Дергач | nameEng=Teresa Foster | classification=Munch({'id': '92350000-9', 'scheme': 'ДК021', 'description': 'Послуги гральних закладів і тоталізаторів'}) | additionalClassification=Munch({'id': '03114100-4', 'scheme': 'ДК021', 'description': 'Солома'}) | minValue=7.7746503376825356 | maxValue=23.574833304471294 | dataType=number | unit=Munch({'name': 'millilitre of water', 'code': 'WW'}) }</msg>
<msg timestamp="20191227 20:04:12.197" level="INFO">${DEBUG_FILE} = NONE</msg>
<msg timestamp="20191227 20:04:12.197" level="INFO">&amp;{EDIT_DATA} = { name=Віолетта Данченко | nameEng=Teresa Wilkins | minValue=12.389479609342192 | maxValue=28.940461450329416 | status=active }</msg>
<msg timestamp="20191227 20:04:12.197" level="INFO">${EXECDIR} = /home/orest.shkhumov/Criteria_test</msg>
<msg timestamp="20191227 20:04:12.197" level="INFO">${False} = False</msg>
<msg timestamp="20191227 20:04:12.197" level="INFO">${LOG_FILE} = /home/orest.shkhumov/Criteria_test/log.html</msg>
<msg timestamp="20191227 20:04:12.198" level="INFO">${LOG_LEVEL} = INFO</msg>
<msg timestamp="20191227 20:04:12.198" level="INFO">${None} = None</msg>
<msg timestamp="20191227 20:04:12.198" level="INFO">${null} = None</msg>
<msg timestamp="20191227 20:04:12.198" level="INFO">${OUTPUT_DIR} = /home/orest.shkhumov/Criteria_test</msg>
<msg timestamp="20191227 20:04:12.198" level="INFO">${OUTPUT_FILE} = /home/orest.shkhumov/Criteria_test/output.xml</msg>
<msg timestamp="20191227 20:04:12.198" level="INFO">${PASSWORD} = adminpassword</msg>
<msg timestamp="20191227 20:04:12.198" level="INFO">${PREV_TEST_MESSAGE} = Variable '${ID_CRITERIA}' not found.</msg>
<msg timestamp="20191227 20:04:12.198" level="INFO">${PREV_TEST_NAME} = Тест редагувати критерію</msg>
<msg timestamp="20191227 20:04:12.198" level="INFO">${PREV_TEST_STATUS} = FAIL</msg>
<msg timestamp="20191227 20:04:12.198" level="INFO">${REPORT_FILE} = /home/orest.shkhumov/Criteria_test/report.html</msg>
<msg timestamp="20191227 20:04:12.198" level="INFO">${RESOURCE} = criteria</msg>
<msg timestamp="20191227 20:04:12.200" level="INFO">&amp;{RESPONSE} = { count=283 | next=http://localhost:8000/api/0/criteria/?limit=100&amp;offset=100 | previous=None | results=[Munch({'id': 'f42e4b4b680741adac26573335c9cedb', 'name': 'Амалія Нестеренко', 'classification': Munch({'description': 'Послуги гральних закладів і тоталізаторів', 'scheme': 'ДК021', 'id': '92350000-9'}), 'additionalClassification': Munch({'description': 'Солома', 'id': '03114100-4', 'scheme': 'ДК021'}), 'unit': Munch({'name': 'millilitre of water', 'code': 'WW'}), 'status': 'active'}), Munch({'id': '2bdb522976024b17bbf117b33ff62cc9', 'name': 'Михайло Демʼянчук', 'classification': Munch({'description': 'Послуги гральних закладів і тоталізаторів', 'scheme': 'ДК021', 'id': '92350000-9'}), 'additionalClassification': Munch({'description': 'Солома', 'id': '03114100-4', 'scheme': 'ДК021'}), 'unit': Munch({'name': 'millilitre of water', 'code': 'WW'}), 'status': 'active'}), Munch({'id': '6d625e77cf7041d78bb9bb3843ab5d68', 'name': 'Василина Конопленко', 'classification': Munch({'description': 'Послуги гральних закладів і тоталізаторів', 'scheme': 'ДК021', 'id': '92350000-9'}), 'additionalClassification': Munch({'description': 'Солома', 'id': '03114100-4', 'scheme': 'ДК021'}), 'unit': Munch({'name': 'millilitre of water', 'code': 'WW'}), 'status': 'active'}), Munch({'id': 'b736bcdd3c244399a05511c8fa3de91a', 'name': 'Маруся Щорс', 'classification': Munch({'description': 'Послуги гральних закладів і тоталізаторів', 'scheme': 'ДК021', 'id': '92350000-9'}), 'additionalClassification': Munch({'description': 'Солома', 'id': '03114100-4', 'scheme': 'ДК021'}), 'unit': Munch({'name': 'millilitre of water', 'code': 'WW'}), 'status': 'active'}), Munch({'id': '8245da35a654429c8d1c0ecd761a19d9', 'name': 'Аврелій Воблий', 'classification': Munch({'description': 'Послуги гральних закладів і тоталізаторів', 'scheme': 'ДК021', 'id': '92350000-9'}), 'additionalClassification': Munch({'description': 'Солома', 'id': '03114100-4', 'scheme': 'ДК021'}), 'unit': Munch({'name': 'millilitre of water', 'code': 'WW'}), 'status': 'active'}), Munch({'id': '1baa7e685f8b43e386b170be58c43d35', 'name': 'Анастасія Коваленко', 'classification': Munch({'description': 'Послуги гральних закладів і тоталізаторів', 'scheme': 'ДК021', 'id': '92350000-9'}), 'additionalClassification': Munch({'description': 'Солома', 'id': '03114100-4', 'scheme': 'ДК021'}), 'unit': Munch({'name': 'millilitre of water', 'code': 'WW'}), 'status': 'active'}), Munch({'id': '13949176289844bbac8217c27b4fb515', 'name': 'Опанас Худобʼяк', 'classification': Munch({'description': 'Послуги гральних закладів і тоталізаторів', 'scheme': 'ДК021', 'id': '92350000-9'}), 'additionalClassification': Munch({'description': 'Солома', 'id': '03114100-4', 'scheme': 'ДК021'}), 'unit': Munch({'name': 'millilitre of water', 'code': 'WW'}), 'status': 'active'}), Munch({'id': '937d6783864b48fba065e2f775a48a61', 'name': 'Оксана Щорс', 'classification': Munch({'description': 'Послуги гральних закладів і тоталізаторів', 'scheme': 'ДК021', 'id': '92350000-9'}), 'additionalClassification': Munch({'description': 'Солома', 'id': '03114100-4', 'scheme': 'ДК021'}), 'unit': Munch({'name': 'millilitre of water', 'code': 'WW'}), 'status': 'active'}), Munch({'id': 'db71c5c60aa549f9aad5b68024ab01fc', 'name': 'Христина Забарний', 'classification': Munch({'description': 'Послуги гральних закладів і тоталізаторів', 'scheme': 'ДК021', 'id': '92350000-9'}), 'additionalClassification': Munch({'description': 'Солома', 'id': '03114100-4', 'scheme': 'ДК021'}), 'unit': Munch({'name': 'millilitre of water', 'code': 'WW'}), 'status': 'active'}), Munch({'id': '202d017bb53e4ed49bfa862a82586e23', 'name': 'Юстина Гайворонський', 'classification': Munch({'description': 'Послуги гральних закладів і тоталізаторів', 'scheme': 'ДК021', 'id': '92350000-9'}), 'additionalClassification': Munch({'description': 'Солома', 'id': '03114100-4', 'scheme': 'ДК021'}), 'unit': Munch({'name': 'millilitre of water', 'code': 'WW'}), 'status': 'active'}), Munch({'id': 'da4bed805afb41bab28ea074e82d4f15', 'name': 'Кирило Шиян', 'classification': Munch({'description': 'Послуги гральних закладів і тоталізаторів', 'scheme': 'ДК021', 'id': '92350000-9'}), 'additionalClassification': Munch({'description': 'Солома', 'id': '03114100-4', 'scheme': 'ДК021'}), 'unit': Munch({'name': 'millilitre of water', 'code': 'WW'}), 'status': 'active'}), Munch({'id': '7530275a11a34e17bde1ecd6c6e58c9a', 'name': 'Маруся Масоха', 'classification': Munch({'description': 'Послуги гральних закладів і тоталізаторів', 'scheme': 'ДК021', 'id': '92350000-9'}), 'additionalClassification': Munch({'description': 'Солома', 'id': '03114100-4', 'scheme': 'ДК021'}), 'unit': Munch({'name': 'millilitre of water', 'code': 'WW'}), 'status': 'active'}), Munch({'id': 'b3ab209b614e4d0cb45fe63e4204db7b', 'name': 'пан Ілля Носенко', 'classification': Munch({'description': 'Послуги гральних закладів і тоталізаторів', 'scheme': 'ДК021', 'id': '92350000-9'}), 'additionalClassification': Munch({'description': 'Солома', 'id': '03114100-4', 'scheme': 'ДК021'}), 'unit': Munch({'name': 'millilitre of water', 'code': 'WW'}), 'status': 'active'}), Munch({'id': 'c9c7ed88bc59492a9471e618b09dea11', 'name': 'Софія Скиба', 'classification': Munch({'description': 'Послуги гральних закладів і тоталізаторів', 'scheme': 'ДК021', 'id': '92350000-9'}), 'additionalClassification': Munch({'description': 'Солома', 'id': '03114100-4', 'scheme': 'ДК021'}), 'unit': Munch({'name': 'millilitre of water', 'code': 'WW'}), 'status': 'active'}), Munch({'id': '9c70afa2f06d451badcaabfd5a58cf6e', 'name': 'Лілія Шаповал', 'classification': Munch({'description': 'Послуги гральних закладів і тоталізаторів', 'scheme': 'ДК021', 'id': '92350000-9'}), 'additionalClassification': Munch({'description': 'Солома', 'id': '03114100-4', 'scheme': 'ДК021'}), 'unit': Munch({'name': 'millilitre of water', 'code': 'WW'}), 'status': 'active'}), Munch({'id': '35f893434d954a2098b8ca6d90196bcb', 'name': 'Юстина Міщенко', 'classification': Munch({'description': 'Послуги гральних закладів і тоталізаторів', 'scheme': 'ДК021', 'id': '92350000-9'}), 'additionalClassification': Munch({'description': 'Солома', 'id': '03114100-4', 'scheme': 'ДК021'}), 'unit': Munch({'name': 'millilitre of water', 'code': 'WW'}), 'status': 'active'}), Munch({'id': 'b2c9c7e540f84407b5af5bc2e11acf80', 'name': 'Орися Франко', 'classification': Munch({'description': 'Послуги гральних закладів і тоталізаторів', 'scheme': 'ДК021', 'id': '92350000-9'}), 'additionalClassification': Munch({'description': 'Солома', 'id': '03114100-4', 'scheme': 'ДК021'}), 'unit': Munch({'name': 'millilitre of water', 'code': 'WW'}), 'status': 'active'}), Munch({'id': '924fa8ad4c0245dca6f8a33d261c7230', 'name': 'Артем Ющенко', 'classification': Munch({'description': 'Послуги гральних закладів і тоталізаторів', 'scheme': 'ДК021', 'id': '92350000-9'}), 'additionalClassification': Munch({'description': 'Солома', 'id': '03114100-4', 'scheme': 'ДК021'}), 'unit': Munch({'name': 'millilitre of water', 'code': 'WW'}), 'status': 'active'}), Munch({'id': '2fe4f03b3ee74f818241f52b161368ab', 'name': 'Христина Захарченко', 'classification': Munch({'description': 'Послуги гральних закладів і тоталізаторів', 'scheme': 'ДК021', 'id': '92350000-9'}), 'additionalClassification': Munch({'description': 'Солома', 'id': '03114100-4', 'scheme': 'ДК021'}), 'unit': Munch({'name': 'millilitre of water', 'code': 'WW'}), 'status': 'active'}), Munch({'id': '6057b974ff184038908cf282ceed747a', 'name': 'Юстина Чаленко', 'classification': Munch({'description': 'Послуги гральних закладів і тоталізаторів', 'scheme': 'ДК021', 'id': '92350000-9'}), 'additionalClassification': Munch({'description': 'Солома', 'id': '03114100-4', 'scheme': 'ДК021'}), 'unit': Munch({'name': 'millilitre of water', 'code': 'WW'}), 'status': 'active'}), Munch({'id': '855585556ecf495cb27ab2f60a96dd67', 'name': 'Марія Абрамчук', 'classification': Munch({'description': 'Послуги гральних закладів і тоталізаторів', 'scheme': 'ДК021', 'id': '92350000-9'}), 'additionalClassification': Munch({'description': 'Солома', 'id': '03114100-4', 'scheme': 'ДК021'}), 'unit': Munch({'name': 'millilitre of water', 'code': 'WW'}), 'status': 'active'}), Munch({'id': '972ae0967dac46329074800235c3aa60', 'name': 'Оксана Корсун', 'classification': Munch({'description': 'Послуги гральних закладів і тоталізаторів', 'scheme': 'ДК021', 'id': '92350000-9'}), 'additionalClassification': Munch({'description': 'Солома', 'id': '03114100-4', 'scheme': 'ДК021'}), 'unit': Munch({'name': 'millilitre of water', 'code': 'WW'}), 'status': 'active'}), Munch({'id': 'f8762e4d23084338a39f7057cf1914f6', 'name': 'пані Одарка Корпанюк', 'classification': Munch({'description': 'Послуги гральних закладів і тоталізаторів', 'scheme': 'ДК021', 'id': '92350000-9'}), 'additionalClassification': Munch({'description': 'Солома', 'id': '03114100-4', 'scheme': 'ДК021'}), 'unit': Munch({'name': 'millilitre of water', 'code': 'WW'}), 'status': 'active'}), Munch({'id': 'c4ee89556b694b8c948c9acc8feee3e5', 'name': 'Варвара Вовк', 'classification': Munch({'description': 'Послуги гральних закладів і тоталізаторів', 'scheme': 'ДК021', 'id': '92350000-9'}), 'additionalClassification': Munch({'description': 'Солома', 'id': '03114100-4', 'scheme': 'ДК021'}), 'unit': Munch({'name': 'millilitre of water', 'code': 'WW'}), 'status': 'active'}), Munch({'id': '5a49726ac03140dc9deeacabe6957299', 'name': 'Омелян Верхола', 'classification': Munch({'description': 'Послуги гральних закладів і тоталізаторів', 'scheme': 'ДК021', 'id': '92350000-9'}), 'additionalClassification': Munch({'description': 'Солома', 'id': '03114100-4', 'scheme': 'ДК021'}), 'unit': Munch({'name': 'millilitre of water', 'code': 'WW'}), 'status': 'active'}), Munch({'id': 'a502ed03b2474acfad037f321a7dd5cf', 'name': 'Охрім Остапчук', 'classification': Munch({'description': 'Послуги гральних закладів і тоталізаторів', 'scheme': 'ДК021', 'id': '92350000-9'}), 'additionalClassification': Munch({'description': 'Солома', 'id': '03114100-4', 'scheme': 'ДК021'}), 'unit': Munch({'name': 'millilitre of water', 'code': 'WW'}), 'status': 'active'}), Munch({'id': '9b9692903f7642b0b893b2bb365ab468', 'name': 'Юстим Забарний', 'classification': Munch({'description': 'Послуги гральних закладів і тоталізаторів', 'scheme': 'ДК021', 'id': '92350000-9'}), 'additionalClassification': Munch({'description': 'Солома', 'id': '03114100-4', 'scheme': 'ДК021'}), 'unit': Munch({'name': 'millilitre of water', 'code': 'WW'}), 'status': 'active'}), Munch({'id': '106a7cbf867f4fc78f8864a5e07686a4', 'name': 'Пилип', 'classification': Munch({'description': 'Послуги гральних закладів і тоталізаторів', 'scheme': 'ДК021', 'id': '92350000-9'}), 'additionalClassification': Munch({'description': 'Солома', 'id': '03114100-4', 'scheme': 'ДК021'}), 'unit': Munch({'name': 'millilitre of water', 'code': 'WW'}), 'status': 'active'}), Munch({'id': 'de9c84e9827647639794de9a8c4494f8', 'name': 'Марко Гаврилюк', 'classification': Munch({'description': 'Послуги гральних закладів і тоталізаторів', 'scheme': 'ДК021', 'id': '92350000-9'}), 'additionalClassification': Munch({'description': 'Солома', 'id': '03114100-4', 'scheme': 'ДК021'}), 'unit': Munch({'name': 'millilitre of water', 'code': 'WW'}), 'status': 'active'}), Munch({'id': 'ed268b95e4ff49d899ed1910ca259fde', 'name': 'Пилип', 'classification': Munch({'description': 'Послуги гральних закладів і тоталізаторів', 'scheme': 'ДК021', 'id': '92350000-9'}), 'additionalClassification': Munch({'description': 'Солома', 'id': '03114100-4', 'scheme': 'ДК021'}), 'unit': Munch({'name': 'millilitre of water', 'code': 'WW'}), 'status': 'active'}), Munch({'id': 'e58a0ca467874cd5b8fe9c8ca9891c50', 'name': 'Пилип', 'classification': Munch({'description': 'Послуги гральних закладів і тоталізаторів', 'scheme': 'ДК021', 'id': '92350000-9'}), 'additionalClassification': Munch({'description': 'Солома', 'id': '03114100-4', 'scheme': 'ДК021'}), 'unit': Munch({'name': 'millilitre of water', 'code': 'WW'}), 'status': 'active'}), Munch({'id': 'b2ef7698fe8842428221dc46325109f4', 'name': 'Пилип', 'classification': Munch({'description': 'Послуги гральних закладів і тоталізаторів', 'scheme': 'ДК021', 'id': '92350000-9'}), 'additionalClassification': Munch({'description': 'Солома', 'id': '03114100-4', 'scheme': 'ДК021'}), 'unit': Munch({'name': 'millilitre of water', 'code': 'WW'}), 'status': 'active'}), Munch({'id': '515996c1377a43e29ab9165f95e04a87', 'name': 'Галина Гайдай', 'classification': Munch({'description': 'Послуги гральних закладів і тоталізаторів', 'scheme': 'ДК021', 'id': '92350000-9'}), 'additionalClassification': Munch({'description': 'Солома', 'id': '03114100-4', 'scheme': 'ДК021'}), 'unit': Munch({'name': 'millilitre of water', 'code': 'WW'}), 'status': 'active'}), Munch({'id': '66b0bc020dcc4ca8bc2afd4c637c4377', 'name': 'пані Олена Тичина', 'classification': Munch({'description': 'Послуги гральних закладів і тоталізаторів', 'scheme': 'ДК021', 'id': '92350000-9'}), 'additionalClassification': Munch({'description': 'Солома', 'id': '03114100-4', 'scheme': 'ДК021'}), 'unit': Munch({'name': 'millilitre of water', 'code': 'WW'}), 'status': 'active'}), Munch({'id': '517a5d136cdd486dbd31b11d0ee6356a', 'name': 'Пилип', 'classification': Munch({'description': 'Послуги гральних закладів і тоталізаторів', 'scheme': 'ДК021', 'id': '92350000-9'}), 'additionalClassification': Munch({'description': 'Солома', 'id': '03114100-4', 'scheme': 'ДК021'}), 'unit': Munch({'name': 'millilitre of water', 'code': 'WW'}), 'status': 'active'}), Munch({'id': '95301dc1d8994f31b939f68a19c3e390', 'name': 'Пилип', 'classification': Munch({'description': 'Послуги гральних закладів і тоталізаторів', 'scheme': 'ДК021', 'id': '92350000-9'}), 'additionalClassification': Munch({'description': 'Солома', 'id': '03114100-4', 'scheme': 'ДК021'}), 'unit': Munch({'name': 'millilitre of water', 'code': 'WW'}), 'status': 'active'}), Munch({'id': '2c8fabd308fa4f3982c1fbfc7a62ce5c', 'name': 'Пилип', 'classification': Munch({'description': 'Послуги гральних закладів і тоталізаторів', 'scheme': 'ДК021', 'id': '92350000-9'}), 'additionalClassification': Munch({'description': 'Солома', 'id': '03114100-4', 'scheme': 'ДК021'}), 'unit': Munch({'name': 'millilitre of water', 'code': 'WW'}), 'status': 'active'}), Munch({'id': '639da87994b24cbba4ca175e26d84dbc', 'name': 'Пилип', 'classification': Munch({'description': 'Послуги гральних закладів і тоталізаторів', 'scheme': 'ДК021', 'id': '92350000-9'}), 'additionalClassification': Munch({'description': 'Солома', 'id': '03114100-4', 'scheme': 'ДК021'}), 'unit': Munch({'name': 'millilitre of water', 'code': 'WW'}), 'status': 'active'}), Munch({'id': 'c10e07584fc54be2bae59460fef43a84', 'name': 'Пилип', 'classification': Munch({'description': 'Послуги гральних закладів і тоталізаторів', 'scheme': 'ДК021', 'id': '92350000-9'}), 'additionalClassification': Munch({'description': 'Солома', 'id': '03114100-4', 'scheme': 'ДК021'}), 'unit': Munch({'name': 'millilitre of water', 'code': 'WW'}), 'status': 'active'}), Munch({'id': '1a6a5abbac5946aaa5be0dd4da41fc01', 'name': 'Пилип', 'classification': Munch({'description': 'Послуги гральних закладів і тоталізаторів', 'scheme': 'ДК021', 'id': '92350000-9'}), 'additionalClassification': Munch({'description': 'Солома', 'id': '03114100-4', 'scheme': 'ДК021'}), 'unit': Munch({'name': 'millilitre of water', 'code': 'WW'}), 'status': 'active'}), Munch({'id': '684d859b5263439384fcdf1d90c9fb93', 'name': 'Test', 'classification': Munch({'description': 'Послуги гральних закладів і тоталізаторів', 'scheme': 'ДК021', 'id': '92350000-9'}), 'additionalClassification': Munch({'description': 'Солома', 'id': '03114100-4', 'scheme': 'ДК021'}), 'unit': Munch({'name': 'millilitre of water', 'code': 'WW'}), 'status': 'active'}), Munch({'id': 'b0abc5fcc3de4b279997ed282c72be85', 'name': 'Пилип', 'classification': Munch({'description': 'Послуги гральних закладів і тоталізаторів', 'scheme': 'ДК021', 'id': '92350000-9'}), 'additionalClassification': Munch({'description': 'Солома', 'id': '03114100-4', 'scheme': 'ДК021'}), 'unit': Munch({'name': 'millilitre of water', 'code': 'WW'}), 'status': 'active'}), Munch({'id': 'b3150ed6230d4173a279051c5d793084', 'name': 'Пилип', 'classification': Munch({'description': 'Послуги гральних закладів і тоталізаторів', 'scheme': 'ДК021', 'id': '92350000-9'}), 'additionalClassification': Munch({'description': 'Солома', 'id': '03114100-4', 'scheme': 'ДК021'}), 'unit': Munch({'name': 'millilitre of water', 'code': 'WW'}), 'status': 'active'}), Munch({'id': '681dd430e3ec40f18a699a46a4b36c68', 'name': 'Test', 'classification': Munch({'description': 'Послуги гральних закладів і тоталізаторів', 'scheme': 'ДК021', 'id': '92350000-9'}), 'additionalClassification': Munch({'description': 'Солома', 'id': '03114100-4', 'scheme': 'ДК021'}), 'unit': Munch({'name': 'millilitre of water', 'code': 'WW'}), 'status': 'active'}), Munch({'id': '2e48c181f8ae4777a22bf07446048dcd', 'name': 'Test', 'classification': Munch({'description': 'Послуги гральних закладів і тоталізаторів', 'scheme': 'ДК021', 'id': '92350000-9'}), 'additionalClassification': Munch({'description': 'Солома', 'id': '03114100-4', 'scheme': 'ДК021'}), 'unit': Munch({'name': 'millilitre of water', 'code': 'WW'}), 'status': 'active'}), Munch({'id': '1df215f2e2ef463191b4a5cc4112a278', 'name': 'Test', 'classification': Munch({'description': 'Послуги гральних закладів і тоталізаторів', 'scheme': 'ДК021', 'id': '92350000-9'}), 'additionalClassification': Munch({'description': 'Солома', 'id': '03114100-4', 'scheme': 'ДК021'}), 'unit': Munch({'name': 'millilitre of water', 'code': 'WW'}), 'status': 'active'}), Munch({'id': '99cad0092ffb42f881aac22cca3b6dc1', 'name': 'Test', 'classification': Munch({'description': 'Послуги гральних закладів і тоталізаторів', 'scheme': 'ДК021', 'id': '92350000-9'}), 'additionalClassification': Munch({'description': 'Солома', 'id': '03114100-4', 'scheme': 'ДК021'}), 'unit': Munch({'name': 'millilitre of water', 'code': 'WW'}), 'status': 'active'}), Munch({'id': 'b0c40d3bd7b047e18d6c71cd7721e933', 'name': 'Пилип', 'classification': Munch({'description': 'Послуги гральних закладів і тоталізаторів', 'scheme': 'ДК021', 'id': '92350000-9'}), 'additionalClassification': Munch({'description': 'Солома', 'id': '03114100-4', 'scheme': 'ДК021'}), 'unit': Munch({'name': 'millilitre of water', 'code': 'WW'}), 'status': 'active'}), Munch({'id': '28e2f8aa034b43eb9b26378107237f72', 'name': 'Test', 'classification': Munch({'description': 'Послуги гральних закладів і тоталізаторів', 'scheme': 'ДК021', 'id': '92350000-9'}), 'additionalClassification': Munch({'description': 'Солома', 'id': '03114100-4', 'scheme': 'ДК021'}), 'unit': Munch({'name': 'millilitre of water', 'code': 'WW'}), 'status': 'active'}), Munch({'id': '9a5ac05faa264af398b6918a770bde16', 'name': 'Test', 'classification': Munch({'description': 'Послуги гральних закладів і тоталізаторів', 'scheme': 'ДК021', 'id': '92350000-9'}), 'additionalClassification': Munch({'description': 'Солома', 'id': '03114100-4', 'scheme': 'ДК021'}), 'unit': Munch({'name': 'millilitre of water', 'code': 'WW'}), 'status': 'active'}), Munch({'id': 'a3a8ab9e2f184cf69a4fcf35fdff9aa6', 'name': 'Test', 'classification': Munch({'description': 'Послуги гральних закладів і тоталізаторів', 'scheme': 'ДК021', 'id': '92350000-9'}), 'additionalClassification': Munch({'description': 'Солома', 'id': '03114100-4', 'scheme': 'ДК021'}), 'unit': Munch({'name': 'millilitre of water', 'code': 'WW'}), 'status': 'active'}), Munch({'id': 'e665455f376042ab8812e0bc7e6dc858', 'name': 'Test', 'classification': Munch({'description': 'Послуги гральних закладів і тоталізаторів', 'scheme': 'ДК021', 'id': '92350000-9'}), 'additionalClassification': Munch({'description': 'Солома', 'id': '03114100-4', 'scheme': 'ДК021'}), 'unit': Munch({'name': 'millilitre of water', 'code': 'WW'}), 'status': 'active'}), Munch({'id': '668f74f6d7994c81b17af795e602282a', 'name': 'Tester2', 'classification': Munch({'description': 'Послуги гральних закладів і тоталізаторів', 'scheme': 'ДК021', 'id': '92350000-9'}), 'additionalClassification': Munch({'description': 'Солома', 'id': '03114100-4', 'scheme': 'ДК021'}), 'unit': Munch({'name': 'millilitre of water', 'code': 'WW'}), 'status': 'active'}), Munch({'id': '43ab5bd8d68144bb84ffa61a7915572f', 'name': 'Tester2', 'classification': Munch({'description': 'Послуги гральних закладів і тоталізаторів', 'scheme': 'ДК021', 'id': '92350000-9'}), 'additionalClassification': Munch({'description': 'Солома', 'id': '03114100-4', 'scheme': 'ДК021'}), 'unit': Munch({'name': 'millilitre of water', 'code': 'WW'}), 'status': 'active'}), Munch({'id': '898b5e7a9e6748eb85a00c2f4385ae37', 'name': 'Tester2', 'classification': Munch({'description': 'Послуги гральних закладів і тоталізаторів', 'scheme': 'ДК021', 'id': '92350000-9'}), 'additionalClassification': Munch({'description': 'Солома', 'id': '03114100-4', 'scheme': 'ДК021'}), 'unit': Munch({'name': 'millilitre of water', 'code': 'WW'}), 'status': 'active'}), Munch({'id': 'f2d4e7330f9945efb749ffc24d941a73', 'name': 'Name', 'classification': Munch({'description': 'Послуги гральних закладів і тоталізаторів', 'scheme': 'ДК021', 'id': '92350000-9'}), 'additionalClassification': Munch({'description': 'Солома', 'id': '03114100-4', 'scheme': 'ДК021'}), 'unit': Munch({'name': 'millilitre of water', 'code': 'WW'}), 'status': 'active'}), Munch({'id': 'bab07fed65a545ee831a1323fe85d581', 'name': 'Tester2', 'classification': Munch({'description': 'Послуги гральних закладів і тоталізаторів', 'scheme': 'ДК021', 'id': '92350000-9'}), 'additionalClassification': Munch({'description': 'Солома', 'id': '03114100-4', 'scheme': 'ДК021'}), 'unit': Munch({'name': 'millilitre of water', 'code': 'WW'}), 'status': 'active'}), Munch({'id': '2dd4deaf77f549d6bf89a960431edb92', 'name': 'Test', 'classification': Munch({'description': 'Послуги гральних закладів і тоталізаторів', 'scheme': 'ДК021', 'id': '92350000-9'}), 'additionalClassification': Munch({'description': 'Солома', 'id': '03114100-4', 'scheme': 'ДК021'}), 'unit': Munch({'name': 'millilitre of water', 'code': 'WW'}), 'status': 'active'}), Munch({'id': '8e1e35cfeaaa4ce7a92cebc96123ff0e', 'name': 'Test', 'classification': Munch({'description': 'Послуги гральних закладів і тоталізаторів', 'scheme': 'ДК021', 'id': '92350000-9'}), 'additionalClassification': Munch({'description': 'Солома', 'id': '03114100-4', 'scheme': 'ДК021'}), 'unit': Munch({'name': 'millilitre of water', 'code': 'WW'}), 'status': 'active'}), Munch({'id': 'c89415ac64804b3288eb35ffdc54418d', 'name': 'Test', 'classification': Munch({'description': 'Послуги гральних закладів і тоталізаторів', 'scheme': 'ДК021', 'id': '92350000-9'}), 'additionalClassification': Munch({'description': 'Солома', 'id': '03114100-4', 'scheme': 'ДК021'}), 'unit': Munch({'name': 'millilitre of water', 'code': 'WW'}), 'status': 'active'}), Munch({'id': '5834c0a7a90b476d8602c2c279919af7', 'name': 'Test', 'classification': Munch({'description': 'Послуги гральних закладів і тоталізаторів', 'scheme': 'ДК021', 'id': '92350000-9'}), 'additionalClassification': Munch({'description': 'Солома', 'id': '03114100-4', 'scheme': 'ДК021'}), 'unit': Munch({'name': 'millilitre of water', 'code': 'WW'}), 'status': 'active'}), Munch({'id': '14cfc0c0887a4370965c56bb5b67cb24', 'name': 'Test', 'classification': Munch({'description': 'Послуги гральних закладів і тоталізаторів', 'scheme': 'ДК021', 'id': '92350000-9'}), 'additionalClassification': Munch({'description': 'Солома', 'id': '03114100-4', 'scheme': 'ДК021'}), 'unit': Munch({'name': 'millilitre of water', 'code': 'WW'}), 'status': 'active'}), Munch({'id': '6cf6b981cace499baac099155a3a271e', 'name': 'Test', 'classification': Munch({'description': 'Послуги гральних закладів і тоталізаторів', 'scheme': 'ДК021', 'id': '92350000-9'}), 'additionalClassification': Munch({'description': 'Солома', 'id': '03114100-4', 'scheme': 'ДК021'}), 'unit': Munch({'name': 'millilitre of water', 'code': 'WW'}), 'status': 'active'}), Munch({'id': 'bdb556eedd0f4ca08433eb8167b32a88', 'name': 'Test', 'classification': Munch({'description': 'Послуги гральних закладів і тоталізаторів', 'scheme': 'ДК021', 'id': '92350000-9'}), 'additionalClassification': Munch({'description': 'Солома', 'id': '03114100-4', 'scheme': 'ДК021'}), 'unit': Munch({'name': 'millilitre of water', 'code': 'WW'}), 'status': 'active'}), Munch({'id': '05e9522967334e60b75085726334c83b', 'name': 'Test', 'classification': Munch({'description': 'Послуги гральних закладів і тоталізаторів', 'scheme': 'ДК021', 'id': '92350000-9'}), 'additionalClassification': Munch({'description': 'Солома', 'id': '03114100-4', 'scheme': 'ДК021'}), 'unit': Munch({'name': 'millilitre of water', 'code': 'WW'}), 'status': 'active'}), Munch({'id': '86afafcc2ec148028086cc3a08bca2ef', 'name': 'Test', 'classification': Munch({'description': 'Послуги гральних закладів і тоталізаторів', 'scheme': 'ДК021', 'id': '92350000-9'}), 'additionalClassification': Munch({'description': 'Солома', 'id': '03114100-4', 'scheme': 'ДК021'}), 'unit': Munch({'name': 'millilitre of water', 'code': 'WW'}), 'status': 'active'}), Munch({'id': '58abe6c72fcc407d940f7c03fee7063c', 'name': 'Test', 'classification': Munch({'description': 'Послуги гральних закладів і тоталізаторів', 'scheme': 'ДК021', 'id': '92350000-9'}), 'additionalClassification': Munch({'description': 'Солома', 'id': '03114100-4', 'scheme': 'ДК021'}), 'unit': Munch({'name': 'millilitre of water', 'code': 'WW'}), 'status': 'active'}), Munch({'id': '217ec663eba143d7912256e8858b7257', 'name': 'Test', 'classification': Munch({'description': 'Послуги гральних закладів і тоталізаторів', 'scheme': 'ДК021', 'id': '92350000-9'}), 'additionalClassification': Munch({'description': 'Солома', 'id': '03114100-4', 'scheme': 'ДК021'}), 'unit': Munch({'name': 'millilitre of water', 'code': 'WW'}), 'status': 'active'}), Munch({'id': '2ad29a26ceb54f3bbd42c3d7189c3e6d', 'name': 'Test', 'classification': Munch({'description': 'Послуги гральних закладів і тоталізаторів', 'scheme': 'ДК021', 'id': '92350000-9'}), 'additionalClassification': Munch({'description': 'Солома', 'id': '03114100-4', 'scheme': 'ДК021'}), 'unit': Munch({'name': 'millilitre of water', 'code': 'WW'}), 'status': 'active'}), Munch({'id': 'eebfe4466ef14984a731233bd0c30498', 'name': 'Test', 'classification': Munch({'description': 'Послуги гральних закладів і тоталізаторів', 'scheme': 'ДК021', 'id': '92350000-9'}), 'additionalClassification': Munch({'description': 'Солома', 'id': '03114100-4', 'scheme': 'ДК021'}), 'unit': Munch({'name': 'millilitre of water', 'code': 'WW'}), 'status': 'active'}), Munch({'id': '5ee4a9893a3c44b5b684ea727cc65a2d', 'name': 'Test', 'classification': Munch({'description': 'Послуги гральних закладів і тоталізаторів', 'scheme': 'ДК021', 'id': '92350000-9'}), 'additionalClassification': Munch({'description': 'Солома', 'id': '03114100-4', 'scheme': 'ДК021'}), 'unit': Munch({'name': 'millilitre of water', 'code': 'WW'}), 'status': 'active'}), Munch({'id': 'f70529135ff94b78a0b3e70a72f86149', 'name': 'Test', 'classification': Munch({'description': 'Послуги гральних закладів і тоталізаторів', 'scheme': 'ДК021', 'id': '92350000-9'}), 'additionalClassification': Munch({'description': 'Солома', 'id': '03114100-4', 'scheme': 'ДК021'}), 'unit': Munch({'name': 'millilitre of water', 'code': 'WW'}), 'status': 'active'}), Munch({'id': 'f687732c86694e32bd53405ad9908e3f', 'name': 'Test', 'classification': Munch({'description': 'Послуги гральних закладів і тоталізаторів', 'scheme': 'ДК021', 'id': '92350000-9'})
[...]
</kw>
<kw name="Змінити критерію" library="keywords_api">
<arguments>
<arg>${get_criteria.id}</arg>
<arg>${STATUS_DATA_RETIRED}</arg>
<arg>admin</arg>
</arguments>
<kw name="Call Method" library="BuiltIn">
<doc>Calls the named method of the given object with the provided arguments.</doc>
<arguments>
<arg>${USERS.users.${username}.client}</arg>
<arg>update_criteria</arg>
<arg>${ID}</arg>
<arg>${RESOURCE}</arg>
<arg>${EDIT_DATA}</arg>
</arguments>
<assign>
<var>${RESPONSE}</var>
</assign>
<msg timestamp="20191227 20:04:13.269" level="INFO">${RESPONSE} = Munch({'minValue': '14.333468558219089', 'maxValue': '25.349854944693405', 'name': 'Тимофій Колісниченко', 'nameEng': 'Jocelyn Taylor', 'status': 'active'})</msg>
<status status="PASS" starttime="20191227 20:04:13.242" endtime="20191227 20:04:13.269"></status>
</kw>
<kw name="Log" library="BuiltIn">
<doc>Logs the given message with the given level.</doc>
<arguments>
<arg>${RESPONSE}</arg>
</arguments>
<msg timestamp="20191227 20:04:13.270" level="INFO">Munch({'minValue': '14.333468558219089', 'maxValue': '25.349854944693405', 'name': 'Тимофій Колісниченко', 'nameEng': 'Jocelyn Taylor', 'status': 'active'})</msg>
<status status="PASS" starttime="20191227 20:04:13.269" endtime="20191227 20:04:13.270"></status>
</kw>
<kw name="Log Variables" library="BuiltIn">
<doc>Logs all variables in the current scope with given log level.</doc>
<msg timestamp="20191227 20:04:13.271" level="INFO">${/} = /</msg>
<msg timestamp="20191227 20:04:13.271" level="INFO">${:} = :</msg>
<msg timestamp="20191227 20:04:13.271" level="INFO">${\n} = 
</msg>
<msg timestamp="20191227 20:04:13.272" level="INFO">${API_HOST_URL} = http://localhost:8000</msg>
<msg timestamp="20191227 20:04:13.272" level="INFO">${API_VERSION} = 0</msg>
<msg timestamp="20191227 20:04:13.272" level="INFO">&amp;{CRITERIA_DATA} = { name=Симон Цимбал | nameEng=James Patel | classification=Munch({'id': '92350000-9', 'scheme': 'ДК021', 'description': 'Послуги гральних закладів і тоталізаторів'}) | additionalClassification=Munch({'id': '03114100-4', 'scheme': 'ДК021', 'description': 'Солома'}) | minValue=11.301028719481161 | maxValue=25.020665476034484 | dataType=boolean | unit=Munch({'name': 'millilitre of water', 'code': 'WW'}) }</msg>
<msg timestamp="20191227 20:04:13.272" level="INFO">${DEBUG_FILE} = NONE</msg>
<msg timestamp="20191227 20:04:13.272" level="INFO">&amp;{EDIT_DATA} = { name=Тимофій Колісниченко | nameEng=Jocelyn Taylor | minValue=14.333468558219089 | maxValue=25.349854944693405 | status=active }</msg>
<msg timestamp="20191227 20:04:13.272" level="INFO">${EXECDIR} = /home/orest.shkhumov/Criteria_test</msg>
<msg timestamp="20191227 20:04:13.272" level="INFO">${False} = False</msg>
<msg timestamp="20191227 20:04:13.272" level="INFO">${ID} = c159f0c752034d63a648bb1b4e34e3a4</msg>
<msg timestamp="20191227 20:04:13.272" level="INFO">${ID_CRITERIA} = c159f0c752034d63a648bb1b4e34e3a4</msg>
<msg timestamp="20191227 20:04:13.272" level="INFO">${LOG_FILE} = /home/orest.shkhumov/Criteria_test/log.html</msg>
<msg timestamp="20191227 20:04:13.273" level="INFO">${LOG_LEVEL} = INFO</msg>
<msg timestamp="20191227 20:04:13.273" level="INFO">${None} = None</msg>
<msg timestamp="20191227 20:04:13.273" level="INFO">${null} = None</msg>
<msg timestamp="20191227 20:04:13.273" level="INFO">${OUTPUT_DIR} = /home/orest.shkhumov/Criteria_test</msg>
<msg timestamp="20191227 20:04:13.273" level="INFO">${OUTPUT_FILE} = /home/orest.shkhumov/Criteria_test/output.xml</msg>
<msg timestamp="20191227 20:04:13.273" level="INFO">${PASSWORD} = adminpassword</msg>
<msg timestamp="20191227 20:04:13.273" level="INFO">${PREV_TEST_MESSAGE} = Variable '${ID_CRITERIA}' not found.</msg>
<msg timestamp="20191227 20:04:13.273" level="INFO">${PREV_TEST_NAME} = Тест змінити критерію на статус активний</msg>
<msg timestamp="20191227 20:04:13.273" level="INFO">${PREV_TEST_STATUS} = FAIL</msg>
<msg timestamp="20191227 20:04:13.273" level="INFO">${REPORT_FILE} = /home/orest.shkhumov/Criteria_test/report.html</msg>
<msg timestamp="20191227 20:04:13.273" level="INFO">${RESOURCE} = criteria</msg>
<msg timestamp="20191227 20:04:13.273" level="INFO">&amp;{RESPONSE} = { minValue=14.333468558219089 | maxValue=25.349854944693405 | name=Тимофій Колісниченко | nameEng=Jocelyn Taylor | status=active }</msg>
<msg timestamp="20191227 20:04:13.274" level="INFO">${SPACE} =  </msg>
<msg timestamp="20191227 20:04:13.274" level="INFO">${STATUS_ACTIVE} = ?status=active</msg>
<msg timestamp="20191227 20:04:13.274" level="INFO">${STATUS_ALL} = ?status=all</msg>
<msg timestamp="20191227 20:04:13.274" level="INFO">&amp;{STATUS_DATA} = { name=Захар Єресько | nameEng=Monica Anderson | minValue=14.518631053207072 | maxValue=28.228494197169887 | status=active }</msg>
<msg timestamp="20191227 20:04:13.274" level="INFO">${STATUS_RETIRED} = ?status=retired</msg>
<msg timestamp="20191227 20:04:13.274" level="INFO">${SUITE_DOCUMENTATION} = </msg>
<msg timestamp="20191227 20:04:13.274" level="INFO">&amp;{SUITE_METADATA} = { }</msg>
<msg timestamp="20191227 20:04:13.274" level="INFO">${SUITE_NAME} = Tests</msg>
<msg timestamp="20191227 20:04:13.274" level="INFO">${SUITE_SOURCE} = /home/orest.shkhumov/Criteria_test/tests.robot</msg>
<msg timestamp="20191227 20:04:13.274" level="INFO">${TEMPDIR} = /tmp</msg>
<msg timestamp="20191227 20:04:13.274" level="INFO">${TEST_DOCUMENTATION} = </msg>
<msg timestamp="20191227 20:04:13.274" level="INFO">${TEST_NAME} = Тест на цілісність структурии критерії при зміні статусу</msg>
<msg timestamp="20191227 20:04:13.275" level="INFO">@{TEST_TAGS} = [ ]</msg>
<msg timestamp="20191227 20:04:13.275" level="INFO">${True} = True</msg>
<msg timestamp="20191227 20:04:13.275" level="INFO">@{USED_ROLES} = [ admin | user ]</msg>
<msg timestamp="20191227 20:04:13.275" level="INFO">${USERNAME} = admin</msg>
<msg timestamp="20191227 20:04:13.275" level="INFO">&amp;{USERS} = { users=Munch({'admin': Munch({'api_key': 'adminpassword', 'user_name': 'admin', 'client': &lt;client.client_helper.StableClient object at 0x7f9d565cfe50&gt;}), 'user': Munch({'api_key': 'userpassword', 'user_name': 'user', 'client': &lt;client.client_helper.StableClient object at 0x7f9d565e8490&gt;})}) }</msg>
<msg timestamp="20191227 20:04:13.275" level="INFO">${USERS_FILE} = data</msg>
<status status="PASS" starttime="20191227 20:04:13.270" endtime="20191227 20:04:13.275"></status>
</kw>
<status status="PASS" starttime="20191227 20:04:13.241" endtime="20191227 20:04:13.275"></status>
</kw>
<kw name="Переглядати критерію" library="keywords_api">
<arguments>
<arg>${get_criteria.id}</arg>
<arg>${user_name}</arg>
</arguments>
<assign>
<var>${GET_RESPONSE_ACTIVE}</var>
</assign>
<kw name="Call Method" library="BuiltIn">
<doc>Calls the named method of the given object with the provided arguments.</doc>
<arguments>
<arg>${USERS.users.${username}.client}</arg>
<arg>get_criteria</arg>
<arg>${RESOURCE}</arg>
<arg>${ID}</arg>
</arguments>
<assign>
<var>${RESPONSE}</var>
</assign>
<msg timestamp="20191227 20:04:13.307" level="INFO">${RESPONSE} = Munch({'id': 'c159f0c752034d63a648bb1b4e34e3a4', 'name': 'Тимофій Колісниченко', 'nameEng': 'Jocelyn Taylor', 'minValue': '14.333468558219089', 'maxValue': '25.349854944693405', 'dataType': 'boolean',...</msg>
<status status="PASS" starttime="20191227 20:04:13.276" endtime="20191227 20:04:13.307"></status>
</kw>
<kw name="Log" library="BuiltIn">
<doc>Logs the given message with the given level.</doc>
<arguments>
<arg>${RESPONSE}</arg>
</arguments>
<msg timestamp="20191227 20:04:13.308" level="INFO">Munch({'id': 'c159f0c752034d63a648bb1b4e34e3a4', 'name': 'Тимофій Колісниченко', 'nameEng': 'Jocelyn Taylor', 'minValue': '14.333468558219089', 'maxValue': '25.349854944693405', 'dataType': 'boolean', 'dateModified': '2019-12-27T18:04:13.259689Z', 'status': 'active', 'classification': Munch({'description': 'Послуги гральних закладів і тоталізаторів', 'scheme': 'ДК021', 'id': '92350000-9'}), 'additionalClassification': Munch({'description': 'Солома', 'id': '03114100-4', 'scheme': 'ДК021'}), 'unit': Munch({'name': 'millilitre of water', 'code': 'WW'})})</msg>
<status status="PASS" starttime="20191227 20:04:13.308" endtime="20191227 20:04:13.308"></status>
</kw>
<kw name="Log Variables" library="BuiltIn">
<doc>Logs all variables in the current scope with given log level.</doc>
<msg timestamp="20191227 20:04:13.310" level="INFO">${/} = /</msg>
<msg timestamp="20191227 20:04:13.310" level="INFO">${:} = :</msg>
<msg timestamp="20191227 20:04:13.310" level="INFO">${\n} = 
</msg>
<msg timestamp="20191227 20:04:13.310" level="INFO">${API_HOST_URL} = http://localhost:8000</msg>
<msg timestamp="20191227 20:04:13.310" level="INFO">${API_VERSION} = 0</msg>
<msg timestamp="20191227 20:04:13.310" level="INFO">&amp;{CRITERIA_DATA} = { name=Симон Цимбал | nameEng=James Patel | classification=Munch({'id': '92350000-9', 'scheme': 'ДК021', 'description': 'Послуги гральних закладів і тоталізаторів'}) | additionalClassification=Munch({'id': '03114100-4', 'scheme': 'ДК021', 'description': 'Солома'}) | minValue=11.301028719481161 | maxValue=25.020665476034484 | dataType=boolean | unit=Munch({'name': 'millilitre of water', 'code': 'WW'}) }</msg>
<msg timestamp="20191227 20:04:13.310" level="INFO">${DEBUG_FILE} = NONE</msg>
<msg timestamp="20191227 20:04:13.310" level="INFO">&amp;{EDIT_DATA} = { name=Левко Шиян | nameEng=Susan Martinez | minValue=16.300328077968018 | maxValue=28.08577977199979 | status=active }</msg>
<msg timestamp="20191227 20:04:13.310" level="INFO">${EXECDIR} = /home/orest.shkhumov/Criteria_test</msg>
<msg timestamp="20191227 20:04:13.310" level="INFO">${False} = False</msg>
<msg timestamp="20191227 20:04:13.311" level="INFO">${ID} = c159f0c752034d63a648bb1b4e34e3a4</msg>
<msg timestamp="20191227 20:04:13.311" level="INFO">${ID_CRITERIA} = c159f0c752034d63a648bb1b4e34e3a4</msg>
<msg timestamp="20191227 20:04:13.311" level="INFO">${LOG_FILE} = /home/orest.shkhumov/Criteria_test/log.html</msg>
<msg timestamp="20191227 20:04:13.311" level="INFO">${LOG_LEVEL} = INFO</msg>
<msg timestamp="20191227 20:04:13.311" level="INFO">${None} = None</msg>
<msg timestamp="20191227 20:04:13.311" level="INFO">${null} = None</msg>
<msg timestamp="20191227 20:04:13.311" level="INFO">${OUTPUT_DIR} = /home/orest.shkhumov/Criteria_test</msg>
<msg timestamp="20191227 20:04:13.311" level="INFO">${OUTPUT_FILE} = /home/orest.shkhumov/Criteria_test/output.xml</msg>
<msg timestamp="20191227 20:04:13.312" level="INFO">${PASSWORD} = adminpassword</msg>
<msg timestamp="20191227 20:04:13.312" level="INFO">${PREV_TEST_MESSAGE} = Variable '${ID_CRITERIA}' not found.</msg>
<msg timestamp="20191227 20:04:13.312" level="INFO">${PREV_TEST_NAME} = Тест змінити критерію на статус активний</msg>
<msg timestamp="20191227 20:04:13.312" level="INFO">${PREV_TEST_STATUS} = FAIL</msg>
<msg timestamp="20191227 20:04:13.312" level="INFO">${REPORT_FILE} = /home/orest.shkhumov/Criteria_test/report.html</msg>
<msg timestamp="20191227 20:04:13.312" level="INFO">${RESOURCE} = criteria</msg>
<msg timestamp="20191227 20:04:13.312" level="INFO">&amp;{RESPONSE} = { id=c159f0c752034d63a648bb1b4e34e3a4 | name=Тимофій Колісниченко | nameEng=Jocelyn Taylor | minValue=14.333468558219089 | maxValue=25.349854944693405 | dataType=boolean | dateModified=2019-12-27T18:04:13.259689Z | status=active | classification=Munch({'description': 'Послуги гральних закладів і тоталізаторів', 'scheme': 'ДК021', 'id': '92350000-9'}) | additionalClassification=Munch({'description': 'Солома', 'id': '03114100-4', 'scheme': 'ДК021'}) | unit=Munch({'name': 'millilitre of water', 'code': 'WW'}) }</msg>
<msg timestamp="20191227 20:04:13.313" level="INFO">${SPACE} =  </msg>
<msg timestamp="20191227 20:04:13.313" level="INFO">${STATUS_ACTIVE} = ?status=active</msg>
<msg timestamp="20191227 20:04:13.313" level="INFO">${STATUS_ALL} = ?status=all</msg>
<msg timestamp="20191227 20:04:13.313" level="INFO">&amp;{STATUS_DATA} = { name=Захар Єресько | nameEng=Monica Anderson | minValue=14.518631053207072 | maxValue=28.228494197169887 | status=active }</msg>
<msg timestamp="20191227 20:04:13.313" level="INFO">${STATUS_RETIRED} = ?status=retired</msg>
<msg timestamp="20191227 20:04:13.313" level="INFO">${SUITE_DOCUMENTATION} = </msg>
<msg timestamp="20191227 20:04:13.313" level="INFO">&amp;{SUITE_METADATA} = { }</msg>
<msg timestamp="20191227 20:04:13.313" level="INFO">${SUITE_NAME} = Tests</msg>
<msg timestamp="20191227 20:04:13.313" level="INFO">${SUITE_SOURCE} = /home/orest.shkhumov/Criteria_test/tests.robot</msg>
<msg timestamp="20191227 20:04:13.313" level="INFO">${TEMPDIR} = /tmp</msg>
<msg timestamp="20191227 20:04:13.313" level="INFO">${TEST_DOCUMENTATION} = </msg>
<msg timestamp="20191227 20:04:13.313" level="INFO">${TEST_NAME} = Тест на цілісність структурии критерії при зміні статусу</msg>
<msg timestamp="20191227 20:04:13.313" level="INFO">@{TEST_TAGS} = [ ]</msg>
<msg timestamp="20191227 20:04:13.314" level="INFO">${True} = True</msg>
<msg timestamp="20191227 20:04:13.314" level="INFO">@{USED_ROLES} = [ admin | user ]</msg>
<msg timestamp="20191227 20:04:13.314" level="INFO">${USERNAME} = admin</msg>
<msg timestamp="20191227 20:04:13.314" level="INFO">&amp;{USERS} = { users=Munch({'admin': Munch({'api_key': 'adminpassword', 'user_name': 'admin', 'client': &lt;client.client_helper.StableClient object at 0x7f9d565cfe50&gt;}), 'user': Munch({'api_key': 'userpassword', 'user_name': 'user', 'client': &lt;client.client_helper.StableClient object at 0x7f9d565e8490&gt;})}) }</msg>
<msg timestamp="20191227 20:04:13.314" level="INFO">${USERS_FILE} = data</msg>
<status status="PASS" starttime="20191227 20:04:13.309" endtime="20191227 20:04:13.314"></status>
</kw>
<msg timestamp="20191227 20:04:13.314" level="INFO">${GET_RESPONSE_ACTIVE} = Munch({'id': 'c159f0c752034d63a648bb1b4e34e3a4', 'name': 'Тимофій Колісниченко', 'nameEng': 'Jocelyn Taylor', 'minValue': '14.333468558219089', 'maxValue': '25.349854944693405', 'dataType': 'boolean',...</msg>
<status status="PASS" starttime="20191227 20:04:13.276" endtime="20191227 20:04:13.314"></status>
</kw>
<kw name="Set To Dictionary" library="Collections">
<doc>Adds the given ``key_value_pairs`` and ``items`` to the ``dictionary``.</doc>
<arguments>
<arg>${responses}</arg>
<arg>second=${GET_RESPONSE_ACTIVE}</arg>
</arguments>
<status status="PASS" starttime="20191227 20:04:13.315" endtime="20191227 20:04:13.315"></status>
</kw>
<kw name="Перевірити цілісність критерій" library="base_keywords">
<arguments>
<arg>${responses.first}</arg>
<arg>${responses.second}</arg>
</arguments>
<kw name="Should Not Be Equal" library="BuiltIn">
<doc>Fails if the given objects are equal.</doc>
<arguments>
<arg>${first.dateModified}</arg>
<arg>${second.dateModified}</arg>
<arg>msg=dateModified are not equal</arg>
</arguments>
<status status="PASS" starttime="20191227 20:04:13.316" endtime="20191227 20:04:13.317"></status>
</kw>
<kw name="Should Be Equal" library="BuiltIn">
<doc>Fails if the given objects are unequal.</doc>
<arguments>
<arg>${first.status}</arg>
<arg>retired</arg>
</arguments>
<status status="PASS" starttime="20191227 20:04:13.317" endtime="20191227 20:04:13.317"></status>
</kw>
<kw name="Should Be Equal" library="BuiltIn">
<doc>Fails if the given objects are unequal.</doc>
<arguments>
<arg>${second.status}</arg>
<arg>active</arg>
</arguments>
<status status="PASS" starttime="20191227 20:04:13.317" endtime="20191227 20:04:13.318"></status>
</kw>
<kw name="Remove From Dictionary" library="Collections">
<doc>Removes the given ``keys`` from the ``dictionary``.</doc>
<arguments>
<arg>${first}</arg>
<arg>status</arg>
</arguments>
<msg timestamp="20191227 20:04:13.318" level="INFO">Removed item with key 'status' and value 'retired'.</msg>
<status status="PASS" starttime="20191227 20:04:13.318" endtime="20191227 20:04:13.318"></status>
</kw>
<kw name="Remove From Dictionary" library="Collections">
<doc>Removes the given ``keys`` from the ``dictionary``.</doc>
<arguments>
<arg>${first}</arg>
<arg>dateModified</arg>
</arguments>
<msg timestamp="20191227 20:04:13.319" level="INFO">Removed item with key 'dateModified' and value '2019-12-27T18:04:13.184666Z'.</msg>
<status status="PASS" starttime="20191227 20:04:13.318" endtime="20191227 20:04:13.319"></status>
</kw>
<kw name="Remove From Dictionary" library="Collections">
<doc>Removes the given ``keys`` from the ``dictionary``.</doc>
<arguments>
<arg>${second}</arg>
<arg>status</arg>
</arguments>
<msg timestamp="20191227 20:04:13.319" level="INFO">Removed item with key 'status' and value 'active'.</msg>
<status status="PASS" starttime="20191227 20:04:13.319" endtime="20191227 20:04:13.319"></status>
</kw>
<kw name="Remove From Dictionary" library="Collections">
<doc>Removes the given ``keys`` from the ``dictionary``.</doc>
<arguments>
<arg>${second}</arg>
<arg>dateModified</arg>
</arguments>
<msg timestamp="20191227 20:04:13.320" level="INFO">Removed item with key 'dateModified' and value '2019-12-27T18:04:13.259689Z'.</msg>
<status status="PASS" starttime="20191227 20:04:13.320" endtime="20191227 20:04:13.320"></status>
</kw>
<kw name="Log" library="BuiltIn">
<doc>Logs the given message with the given level.</doc>
<arguments>
<arg>${first}</arg>
</arguments>
<msg timestamp="20191227 20:04:13.320" level="INFO">{'id': 'c159f0c752034d63a648bb1b4e34e3a4', 'name': 'Тимофій Колісниченко', 'nameEng': 'Jocelyn Taylor', 'minValue': '14.333468558219089', 'maxValue': '25.349854944693405', 'dataType': 'boolean', 'classification': {'description': 'Послуги гральних закладів і тоталізаторів', 'scheme': 'ДК021', 'id': '92350000-9'}, 'additionalClassification': {'description': 'Солома', 'id': '03114100-4', 'scheme': 'ДК021'}, 'unit': {'name': 'millilitre of water', 'code': 'WW'}}</msg>
<status status="PASS" starttime="20191227 20:04:13.320" endtime="20191227 20:04:13.321"></status>
</kw>
<kw name="Log" library="BuiltIn">
<doc>Logs the given message with the given level.</doc>
<arguments>
<arg>${second}</arg>
</arguments>
<msg timestamp="20191227 20:04:13.321" level="INFO">Munch({'id': 'c159f0c752034d63a648bb1b4e34e3a4', 'name': 'Тимофій Колісниченко', 'nameEng': 'Jocelyn Taylor', 'minValue': '14.333468558219089', 'maxValue': '25.349854944693405', 'dataType': 'boolean', 'classification': Munch({'description': 'Послуги гральних закладів і тоталізаторів', 'scheme': 'ДК021', 'id': '92350000-9'}), 'additionalClassification': Munch({'description': 'Солома', 'id': '03114100-4', 'scheme': 'ДК021'}), 'unit': Munch({'name': 'millilitre of water', 'code': 'WW'})})</msg>
<status status="PASS" starttime="20191227 20:04:13.321" endtime="20191227 20:04:13.322"></status>
</kw>
<kw name="Should Be Equal" library="BuiltIn">
<doc>Fails if the given objects are unequal.</doc>
<arguments>
<arg>${first}</arg>
<arg>${second}</arg>
<arg>msg=DATA without status and</arg>
<arg>dateModified are not equal</arg>
</arguments>
<msg timestamp="20191227 20:04:13.322" level="FAIL">Keyword 'BuiltIn.Should Be Equal' got positional argument after named arguments.</msg>
<status status="FAIL" starttime="20191227 20:04:13.322" endtime="20191227 20:04:13.322"></status>
</kw>
<status status="FAIL" starttime="20191227 20:04:13.315" endtime="20191227 20:04:13.323"></status>
</kw>
<status status="FAIL" starttime="20191227 20:04:13.117" endtime="20191227 20:04:13.323"></status>
</kw>
<status status="FAIL" starttime="20191227 20:04:13.030" endtime="20191227 20:04:13.324" critical="yes">Keyword 'BuiltIn.Should Be Equal' got positional argument after named arguments.</status>
</test>
<status status="FAIL" starttime="20191227 20:04:11.228" endtime="20191227 20:04:13.325"></status>
</suite>
<statistics>
<total>
<stat pass="2" fail="8">Critical Tests</stat>
<stat pass="2" fail="8">All Tests</stat>
</total>
<tag>
</tag>
<suite>
<stat pass="2" fail="8" id="s1" name="Tests">Tests</stat>
</suite>
</statistics>
<errors>
</errors>
</robot>
