<?xml version="1.0" encoding="UTF-8"?>
<robot generator="Robot 3.1.2 (Python 3.7.5 on linux)" generated="20191218 18:36:06.361" rpa="false">
<suite id="s1" name="Tests" source="/home/orest.shkhumov/Criteria_test/tests.robot">
<test id="s1-t1" name="Тест створити критерію">
<kw name="Створити критерію" library="base_keywords">
<kw name="Піготувати дані для критерії" library="keywords_data">
<assign>
<var>${DATA}</var>
</assign>
<kw name="Data For Criteria" library="data.init_data">
<assign>
<var>${criteria_data}</var>
</assign>
<msg timestamp="20191218 18:36:06.818" level="FAIL">TypeError: random_int() missing 1 required positional argument: 'self'</msg>
<status status="FAIL" starttime="20191218 18:36:06.817" endtime="20191218 18:36:06.818"></status>
</kw>
<status status="FAIL" starttime="20191218 18:36:06.817" endtime="20191218 18:36:06.819"></status>
</kw>
<status status="FAIL" starttime="20191218 18:36:06.817" endtime="20191218 18:36:06.819"></status>
</kw>
<status status="FAIL" starttime="20191218 18:36:06.816" endtime="20191218 18:36:06.819" critical="yes">TypeError: random_int() missing 1 required positional argument: 'self'</status>
</test>
<status status="FAIL" starttime="20191218 18:36:06.362" endtime="20191218 18:36:06.819"></status>
</suite>
<statistics>
<total>
<stat pass="0" fail="1">Critical Tests</stat>
<stat pass="0" fail="1">All Tests</stat>
</total>
<tag>
</tag>
<suite>
<stat pass="0" fail="1" id="s1" name="Tests">Tests</stat>
</suite>
</statistics>
<errors>
</errors>
</robot>
