<?xml version="1.0" encoding="UTF-8"?>
<robot generator="Robot 3.1.2 (Python 3.7.5 on linux)" generated="20191231 16:43:31.997" rpa="false">
<suite id="s1" name="Tests" source="/home/orest.shkhumov/Criteria_test/tests.robot">
<kw name="Підготувати клієнт для користувача" library="keywords_api" type="setup">
<kw name="Load Data From" library="service_keywords">
<doc>We assume that 'external_params' is a a valid json if passed</doc>
<arguments>
<arg>users.yaml</arg>
</arguments>
<assign>
<var>${USERS}</var>
</assign>
<msg timestamp="20191231 16:43:32.546" level="INFO">${USERS} = Munch({'users': Munch({'admin': Munch({'api_key': 'adminpassword', 'user_name': 'admin'}), 'user': Munch({'api_key': 'userpassword', 'user_name': 'user'})})})</msg>
<status status="PASS" starttime="20191231 16:43:32.543" endtime="20191231 16:43:32.546"></status>
</kw>
<kw name="${username} IN [ @{USED_ROLES} ]" type="for">
<kw name="${username} = admin" type="foritem">
<kw name="Prepare Api Wrapper" library="client.client_helper">
<arguments>
<arg>${USERS.users.${username}.user_name}</arg>
<arg>${USERS.users.${username}.api_key}</arg>
<arg>${API_HOST_URL}</arg>
<arg>${API_VERSION}</arg>
</arguments>
<assign>
<var>${api_wraper}</var>
</assign>
<msg timestamp="20191231 16:43:32.547" level="INFO">${api_wraper} = &lt;client.client_helper.StableClient object at 0x7fa5f44f6f50&gt;</msg>
<status status="PASS" starttime="20191231 16:43:32.546" endtime="20191231 16:43:32.547"></status>
</kw>
<kw name="Set To Dictionary" library="Collections">
<doc>Adds the given ``key_value_pairs`` and ``items`` to the ``dictionary``.</doc>
<arguments>
<arg>${USERS.users.${username}}</arg>
<arg>client=${api_wraper}</arg>
</arguments>
<status status="PASS" starttime="20191231 16:43:32.547" endtime="20191231 16:43:32.548"></status>
</kw>
<status status="PASS" starttime="20191231 16:43:32.546" endtime="20191231 16:43:32.548"></status>
</kw>
<kw name="${username} = user" type="foritem">
<kw name="Prepare Api Wrapper" library="client.client_helper">
<arguments>
<arg>${USERS.users.${username}.user_name}</arg>
<arg>${USERS.users.${username}.api_key}</arg>
<arg>${API_HOST_URL}</arg>
<arg>${API_VERSION}</arg>
</arguments>
<assign>
<var>${api_wraper}</var>
</assign>
<msg timestamp="20191231 16:43:32.549" level="INFO">${api_wraper} = &lt;client.client_helper.StableClient object at 0x7fa5f45064d0&gt;</msg>
<status status="PASS" starttime="20191231 16:43:32.548" endtime="20191231 16:43:32.549"></status>
</kw>
<kw name="Set To Dictionary" library="Collections">
<doc>Adds the given ``key_value_pairs`` and ``items`` to the ``dictionary``.</doc>
<arguments>
<arg>${USERS.users.${username}}</arg>
<arg>client=${api_wraper}</arg>
</arguments>
<status status="PASS" starttime="20191231 16:43:32.549" endtime="20191231 16:43:32.549"></status>
</kw>
<status status="PASS" starttime="20191231 16:43:32.548" endtime="20191231 16:43:32.549"></status>
</kw>
<status status="PASS" starttime="20191231 16:43:32.546" endtime="20191231 16:43:32.549"></status>
</kw>
<kw name="Set Suite Variable" library="BuiltIn">
<doc>Makes a variable available everywhere within the scope of the current suite.</doc>
<arguments>
<arg>${USERS}</arg>
</arguments>
<msg timestamp="20191231 16:43:32.550" level="INFO">${USERS} = Munch({'users': Munch({'admin': Munch({'api_key': 'adminpassword', 'user_name': 'admin', 'client': &lt;client.client_helper.StableClient object at 0x7fa5f44f6f50&gt;}), 'user': Munch({'api_key': 'userpasswo...</msg>
<status status="PASS" starttime="20191231 16:43:32.550" endtime="20191231 16:43:32.550"></status>
</kw>
<status status="PASS" starttime="20191231 16:43:32.543" endtime="20191231 16:43:32.550"></status>
</kw>
<test id="s1-t1" name="Тест створити критерію">
<kw name="Можливість cтворити критерію" library="base_keywords">
<arguments>
<arg>admin</arg>
</arguments>
<kw name="Піготувати дані для критерії" library="keywords_data">
<assign>
<var>${CRITERIA_DATA}</var>
</assign>
<kw name="Data For Criteria" library="data.init_data">
<arguments>
<arg>ДК021</arg>
</arguments>
<assign>
<var>${CRITERIA_DATA}</var>
</assign>
<msg timestamp="20191231 16:43:32.553" level="FAIL">KeyError: 'additionalClassification'</msg>
<status status="FAIL" starttime="20191231 16:43:32.552" endtime="20191231 16:43:32.553"></status>
</kw>
<status status="FAIL" starttime="20191231 16:43:32.551" endtime="20191231 16:43:32.554"></status>
</kw>
<status status="FAIL" starttime="20191231 16:43:32.551" endtime="20191231 16:43:32.554"></status>
</kw>
<status status="FAIL" starttime="20191231 16:43:32.550" endtime="20191231 16:43:32.554" critical="yes">KeyError: 'additionalClassification'</status>
</test>
<test id="s1-t2" name="Тест редагувати критерію">
<kw name="Можливість змінити критерію" library="base_keywords">
<arguments>
<arg>admin</arg>
</arguments>
<kw name="Підготувати дані для редагування" library="keywords_data">
<assign>
<var>${EDIT_DATA}</var>
</assign>
<kw name="Data For Edit" library="data.init_data">
<assign>
<var>${EDIT_DATA}</var>
</assign>
<msg timestamp="20191231 16:43:32.557" level="INFO">${EDIT_DATA} = Munch({'name': 'Василина Корсун', 'nameEng': 'Martin Adams', 'minValue': '17.00560367516296', 'maxValue': '44.517407226251756', 'status': 'active'})</msg>
<status status="PASS" starttime="20191231 16:43:32.556" endtime="20191231 16:43:32.557"></status>
</kw>
<kw name="Log" library="BuiltIn">
<doc>Logs the given message with the given level.</doc>
<arguments>
<arg>${EDIT_DATA}</arg>
</arguments>
<msg timestamp="20191231 16:43:32.557" level="INFO">Munch({'name': 'Василина Корсун', 'nameEng': 'Martin Adams', 'minValue': '17.00560367516296', 'maxValue': '44.517407226251756', 'status': 'active'})</msg>
<status status="PASS" starttime="20191231 16:43:32.557" endtime="20191231 16:43:32.557"></status>
</kw>
<msg timestamp="20191231 16:43:32.557" level="INFO">${EDIT_DATA} = Munch({'name': 'Василина Корсун', 'nameEng': 'Martin Adams', 'minValue': '17.00560367516296', 'maxValue': '44.517407226251756', 'status': 'active'})</msg>
<status status="PASS" starttime="20191231 16:43:32.555" endtime="20191231 16:43:32.558"></status>
</kw>
<kw name="Set Suite Variable" library="BuiltIn">
<doc>Makes a variable available everywhere within the scope of the current suite.</doc>
<arguments>
<arg>${EDIT_DATA}</arg>
</arguments>
<msg timestamp="20191231 16:43:32.558" level="INFO">${EDIT_DATA} = Munch({'name': 'Василина Корсун', 'nameEng': 'Martin Adams', 'minValue': '17.00560367516296', 'maxValue': '44.517407226251756', 'status': 'active'})</msg>
<status status="PASS" starttime="20191231 16:43:32.558" endtime="20191231 16:43:32.558"></status>
</kw>
<kw name="Змінити критерію" library="keywords_api">
<arguments>
<arg>${ID_CRITERIA}</arg>
<arg>${EDIT_DATA}</arg>
<arg>${user_name}</arg>
</arguments>
<assign>
<var>${PATCH_RESPONSE}</var>
</assign>
<msg timestamp="20191231 16:43:32.559" level="FAIL">Variable '${ID_CRITERIA}' not found.</msg>
<status status="FAIL" starttime="20191231 16:43:32.558" endtime="20191231 16:43:32.559"></status>
</kw>
<status status="FAIL" starttime="20191231 16:43:32.555" endtime="20191231 16:43:32.560"></status>
</kw>
<status status="FAIL" starttime="20191231 16:43:32.554" endtime="20191231 16:43:32.560" critical="yes">Variable '${ID_CRITERIA}' not found.</status>
</test>
<test id="s1-t3" name="Тест перевірити кількість критерій">
<kw name="Можливість переглядати список критеріїв" library="base_keywords">
<arguments>
<arg>admin</arg>
</arguments>
<kw name="Переглядати список критеріїв" library="keywords_api">
<arguments>
<arg>${user_name}</arg>
</arguments>
<assign>
<var>${GET_RESPONSE}</var>
</assign>
<kw name="Call Method" library="BuiltIn">
<doc>Calls the named method of the given object with the provided arguments.</doc>
<arguments>
<arg>${USERS.users.${username}.client}</arg>
<arg>get_criteria</arg>
<arg>${RESOURCE}</arg>
</arguments>
<assign>
<var>${RESPONSE}</var>
</assign>
<msg timestamp="20191231 16:43:32.925" level="INFO">${RESPONSE} = Munch({'count': 424, 'next': 'http://localhost:8000/api/0/criteria/?limit=100&amp;offset=100', 'previous': None, 'results': [Munch({'id': 'cdae6981c78546a5ae2e4945e7a18f13', 'name': 'Пилип', 'classificati...</msg>
<status status="PASS" starttime="20191231 16:43:32.562" endtime="20191231 16:43:32.926"></status>
</kw>
<kw name="Log" library="BuiltIn">
<doc>Logs the given message with the given level.</doc>
<arguments>
<arg>${RESPONSE}</arg>
</arguments>
<msg timestamp="20191231 16:43:32.927" level="INFO">Munch({'count': 424, 'next': 'http://localhost:8000/api/0/criteria/?limit=100&amp;offset=100', 'previous': None, 'results': [Munch({'id': 'cdae6981c78546a5ae2e4945e7a18f13', 'name': 'Пилип', 'classification': Munch({'description': 'Не відображене в інших розділах', 'scheme': 'ДК021', 'id': '99999999-9'}), 'additionalClassification': Munch({'description': 'Спортивні тренери, інструктори-методисти та професійні спортсмени', 'id': '3475', 'scheme': 'ДК003'}), 'unit': Munch({'name': 'послуга', 'code': 'E48'}), 'status': 'active'}), Munch({'id': '80d405c799824e1399ea78b722daf9b2', 'name': 'Пилип', 'classification': Munch({'description': 'Не відображене в інших розділах', 'scheme': 'ДК021', 'id': '99999999-9'}), 'additionalClassification': Munch({'description': 'Спортивні тренери, інструктори-методисти та професійні спортсмени', 'id': '3475', 'scheme': 'ДК003'}), 'unit': Munch({'name': 'послуга', 'code': 'E48'}), 'status': 'active'}), Munch({'id': 'bf2ce4f62ead4a92bc02710a8e2ed783', 'name': 'Пилип', 'classification': Munch({'description': 'Фураж', 'scheme': 'ДК021', 'id': '03114200-5'}), 'additionalClassification': Munch({'description': 'Спортивні тренери, інструктори-методисти та професійні спортсмени', 'id': '3475', 'scheme': 'ДК003'}), 'unit': Munch({'name': 'послуга', 'code': 'E48'}), 'status': 'active'}), Munch({'id': '73316acb015b44e3b42aeb2f101254f7', 'name': 'Пилип', 'classification': Munch({'description': 'Фураж', 'scheme': 'ДК021', 'id': '03114200-5'}), 'additionalClassification': Munch({'description': 'Спортивні тренери, інструктори-методисти та професійні спортсмени', 'id': '3475', 'scheme': 'ДК003'}), 'unit': Munch({'name': 'послуга', 'code': 'E48'}), 'status': 'active'}), Munch({'id': '9be51820a1694fb6b4d2eed4039a0d43', 'name': 'Пилип', 'classification': Munch({'description': 'Фураж', 'scheme': 'ДК021', 'id': '03114200-5'}), 'additionalClassification': Munch({'description': 'Спортивні тренери, інструктори-методисти та професійні спортсмени', 'id': '3475', 'scheme': 'ДК003'}), 'unit': Munch({'name': 'пачок', 'code': 'NMP'}), 'status': 'active'}), Munch({'id': '7628f80ec2ef4dbdb05e94ece62adcd0', 'name': 'Пилип', 'classification': Munch({'description': 'Фураж', 'scheme': 'ДК021', 'id': '03114200-5'}), 'additionalClassification': Munch({'description': 'Спортивні тренери, інструктори-методисти та професійні спортсмени', 'id': '3475', 'scheme': 'ДК003'}), 'unit': Munch({'name': 'millilitre of water', 'code': 'WW'}), 'status': 'active'}), Munch({'id': 'b1d48cce9ba94a97ad344476d56a6358', 'name': 'Пилип', 'classification': Munch({'description': 'Фураж', 'scheme': 'ДК021', 'id': '03114200-5'}), 'additionalClassification': Munch({'description': 'Рослинна сировина', 'id': '03115000-0', 'scheme': 'ДК021'}), 'unit': Munch({'name': 'millilitre of water', 'code': 'WW'}), 'status': 'active'}), Munch({'id': 'afa70f16e5af43bcaa25413805b9dc39', 'name': 'Пилип', 'classification': Munch({'description': 'Фураж', 'scheme': 'ДК021', 'id': '03114200-5'}), 'additionalClassification': Munch({'description': 'Рослинна сировина', 'id': '03115000-0', 'scheme': 'ДК021'}), 'unit': Munch({'name': 'millilitre of water', 'code': 'WW'}), 'status': 'active'}), Munch({'id': 'b56488cb5af34e279523f5d7f978997a', 'name': 'Пилип', 'classification': Munch({'description': 'Фураж', 'scheme': 'ДК021', 'id': '03114200-5'}), 'additionalClassification': Munch({'description': 'Рослинна сировина', 'id': '03115000-0', 'scheme': 'ДК021'}), 'unit': Munch({'name': 'millilitre of water', 'code': 'WW'}), 'status': 'active'}), Munch({'id': 'd4b5868910b54f8483e48cf99310a89a', 'name': 'Нестор Забіла', 'classification': Munch({'description': 'Послуги гральних закладів і тоталізаторів', 'scheme': 'ДК021', 'id': '92350000-9'}), 'additionalClassification': Munch({'description': 'Солома', 'id': '03114100-4', 'scheme': 'ДК021'}), 'unit': Munch({'name': 'millilitre of water', 'code': 'WW'}), 'status': 'active'}), Munch({'id': '245c4dcdbfca475c9e1c03da7f249036', 'name': 'Панас Гузь', 'classification': Munch({'description': 'Послуги гральних закладів і тоталізаторів', 'scheme': 'ДК021', 'id': '92350000-9'}), 'additionalClassification': Munch({'description': 'Солома', 'id': '03114100-4', 'scheme': 'ДК021'}), 'unit': Munch({'name': 'millilitre of water', 'code': 'WW'}), 'status': 'active'}), Munch({'id': '9eb22fa6b16144ada95d34294671834c', 'name': 'пан Антон Артимович', 'classification': Munch({'description': 'Послуги гральних закладів і тоталізаторів', 'scheme': 'ДК021', 'id': '92350000-9'}), 'additionalClassification': Munch({'description': 'Солома', 'id': '03114100-4', 'scheme': 'ДК021'}), 'unit': Munch({'name': 'millilitre of water', 'code': 'WW'}), 'status': 'active'}), Munch({'id': 'ad5189b62f774568a54c5631897ae814', 'name': 'Іван Швачко', 'classification': Munch({'description': 'Послуги гральних закладів і тоталізаторів', 'scheme': 'ДК021', 'id': '92350000-9'}), 'additionalClassification': Munch({'description': 'Солома', 'id': '03114100-4', 'scheme': 'ДК021'}), 'unit': Munch({'name': 'millilitre of water', 'code': 'WW'}), 'status': 'active'}), Munch({'id': 'bd20a6316e184582b2bf02f0cb68cf73', 'name': 'Пилип', 'classification': Munch({'description': 'Фураж', 'scheme': 'ДК021', 'id': '03114200-5'}), 'additionalClassification': Munch({'description': 'Рослинна сировина', 'id': '03115000-0', 'scheme': 'ДК021'}), 'unit': Munch({'name': 'millilitre of water', 'code': 'WW'}), 'status': 'active'}), Munch({'id': 'c1443c6aa7c348b688879b5009535cf1', 'name': 'Пилип', 'classification': Munch({'description': 'Фураж', 'scheme': 'ДК021', 'id': '03114200-5'}), 'additionalClassification': Munch({'description': 'Рослинна сировина', 'id': '03115000-0', 'scheme': 'ДК021'}), 'unit': Munch({'name': 'millilitre of water', 'code': 'WW'}), 'status': 'active'}), Munch({'id': '0e0698ab6a434b97b9c2c8a1cd59e696', 'name': 'Пилип', 'classification': Munch({'description': 'Ящики', 'scheme': 'ДК021', 'id': '44619300-5'}), 'additionalClassification': Munch({'description': 'Набори фарб', 'id': '44812310-1', 'scheme': 'ДК021'}), 'unit': Munch({'name': 'millilitre of water', 'code': 'WW'}), 'status': 'active'}), Munch({'id': 'd8965a7d399246ae8b70e435f4fe8d51', 'name': 'Пилип', 'classification': Munch({'description': 'Послуги гральних закладів і тоталізаторів', 'scheme': 'ДК021', 'id': '92350000-9'}), 'additionalClassification': Munch({'description': 'Солома', 'id': '03114100-4', 'scheme': 'ДК021'}), 'unit': Munch({'name': 'millilitre of water', 'code': 'WW'}), 'status': 'active'}), Munch({'id': '6535356610474decb24e277c0e84d49d', 'name': 'Алевтин Орлик', 'classification': Munch({'description': 'Послуги гральних закладів і тоталізаторів', 'scheme': 'ДК021', 'id': '92350000-9'}), 'additionalClassification': Munch({'description': 'Солома', 'id': '03114100-4', 'scheme': 'ДК021'}), 'unit': Munch({'name': 'millilitre of water', 'code': 'WW'}), 'status': 'active'}), Munch({'id': '1a014a16e80e4c0fb4626e9fe37ebd7e', 'name': 'Богуслав Даниленко', 'classification': Munch({'description': 'Послуги гральних закладів і тоталізаторів', 'scheme': 'ДК021', 'id': '92350000-9'}), 'additionalClassification': Munch({'description': 'Солома', 'id': '03114100-4', 'scheme': 'ДК021'}), 'unit': Munch({'name': 'millilitre of water', 'code': 'WW'}), 'status': 'active'}), Munch({'id': '7c528fab6db840cabaa0a355773afb68', 'name': 'Еріка Гузь', 'classification': Munch({'description': 'Послуги гральних закладів і тоталізаторів', 'scheme': 'ДК021', 'id': '92350000-9'}), 'additionalClassification': Munch({'description': 'Солома', 'id': '03114100-4', 'scheme': 'ДК021'}), 'unit': Munch({'name': 'millilitre of water', 'code': 'WW'}), 'status': 'active'}), Munch({'id': '5e3f5f52b4ac45faa8695a2723e37d97', 'name': 'Людмила Абраменко', 'classification': Munch({'description': 'Послуги гральних закладів і тоталізаторів', 'scheme': 'ДК021', 'id': '92350000-9'}), 'additionalClassification': Munch({'description': 'Солома', 'id': '03114100-4', 'scheme': 'ДК021'}), 'unit': Munch({'name': 'millilitre of water', 'code': 'WW'}), 'status': 'active'}), Munch({'id': '870f307e10284c3aac3fd4292aafb55b', 'name': 'Алевтин Цюцюра', 'classification': Munch({'description': 'Послуги гральних закладів і тоталізаторів', 'scheme': 'ДК021', 'id': '92350000-9'}), 'additionalClassification': Munch({'description': 'Солома', 'id': '03114100-4', 'scheme': 'ДК021'}), 'unit': Munch({'name': 'millilitre of water', 'code': 'WW'}), 'status': 'active'}), Munch({'id': '7375918a02144622b6fefbdf93b375b0', 'name': 'Роксолана Лазаренко', 'classification': Munch({'description': 'Послуги гральних закладів і тоталізаторів', 'scheme': 'ДК021', 'id': '92350000-9'}), 'additionalClassification': Munch({'description': 'Солома', 'id': '03114100-4', 'scheme': 'ДК021'}), 'unit': Munch({'name': 'millilitre of water', 'code': 'WW'}), 'status': 'active'}), Munch({'id': 'b349cfb5c493411ab8c3119dfdb093a7', 'name': 'Пилип', 'classification': Munch({'description': 'Послуги гральних закладів і тоталізаторів', 'scheme': 'ДК021', 'id': '92350000-9'}), 'additionalClassification': Munch({'description': 'Солома', 'id': '03114100-4', 'scheme': 'ДК021'}), 'unit': Munch({'name': 'millilitre of water', 'code': 'WW'}), 'status': 'active'}), Munch({'id': 'd8fd180450284e68bf9ce6eda77a57ea', 'name': 'Пилип', 'classification': Munch({'description': 'Послуги гральних закладів і тоталізаторів', 'scheme': 'ДК021', 'id': '92350000-9'}), 'additionalClassification': Munch({'description': 'Солома', 'id': '03114100-4', 'scheme': 'ДК021'}), 'unit': Munch({'name': 'millilitre of water', 'code': 'WW'}), 'status': 'active'}), Munch({'id': '66233a67c8c8455b98efb3606191c633', 'name': 'Пилип', 'classification': Munch({'description': 'Послуги гральних закладів і тоталізаторів', 'scheme': 'ДК021', 'id': '92350000-9'}), 'additionalClassification': Munch({'description': 'Солома', 'id': '03114100-4', 'scheme': 'ДК021'}), 'unit': Munch({'name': 'millilitre of water', 'code': 'WW'}), 'status': 'active'}), Munch({'id': '153f0226956b4c66bb26c3f0e35fc9ea', 'name': 'Пилип', 'classification': Munch({'description': 'Послуги гральних закладів і тоталізаторів', 'scheme': 'ДК021', 'id': '92350000-9'}), 'additionalClassification': Munch({'description': 'Солома', 'id': '03114100-4', 'scheme': 'ДК021'}), 'unit': Munch({'name': 'millilitre of water', 'code': 'WW'}), 'status': 'active'}), Munch({'id': '6f51240079ec4f6d9c51289a78d61672', 'name': 'Пилип', 'classification': Munch({'description': 'Послуги гральних закладів і тоталізаторів', 'scheme': 'ДК021', 'id': '92350000-9'}), 'additionalClassification': Munch({'description': 'Солома', 'id': '03114100-4', 'scheme': 'ДК021'}), 'unit': Munch({'name': 'millilitre of water', 'code': 'WW'}), 'status': 'active'}), Munch({'id': '5e539e438b9e43739eac67b087a5dd77', 'name': 'Пилип', 'classification': Munch({'description': 'Послуги гральних закладів і тоталізаторів', 'scheme': 'ДК021', 'id': '92350000-9'}), 'additionalClassification': Munch({'description': 'Солома', 'id': '03114100-4', 'scheme': 'ДК021'}), 'unit': Munch({'name': 'millilitre of water', 'code': 'WW'}), 'status': 'active'}), Munch({'id': 'b9a600a5ad3342f68236e9e05f3de42b', 'name': 'Пилип', 'classification': Munch({'description': 'Послуги гральних закладів і тоталізаторів', 'scheme': 'ДК021', 'id': '92350000-9'}), 'additionalClassification': Munch({'description': 'Солома', 'id': '03114100-4', 'scheme': 'ДК021'}), 'unit': Munch({'name': 'millilitre of water', 'code': 'WW'}), 'status': 'active'}), Munch({'id': '32fdae46a1114633aae851092ced80b3', 'name': 'Пилип', 'classification': Munch({'description': 'Послуги гральних закладів і тоталізаторів', 'scheme': 'ДК021', 'id': '92350000-9'}), 'additionalClassification': Munch({'description': 'Солома', 'id': '03114100-4', 'scheme': 'ДК021'}), 'unit': Munch({'name': 'millilitre of water', 'code': 'WW'}), 'status': 'active'}), Munch({'id': '44aa392dee8c4fb59ac8f72c7fd7fd64', 'name': 'Пилип', 'classification': Munch({'description': 'Послуги гральних закладів і тоталізаторів', 'scheme': 'ДК021', 'id': '92350000-9'}), 'additionalClassification': Munch({'description': 'Солома', 'id': '03114100-4', 'scheme': 'ДК021'}), 'unit': Munch({'name': 'millilitre of water', 'code': 'WW'}), 'status': 'active'}), Munch({'id': '0c083df7cfe44d1483610acd73c7c7a7', 'name': 'Пилип', 'classification': Munch({'description': 'Послуги гральних закладів і тоталізаторів', 'scheme': 'ДК021', 'id': '92350000-9'}), 'additionalClassification': Munch({'description': 'Солома', 'id': '03114100-4', 'scheme': 'ДК021'}), 'unit': Munch({'name': 'millilitre of water', 'code': 'WW'}), 'status': 'active'}), Munch({'id': 'e93c1cf289b446e896a913622cfabf82', 'name': 'Пилип', 'classification': Munch({'description': 'Послуги гральних закладів і тоталізаторів', 'scheme': 'ДК021', 'id': '92350000-9'}), 'additionalClassification': Munch({'description': 'Солома', 'id': '03114100-4', 'scheme': 'ДК021'}), 'unit': Munch({'name': 'millilitre of water', 'code': 'WW'}), 'status': 'active'}), Munch({'id': 'd39278046bac430a9c04a80a69a6a6d1', 'name': 'Пилип', 'classification': Munch({'description': 'Послуги гральних закладів і тоталізаторів', 'scheme': 'ДК021', 'id': '92350000-9'}), 'additionalClassification': Munch({'description': 'Солома', 'id': '03114100-4', 'scheme': 'ДК021'}), 'unit': Munch({'name': 'millilitre of water', 'code': 'WW'}), 'status': 'active'}), Munch({'id': '5d2cd0a08424459282cfa585ea210708', 'name': 'Пилип', 'classification': Munch({'description': 'Послуги гральних закладів і тоталізаторів', 'scheme': 'ДК021', 'id': '92350000-9'}), 'additionalClassification': Munch({'description': 'Солома', 'id': '03114100-4', 'scheme': 'ДК021'}), 'unit': Munch({'name': 'millilitre of water', 'code': 'WW'}), 'status': 'active'}), Munch({'id': '986d36e04e9f46edab6db4aa1884108a', 'name': 'Пилип', 'classification': Munch({'description': 'Послуги гральних закладів і тоталізаторів', 'scheme': 'ДК021', 'id': '92350000-9'}), 'additionalClassification': Munch({'description': 'Солома', 'id': '03114100-4', 'scheme': 'ДК021'}), 'unit': Munch({'name': 'millilitre of water', 'code': 'WW'}), 'status': 'active'}), Munch({'id': 'db7bd44276a14cb89c011b9d203d6710', 'name': 'Пилип', 'classification': Munch({'description': 'Послуги гральних закладів і тоталізаторів', 'scheme': 'ДК021', 'id': '92350000-9'}), 'additionalClassification': Munch({'description': 'Солома', 'id': '03114100-4', 'scheme': 'ДК021'}), 'unit': Munch({'name': 'millilitre of water', 'code': 'WW'}), 'status': 'active'}), Munch({'id': '7791aa025afb4e82bbb2077fef5b18ba', 'name': 'Пилип', 'classification': Munch({'description': 'Послуги гральних закладів і тоталізаторів', 'scheme': 'ДК021', 'id': '92350000-9'}), 'additionalClassification': Munch({'description': 'Солома', 'id': '03114100-4', 'scheme': 'ДК021'}), 'unit': Munch({'name': 'millilitre of water', 'code': 'WW'}), 'status': 'active'}), Munch({'id': 'c28ccce88f0e41a68e80e99ba252b91a', 'name': 'Пилип', 'classification': Munch({'description': 'Послуги гральних закладів і тоталізаторів', 'scheme': 'ДК021', 'id': '92350000-9'}), 'additionalClassification': Munch({'description': 'Солома', 'id': '03114100-4', 'scheme': 'ДК021'}), 'unit': Munch({'name': 'millilisstre of water', 'code': 'WW'}), 'status': 'active'}), Munch({'id': '31b3764c7c0d4ea5a12b691ff2201c7b', 'name': 'Пилип', 'classification': Munch({'description': 'Послуги гральних закладів і тоталізаторів', 'scheme': 'ДК021', 'id': '92350000-9'}), 'additionalClassification': Munch({'description': 'Солома', 'id': '03114100-4', 'scheme': 'ДК021'}), 'unit': Munch({'name': 'millilitre of water', 'code': 'WW'}), 'status': 'active'}), Munch({'id': '21aedeb1ca2649b29fc2c48629d92165', 'name': 'Пилип', 'classification': Munch({'description': 'Послуги гральних закладів і тоталізаторів', 'scheme': 'ДК021', 'id': '92350000-9'}), 'additionalClassification': Munch({'description': 'Солома', 'id': '03114100-4', 'scheme': 'ДК021'}), 'unit': Munch({'name': 'millilitre of water', 'code': 'WW'}), 'status': 'active'}), Munch({'id': '1dd03f6e9c9844e79f1897ad582a1fd6', 'name': 'Пилип', 'classification': Munch({'description': 'Послуги гральних закладів і тоталізаторів', 'scheme': 'ДК021', 'id': '92350000-9'}), 'additionalClassification': Munch({'description': 'Солома', 'id': '03114100-4', 'scheme': 'ДК021'}), 'unit': Munch({'name': 'millilitre of water', 'code': 'WW'}), 'status': 'active'}), Munch({'id': '557c0f9dbc2949a9adc29bca050d4190', 'name': 'Пилип', 'classification': Munch({'description': 'Послуги гральних закладів і тоталізаторів', 'scheme': 'ДК021', 'id': '92350000-9'}), 'additionalClassification': Munch({'description': 'Солома', 'id': '03114100-4', 'scheme': 'ДК021'}), 'unit': Munch({'name': 'millilitre of water', 'code': 'WW'}), 'status': 'active'}), Munch({'id': 'ea0b5d5d6bf14f1c90bd29319ba77fd7', 'name': 'Пилип', 'classification': Munch({'description': 'Послуги гральних закладів і тоталізаторів', 'scheme': 'ДК021', 'id': '92350000-9'}), 'additionalClassification': Munch({'description': 'Солома', 'id': '03114100-4', 'scheme': 'ДК021'}), 'unit': Munch({'name': 'millilitre of water', 'code': 'WW'}), 'status': 'active'}), Munch({'id': 'a73c984a9adc4a7e868dd556a8d8df70', 'name': 'Пилип', 'classification': Munch({'description': 'Послуги гральних закладів і тоталізаторів', 'scheme': 'ДК021', 'id': '92350000-9'}), 'additionalClassification': Munch({'description': 'Солома', 'id': '03114100-4', 'scheme': 'ДК021'}), 'unit': Munch({'name': 'millilitre of water', 'code': 'WW'}), 'status': 'active'}), Munch({'id': 'a68846a2b7974e48a6564fdc50aad9c1', 'name': 'Пилип', 'classification': Munch({'description': 'Послуги гральних закладів і тоталізаторів', 'scheme': 'ДК021', 'id': '92350000-9'}), 'additionalClassification': Munch({'description': 'Солома', 'id': '03114100-4', 'scheme': 'ДК021'}), 'unit': Munch({'name': 'millilitre of water', 'code': 'WW'}), 'status': 'active'}), Munch({'id': 'cdadef1619b64b8b88dff1158cabc514', 'name': 'Пилип', 'classification': Munch({'description': 'Послуги гральних закладів і тоталізаторів', 'scheme': 'ДК021', 'id': '92350000-9'}), 'additionalClassification': Munch({'description': 'Солома', 'id': '03114100-4', 'scheme': 'ДК021'}), 'unit': Munch({'name': 'millilitre of water', 'code': 'WW'}), 'status': 'active'}), Munch({'id': '1d505daeff154b3987dd3dfe27fe9dc5', 'name': 'Пилип', 'classification': Munch({'description': 'Послуги гральних закладів і тоталізаторів', 'scheme': 'ДК021', 'id': '92350000-9'}), 'additionalClassification': Munch({'description': 'Солома', 'id': '03114100-4', 'scheme': 'ДК021'}), 'unit': Munch({'name': 'millilitre of water', 'code': 'WW'}), 'status': 'active'}), Munch({'id': '9fe0da1185794b85a7038a8aed12723e', 'name': 'Пилип', 'classification': Munch({'description': 'Послуги гральних закладів і тоталізаторів', 'scheme': 'ДК021', 'id': '92350000-9'}), 'additionalClassification': Munch({'description': 'Солома', 'id': '03114100-4', 'scheme': 'ДК021'}), 'unit': Munch({'name': 'millilitre of water', 'code': 'WW'}), 'status': 'active'}), Munch({'id': 'bb7d906c74fb4492a83658b13a6fcf76', 'name': 'Пилип', 'classification': Munch({'description': 'Послуги гральних закладів і тоталізаторів', 'scheme': 'ДК021', 'id': '92350000-9'}), 'additionalClassification': Munch({'description': 'Солома', 'id': '03114100-4', 'scheme': 'ДК021'}), 'unit': Munch({'name': 'millilitre of water', 'code': 'WW'}), 'status': 'active'}), Munch({'id': 'af4349008ac64e339838c1b5db9a0c2d', 'name': 'Пилип', 'classification': Munch({'description': 'Послуги гральних закладів і тоталізаторів', 'scheme': 'ДК021', 'id': '92350000-9'}), 'additionalClassification': Munch({'description': 'Солома', 'id': '03114100-4', 'scheme': 'ДК021'}), 'unit': Munch({'name': 'millilitre of water', 'code': 'WW'}), 'status': 'active'}), Munch({'id': 'ae734922fb2443e0945fa5b3d81dd344', 'name': 'Пилип', 'classification': Munch({'description': 'Послуги гральних закладів і тоталізаторів', 'scheme': 'ДК021', 'id': '92350000-9'}), 'additionalClassification': Munch({'description': 'Солома', 'id': '03114100-4', 'scheme': 'ДК021'}), 'unit': Munch({'name': 'millilitre of water', 'code': 'WW'}), 'status': 'active'}), Munch({'id': 'd07f8c10b8a4481fa477ebc9c4b9c751', 'name': 'Пилип', 'classification': Munch({'description': 'Послуги гральних закладів і тоталізаторів', 'scheme': 'ДК021', 'id': '92350000-9'}), 'additionalClassification': Munch({'description': 'Солома', 'id': '03114100-4', 'scheme': 'ДК021'}), 'unit': Munch({'name': 'millilitre of water', 'code': 'WW'}), 'status': 'active'}), Munch({'id': 'fdfd46d50e7045329b5ece0764afd304', 'name': 'Пилип', 'classification': Munch({'description': 'Послуги гральних закладів і тоталізаторів', 'scheme': 'ДК021', 'id': '92350000-9'}), 'additionalClassification': Munch({'description': 'Солома', 'id': '03114100-4', 'scheme': 'ДК021'}), 'unit': Munch({'name': 'millilitre of water', 'code': 'WW'}), 'status': 'active'}), Munch({'id': 'fd0b6d030b4a4c90a2150f73b9654a2c', 'name': 'Пилип', 'classification': Munch({'description': 'Послуги гральних закладів і тоталізаторів', 'scheme': 'ДК021', 'id': '92350000-9'}), 'additionalClassification': Munch({'description': 'Солома', 'id': '03114100-4', 'scheme': 'ДК021'}), 'unit': Munch({'name': 'millilitre of water', 'code': 'WW'}), 'status': 'active'}), Munch({'id': 'dd9975ee70f74201b2d448fe5ca503f2', 'name': 'Пилип', 'classification': Munch({'description': 'Послуги гральних закладів і тоталізаторів', 'scheme': 'ДК021', 'id': '92350000-9'}), 'additionalClassification': Munch({'description': 'Солома', 'id': '03114100-4', 'scheme': 'ДК021'}), 'unit': Munch({'name': 'millilitre of water', 'code': 'WW'}), 'status': 'active'}), Munch({'id': 'cfa77afaf8134519adb0a36c3d9e80fd', 'name': 'Пилип', 'classification': Munch({'description': 'Послуги гральних закладів і тоталізаторів', 'scheme': 'ДК021', 'id': '92350000-9'}), 'additionalClassification': Munch({'description': 'Солома', 'id': '03114100-4', 'scheme': 'ДК021'}), 'unit': Munch({'name': 'millilitre of water', 'code': 'WW'}), 'status': 'active'}), Munch({'id': '53d4e6c50359431da7567b314b681e33', 'name': 'Нестор Оліфіренко', 'classification': Munch({'description': 'Послуги гральних закладів і тоталізаторів', 'scheme': 'ДК021', 'id': '92350000-9'}), 'additionalClassification': Munch({'description': 'Солома', 'id': '03114100-4', 'scheme': 'ДК021'}), 'unit': Munch({'name': 'millilitre of water', 'code': 'WW'}), 'status': 'active'}), Munch({'id': '52f6c95dcafa40b6a66bbbbfb81f1ad7', 'name': 'Сніжана Щорс', 'classification': Munch({'description': 'Послуги гральних закладів і тоталізаторів', 'scheme': 'ДК021', 'id': '92350000-9'}), 'additionalClassification': Munch({'description': 'Солома', 'id': '03114100-4', 'scheme': 'ДК021'}), 'unit': Munch({'name': 'millilitre of water', 'code': 'WW'}), 'status': 'active'}), Munch({'id': '4e0e4b0c47b74fc4ac6cf02ce33d4d33', 'name': 'Ярина Килимник', 'classification': Munch({'description': 'Послуги гральних закладів і тоталізаторів', 'scheme': 'ДК021', 'id': '92350000-9'}), 'additionalClassification': Munch({'description': 'Солома', 'id': '03114100-4', 'scheme': 'ДК021'}), 'unit': Munch({'name': 'millilitre of water', 'code': 'WW'}), 'status': 'active'}), Munch({'id': 'ea1c6311abc74b39a78a43460e2aedab', 'name': 'Остап Товстоліс', 'classification': Munch({'description': 'Послуги гральних закладів і тоталізаторів', 'scheme': 'ДК021', 'id': '92350000-9'}), 'additionalClassification': Munch({'description': 'Солома', 'id': '03114100-4', 'scheme': 'ДК021'}), 'unit': Munch({'name': 'millilitre of water', 'code': 'WW'}), 'status': 'active'}), Munch({'id': 'b05dfd73c25e4f82ad844fc99c7ed785', 'name': 'Орина Фастенко', 'classification': Munch({'description': 'Послуги гральних закладів і тоталізаторів', 'scheme': 'ДК021', 'id': '92350000-9'}), 'additionalClassification': Munch({'description': 'Солома', 'id': '03114100-4', 'scheme': 'ДК021'}), 'unit': Munch({'name': 'millilitre of water', 'code': 'WW'}), 'status': 'active'}), Munch({'id': 'f61d65c11175461fb1d7de435af38b8e', 'name': 'Роксолана Ващук', 'classification': Munch({'description': 'Послуги гральних закладів і тоталізаторів', 'scheme': 'ДК021', 'id': '92350000-9'}), 'additionalClassification': Munch({'description': 'Солома', 'id': '03114100-4', 'scheme': 'ДК021'}), 'unit': Munch({'name': 'millilitre of water', 'code': 'WW'}), 'status': 'active'}), Munch({'id': '99a6fcdde2d2493382f6c2b2bb13018d', 'name': 'Зорян Ажажа', 'classification': Munch({'description': 'Послуги гральних закладів і тоталізаторів', 'scheme': 'ДК021', 'id': '92350000-9'}), 'additionalClassification': Munch({'description': 'Солома', 'id': '03114100-4', 'scheme': 'ДК021'}), 'unit': Munch({'name': 'millilitre of water', 'code': 'WW'}), 'status': 'active'}), Munch({'id': '18dba94e9a954151aa805b8efa21bdf7', 'name': 'Орхип Романенко', 'classification': Munch({'description': 'Послуги гральних закладів і тоталізаторів', 'scheme': 'ДК021', 'id': '92350000-9'}), 'additionalClassification': Munch({'description': 'Солома', 'id': '03114100-4', 'scheme': 'ДК021'}), 'unit': Munch({'name': 'millilitre of water', 'code': 'WW'}), 'status': 'active'}), Munch({'id': '90fc103a29324090aa4f79cf66f3bcc0', 'name': 'Амвросій Бараник', 'classification': Munch({'description': 'Послуги гральних закладів і тоталізаторів', 'scheme': 'ДК021', 'id': '92350000-9'}), 'additionalClassification': Munch({'description': 'Солома', 'id': '03114100-4', 'scheme': 'ДК021'}), 'unit': Munch({'name': 'millilitre of water', 'code': 'WW'}), 'status': 'active'}), Munch({'id': '854fac3460a44c1d9a799cb39e821568', 'name': 'Петро Кабалюк', 'classification': Munch({'description': 'Послуги гральних закладів і тоталізаторів', 'scheme': 'ДК021', 'id': '92350000-9'}), 'additionalClassification': Munch({'description': 'Солома', 'id': '03114100-4', 'scheme': 'ДК021'}), 'unit': Munch({'name': 'millilitre of water', 'code': 'WW'}), 'status': 'active'}), Munch({'id': '69fc043d3f1c4be28724c328ab26f631', 'name': 'Пилип', 'classification': Munch({'description': 'Послуги гральних закладів і тоталізаторів', 'scheme': 'ДК021', 'id': '92350000-9'}), 'additionalClassification': Munch({'description': 'Солома', 'id': '03114100-4', 'scheme': 'ДК021'}), 'unit': Munch({'name': 'millilitre of water', 'code': 'WW'}), 'status': 'active'}), Munch({'id': '9f1f92a9ef8a45a087a593aaa6ca2144', 'name': 'Пилип', 'classification': Munch({'description': 'Послуги гральних закладів і тоталізаторів', 'scheme': 'ДК021', 'id': '92350000-9'}), 'additionalClassification': Munch({'description': 'Солома', 'id': '03114100-4', 'scheme': 'ДК021'}), 'unit': Munch({'name': 'millilitre of water', 'code': 'WW'}), 'status': 'active'}), Munch({'id': '21d432c3143e4a279bac7b5ffebfdcff', 'name': 'Пилип', 'classification': Munch({'description': 'Послуги гральних закладів і тоталізаторів', 'scheme': 'ДК021', 'id': '92350000-9'}), 'additionalClassification': Munch({'description': 'Солома', 'id': '03114100-4', 'scheme': 'ДК021'}), 'unit': Munch({'name': 'millilitre of water', 'code': 'WW'}), 'status': 'active'}), Munch({'id': '822b65140f184cdca965cd86d9a62d0e', 'name': 'Пилип', 'classification': Munch({'description': 'Послуги гральних закладів і тоталізаторів', 'scheme': 'ДК021', 'id': '92350000-9'}), 'additionalClassification': Munch({'description': 'Солома', 'id': '03114100-4', 'scheme': 'ДК021'}), 'unit': Munch({'name': 'millilitre of water', 'code': 'WW'}), 'status': 'active'}), Munch({'id': '49a78b6d0b474679a1a574b37a62a95c', 'name': 'Пилип', 'classification': Munch({'description': 'Послуги гральних закладів і тоталізаторів', 'scheme': 'ДК021', 'id': '92350000-9'}), 'additionalClassification': Munch({'description': 'Солома', 'id': '03114100-4', 'scheme': 'ДК021'}), 'unit': Munch({'name': 'millilitre of water', 'code': 'WW'}), 'status': 'active'}), Munch({'id': '50b0d6d3066742e9977a0bc1ae49f156', 'name': 'Пилип', 'classification': Munch({'description': 'Послуги гральних закладів і тоталізаторів', 'scheme': 'ДК021', 'id': '92350000-9'}), 'additionalClassification': Munch({'description': 'Солома', 'id': '03114100-4', 'scheme': 'ДК021'}), 'unit': Munch({'name': 'millilitre of water', 'code': 'WW'}), 'status': 'active'}), Munch({'id': '53f6e4a5259e4d6899beda10dbceffce', 'name': 'Пилип', 'classification': Munch({'description': 'Послуги гральних закладів і тоталізаторів', 'scheme': 'ДК021', 'id': '92350000-9'}), 'additionalClassification': Munch({'description': 'Солома', 'id': '03114100-4', 'scheme': 'ДК021'}), 'unit': Munch({'name': 'millilitre of water', 'code': 'WW'}), 'status': 'active'}), Munch({'id': '88c3914799cd4d5497aa11d46fe22992', 'name': 'Пилип', 'classification': Munch({'description': 'Послуги гральних закладів і тоталізаторів', 'scheme': 'ДК021', 'id': '92350000-9'}), 'additionalClassification': Munch({'description': 'Солома', 'id': '03114100-4', 'scheme': 'ДК021'}), 'unit': Munch({'name': 'millilitre of water', 'code': 'WW'}), 'status': 'active'}), Munch({'id': 'af6d4e40468547d3b6c6bb18dd345b1a', 'name': 'Пилип', 'classification': Munch({'description': 'Послуги гральних закладів і тоталізаторів', 'scheme': 'ДК021', 'id': '92350000-9'}), 'additionalClassification': Munch({'description': 'Солома', 'id': '03114100-4', 'scheme': 'ДК021'}), 'unit': Munch({'name': 'millilitre of water', 'code': 'WW'}), 'status': 'active'}), Munch({'id': 'fc9274dc7f2e4da4a61771e96d7cccba', 'name': 'Пилип', 'classification': Munch({'description': 'Послуги гральних закладів і тоталізаторів', 'scheme': 'ДК021', 'id': '92350000-9'}), 'additionalClassification': Munch({'description': 'Солома', 'id': '03114100-4', 'scheme': 'ДК021'}), 'unit': Munch({'name': 'millilitre of water', 'code': 'WW'}), 'status': 'active'}), Munch({'id': '9868f246446841dcaab458e4ef21ab98', 'name': 'Пилип', 'classification': Munch({'description': 'Послуги гральних закладів і тоталізаторів', 'scheme': 'ДК021', 'id': '92350000-9'}), 'additionalClassification': Munch({'description': 'Солома', 'id': '03114100-4', 'scheme': 'ДК021'}), 'unit': Munch({'name': 'millilitre of water', 'code': 'WW'}), 'status': 'active'}), Munch({'id': 'd84845e1d36d4e66ac8ac7685e321cec', 'name': 'Пилип', 'classification': Munch({'description': 'Послуги гральних закладів і тоталізаторів', 'scheme': 'ДК021', 'id': '92350000-9'}), 'additionalClassification': Munch({'description': 'Солома', 'id': '03114100-4', 'scheme': 'ДК021'}), 'unit': Munch({'name': 'millilitre of water', 'code': 'WW'}), 'status': 'active'}), Munch({'id': 'bb3926e56b9843d9bed273d6a3dcf0ab', 'name': 'Пилип', 'classification': Munch({'description': 'Послуги гральних закладів і тоталізаторів', 'scheme': 'ДК021', 'id': '92350000-9'}), 'additionalClassification': Munch({'description': 'Солома', 'id': '03114100-4', 'scheme': 'ДК021'}), 'unit': Munch({'name': 'millilitre of water', 'code': 'WW'}), 'status': 'active'}), Munch({'id': 'bc03dfaa30274f8787c4e05b7535c441', 'name': 'Анастасія Атаманчук', 'classification': Munch({'description': 'Послуги гральних закладів і тоталізаторів', 'scheme': 'ДК021', 'id': '92350000-9'}), 'additionalClassification': Munch({'description': 'Солома', 'id': '03114100-4', 'scheme': 'ДК021'}), 'unit': Munch({'name': 'millilitre of water', 'code': 'WW'}), 'status': 'active'}), Munch({'id': '5b10494961024f4ebd5d1cf292a16445', 'name': 'Ігнат Заєць', 'classification': Munch({'description': 'Послуги гральних закладів і тоталізаторів', 'scheme': 'ДК021', 'id': '92350000-9'}), 'additionalClassification': Munch({'description': 'Солома', 'id': '03114100-4', 'scheme': 'ДК021'}), 'unit': Munch({'name': 'millilitre of water', 'code': 'WW'}), 'status': 'active'}), Munch({'id': '9775a3ae524f48f5853081010a9db66b', 'name': 'пан Антон Чорновіл', 'classification': Munch({'description': 'Послуги гральних закладів і тоталізаторів', 'scheme': 'ДК021', 'id': '92350000-9'}), 'additionalClassification': Munch({'description': 'Солома', 'id': '03114100-4', 'scheme': 'ДК021'}), 'unit': Munch({'name': 'millilitre of water', 'code': 'WW'}), 'status': 'active'}), Munch({'id': '9962ff92cc18466a9099e7d988a111ae', 'name': 'Лариса Андрійчук', 'classification': Munch({'description': 'Послуги гральних закладів і тоталізаторів', 'scheme': 'ДК021', 'id': '92350000-9'}), 'additionalClassification': Munch({'description': 'Солома', 'id': '03114100-4', 'scheme': 'ДК021'}), 'unit': Munch({'name': 'millilitre of water', 'code': 'WW'}), 'status': 'active'}), Munch({'id': 'a9de9b5f83344570929433ee121ef52b', 'name': 'Василь Артюшенко', 'classification': Munch({'description': 'Послуги гральних закладів і тоталізаторів', 'scheme': 'ДК021', 'id': '92350000-9'}), 'additionalClassification': Munch({'description': 'Солома', 'id': '03114100-4', 'scheme': 'ДК021'}), 'unit': Munch({'name': 'millilitre of water', 'code': 'WW'}), 'status': 'active'}), Munch({'id': '8e9b57fd4c6f4490b59c2ae5eb8a22c9', 'name': 'Володимира Михалюк', 'classification': Munch({'description': 'Послуги гральних закладів і тоталізаторів', 'scheme': 'ДК021', 'id': '92350000-9'}), 'additionalClassification': Munch({'description': 'Солома', 'id': '03114100-4', 'scheme': 'ДК021'}), 'unit': Munch({'name': 'millilitre of water', 'code': 'WW'}), 'status': 'active'}), Munch({'id': 'fc25547798454c548c31e9e899617b8d', 'name': 'Марина Калениченко', 'classification': Munch({'description': 'Послуги гральних закладів і тоталізаторів', 'scheme': 'ДК021', 'id': '92350000-9'}), 'additionalClassification': Munch({'description': 'Солома', 'id': '03114100-4', 'scheme': 'ДК021'}), 'unit': Munch({'name': 'millilitre of water', 'code': 'WW'}), 'status': 'active'}), Munch({'id': '054b86d2fedb4feea5711fc297961eb9', 'name': 'Тетяна Теліженко', 'classification': Munch({'description': 'Послуги гральних закладів і тоталізаторів', 'scheme': 'ДК021', 'id': '92350000-9'}), 'additionalClassification': Munch({'description': 'Солома', 'id': '03114100-4', 'scheme': 'ДК021'}), 'unit': Munch({'name': 'millilitre of water', 'code': 'WW'}), 'status': 'active'}), Munch({'id': '3279aea97bff4ee48bac8c944a937202', 'name': 'asd', 'classification': Munch({'description': 'Послуги гральних закладів і тоталізаторів', 'scheme': 'ДК021', 'id': '92350000-9'}), 'additionalClassification': Munch({'description': 'Солома', 'id': '03114100-4', 'scheme': 'ДК021'}), 'unit': Munch({'name': 'millilitre of water', 'code': 'WW'}), 'status': 'active'}), Munch({'id': 'a9c0da38f79940d6afe1d822ecaf9699', 'name': 'asd', 'classification': Munch({'description': 'Послуги гральних закладів і тоталізаторів', 'scheme': 'ДК021', 'id': '92350000-9'}), 'additionalClassification': Munch({'description': 'Солома', 'id': '03114100-4', 'scheme': 'ДК021'}), 'unit': Munch({'name': 'millilitre of water', 'code': 'WW'}), 'status': 'active'}), Munch({'id': '30e5435337fa40d39e5aa11a18afa5ea', 'name': 'asd', 'classification': Munch({'description': 'Послуги гральних закладів і тоталізаторів', 'scheme': 'ДК021', 'id': '92350000-9'}), 'additionalClassification': Munch({'description': 'Солома', 'id': '03114100-4', 'scheme': 'ДК021'}), 'unit': Munch({'name': 'millilitre of water', 'code': 'WW'}), 'status': 'active'}), Munch({'id': 'e9dab8c4de944cd09fa480bf2951de88', 'name': 'asd', 'classification': Munch({'description': 'Послуги гральних закладів і тоталізаторів', 'scheme': 'ДК021', 'id': '92350000-9'}), 'additionalClassification': Munch({'description': 'Солома', 'id': '03114100-4', 'scheme': 'ДК021'}), 'unit': Munch({'name': 'millilitre of water', 'code': 'WW'}), 'status': 'active'}), Munch({'id': '5789c3e5174d4fe38d1fa149d000664f', 'name': 'asd', 'classification': Munch({'description': 'Послуги гральних закладів і тоталізаторів', 'scheme': 'ДК021', 'id': '92350000-9'}), 'additionalClassification': Munch({'description': 'Солома', 'id': '03114100-4', 'scheme': 'ДК021'}), 'unit': Munch({'name': 'millilitre of water', 'code': 'WW'}), 'status': 'active'}), Munch({'id': '8e460bd6896c4216a736b4f28509ccab', 'name': 'asd', 'classification': Munch({'description': 'Послуги гральних закладів і тоталізаторів', 'scheme': 'ДК021', 'id': '92350000-9'}), 'additionalClassification': Munch({'description': 'Солома', 'id': '03114100-4', 'scheme': 'ДК021'}), 'unit': Munch({'name': 'millilitre of water', 'code': 'WW'}), 'status': 'active'}), Munch({'id': '62cc38ff0686432f8552c1dbe74477d7', 'name': 'asd', 'classification': Munch({'description': 'Послуги гральних закладів і тоталізаторів', 'scheme': 'ДК021', 'id': '92350000-9'}), 'additionalClassification': Munch({'description': 'Солома', 'id': '03114100-4', 'scheme': 'ДК021'}), 'unit': Munch({'name': 'millilitre of water', 'code': 'WW'}), 'status': 'active'}), Munch({'id': 'c197917eb4a047f38fc1aac2e8710d34', 'name': 'asd', 'classification': Munch({'description': 'Послуги гральних закладів і тоталізаторів', 'scheme': 'ДК021', 'id': '92350000-9'}), 'additionalClassification': Munch({'description': 'Солома', 'id': '03114100-4', 'scheme': 'ДК021'}), 'unit': Munch({'name': 'millilitre of water', 'code': 'WW'}), 'status': 'active'}), Munch({'id': '50e00d7ce7a94d7c818655b87e97a534', 'name': 'asd', 'classification': Munch({'description': 'Послуги гральних закладів і тоталізаторів', 'scheme': 'ДК021', 'id': '92350000-9'}), 'additionalClassification': Munch({'description': 'Солома', 'id': '03114100-4', 'scheme': 'ДК021'}), 'unit': Munch({'name': 'millilitre of water', 'code': 'WW'}), 'status': 'active'}), Munch({'id': 'c51c435e46234b7fb5c449383e1cb76f', 'name': 'asd', 'classification': Munch({'description': 'Послуги гральних закладів і тоталізаторів', 'scheme': 'ДК021', 'id': '92350000-9'}), 'additionalClassification': Munch({'description': 'Солома', 'id': '03114100-4', 'scheme': 'ДК021'}), 'unit': Munch({'name': 'millilitre of water', 'code': 'WW'}), 'status': 'active'}), Munch({'id': 'd2eb0160153e4201af013df44c41996b', 'name': 'asd', 'classification': Munch({'description': 'Послуги гральних закладів і тоталізаторів', 'scheme': 'ДК021', 'id': '92350000-9'}), 'additionalClassification': Munch({'description': 'Солома', 'id': '03114100-4', 'scheme': 'ДК021'}), 'unit': Munch({'name': 'millilitre of water', 'code': 'WW'}), 'status': 'active'})]})</msg>
<status status="PASS" starttime="20191231 16:43:32.926" endtime="20191231 16:43:32.928"></status>
</kw>
<kw name="Log Variables" library="BuiltIn">
<doc>Logs all variables in the current scope with given log level.</doc>
<msg timestamp="20191231 16:43:32.929" level="INFO">${/} = /</msg>
<msg timestamp="20191231 16:43:32.930" level="INFO">${:} = :</msg>
<msg timestamp="20191231 16:43:32.930" level="INFO">${\n} = 
</msg>
<msg timestamp="20191231 16:43:32.930" level="INFO">${API_HOST_URL} = http://localhost:8000</msg>
<msg timestamp="20191231 16:43:32.930" level="INFO">${API_VERSION} = 0</msg>
<msg timestamp="20191231 16:43:32.930" level="INFO">${DEBUG_FILE} = NONE</msg>
<msg timestamp="20191231 16:43:32.930" level="INFO">&amp;{EDIT_DATA} = { name=Василина Корсун | nameEng=Martin Adams | minValue=17.00560367516296 | maxValue=44.517407226251756 | status=active }</msg>
<msg timestamp="20191231 16:43:32.930" level="INFO">${EXECDIR} = /home/orest.shkhumov/Criteria_test</msg>
<msg timestamp="20191231 16:43:32.930" level="INFO">${False} = False</msg>
<msg timestamp="20191231 16:43:32.930" level="INFO">${LOG_FILE} = /home/orest.shkhumov/Criteria_test/log.html</msg>
<msg timestamp="20191231 16:43:32.931" level="INFO">${LOG_LEVEL} = INFO</msg>
<msg timestamp="20191231 16:43:32.931" level="INFO">${None} = None</msg>
<msg timestamp="20191231 16:43:32.931" level="INFO">${null} = None</msg>
<msg timestamp="20191231 16:43:32.931" level="INFO">${OUTPUT_DIR} = /home/orest.shkhumov/Criteria_test</msg>
<msg timestamp="20191231 16:43:32.931" level="INFO">${OUTPUT_FILE} = /home/orest.shkhumov/Criteria_test/output.xml</msg>
<msg timestamp="20191231 16:43:32.931" level="INFO">${PASSWORD} = adminpassword</msg>
<msg timestamp="20191231 16:43:32.931" level="INFO">${PREV_TEST_MESSAGE} = Variable '${ID_CRITERIA}' not found.</msg>
<msg timestamp="20191231 16:43:32.931" level="INFO">${PREV_TEST_NAME} = Тест редагувати критерію</msg>
<msg timestamp="20191231 16:43:32.931" level="INFO">${PREV_TEST_STATUS} = FAIL</msg>
<msg timestamp="20191231 16:43:32.931" level="INFO">${REPORT_FILE} = /home/orest.shkhumov/Criteria_test/report.html</msg>
<msg timestamp="20191231 16:43:32.931" level="INFO">${RESOURCE} = criteria</msg>
<msg timestamp="20191231 16:43:32.933" level="INFO">&amp;{RESPONSE} = { count=424 | next=http://localhost:8000/api/0/criteria/?limit=100&amp;offset=100 | previous=None | results=[Munch({'id': 'cdae6981c78546a5ae2e4945e7a18f13', 'name': 'Пилип', 'classification': Munch({'description': 'Не відображене в інших розділах', 'scheme': 'ДК021', 'id': '99999999-9'}), 'additionalClassification': Munch({'description': 'Спортивні тренери, інструктори-методисти та професійні спортсмени', 'id': '3475', 'scheme': 'ДК003'}), 'unit': Munch({'name': 'послуга', 'code': 'E48'}), 'status': 'active'}), Munch({'id': '80d405c799824e1399ea78b722daf9b2', 'name': 'Пилип', 'classification': Munch({'description': 'Не відображене в інших розділах', 'scheme': 'ДК021', 'id': '99999999-9'}), 'additionalClassification': Munch({'description': 'Спортивні тренери, інструктори-методисти та професійні спортсмени', 'id': '3475', 'scheme': 'ДК003'}), 'unit': Munch({'name': 'послуга', 'code': 'E48'}), 'status': 'active'}), Munch({'id': 'bf2ce4f62ead4a92bc02710a8e2ed783', 'name': 'Пилип', 'classification': Munch({'description': 'Фураж', 'scheme': 'ДК021', 'id': '03114200-5'}), 'additionalClassification': Munch({'description': 'Спортивні тренери, інструктори-методисти та професійні спортсмени', 'id': '3475', 'scheme': 'ДК003'}), 'unit': Munch({'name': 'послуга', 'code': 'E48'}), 'status': 'active'}), Munch({'id': '73316acb015b44e3b42aeb2f101254f7', 'name': 'Пилип', 'classification': Munch({'description': 'Фураж', 'scheme': 'ДК021', 'id': '03114200-5'}), 'additionalClassification': Munch({'description': 'Спортивні тренери, інструктори-методисти та професійні спортсмени', 'id': '3475', 'scheme': 'ДК003'}), 'unit': Munch({'name': 'послуга', 'code': 'E48'}), 'status': 'active'}), Munch({'id': '9be51820a1694fb6b4d2eed4039a0d43', 'name': 'Пилип', 'classification': Munch({'description': 'Фураж', 'scheme': 'ДК021', 'id': '03114200-5'}), 'additionalClassification': Munch({'description': 'Спортивні тренери, інструктори-методисти та професійні спортсмени', 'id': '3475', 'scheme': 'ДК003'}), 'unit': Munch({'name': 'пачок', 'code': 'NMP'}), 'status': 'active'}), Munch({'id': '7628f80ec2ef4dbdb05e94ece62adcd0', 'name': 'Пилип', 'classification': Munch({'description': 'Фураж', 'scheme': 'ДК021', 'id': '03114200-5'}), 'additionalClassification': Munch({'description': 'Спортивні тренери, інструктори-методисти та професійні спортсмени', 'id': '3475', 'scheme': 'ДК003'}), 'unit': Munch({'name': 'millilitre of water', 'code': 'WW'}), 'status': 'active'}), Munch({'id': 'b1d48cce9ba94a97ad344476d56a6358', 'name': 'Пилип', 'classification': Munch({'description': 'Фураж', 'scheme': 'ДК021', 'id': '03114200-5'}), 'additionalClassification': Munch({'description': 'Рослинна сировина', 'id': '03115000-0', 'scheme': 'ДК021'}), 'unit': Munch({'name': 'millilitre of water', 'code': 'WW'}), 'status': 'active'}), Munch({'id': 'afa70f16e5af43bcaa25413805b9dc39', 'name': 'Пилип', 'classification': Munch({'description': 'Фураж', 'scheme': 'ДК021', 'id': '03114200-5'}), 'additionalClassification': Munch({'description': 'Рослинна сировина', 'id': '03115000-0', 'scheme': 'ДК021'}), 'unit': Munch({'name': 'millilitre of water', 'code': 'WW'}), 'status': 'active'}), Munch({'id': 'b56488cb5af34e279523f5d7f978997a', 'name': 'Пилип', 'classification': Munch({'description': 'Фураж', 'scheme': 'ДК021', 'id': '03114200-5'}), 'additionalClassification': Munch({'description': 'Рослинна сировина', 'id': '03115000-0', 'scheme': 'ДК021'}), 'unit': Munch({'name': 'millilitre of water', 'code': 'WW'}), 'status': 'active'}), Munch({'id': 'd4b5868910b54f8483e48cf99310a89a', 'name': 'Нестор Забіла', 'classification': Munch({'description': 'Послуги гральних закладів і тоталізаторів', 'scheme': 'ДК021', 'id': '92350000-9'}), 'additionalClassification': Munch({'description': 'Солома', 'id': '03114100-4', 'scheme': 'ДК021'}), 'unit': Munch({'name': 'millilitre of water', 'code': 'WW'}), 'status': 'active'}), Munch({'id': '245c4dcdbfca475c9e1c03da7f249036', 'name': 'Панас Гузь', 'classification': Munch({'description': 'Послуги гральних закладів і тоталізаторів', 'scheme': 'ДК021', 'id': '92350000-9'}), 'additionalClassification': Munch({'description': 'Солома', 'id': '03114100-4', 'scheme': 'ДК021'}), 'unit': Munch({'name': 'millilitre of water', 'code': 'WW'}), 'status': 'active'}), Munch({'id': '9eb22fa6b16144ada95d34294671834c', 'name': 'пан Антон Артимович', 'classification': Munch({'description': 'Послуги гральних закладів і тоталізаторів', 'scheme': 'ДК021', 'id': '92350000-9'}), 'additionalClassification': Munch({'description': 'Солома', 'id': '03114100-4', 'scheme': 'ДК021'}), 'unit': Munch({'name': 'millilitre of water', 'code': 'WW'}), 'status': 'active'}), Munch({'id': 'ad5189b62f774568a54c5631897ae814', 'name': 'Іван Швачко', 'classification': Munch({'description': 'Послуги гральних закладів і тоталізаторів', 'scheme': 'ДК021', 'id': '92350000-9'}), 'additionalClassification': Munch({'description': 'Солома', 'id': '03114100-4', 'scheme': 'ДК021'}), 'unit': Munch({'name': 'millilitre of water', 'code': 'WW'}), 'status': 'active'}), Munch({'id': 'bd20a6316e184582b2bf02f0cb68cf73', 'name': 'Пилип', 'classification': Munch({'description': 'Фураж', 'scheme': 'ДК021', 'id': '03114200-5'}), 'additionalClassification': Munch({'description': 'Рослинна сировина', 'id': '03115000-0', 'scheme': 'ДК021'}), 'unit': Munch({'name': 'millilitre of water', 'code': 'WW'}), 'status': 'active'}), Munch({'id': 'c1443c6aa7c348b688879b5009535cf1', 'name': 'Пилип', 'classification': Munch({'description': 'Фураж', 'scheme': 'ДК021', 'id': '03114200-5'}), 'additionalClassification': Munch({'description': 'Рослинна сировина', 'id': '03115000-0', 'scheme': 'ДК021'}), 'unit': Munch({'name': 'millilitre of water', 'code': 'WW'}), 'status': 'active'}), Munch({'id': '0e0698ab6a434b97b9c2c8a1cd59e696', 'name': 'Пилип', 'classification': Munch({'description': 'Ящики', 'scheme': 'ДК021', 'id': '44619300-5'}), 'additionalClassification': Munch({'description': 'Набори фарб', 'id': '44812310-1', 'scheme': 'ДК021'}), 'unit': Munch({'name': 'millilitre of water', 'code': 'WW'}), 'status': 'active'}), Munch({'id': 'd8965a7d399246ae8b70e435f4fe8d51', 'name': 'Пилип', 'classification': Munch({'description': 'Послуги гральних закладів і тоталізаторів', 'scheme': 'ДК021', 'id': '92350000-9'}), 'additionalClassification': Munch({'description': 'Солома', 'id': '03114100-4', 'scheme': 'ДК021'}), 'unit': Munch({'name': 'millilitre of water', 'code': 'WW'}), 'status': 'active'}), Munch({'id': '6535356610474decb24e277c0e84d49d', 'name': 'Алевтин Орлик', 'classification': Munch({'description': 'Послуги гральних закладів і тоталізаторів', 'scheme': 'ДК021', 'id': '92350000-9'}), 'additionalClassification': Munch({'description': 'Солома', 'id': '03114100-4', 'scheme': 'ДК021'}), 'unit': Munch({'name': 'millilitre of water', 'code': 'WW'}), 'status': 'active'}), Munch({'id': '1a014a16e80e4c0fb4626e9fe37ebd7e', 'name': 'Богуслав Даниленко', 'classification': Munch({'description': 'Послуги гральних закладів і тоталізаторів', 'scheme': 'ДК021', 'id': '92350000-9'}), 'additionalClassification': Munch({'description': 'Солома', 'id': '03114100-4', 'scheme': 'ДК021'}), 'unit': Munch({'name': 'millilitre of water', 'code': 'WW'}), 'status': 'active'}), Munch({'id': '7c528fab6db840cabaa0a355773afb68', 'name': 'Еріка Гузь', 'classification': Munch({'description': 'Послуги гральних закладів і тоталізаторів', 'scheme': 'ДК021', 'id': '92350000-9'}), 'additionalClassification': Munch({'description': 'Солома', 'id': '03114100-4', 'scheme': 'ДК021'}), 'unit': Munch({'name': 'millilitre of water', 'code': 'WW'}), 'status': 'active'}), Munch({'id': '5e3f5f52b4ac45faa8695a2723e37d97', 'name': 'Людмила Абраменко', 'classification': Munch({'description': 'Послуги гральних закладів і тоталізаторів', 'scheme': 'ДК021', 'id': '92350000-9'}), 'additionalClassification': Munch({'description': 'Солома', 'id': '03114100-4', 'scheme': 'ДК021'}), 'unit': Munch({'name': 'millilitre of water', 'code': 'WW'}), 'status': 'active'}), Munch({'id': '870f307e10284c3aac3fd4292aafb55b', 'name': 'Алевтин Цюцюра', 'classification': Munch({'description': 'Послуги гральних закладів і тоталізаторів', 'scheme': 'ДК021', 'id': '92350000-9'}), 'additionalClassification': Munch({'description': 'Солома', 'id': '03114100-4', 'scheme': 'ДК021'}), 'unit': Munch({'name': 'millilitre of water', 'code': 'WW'}), 'status': 'active'}), Munch({'id': '7375918a02144622b6fefbdf93b375b0', 'name': 'Роксолана Лазаренко', 'classification': Munch({'description': 'Послуги гральних закладів і тоталізаторів', 'scheme': 'ДК021', 'id': '92350000-9'}), 'additionalClassification': Munch({'description': 'Солома', 'id': '03114100-4', 'scheme': 'ДК021'}), 'unit': Munch({'name': 'millilitre of water', 'code': 'WW'}), 'status': 'active'}), Munch({'id': 'b349cfb5c493411ab8c3119dfdb093a7', 'name': 'Пилип', 'classification': Munch({'description': 'Послуги гральних закладів і тоталізаторів', 'scheme': 'ДК021', 'id': '92350000-9'}), 'additionalClassification': Munch({'description': 'Солома', 'id': '03114100-4', 'scheme': 'ДК021'}), 'unit': Munch({'name': 'millilitre of water', 'code': 'WW'}), 'status': 'active'}), Munch({'id': 'd8fd180450284e68bf9ce6eda77a57ea', 'name': 'Пилип', 'classification': Munch({'description': 'Послуги гральних закладів і тоталізаторів', 'scheme': 'ДК021', 'id': '92350000-9'}), 'additionalClassification': Munch({'description': 'Солома', 'id': '03114100-4', 'scheme': 'ДК021'}), 'unit': Munch({'name': 'millilitre of water', 'code': 'WW'}), 'status': 'active'}), Munch({'id': '66233a67c8c8455b98efb3606191c633', 'name': 'Пилип', 'classification': Munch({'description': 'Послуги гральних закладів і тоталізаторів', 'scheme': 'ДК021', 'id': '92350000-9'}), 'additionalClassification': Munch({'description': 'Солома', 'id': '03114100-4', 'scheme': 'ДК021'}), 'unit': Munch({'name': 'millilitre of water', 'code': 'WW'}), 'status': 'active'}), Munch({'id': '153f0226956b4c66bb26c3f0e35fc9ea', 'name': 'Пилип', 'classification': Munch({'description': 'Послуги гральних закладів і тоталізаторів', 'scheme': 'ДК021', 'id': '92350000-9'}), 'additionalClassification': Munch({'description': 'Солома', 'id': '03114100-4', 'scheme': 'ДК021'}), 'unit': Munch({'name': 'millilitre of water', 'code': 'WW'}), 'status': 'active'}), Munch({'id': '6f51240079ec4f6d9c51289a78d61672', 'name': 'Пилип', 'classification': Munch({'description': 'Послуги гральних закладів і тоталізаторів', 'scheme': 'ДК021', 'id': '92350000-9'}), 'additionalClassification': Munch({'description': 'Солома', 'id': '03114100-4', 'scheme': 'ДК021'}), 'unit': Munch({'name': 'millilitre of water', 'code': 'WW'}), 'status': 'active'}), Munch({'id': '5e539e438b9e43739eac67b087a5dd77', 'name': 'Пилип', 'classification': Munch({'description': 'Послуги гральних закладів і тоталізаторів', 'scheme': 'ДК021', 'id': '92350000-9'}), 'additionalClassification': Munch({'description': 'Солома', 'id': '03114100-4', 'scheme': 'ДК021'}), 'unit': Munch({'name': 'millilitre of water', 'code': 'WW'}), 'status': 'active'}), Munch({'id': 'b9a600a5ad3342f68236e9e05f3de42b', 'name': 'Пилип', 'classification': Munch({'description': 'Послуги гральних закладів і тоталізаторів', 'scheme': 'ДК021', 'id': '92350000-9'}), 'additionalClassification': Munch({'description': 'Солома', 'id': '03114100-4', 'scheme': 'ДК021'}), 'unit': Munch({'name': 'millilitre of water', 'code': 'WW'}), 'status': 'active'}), Munch({'id': '32fdae46a1114633aae851092ced80b3', 'name': 'Пилип', 'classification': Munch({'description': 'Послуги гральних закладів і тоталізаторів', 'scheme': 'ДК021', 'id': '92350000-9'}), 'additionalClassification': Munch({'description': 'Солома', 'id': '03114100-4', 'scheme': 'ДК021'}), 'unit': Munch({'name': 'millilitre of water', 'code': 'WW'}), 'status': 'active'}), Munch({'id': '44aa392dee8c4fb59ac8f72c7fd7fd64', 'name': 'Пилип', 'classification': Munch({'description': 'Послуги гральних закладів і тоталізаторів', 'scheme': 'ДК021', 'id': '92350000-9'}), 'additionalClassification': Munch({'description': 'Солома', 'id': '03114100-4', 'scheme': 'ДК021'}), 'unit': Munch({'name': 'millilitre of water', 'code': 'WW'}), 'status': 'active'}), Munch({'id': '0c083df7cfe44d1483610acd73c7c7a7', 'name': 'Пилип', 'classification': Munch({'description': 'Послуги гральних закладів і тоталізаторів', 'scheme': 'ДК021', 'id': '92350000-9'}), 'additionalClassification': Munch({'description': 'Солома', 'id': '03114100-4', 'scheme': 'ДК021'}), 'unit': Munch({'name': 'millilitre of water', 'code': 'WW'}), 'status': 'active'}), Munch({'id': 'e93c1cf289b446e896a913622cfabf82', 'name': 'Пилип', 'classification': Munch({'description': 'Послуги гральних закладів і тоталізаторів', 'scheme': 'ДК021', 'id': '92350000-9'}), 'additionalClassification': Munch({'description': 'Солома', 'id': '03114100-4', 'scheme': 'ДК021'}), 'unit': Munch({'name': 'millilitre of water', 'code': 'WW'}), 'status': 'active'}), Munch({'id': 'd39278046bac430a9c04a80a69a6a6d1', 'name': 'Пилип', 'classification': Munch({'description': 'Послуги гральних закладів і тоталізаторів', 'scheme': 'ДК021', 'id': '92350000-9'}), 'additionalClassification': Munch({'description': 'Солома', 'id': '03114100-4', 'scheme': 'ДК021'}), 'unit': Munch({'name': 'millilitre of water', 'code': 'WW'}), 'status': 'active'}), Munch({'id': '5d2cd0a08424459282cfa585ea210708', 'name': 'Пилип', 'classification': Munch({'description': 'Послуги гральних закладів і тоталізаторів', 'scheme': 'ДК021', 'id': '92350000-9'}), 'additionalClassification': Munch({'description': 'Солома', 'id': '03114100-4', 'scheme': 'ДК021'}), 'unit': Munch({'name': 'millilitre of water', 'code': 'WW'}), 'status': 'active'}), Munch({'id': '986d36e04e9f46edab6db4aa1884108a', 'name': 'Пилип', 'classification': Munch({'description': 'Послуги гральних закладів і тоталізаторів', 'scheme': 'ДК021', 'id': '92350000-9'}), 'additionalClassification': Munch({'description': 'Солома', 'id': '03114100-4', 'scheme': 'ДК021'}), 'unit': Munch({'name': 'millilitre of water', 'code': 'WW'}), 'status': 'active'}), Munch({'id': 'db7bd44276a14cb89c011b9d203d6710', 'name': 'Пилип', 'classification': Munch({'description': 'Послуги гральних закладів і тоталізаторів', 'scheme': 'ДК021', 'id': '92350000-9'}), 'additionalClassification': Munch({'description': 'Солома', 'id': '03114100-4', 'scheme': 'ДК021'}), 'unit': Munch({'name': 'millilitre of water', 'code': 'WW'}), 'status': 'active'}), Munch({'id': '7791aa025afb4e82bbb2077fef5b18ba', 'name': 'Пилип', 'classification': Munch({'description': 'Послуги гральних закладів і тоталізаторів', 'scheme': 'ДК021', 'id': '92350000-9'}), 'additionalClassification': Munch({'description': 'Солома', 'id': '03114100-4', 'scheme': 'ДК021'}), 'unit': Munch({'name': 'millilitre of water', 'code': 'WW'}), 'status': 'active'}), Munch({'id': 'c28ccce88f0e41a68e80e99ba252b91a', 'name': 'Пилип', 'classification': Munch({'description': 'Послуги гральних закладів і тоталізаторів', 'scheme': 'ДК021', 'id': '92350000-9'}), 'additionalClassification': Munch({'description': 'Солома', 'id': '03114100-4', 'scheme': 'ДК021'}), 'unit': Munch({'name': 'millilisstre of water', 'code': 'WW'}), 'status': 'active'}), Munch({'id': '31b3764c7c0d4ea5a12b691ff2201c7b', 'name': 'Пилип', 'classification': Munch({'description': 'Послуги гральних закладів і тоталізаторів', 'scheme': 'ДК021', 'id': '92350000-9'}), 'additionalClassification': Munch({'description': 'Солома', 'id': '03114100-4', 'scheme': 'ДК021'}), 'unit': Munch({'name': 'millilitre of water', 'code': 'WW'}), 'status': 'active'}), Munch({'id': '21aedeb1ca2649b29fc2c48629d92165', 'name': 'Пилип', 'classification': Munch({'description': 'Послуги гральних закладів і тоталізаторів', 'scheme': 'ДК021', 'id': '92350000-9'}), 'additionalClassification': Munch({'description': 'Солома', 'id': '03114100-4', 'scheme': 'ДК021'}), 'unit': Munch({'name': 'millilitre of water', 'code': 'WW'}), 'status': 'active'}), Munch({'id': '1dd03f6e9c9844e79f1897ad582a1fd6', 'name': 'Пилип', 'classification': Munch({'description': 'Послуги гральних закладів і тоталізаторів', 'scheme': 'ДК021', 'id': '92350000-9'}), 'additionalClassification': Munch({'description': 'Солома', 'id': '03114100-4', 'scheme': 'ДК021'}), 'unit': Munch({'name': 'millilitre of water', 'code': 'WW'}), 'status': 'active'}), Munch({'id': '557c0f9dbc2949a9adc29bca050d4190', 'name': 'Пилип', 'classification': Munch({'description': 'Послуги гральних закладів і тоталізаторів', 'scheme': 'ДК021', 'id': '92350000-9'}), 'additionalClassification': Munch({'description': 'Солома', 'id': '03114100-4', 'scheme': 'ДК021'}), 'unit': Munch({'name': 'millilitre of water', 'code': 'WW'}), 'status': 'active'}), Munch({'id': 'ea0b5d5d6bf14f1c90bd29319ba77fd7', 'name': 'Пилип', 'classification': Munch({'description': 'Послуги гральних закладів і тоталізаторів', 'scheme': 'ДК021', 'id': '92350000-9'}), 'additionalClassification': Munch({'description': 'Солома', 'id': '03114100-4', 'scheme': 'ДК021'}), 'unit': Munch({'name': 'millilitre of water', 'code': 'WW'}), 'status': 'active'}), Munch({'id': 'a73c984a9adc4a7e868dd556a8d8df70', 'name': 'Пилип', 'classification': Munch({'description': 'Послуги гральних закладів і тоталізаторів', 'scheme': 'ДК021', 'id': '92350000-9'}), 'additionalClassification': Munch({'description': 'Солома', 'id': '03114100-4', 'scheme': 'ДК021'}), 'unit': Munch({'name': 'millilitre of water', 'code': 'WW'}), 'status': 'active'}), Munch({'id': 'a68846a2b7974e48a6564fdc50aad9c1', 'name': 'Пилип', 'classification': Munch({'description': 'Послуги гральних закладів і тоталізаторів', 'scheme': 'ДК021', 'id': '92350000-9'}), 'additionalClassification': Munch({'description': 'Солома', 'id': '03114100-4', 'scheme': 'ДК021'}), 'unit': Munch({'name': 'millilitre of water', 'code': 'WW'}), 'status': 'active'}), Munch({'id': 'cdadef1619b64b8b88dff1158cabc514', 'name': 'Пилип', 'classification': Munch({'description': 'Послуги гральних закладів і тоталізаторів', 'scheme': 'ДК021', 'id': '92350000-9'}), 'additionalClassification': Munch({'description': 'Солома', 'id': '03114100-4', 'scheme': 'ДК021'}), 'unit': Munch({'name': 'millilitre of water', 'code': 'WW'}), 'status': 'active'}), Munch({'id': '1d505daeff154b3987dd3dfe27fe9dc5', 'name': 'Пилип', 'classification': Munch({'description': 'Послуги гральних закладів і тоталізаторів', 'scheme': 'ДК021', 'id': '92350000-9'}), 'additionalClassification': Munch({'description': 'Солома', 'id': '03114100-4', 'scheme': 'ДК021'}), 'unit': Munch({'name': 'millilitre of water', 'code': 'WW'}), 'status': 'active'}), Munch({'id': '9fe0da1185794b85a7038a8aed12723e', 'name': 'Пилип', 'classification': Munch({'description': 'Послуги гральних закладів і тоталізаторів', 'scheme': 'ДК021', 'id': '92350000-9'}), 'additionalClassification': Munch({'description': 'Солома', 'id': '03114100-4', 'scheme': 'ДК021'}), 'unit': Munch({'name': 'millilitre of water', 'code': 'WW'}), 'status': 'active'}), Munch({'id': 'bb7d906c74fb4492a83658b13a6fcf76', 'name': 'Пилип', 'classification': Munch({'description': 'Послуги гральних закладів і тоталізаторів', 'scheme': 'ДК021', 'id': '92350000-9'}), 'additionalClassification': Munch({'description': 'Солома', 'id': '03114100-4', 'scheme': 'ДК021'}), 'unit': Munch({'name': 'millilitre of water', 'code': 'WW'}), 'status': 'active'}), Munch({'id': 'af4349008ac64e339838c1b5db9a0c2d', 'name': 'Пилип', 'classification': Munch({'description': 'Послуги гральних закладів і тоталізаторів', 'scheme': 'ДК021', 'id': '92350000-9'}), 'additionalClassification': Munch({'description': 'Солома', 'id': '03114100-4', 'scheme': 'ДК021'}), 'unit': Munch({'name': 'millilitre of water', 'code': 'WW'}), 'status': 'active'}), Munch({'id': 'ae734922fb2443e0945fa5b3d81dd344', 'name': 'Пилип', 'classification': Munch({'description': 'Послуги гральних закладів і тоталізаторів', 'scheme': 'ДК021', 'id': '92350000-9'}), 'additionalClassification': Munch({'description': 'Солома', 'id': '03114100-4', 'scheme': 'ДК021'}), 'unit': Munch({'name': 'millilitre of water', 'code': 'WW'}), 'status': 'active'}), Munch({'id': 'd07f8c10b8a4481fa477ebc9c4b9c751', 'name': 'Пилип', 'classification': Munch({'description': 'Послуги гральних закладів і тоталізаторів', 'scheme': 'ДК021', 'id': '92350000-9'}), 'additionalClassification': Munch({'description': 'Солома', 'id': '03114100-4', 'scheme': 'ДК021'}), 'unit': Munch({'name': 'millilitre of water', 'code': 'WW'}), 'status': 'active'}), Munch({'id': 'fdfd46d50e7045329b5ece0764afd304', 'name': 'Пилип', 'classification': Munch({'description': 'Послуги гральних закладів і тоталізаторів', 'scheme': 'ДК021', 'id': '92350000-9'}), 'additionalClassification': Munch({'description': 'Солома', 'id': '03114100-4', 'scheme': 'ДК021'}), 'unit': Munch({'name': 'millilitre of water', 'code': 'WW'}), 'status': 'active'}), Munch({'id': 'fd0b6d030b4a4c90a2150f73b9654a2c', 'name': 'Пилип', 'classification': Munch({'description': 'Послуги гральних закладів і тоталізаторів', 'scheme': 'ДК021', 'id': '92350000-9'}), 'additionalClassification': Munch({'description': 'Солома', 'id': '03114100-4', 'scheme': 'ДК021'}), 'unit': Munch({'name': 'millilitre of water', 'code': 'WW'}), 'status': 'active'}), Munch({'id': 'dd9975ee70f74201b2d448fe5ca503f2', 'name': 'Пилип', 'classification': Munch({'description': 'Послуги гральних закладів і тоталізаторів', 'scheme': 'ДК021', 'id': '92350000-9'}), 'additionalClassification': Munch({'description': 'Солома', 'id': '03114100-4', 'scheme': 'ДК021'}), 'unit': Munch({'name': 'millilitre of water', 'code': 'WW'}), 'status': 'active'}), Munch({'id': 'cfa77afaf8134519adb0a36c3d9e80fd', 'name': 'Пилип', 'classification': Munch({'description': 'Послуги гральних закладів і тоталізаторів', 'scheme': 'ДК021', 'id': '92350000-9'}), 'additionalClassification': Munch({'description': 'Солома', 'id': '03114100-4', 'scheme': 'ДК021'}), 'unit': Munch({'name': 'millilitre of water', 'code': 'WW'}), 'status': 'active'}), Munch({'id': '53d4e6c50359431da7567b314b681e33', 'name': 'Нестор Оліфіренко', 'classification': Munch({'description': 'Послуги гральних закладів і тоталізаторів', 'scheme': 'ДК021', 'id': '92350000-9'}), 'additionalClassification': Munch({'description': 'Солома', 'id': '03114100-4', 'scheme': 'ДК021'}), 'unit': Munch({'name': 'millilitre of water', 'code': 'WW'}), 'status': 'active'}), Munch({'id': '52f6c95dcafa40b6a66bbbbfb81f1ad7', 'name': 'Сніжана Щорс', 'classification': Munch({'description': 'Послуги гральних закладів і тоталізаторів', 'scheme': 'ДК021', 'id': '92350000-9'}), 'additionalClassification': Munch({'description': 'Солома', 'id': '03114100-4', 'scheme': 'ДК021'}), 'unit': Munch({'name': 'millilitre of water', 'code': 'WW'}), 'status': 'active'}), Munch({'id': '4e0e4b0c47b74fc4ac6cf02ce33d4d33', 'name': 'Ярина Килимник', 'classification': Munch({'description': 'Послуги гральних закладів і тоталізаторів', 'scheme': 'ДК021', 'id': '92350000-9'}), 'additionalClassification': Munch({'description': 'Солома', 'id': '03114100-4', 'scheme': 'ДК021'}), 'unit': Munch({'name': 'millilitre of water', 'code': 'WW'}), 'status': 'active'}), Munch({'id': 'ea1c6311abc74b39a78a43460e2aedab', 'name': 'Остап Товстоліс', 'classification': Munch({'description': 'Послуги гральних закладів і тоталізаторів', 'scheme': 'ДК021', 'id': '92350000-9'}), 'additionalClassification': Munch({'description': 'Солома', 'id': '03114100-4', 'scheme': 'ДК021'}), 'unit': Munch({'name': 'millilitre of water', 'code': 'WW'}), 'status': 'active'}), Munch({'id': 'b05dfd73c25e4f82ad844fc99c7ed785', 'name': 'Орина Фастенко', 'classification': Munch({'description': 'Послуги гральних закладів і тоталізаторів', 'scheme': 'ДК021', 'id': '92350000-9'}), 'additionalClassification': Munch({'description': 'Солома', 'id': '03114100-4', 'scheme': 'ДК021'}), 'unit': Munch({'name': 'millilitre of water', 'code': 'WW'}), 'status': 'active'}), Munch({'id': 'f61d65c11175461fb1d7de435af38b8e', 'name': 'Роксолана Ващук', 'classification': Munch({'description': 'Послуги гральних закладів і тоталізаторів', 'scheme': 'ДК021', 'id': '92350000-9'}), 'additionalClassification': Munch({'description': 'Солома', 'id': '03114100-4', 'scheme': 'ДК021'}), 'unit': Munch({'name': 'millilitre of water', 'code': 'WW'}), 'status': 'active'}), Munch({'id': '99a6fcdde2d2493382f6c2b2bb13018d', 'name': 'Зорян Ажажа', 'classification': Munch({'description': 'Послуги гральних закладів і тоталізаторів', 'scheme': 'ДК021', 'id': '92350000-9'}), 'additionalClassification': Munch({'description': 'Солома', 'id': '03114100-4', 'scheme': 'ДК021'}), 'unit': Munch({'name': 'millilitre of water', 'code': 'WW'}), 'status': 'active'}), Munch({'id': '18dba94e9a954151aa805b8efa21bdf7', 'name': 'Орхип Романенко', 'classification': Munch({'description': 'Послуги гральних закладів і тоталізаторів', 'scheme': 'ДК021', 'id': '92350000-9'}), 'additionalClassification': Munch({'description': 'Солома', 'id': '03114100-4', 'scheme': 'ДК021'}), 'unit': Munch({'name': 'millilitre of water', 'code': 'WW'}), 'status': 'active'}), Munch({'id': '90fc103a29324090aa4f79cf66f3bcc0', 'name': 'Амвросій Бараник', 'classification': Munch({'description': 'Послуги гральних закладів і тоталізаторів', 'scheme': 'ДК021', 'id': '92350000-9'}), 'additionalClassification': Munch({'description': 'Солома', 'id': '03114100-4', 'scheme': 'ДК021'}), 'unit': Munch({'name': 'millilitre of water', 'code': 'WW'}), 'status': 'active'}), Munch({'id': '854fac3460a44c1d9a799cb39e821568', 'name': 'Петро Кабалюк', 'classification': Munch({'description': 'Послуги гральних закладів і тоталізаторів', 'scheme': 'ДК021', 'id': '92350000-9'}), 'additionalClassification': Munch({'description': 'Солома', 'id': '03114100-4', 'scheme': 'ДК021'}), 'unit': Munch({'name': 'millilitre of water', 'code': 'WW'}), 'status': 'active'}), Munch({'id': '69fc043d3f1c4be28724c328ab26f631', 'name': 'Пилип', 'classification': Munch({'description': 'Послуги гральних закладів і тоталізаторів', 'scheme': 'ДК021', 'id': '92350000-9'}), 'additionalClassification': Munch({'description': 'Солома', 'id': '03114100-4', 'scheme': 'ДК021'}), 'unit': Munch({'name': 'millilitre of water', 'code': 'WW'}), 'status': 'active'}), Munch({'id': '9f1f92a9ef8a45a087a593aaa6ca2144', 'name': 'Пилип', 'classification': Munch({'description': 'Послуги гральних закладів і тоталізаторів', 'scheme': 'ДК021', 'id': '92350000-9'}), 'additionalClassification': Munch({'description': 'Солома', 'id': '03114100-4', 'scheme': 'ДК021'}), 'unit': Munch({'name': 'millilitre of water', 'code': 'WW'}), 'status': 'active'}), Munch({'id': '21d432c3143e4a279bac7b5ffebfdcff', 'name': 'Пилип', 'classification': Munch({'description': 'Послуги гральних закладів і тоталізаторів', 'scheme': 'ДК021', 'id': '92350000-9'}), 'additionalClassification': Munch({'description': 'Солома', 'id': '03114100-4', 'scheme': 'ДК021'}), 'unit': Munch({'name': 'millilitre of water', 'code': 'WW'}), 'status': 'active'}), Munch({'id': '822b65140f184cdca965cd86d9a62d0e', 'name': 'Пилип', 'classification': Munch({'description': 'Послуги гральних закладів і тоталізаторів', 'scheme': 'ДК021', 'id': '92350000-9'}), 'additionalClassification': Munch({'description': 'Солома', 'id': '03114100-4', 'scheme': 'ДК021'}), 'unit': Munch({'name': 'millilitre of water', 'code': 'WW'}), 'status': 'active'}), Munch({'id': '49a78b6d0b474679a1a574b37a62a95c', 'name': 'Пилип', 'classification': Munch({'description': 'Послуги гральних закладів і тоталізаторів', 'scheme': 'ДК021', 'id': '92350000-9'}), 'additionalClassification': Munch({'description': 'Солома', 'id': '03114100-4', 'scheme': 'ДК021'}), 'unit': Munch({'name': 'millilitre of water', 'code': 'WW'}), 'status': 'active'}), Munch({'id': '50b0d6d3066742e9977a0bc1ae49f156', 'name': 'Пилип', 'classification': Munch({'description': 'Послуги гральних закладів і тоталізаторів', 'scheme': 'ДК021', 'id': '92350000-9'}), 'additionalClassification': Munch({'description': 'Солома', 'id': '03114100-4', 'scheme': 'ДК021'}), 'unit': Munch({'name': 'millilitre of water', 'code': 'WW'}), 'status': 'active'}), Munch({'id': '53f6e4a5259e4d6899beda10dbceffce', 'name': 'Пилип', 'classification': Munch({'description': 'Послуги гральних закладів і тоталізаторів', 'scheme': 'ДК021', 'id': '92350000-9'}), 'additionalClassification': Munch({'description': 'Солома', 'id': '03114100-4', 'scheme': 'ДК021'}), 'unit': Munch({'name': 'millilitre of water', 'code': 'WW'}), 'status': 'active'}), Munch({'id': '88c3914799cd4d5497aa11d46fe22992', 'name': 'Пилип', 'classification': Munch({'description': 'Послуги гральних закладів і тоталізаторів', 'scheme': 'ДК021', 'id': '92350000-9'}), 'additionalClassification': Munch({'description': 'Солома', 'id': '03114100-4', 'scheme': 'ДК021'}), 'unit': Munch({'name': 'millilitre of water', 'code': 'WW'}), 'status': 'active'}), Munch({'id': 'af6d4e40468547d3b6c6bb18dd345b1a', 'name': 'Пилип', 'classification': Munch({'description': 'Послуги гральних закладів і тоталізаторів', 'scheme': 'ДК021', 'id': '92350000-9'}), 'additionalClassification': Munch({'description': 'Солома', 'id': '03114100-4', 'scheme': 'ДК021'}), 'unit': Munch({'name': 'millilitre of water', 'code': 'WW'}), 'status': 'active'}), Munch({'id': 'fc9274dc7f2e4da4a61771e96d7cccba', 'name': 'Пилип', 'classification': Munch({'description': 'Послуги гральних закладів і тоталізаторів', 'scheme': 'ДК021', 'id': '92350000-9'}), 'additionalClassification': Munch({'description': 'Солома', 'id': '03114100-4', 'scheme': 'ДК021'}), 'unit': Munch({'name': 'millilitre of water', 'code': 'WW'}), 'status': 'active'}), Munch({'id': '9868f246446841dcaab458e4ef21ab98', 'name': 'Пилип', 'classification': Munch({'description': 'Послуги гральних закладів і тоталізаторів', 'scheme': 'ДК021', 'id': '92350000-9'}), 'additionalClassification': Munch({'description': 'Солома', 'id': '03114100-4', 'scheme': 'ДК021'}), 'unit': Munch({'name': 'millilitre of water', 'code': 'WW'}), 'status': 'active'}), Munch({'id': 'd84845e1d36d4e66ac8ac7685e321cec', 'name': 'Пилип', 'classification': Munch({'description': 'Послуги гральних закладів і тоталізаторів', 'scheme': 'ДК021', 'id': '92350000-9'}), 'additionalClassification': Munch({'description': 'Солома', 'id': '03114100-4', 'scheme': 'ДК021'}), 'unit': Munch({'name': 'millilitre of water', 'code': 'WW'}), 'status': 'active'}), Munch({'id': 'bb3926e56b9843d9bed273d6a3dcf0ab', 'name': 'Пилип', 'classification': Munch({'description': 'Послуги гральних закладів і тоталізаторів', 'scheme': 'ДК021', 'id': '92350000-9'}), 'additionalClassification': Munch({'description': 'Солома', 'id': '03114100-4', 'scheme': 'ДК021'}), 'unit': Munch({'name': 'millilitre of water', 'code': 'WW'}), 'status': 'active'}), Munch({'id': 'bc03dfaa30274f8787c4e05b7535c441', 'name': 'Анастасія Атаманчук', 'classification': Munch({'description': 'Послуги гральних закладів і тоталізаторів', 'scheme': 'ДК021', 'id': '92350000-9'}), 'additionalClassification': Munch({'description': 'Солома', 'id': '03114100-4', 'scheme': 'ДК021'}), 'unit': Munch({'name': 'millilitre of water', 'code': 'WW'}), 'status': 'active'}), Munch
[...]
<status status="PASS" starttime="20191231 16:43:33.834" endtime="20191231 16:43:33.839"></status>
</kw>
<msg timestamp="20191231 16:43:33.840" level="INFO">${get_griteries} = Munch({'count': 424, 'next': 'http://localhost:8000/api/0/criteria/?limit=100&amp;offset=100', 'previous': None, 'results': [Munch({'id': 'cdae6981c78546a5ae2e4945e7a18f13', 'name': 'Пилип', 'classificati...</msg>
<status status="PASS" starttime="20191231 16:43:33.474" endtime="20191231 16:43:33.840"></status>
</kw>
<kw name="Звірити всі критерії з підрахунком" library="base_keywords">
<arguments>
<arg>${get_griteries}</arg>
</arguments>
<kw name="Get Variable Value" library="BuiltIn">
<doc>Returns variable value or ``default`` if the variable does not exist.</doc>
<arguments>
<arg>${actual_result.count}</arg>
</arguments>
<assign>
<var>${expected}</var>
</assign>
<msg timestamp="20191231 16:43:33.842" level="INFO">${expected} = 424</msg>
<status status="PASS" starttime="20191231 16:43:33.841" endtime="20191231 16:43:33.842"></status>
</kw>
<kw name="Get Length" library="BuiltIn">
<doc>Returns and logs the length of the given item as an integer.</doc>
<arguments>
<arg>${actual_result.results}</arg>
</arguments>
<assign>
<var>${actual}</var>
</assign>
<msg timestamp="20191231 16:43:33.842" level="INFO">Length is 100</msg>
<msg timestamp="20191231 16:43:33.842" level="INFO">${actual} = 100</msg>
<status status="PASS" starttime="20191231 16:43:33.842" endtime="20191231 16:43:33.842"></status>
</kw>
<kw name="Log" library="BuiltIn">
<doc>Logs the given message with the given level.</doc>
<arguments>
<arg>${actual}</arg>
</arguments>
<msg timestamp="20191231 16:43:33.843" level="INFO">100</msg>
<status status="PASS" starttime="20191231 16:43:33.843" endtime="20191231 16:43:33.843"></status>
</kw>
<kw name="Should Be Equal" library="BuiltIn">
<doc>Fails if the given objects are unequal.</doc>
<arguments>
<arg>${actual}</arg>
<arg>${actual}</arg>
</arguments>
<status status="PASS" starttime="20191231 16:43:33.843" endtime="20191231 16:43:33.843"></status>
</kw>
<status status="PASS" starttime="20191231 16:43:33.840" endtime="20191231 16:43:33.844"></status>
</kw>
<status status="PASS" starttime="20191231 16:43:33.474" endtime="20191231 16:43:33.844"></status>
</kw>
<status status="PASS" starttime="20191231 16:43:32.560" endtime="20191231 16:43:33.844" critical="yes"></status>
</test>
<test id="s1-t4" name="Тест видалення критерії">
<kw name="Можливість видаляти критерію" library="base_keywords">
<arguments>
<arg>admin</arg>
</arguments>
<kw name="Видаляти критерію" library="keywords_api">
<arguments>
<arg>${ID_CRITERIA}</arg>
<arg>${user_name}</arg>
</arguments>
<assign>
<var>${RESPONSE}</var>
</assign>
<msg timestamp="20191231 16:43:33.846" level="FAIL">Variable '${ID_CRITERIA}' not found.</msg>
<status status="FAIL" starttime="20191231 16:43:33.845" endtime="20191231 16:43:33.846"></status>
</kw>
<status status="FAIL" starttime="20191231 16:43:33.845" endtime="20191231 16:43:33.846"></status>
</kw>
<status status="FAIL" starttime="20191231 16:43:33.844" endtime="20191231 16:43:33.847" critical="yes">Variable '${ID_CRITERIA}' not found.</status>
</test>
<test id="s1-t5" name="Тест на відсутність можливості видалити критерію">
<kw name="Можливість cтворити критерію" library="base_keywords">
<arguments>
<arg>admin</arg>
</arguments>
<kw name="Піготувати дані для критерії" library="keywords_data">
<assign>
<var>${CRITERIA_DATA}</var>
</assign>
<kw name="Data For Criteria" library="data.init_data">
<arguments>
<arg>ДК021</arg>
</arguments>
<assign>
<var>${CRITERIA_DATA}</var>
</assign>
<msg timestamp="20191231 16:43:33.853" level="FAIL">KeyError: 'additionalClassification'</msg>
<status status="FAIL" starttime="20191231 16:43:33.850" endtime="20191231 16:43:33.853"></status>
</kw>
<status status="FAIL" starttime="20191231 16:43:33.849" endtime="20191231 16:43:33.853"></status>
</kw>
<status status="FAIL" starttime="20191231 16:43:33.848" endtime="20191231 16:43:33.854"></status>
</kw>
<status status="FAIL" starttime="20191231 16:43:33.847" endtime="20191231 16:43:33.854" critical="yes">KeyError: 'additionalClassification'</status>
</test>
<test id="s1-t6" name="Тест на відсутність можливості користувачем створити критерію">
<kw name="Перевірити відсутність доступу користувача до створення критерії" library="base_keywords">
<arguments>
<arg>user</arg>
</arguments>
<kw name="Run Keyword And Expect Error" library="BuiltIn">
<doc>Runs the keyword and checks that the expected error occurred.</doc>
<arguments>
<arg>*</arg>
<arg>Можливість cтворити критерію</arg>
<arg>${user_name}</arg>
</arguments>
<assign>
<var>${create_criteria}</var>
</assign>
<kw name="Можливість cтворити критерію" library="base_keywords">
<arguments>
<arg>${user_name}</arg>
</arguments>
<kw name="Піготувати дані для критерії" library="keywords_data">
<assign>
<var>${CRITERIA_DATA}</var>
</assign>
<kw name="Data For Criteria" library="data.init_data">
<arguments>
<arg>ДК021</arg>
</arguments>
<assign>
<var>${CRITERIA_DATA}</var>
</assign>
<msg timestamp="20191231 16:43:33.860" level="FAIL">KeyError: 'additionalClassification'</msg>
<status status="FAIL" starttime="20191231 16:43:33.857" endtime="20191231 16:43:33.860"></status>
</kw>
<status status="FAIL" starttime="20191231 16:43:33.857" endtime="20191231 16:43:33.860"></status>
</kw>
<status status="FAIL" starttime="20191231 16:43:33.856" endtime="20191231 16:43:33.860"></status>
</kw>
<msg timestamp="20191231 16:43:33.861" level="INFO">${create_criteria} = KeyError: 'additionalClassification'</msg>
<status status="PASS" starttime="20191231 16:43:33.856" endtime="20191231 16:43:33.861"></status>
</kw>
<kw name="Convert To String" library="BuiltIn">
<doc>Converts the given item to a Unicode string.</doc>
<arguments>
<arg>You do not have permission to perform this action.</arg>
</arguments>
<assign>
<var>${expected_result}</var>
</assign>
<msg timestamp="20191231 16:43:33.861" level="INFO">${expected_result} = You do not have permission to perform this action.</msg>
<status status="PASS" starttime="20191231 16:43:33.861" endtime="20191231 16:43:33.861"></status>
</kw>
<kw name="Звірити повідомення про помилку" library="base_keywords">
<arguments>
<arg>${create_criteria}</arg>
<arg>${expected_result}</arg>
</arguments>
<kw name="Should Contain" library="BuiltIn">
<doc>Fails if ``container`` does not contain ``item`` one or more times.</doc>
<arguments>
<arg>${actual_result}</arg>
<arg>${expeted_result}</arg>
</arguments>
<msg timestamp="20191231 16:43:33.863" level="FAIL">'KeyError: 'additionalClassification'' does not contain 'You do not have permission to perform this action.'</msg>
<status status="FAIL" starttime="20191231 16:43:33.862" endtime="20191231 16:43:33.863"></status>
</kw>
<status status="FAIL" starttime="20191231 16:43:33.862" endtime="20191231 16:43:33.863"></status>
</kw>
<status status="FAIL" starttime="20191231 16:43:33.855" endtime="20191231 16:43:33.863"></status>
</kw>
<status status="FAIL" starttime="20191231 16:43:33.854" endtime="20191231 16:43:33.863" critical="yes">'KeyError: 'additionalClassification'' does not contain 'You do not have permission to perform this action.'</status>
</test>
<test id="s1-t7" name="Тест на відсутність доступу користувачем змінити критерію">
<kw name="Перевірити відсутність доступу користувача до зміни критерії" library="base_keywords">
<arguments>
<arg>user</arg>
</arguments>
<kw name="Run Keyword And Expect Error" library="BuiltIn">
<doc>Runs the keyword and checks that the expected error occurred.</doc>
<arguments>
<arg>*</arg>
<arg>Можливість змінити критерію</arg>
<arg>${user_name}</arg>
</arguments>
<assign>
<var>${create_criteria}</var>
</assign>
<kw name="Можливість змінити критерію" library="base_keywords">
<arguments>
<arg>${user_name}</arg>
</arguments>
<kw name="Підготувати дані для редагування" library="keywords_data">
<assign>
<var>${EDIT_DATA}</var>
</assign>
<kw name="Data For Edit" library="data.init_data">
<assign>
<var>${EDIT_DATA}</var>
</assign>
<msg timestamp="20191231 16:43:33.867" level="INFO">${EDIT_DATA} = Munch({'name': 'Михайлина Удовиченко', 'nameEng': 'Colin Hill', 'minValue': '11.068128232357395', 'maxValue': '48.45424635351766', 'status': 'active'})</msg>
<status status="PASS" starttime="20191231 16:43:33.866" endtime="20191231 16:43:33.867"></status>
</kw>
<kw name="Log" library="BuiltIn">
<doc>Logs the given message with the given level.</doc>
<arguments>
<arg>${EDIT_DATA}</arg>
</arguments>
<msg timestamp="20191231 16:43:33.868" level="INFO">Munch({'name': 'Михайлина Удовиченко', 'nameEng': 'Colin Hill', 'minValue': '11.068128232357395', 'maxValue': '48.45424635351766', 'status': 'active'})</msg>
<status status="PASS" starttime="20191231 16:43:33.868" endtime="20191231 16:43:33.868"></status>
</kw>
<msg timestamp="20191231 16:43:33.868" level="INFO">${EDIT_DATA} = Munch({'name': 'Михайлина Удовиченко', 'nameEng': 'Colin Hill', 'minValue': '11.068128232357395', 'maxValue': '48.45424635351766', 'status': 'active'})</msg>
<status status="PASS" starttime="20191231 16:43:33.866" endtime="20191231 16:43:33.868"></status>
</kw>
<kw name="Set Suite Variable" library="BuiltIn">
<doc>Makes a variable available everywhere within the scope of the current suite.</doc>
<arguments>
<arg>${EDIT_DATA}</arg>
</arguments>
<msg timestamp="20191231 16:43:33.869" level="INFO">${EDIT_DATA} = Munch({'name': 'Михайлина Удовиченко', 'nameEng': 'Colin Hill', 'minValue': '11.068128232357395', 'maxValue': '48.45424635351766', 'status': 'active'})</msg>
<status status="PASS" starttime="20191231 16:43:33.869" endtime="20191231 16:43:33.869"></status>
</kw>
<kw name="Змінити критерію" library="keywords_api">
<arguments>
<arg>${ID_CRITERIA}</arg>
<arg>${EDIT_DATA}</arg>
<arg>${user_name}</arg>
</arguments>
<assign>
<var>${PATCH_RESPONSE}</var>
</assign>
<msg timestamp="20191231 16:43:33.870" level="FAIL">Variable '${ID_CRITERIA}' not found.</msg>
<status status="FAIL" starttime="20191231 16:43:33.869" endtime="20191231 16:43:33.871"></status>
</kw>
<status status="FAIL" starttime="20191231 16:43:33.865" endtime="20191231 16:43:33.871"></status>
</kw>
<msg timestamp="20191231 16:43:33.871" level="INFO">${create_criteria} = Variable '${ID_CRITERIA}' not found.</msg>
<status status="PASS" starttime="20191231 16:43:33.865" endtime="20191231 16:43:33.871"></status>
</kw>
<kw name="Convert To String" library="BuiltIn">
<doc>Converts the given item to a Unicode string.</doc>
<arguments>
<arg>You do not have permission to perform this action.</arg>
</arguments>
<assign>
<var>${expected_result}</var>
</assign>
<msg timestamp="20191231 16:43:33.872" level="INFO">${expected_result} = You do not have permission to perform this action.</msg>
<status status="PASS" starttime="20191231 16:43:33.871" endtime="20191231 16:43:33.872"></status>
</kw>
<kw name="Звірити повідомення про помилку" library="base_keywords">
<arguments>
<arg>${create_criteria}</arg>
<arg>${expected_result}</arg>
</arguments>
<kw name="Should Contain" library="BuiltIn">
<doc>Fails if ``container`` does not contain ``item`` one or more times.</doc>
<arguments>
<arg>${actual_result}</arg>
<arg>${expeted_result}</arg>
</arguments>
<msg timestamp="20191231 16:43:33.873" level="FAIL">'Variable '${ID_CRITERIA}' not found.' does not contain 'You do not have permission to perform this action.'</msg>
<status status="FAIL" starttime="20191231 16:43:33.873" endtime="20191231 16:43:33.873"></status>
</kw>
<status status="FAIL" starttime="20191231 16:43:33.872" endtime="20191231 16:43:33.873"></status>
</kw>
<status status="FAIL" starttime="20191231 16:43:33.864" endtime="20191231 16:43:33.874"></status>
</kw>
<status status="FAIL" starttime="20191231 16:43:33.864" endtime="20191231 16:43:33.874" critical="yes">'Variable '${ID_CRITERIA}' not found.' does not contain 'You do not have permission to perform this action.'</status>
</test>
<test id="s1-t8" name="Тест змінити критерію на статус відхилено">
<kw name="Перевірити критерію на зміну статусу" library="base_keywords">
<arguments>
<arg>admin</arg>
<arg>retired</arg>
</arguments>
<kw name="Можливість змінити статус критерії" library="base_keywords">
<arguments>
<arg>${user_name}</arg>
<arg>${status}</arg>
</arguments>
<assign>
<var>${get_status_criteria}</var>
</assign>
<kw name="Підготувати дані для редагування" library="keywords_data">
<assign>
<var>${STATUS_DATA}</var>
</assign>
<kw name="Data For Edit" library="data.init_data">
<assign>
<var>${EDIT_DATA}</var>
</assign>
<msg timestamp="20191231 16:43:33.877" level="INFO">${EDIT_DATA} = Munch({'name': 'Вікторія Гоголь-Яновський', 'nameEng': 'Daniel Hawkins', 'minValue': '7.9218599513296475', 'maxValue': '44.32570528374603', 'status': 'active'})</msg>
<status status="PASS" starttime="20191231 16:43:33.877" endtime="20191231 16:43:33.878"></status>
</kw>
<kw name="Log" library="BuiltIn">
<doc>Logs the given message with the given level.</doc>
<arguments>
<arg>${EDIT_DATA}</arg>
</arguments>
<msg timestamp="20191231 16:43:33.878" level="INFO">Munch({'name': 'Вікторія Гоголь-Яновський', 'nameEng': 'Daniel Hawkins', 'minValue': '7.9218599513296475', 'maxValue': '44.32570528374603', 'status': 'active'})</msg>
<status status="PASS" starttime="20191231 16:43:33.878" endtime="20191231 16:43:33.878"></status>
</kw>
<msg timestamp="20191231 16:43:33.879" level="INFO">${STATUS_DATA} = Munch({'name': 'Вікторія Гоголь-Яновський', 'nameEng': 'Daniel Hawkins', 'minValue': '7.9218599513296475', 'maxValue': '44.32570528374603', 'status': 'active'})</msg>
<status status="PASS" starttime="20191231 16:43:33.876" endtime="20191231 16:43:33.879"></status>
</kw>
<kw name="Set To Dictionary" library="Collections">
<doc>Adds the given ``key_value_pairs`` and ``items`` to the ``dictionary``.</doc>
<arguments>
<arg>${STATUS_DATA}</arg>
<arg>status=${status}</arg>
</arguments>
<status status="PASS" starttime="20191231 16:43:33.879" endtime="20191231 16:43:33.879"></status>
</kw>
<kw name="Set Suite Variable" library="BuiltIn">
<doc>Makes a variable available everywhere within the scope of the current suite.</doc>
<arguments>
<arg>${STATUS_DATA}</arg>
</arguments>
<msg timestamp="20191231 16:43:33.880" level="INFO">${STATUS_DATA} = Munch({'name': 'Вікторія Гоголь-Яновський', 'nameEng': 'Daniel Hawkins', 'minValue': '7.9218599513296475', 'maxValue': '44.32570528374603', 'status': 'retired'})</msg>
<status status="PASS" starttime="20191231 16:43:33.880" endtime="20191231 16:43:33.880"></status>
</kw>
<kw name="Змінити критерію" library="keywords_api">
<arguments>
<arg>${ID_CRITERIA}</arg>
<arg>${STATUS_DATA}</arg>
<arg>${user_name}</arg>
</arguments>
<assign>
<var>${PATCH_RESPONSE}</var>
</assign>
<msg timestamp="20191231 16:43:33.881" level="FAIL">Variable '${ID_CRITERIA}' not found.</msg>
<status status="FAIL" starttime="20191231 16:43:33.880" endtime="20191231 16:43:33.881"></status>
</kw>
<status status="FAIL" starttime="20191231 16:43:33.875" endtime="20191231 16:43:33.882"></status>
</kw>
<status status="FAIL" starttime="20191231 16:43:33.875" endtime="20191231 16:43:33.882"></status>
</kw>
<status status="FAIL" starttime="20191231 16:43:33.874" endtime="20191231 16:43:33.882" critical="yes">Variable '${ID_CRITERIA}' not found.</status>
</test>
<test id="s1-t9" name="Тест змінити критерію на статус активний">
<kw name="Перевірити критерію на зміну статусу" library="base_keywords">
<arguments>
<arg>admin</arg>
<arg>active</arg>
</arguments>
<kw name="Можливість змінити статус критерії" library="base_keywords">
<arguments>
<arg>${user_name}</arg>
<arg>${status}</arg>
</arguments>
<assign>
<var>${get_status_criteria}</var>
</assign>
<kw name="Підготувати дані для редагування" library="keywords_data">
<assign>
<var>${STATUS_DATA}</var>
</assign>
<kw name="Data For Edit" library="data.init_data">
<assign>
<var>${EDIT_DATA}</var>
</assign>
<msg timestamp="20191231 16:43:33.886" level="INFO">${EDIT_DATA} = Munch({'name': 'Ганна Ємець', 'nameEng': 'Paul Smith', 'minValue': '12.631448264771674', 'maxValue': '47.71549156531726', 'status': 'active'})</msg>
<status status="PASS" starttime="20191231 16:43:33.885" endtime="20191231 16:43:33.886"></status>
</kw>
<kw name="Log" library="BuiltIn">
<doc>Logs the given message with the given level.</doc>
<arguments>
<arg>${EDIT_DATA}</arg>
</arguments>
<msg timestamp="20191231 16:43:33.886" level="INFO">Munch({'name': 'Ганна Ємець', 'nameEng': 'Paul Smith', 'minValue': '12.631448264771674', 'maxValue': '47.71549156531726', 'status': 'active'})</msg>
<status status="PASS" starttime="20191231 16:43:33.886" endtime="20191231 16:43:33.886"></status>
</kw>
<msg timestamp="20191231 16:43:33.887" level="INFO">${STATUS_DATA} = Munch({'name': 'Ганна Ємець', 'nameEng': 'Paul Smith', 'minValue': '12.631448264771674', 'maxValue': '47.71549156531726', 'status': 'active'})</msg>
<status status="PASS" starttime="20191231 16:43:33.884" endtime="20191231 16:43:33.887"></status>
</kw>
<kw name="Set To Dictionary" library="Collections">
<doc>Adds the given ``key_value_pairs`` and ``items`` to the ``dictionary``.</doc>
<arguments>
<arg>${STATUS_DATA}</arg>
<arg>status=${status}</arg>
</arguments>
<status status="PASS" starttime="20191231 16:43:33.887" endtime="20191231 16:43:33.887"></status>
</kw>
<kw name="Set Suite Variable" library="BuiltIn">
<doc>Makes a variable available everywhere within the scope of the current suite.</doc>
<arguments>
<arg>${STATUS_DATA}</arg>
</arguments>
<msg timestamp="20191231 16:43:33.888" level="INFO">${STATUS_DATA} = Munch({'name': 'Ганна Ємець', 'nameEng': 'Paul Smith', 'minValue': '12.631448264771674', 'maxValue': '47.71549156531726', 'status': 'active'})</msg>
<status status="PASS" starttime="20191231 16:43:33.887" endtime="20191231 16:43:33.888"></status>
</kw>
<kw name="Змінити критерію" library="keywords_api">
<arguments>
<arg>${ID_CRITERIA}</arg>
<arg>${STATUS_DATA}</arg>
<arg>${user_name}</arg>
</arguments>
<assign>
<var>${PATCH_RESPONSE}</var>
</assign>
<msg timestamp="20191231 16:43:33.889" level="FAIL">Variable '${ID_CRITERIA}' not found.</msg>
<status status="FAIL" starttime="20191231 16:43:33.888" endtime="20191231 16:43:33.889"></status>
</kw>
<status status="FAIL" starttime="20191231 16:43:33.884" endtime="20191231 16:43:33.890"></status>
</kw>
<status status="FAIL" starttime="20191231 16:43:33.883" endtime="20191231 16:43:33.890"></status>
</kw>
<status status="FAIL" starttime="20191231 16:43:33.882" endtime="20191231 16:43:33.890" critical="yes">Variable '${ID_CRITERIA}' not found.</status>
</test>
<test id="s1-t10" name="Тест на цілісність структурии критерії при зміні статусу">
<kw name="Можливість cтворити критерію" library="base_keywords">
<arguments>
<arg>admin</arg>
</arguments>
<kw name="Піготувати дані для критерії" library="keywords_data">
<assign>
<var>${CRITERIA_DATA}</var>
</assign>
<kw name="Data For Criteria" library="data.init_data">
<arguments>
<arg>ДК021</arg>
</arguments>
<assign>
<var>${CRITERIA_DATA}</var>
</assign>
<msg timestamp="20191231 16:43:33.894" level="FAIL">KeyError: 'additionalClassification'</msg>
<status status="FAIL" starttime="20191231 16:43:33.892" endtime="20191231 16:43:33.894"></status>
</kw>
<status status="FAIL" starttime="20191231 16:43:33.892" endtime="20191231 16:43:33.894"></status>
</kw>
<status status="FAIL" starttime="20191231 16:43:33.891" endtime="20191231 16:43:33.895"></status>
</kw>
<status status="FAIL" starttime="20191231 16:43:33.891" endtime="20191231 16:43:33.895" critical="yes">KeyError: 'additionalClassification'</status>
</test>
<status status="FAIL" starttime="20191231 16:43:31.998" endtime="20191231 16:43:33.896"></status>
</suite>
<statistics>
<total>
<stat pass="1" fail="9">Critical Tests</stat>
<stat pass="1" fail="9">All Tests</stat>
</total>
<tag>
</tag>
<suite>
<stat pass="1" fail="9" id="s1" name="Tests">Tests</stat>
</suite>
</statistics>
<errors>
</errors>
</robot>
